<?xml version="1.0" encoding="UTF-8"?>
<!-- Generated by org.testng.reporters.JUnitReportReporter -->
<testsuite hostname="5CD6102FYR" name="com.letv.ssp.api.LeCloudBiz_APP" tests="1" failures="0" timestamp="21 Mar 2017 09:31:40 GMT" time="2.555" errors="0">
  <testcase name="test_biz" time="2.555" classname="com.letv.ssp.api.LeCloudBiz_APP"/>
</testsuite> <!-- com.letv.ssp.api.LeCloudBiz_APP -->
