<?xml version="1.0" encoding="UTF-8"?>
<!-- Generated by org.testng.reporters.JUnitReportReporter -->
<testsuite hostname="5CD6102FYR" name="com.letv.ssp.api.LeCloudOperator" tests="1" failures="0" timestamp="21 Mar 2017 09:26:27 GMT" time="1.848" errors="0">
  <testcase name="test_operator_add" time="1.848" classname="com.letv.ssp.api.LeCloudOperator"/>
</testsuite> <!-- com.letv.ssp.api.LeCloudOperator -->
