<?xml version="1.0" encoding="UTF-8"?>
<!-- Generated by org.testng.reporters.JUnitReportReporter -->
<testsuite hostname="5CD6102FYR" name="com.letv.ads.util.AutoTest" tests="223" failures="0" timestamp="24 May 2017 10:42:19 GMT" time="258.524" errors="190">
  <testcase name="test" time="1.076" classname="com.letv.ads.util.AutoTest">
    <error type="java.lang.AssertionError" message="[[public-dtsc-085]短视频广告时长动态配置085]测试未通过，部分字段未通过验证！ expected:&lt;ok&gt; but was:&lt;测试用例：[[public-dtsc-085]短视频广告时长动态配置085]字段校验失败！-----[/VAST/Ad[1]/@order_item_id]的期望值是----1  实际值是------[/VAST/Ad[2]/@order_item_id]的期望值是----2  实际值是------[/VAST/Policy/CuePoint[1]/@duration]的期望值是----30  实际值是----1--[/VAST/Policy/CuePoint[2]/@duration]的期望值是----15  实际值是----1&gt;">
      <![CDATA[java.lang.AssertionError: [[public-dtsc-085]短视频广告时长动态配置085]测试未通过，部分字段未通过验证！ expected:<ok> but was:<测试用例：[[public-dtsc-085]短视频广告时长动态配置085]字段校验失败！-----[/VAST/Ad[1]/@order_item_id]的期望值是----1  实际值是------[/VAST/Ad[2]/@order_item_id]的期望值是----2  实际值是------[/VAST/Policy/CuePoint[1]/@duration]的期望值是----30  实际值是----1--[/VAST/Policy/CuePoint[2]/@duration]的期望值是----15  实际值是----1>
	at org.testng.Assert.fail(Assert.java:89)
	at org.testng.Assert.failNotEquals(Assert.java:489)
	at org.testng.Assert.assertEquals(Assert.java:118)
	at org.testng.Assert.assertEquals(Assert.java:171)
	at com.letv.ads.util.AutoTest.test(Unknown Source)
	at sun.reflect.GeneratedMethodAccessor3.invoke(Unknown Source)
	at sun.reflect.DelegatingMethodAccessorImpl.invoke(Unknown Source)
	at java.lang.reflect.Method.invoke(Unknown Source)
	at org.testng.internal.MethodInvocationHelper.invokeMethod(MethodInvocationHelper.java:80)
	at org.testng.internal.Invoker.invokeMethod(Invoker.java:702)
	at org.testng.internal.Invoker.invokeTestMethod(Invoker.java:894)
	at org.testng.internal.Invoker.invokeTestMethods(Invoker.java:1219)
	at org.testng.internal.TestMethodWorker.invokeTestMethods(TestMethodWorker.java:127)
	at org.testng.internal.TestMethodWorker.run(TestMethodWorker.java:111)
	at org.testng.TestRunner.privateRun(TestRunner.java:768)
	at org.testng.TestRunner.run(TestRunner.java:617)
	at org.testng.SuiteRunner.runTest(SuiteRunner.java:334)
	at org.testng.SuiteRunner.runSequentially(SuiteRunner.java:329)
	at org.testng.SuiteRunner.privateRun(SuiteRunner.java:291)
	at org.testng.SuiteRunner.run(SuiteRunner.java:240)
	at org.testng.SuiteRunnerWorker.runSuite(SuiteRunnerWorker.java:53)
	at org.testng.SuiteRunnerWorker.run(SuiteRunnerWorker.java:87)
	at org.testng.TestNG.runSuitesSequentially(TestNG.java:1188)
	at org.testng.TestNG.runSuitesLocally(TestNG.java:1113)
	at org.testng.TestNG.run(TestNG.java:1025)
	at org.testng.TestNG.privateMain(TestNG.java:1328)
	at org.testng.TestNG.main(TestNG.java:1297)
]]>
    </error>
  </testcase> <!-- test -->
  <testcase name="test" time="1.155" classname="com.letv.ads.util.AutoTest">
    <error type="java.lang.AssertionError" message="[public-sbdx-008]测试未通过，部分字段未通过验证！ expected:&lt;ok&gt; but was:&lt;测试用例：[public-sbdx-008]字段校验失败！-----[/VAST/Ad[1]/@order_item_id]的期望值是----2  实际值是----&gt;">
      <![CDATA[java.lang.AssertionError: [public-sbdx-008]测试未通过，部分字段未通过验证！ expected:<ok> but was:<测试用例：[public-sbdx-008]字段校验失败！-----[/VAST/Ad[1]/@order_item_id]的期望值是----2  实际值是---->
	at org.testng.Assert.fail(Assert.java:89)
	at org.testng.Assert.failNotEquals(Assert.java:489)
	at org.testng.Assert.assertEquals(Assert.java:118)
	at org.testng.Assert.assertEquals(Assert.java:171)
	at com.letv.ads.util.AutoTest.test(Unknown Source)
	at sun.reflect.GeneratedMethodAccessor3.invoke(Unknown Source)
	at sun.reflect.DelegatingMethodAccessorImpl.invoke(Unknown Source)
	at java.lang.reflect.Method.invoke(Unknown Source)
	at org.testng.internal.MethodInvocationHelper.invokeMethod(MethodInvocationHelper.java:80)
	at org.testng.internal.Invoker.invokeMethod(Invoker.java:702)
	at org.testng.internal.Invoker.invokeTestMethod(Invoker.java:894)
	at org.testng.internal.Invoker.invokeTestMethods(Invoker.java:1219)
	at org.testng.internal.TestMethodWorker.invokeTestMethods(TestMethodWorker.java:127)
	at org.testng.internal.TestMethodWorker.run(TestMethodWorker.java:111)
	at org.testng.TestRunner.privateRun(TestRunner.java:768)
	at org.testng.TestRunner.run(TestRunner.java:617)
	at org.testng.SuiteRunner.runTest(SuiteRunner.java:334)
	at org.testng.SuiteRunner.runSequentially(SuiteRunner.java:329)
	at org.testng.SuiteRunner.privateRun(SuiteRunner.java:291)
	at org.testng.SuiteRunner.run(SuiteRunner.java:240)
	at org.testng.SuiteRunnerWorker.runSuite(SuiteRunnerWorker.java:53)
	at org.testng.SuiteRunnerWorker.run(SuiteRunnerWorker.java:87)
	at org.testng.TestNG.runSuitesSequentially(TestNG.java:1188)
	at org.testng.TestNG.runSuitesLocally(TestNG.java:1113)
	at org.testng.TestNG.run(TestNG.java:1025)
	at org.testng.TestNG.privateMain(TestNG.java:1328)
	at org.testng.TestNG.main(TestNG.java:1297)
]]>
    </error>
  </testcase> <!-- test -->
  <testcase name="test" time="1.092" classname="com.letv.ads.util.AutoTest">
    <error type="java.lang.AssertionError" message="[[public-dtsc-054]短视频广告时长动态配置054]测试未通过，部分字段未通过验证！ expected:&lt;ok&gt; but was:&lt;测试用例：[[public-dtsc-054]短视频广告时长动态配置054]字段校验失败！-----[/VAST/Ad[1]/@order_item_id]的期望值是----1  实际值是------[/VAST/Policy/CuePoint[1]/@duration]的期望值是----45  实际值是----1&gt;">
      <![CDATA[java.lang.AssertionError: [[public-dtsc-054]短视频广告时长动态配置054]测试未通过，部分字段未通过验证！ expected:<ok> but was:<测试用例：[[public-dtsc-054]短视频广告时长动态配置054]字段校验失败！-----[/VAST/Ad[1]/@order_item_id]的期望值是----1  实际值是------[/VAST/Policy/CuePoint[1]/@duration]的期望值是----45  实际值是----1>
	at org.testng.Assert.fail(Assert.java:89)
	at org.testng.Assert.failNotEquals(Assert.java:489)
	at org.testng.Assert.assertEquals(Assert.java:118)
	at org.testng.Assert.assertEquals(Assert.java:171)
	at com.letv.ads.util.AutoTest.test(Unknown Source)
	at sun.reflect.GeneratedMethodAccessor3.invoke(Unknown Source)
	at sun.reflect.DelegatingMethodAccessorImpl.invoke(Unknown Source)
	at java.lang.reflect.Method.invoke(Unknown Source)
	at org.testng.internal.MethodInvocationHelper.invokeMethod(MethodInvocationHelper.java:80)
	at org.testng.internal.Invoker.invokeMethod(Invoker.java:702)
	at org.testng.internal.Invoker.invokeTestMethod(Invoker.java:894)
	at org.testng.internal.Invoker.invokeTestMethods(Invoker.java:1219)
	at org.testng.internal.TestMethodWorker.invokeTestMethods(TestMethodWorker.java:127)
	at org.testng.internal.TestMethodWorker.run(TestMethodWorker.java:111)
	at org.testng.TestRunner.privateRun(TestRunner.java:768)
	at org.testng.TestRunner.run(TestRunner.java:617)
	at org.testng.SuiteRunner.runTest(SuiteRunner.java:334)
	at org.testng.SuiteRunner.runSequentially(SuiteRunner.java:329)
	at org.testng.SuiteRunner.privateRun(SuiteRunner.java:291)
	at org.testng.SuiteRunner.run(SuiteRunner.java:240)
	at org.testng.SuiteRunnerWorker.runSuite(SuiteRunnerWorker.java:53)
	at org.testng.SuiteRunnerWorker.run(SuiteRunnerWorker.java:87)
	at org.testng.TestNG.runSuitesSequentially(TestNG.java:1188)
	at org.testng.TestNG.runSuitesLocally(TestNG.java:1113)
	at org.testng.TestNG.run(TestNG.java:1025)
	at org.testng.TestNG.privateMain(TestNG.java:1328)
	at org.testng.TestNG.main(TestNG.java:1297)
]]>
    </error>
  </testcase> <!-- test -->
  <testcase name="test" time="1.061" classname="com.letv.ads.util.AutoTest">
    <error type="java.lang.AssertionError" message="[[public-dtsc-052]短视频广告时长动态配置052]测试未通过，部分字段未通过验证！ expected:&lt;ok&gt; but was:&lt;测试用例：[[public-dtsc-052]短视频广告时长动态配置052]字段校验失败！-----[/VAST/Ad[1]/@order_item_id]的期望值是----1  实际值是------[/VAST/Policy/CuePoint[1]/@duration]的期望值是----30  实际值是----1&gt;">
      <![CDATA[java.lang.AssertionError: [[public-dtsc-052]短视频广告时长动态配置052]测试未通过，部分字段未通过验证！ expected:<ok> but was:<测试用例：[[public-dtsc-052]短视频广告时长动态配置052]字段校验失败！-----[/VAST/Ad[1]/@order_item_id]的期望值是----1  实际值是------[/VAST/Policy/CuePoint[1]/@duration]的期望值是----30  实际值是----1>
	at org.testng.Assert.fail(Assert.java:89)
	at org.testng.Assert.failNotEquals(Assert.java:489)
	at org.testng.Assert.assertEquals(Assert.java:118)
	at org.testng.Assert.assertEquals(Assert.java:171)
	at com.letv.ads.util.AutoTest.test(Unknown Source)
	at sun.reflect.GeneratedMethodAccessor3.invoke(Unknown Source)
	at sun.reflect.DelegatingMethodAccessorImpl.invoke(Unknown Source)
	at java.lang.reflect.Method.invoke(Unknown Source)
	at org.testng.internal.MethodInvocationHelper.invokeMethod(MethodInvocationHelper.java:80)
	at org.testng.internal.Invoker.invokeMethod(Invoker.java:702)
	at org.testng.internal.Invoker.invokeTestMethod(Invoker.java:894)
	at org.testng.internal.Invoker.invokeTestMethods(Invoker.java:1219)
	at org.testng.internal.TestMethodWorker.invokeTestMethods(TestMethodWorker.java:127)
	at org.testng.internal.TestMethodWorker.run(TestMethodWorker.java:111)
	at org.testng.TestRunner.privateRun(TestRunner.java:768)
	at org.testng.TestRunner.run(TestRunner.java:617)
	at org.testng.SuiteRunner.runTest(SuiteRunner.java:334)
	at org.testng.SuiteRunner.runSequentially(SuiteRunner.java:329)
	at org.testng.SuiteRunner.privateRun(SuiteRunner.java:291)
	at org.testng.SuiteRunner.run(SuiteRunner.java:240)
	at org.testng.SuiteRunnerWorker.runSuite(SuiteRunnerWorker.java:53)
	at org.testng.SuiteRunnerWorker.run(SuiteRunnerWorker.java:87)
	at org.testng.TestNG.runSuitesSequentially(TestNG.java:1188)
	at org.testng.TestNG.runSuitesLocally(TestNG.java:1113)
	at org.testng.TestNG.run(TestNG.java:1025)
	at org.testng.TestNG.privateMain(TestNG.java:1328)
	at org.testng.TestNG.main(TestNG.java:1297)
]]>
    </error>
  </testcase> <!-- test -->
  <testcase name="test" time="1.039" classname="com.letv.ads.util.AutoTest"/>
  <testcase name="test" time="2.106" classname="com.letv.ads.util.AutoTest">
    <error type="java.lang.AssertionError" message="测试用例[[public-ydddl-007]-移动端导流007]在memcached中set key=3a4ab747cf1e86f88e4b3759d8027893.v,value=1450160090时发生错误">
      <![CDATA[java.lang.AssertionError: 测试用例[[public-ydddl-007]-移动端导流007]在memcached中set key=3a4ab747cf1e86f88e4b3759d8027893.v,value=1450160090时发生错误
	at org.testng.Assert.fail(Assert.java:89)
	at com.letv.ads.util.BaseCase.operateMemcached(Unknown Source)
	at com.letv.ads.util.AutoTest.test(Unknown Source)
	at sun.reflect.GeneratedMethodAccessor3.invoke(Unknown Source)
	at sun.reflect.DelegatingMethodAccessorImpl.invoke(Unknown Source)
	at java.lang.reflect.Method.invoke(Unknown Source)
	at org.testng.internal.MethodInvocationHelper.invokeMethod(MethodInvocationHelper.java:80)
	at org.testng.internal.Invoker.invokeMethod(Invoker.java:702)
	at org.testng.internal.Invoker.invokeTestMethod(Invoker.java:894)
	at org.testng.internal.Invoker.invokeTestMethods(Invoker.java:1219)
	at org.testng.internal.TestMethodWorker.invokeTestMethods(TestMethodWorker.java:127)
	at org.testng.internal.TestMethodWorker.run(TestMethodWorker.java:111)
	at org.testng.TestRunner.privateRun(TestRunner.java:768)
	at org.testng.TestRunner.run(TestRunner.java:617)
	at org.testng.SuiteRunner.runTest(SuiteRunner.java:334)
	at org.testng.SuiteRunner.runSequentially(SuiteRunner.java:329)
	at org.testng.SuiteRunner.privateRun(SuiteRunner.java:291)
	at org.testng.SuiteRunner.run(SuiteRunner.java:240)
	at org.testng.SuiteRunnerWorker.runSuite(SuiteRunnerWorker.java:53)
	at org.testng.SuiteRunnerWorker.run(SuiteRunnerWorker.java:87)
	at org.testng.TestNG.runSuitesSequentially(TestNG.java:1188)
	at org.testng.TestNG.runSuitesLocally(TestNG.java:1113)
	at org.testng.TestNG.run(TestNG.java:1025)
	at org.testng.TestNG.privateMain(TestNG.java:1328)
	at org.testng.TestNG.main(TestNG.java:1297)
]]>
    </error>
  </testcase> <!-- test -->
  <testcase name="test" time="1.060" classname="com.letv.ads.util.AutoTest">
    <error type="java.lang.AssertionError" message="[public-gjgg-003]测试未通过，部分字段未通过验证！ expected:&lt;ok&gt; but was:&lt;测试用例：[public-gjgg-003]字段校验失败！-----[/VAST/Ad[1]/@order_item_id]的期望值是----1  实际值是----&gt;">
      <![CDATA[java.lang.AssertionError: [public-gjgg-003]测试未通过，部分字段未通过验证！ expected:<ok> but was:<测试用例：[public-gjgg-003]字段校验失败！-----[/VAST/Ad[1]/@order_item_id]的期望值是----1  实际值是---->
	at org.testng.Assert.fail(Assert.java:89)
	at org.testng.Assert.failNotEquals(Assert.java:489)
	at org.testng.Assert.assertEquals(Assert.java:118)
	at org.testng.Assert.assertEquals(Assert.java:171)
	at com.letv.ads.util.AutoTest.test(Unknown Source)
	at sun.reflect.GeneratedMethodAccessor3.invoke(Unknown Source)
	at sun.reflect.DelegatingMethodAccessorImpl.invoke(Unknown Source)
	at java.lang.reflect.Method.invoke(Unknown Source)
	at org.testng.internal.MethodInvocationHelper.invokeMethod(MethodInvocationHelper.java:80)
	at org.testng.internal.Invoker.invokeMethod(Invoker.java:702)
	at org.testng.internal.Invoker.invokeTestMethod(Invoker.java:894)
	at org.testng.internal.Invoker.invokeTestMethods(Invoker.java:1219)
	at org.testng.internal.TestMethodWorker.invokeTestMethods(TestMethodWorker.java:127)
	at org.testng.internal.TestMethodWorker.run(TestMethodWorker.java:111)
	at org.testng.TestRunner.privateRun(TestRunner.java:768)
	at org.testng.TestRunner.run(TestRunner.java:617)
	at org.testng.SuiteRunner.runTest(SuiteRunner.java:334)
	at org.testng.SuiteRunner.runSequentially(SuiteRunner.java:329)
	at org.testng.SuiteRunner.privateRun(SuiteRunner.java:291)
	at org.testng.SuiteRunner.run(SuiteRunner.java:240)
	at org.testng.SuiteRunnerWorker.runSuite(SuiteRunnerWorker.java:53)
	at org.testng.SuiteRunnerWorker.run(SuiteRunnerWorker.java:87)
	at org.testng.TestNG.runSuitesSequentially(TestNG.java:1188)
	at org.testng.TestNG.runSuitesLocally(TestNG.java:1113)
	at org.testng.TestNG.run(TestNG.java:1025)
	at org.testng.TestNG.privateMain(TestNG.java:1328)
	at org.testng.TestNG.main(TestNG.java:1297)
]]>
    </error>
  </testcase> <!-- test -->
  <testcase name="test" time="2.074" classname="com.letv.ads.util.AutoTest">
    <error type="java.lang.AssertionError" message="测试用例[[public-jzdx-012]精准定向012]在memcached中set key=5c3767f8b8ce4040bac9b23dff63c6e7.label,value=[1,2]时发生错误">
      <![CDATA[java.lang.AssertionError: 测试用例[[public-jzdx-012]精准定向012]在memcached中set key=5c3767f8b8ce4040bac9b23dff63c6e7.label,value=[1,2]时发生错误
	at org.testng.Assert.fail(Assert.java:89)
	at com.letv.ads.util.BaseCase.operateMemcached(Unknown Source)
	at com.letv.ads.util.AutoTest.test(Unknown Source)
	at sun.reflect.GeneratedMethodAccessor3.invoke(Unknown Source)
	at sun.reflect.DelegatingMethodAccessorImpl.invoke(Unknown Source)
	at java.lang.reflect.Method.invoke(Unknown Source)
	at org.testng.internal.MethodInvocationHelper.invokeMethod(MethodInvocationHelper.java:80)
	at org.testng.internal.Invoker.invokeMethod(Invoker.java:702)
	at org.testng.internal.Invoker.invokeTestMethod(Invoker.java:894)
	at org.testng.internal.Invoker.invokeTestMethods(Invoker.java:1219)
	at org.testng.internal.TestMethodWorker.invokeTestMethods(TestMethodWorker.java:127)
	at org.testng.internal.TestMethodWorker.run(TestMethodWorker.java:111)
	at org.testng.TestRunner.privateRun(TestRunner.java:768)
	at org.testng.TestRunner.run(TestRunner.java:617)
	at org.testng.SuiteRunner.runTest(SuiteRunner.java:334)
	at org.testng.SuiteRunner.runSequentially(SuiteRunner.java:329)
	at org.testng.SuiteRunner.privateRun(SuiteRunner.java:291)
	at org.testng.SuiteRunner.run(SuiteRunner.java:240)
	at org.testng.SuiteRunnerWorker.runSuite(SuiteRunnerWorker.java:53)
	at org.testng.SuiteRunnerWorker.run(SuiteRunnerWorker.java:87)
	at org.testng.TestNG.runSuitesSequentially(TestNG.java:1188)
	at org.testng.TestNG.runSuitesLocally(TestNG.java:1113)
	at org.testng.TestNG.run(TestNG.java:1025)
	at org.testng.TestNG.privateMain(TestNG.java:1328)
	at org.testng.TestNG.main(TestNG.java:1297)
]]>
    </error>
  </testcase> <!-- test -->
  <testcase name="test" time="0.016" classname="com.letv.ads.util.AutoTest"/>
  <testcase name="test" time="1.036" classname="com.letv.ads.util.AutoTest">
    <error type="java.lang.AssertionError" message="[[public-dtsc-005]短视频广告时长动态配置005]测试未通过，部分字段未通过验证！ expected:&lt;ok&gt; but was:&lt;测试用例：[[public-dtsc-005]短视频广告时长动态配置005]字段校验失败！-----[/VAST/Ad[1]/@order_item_id]的期望值是----1  实际值是------[/VAST/Policy/CuePoint[1]/@duration]的期望值是----15  实际值是----1&gt;">
      <![CDATA[java.lang.AssertionError: [[public-dtsc-005]短视频广告时长动态配置005]测试未通过，部分字段未通过验证！ expected:<ok> but was:<测试用例：[[public-dtsc-005]短视频广告时长动态配置005]字段校验失败！-----[/VAST/Ad[1]/@order_item_id]的期望值是----1  实际值是------[/VAST/Policy/CuePoint[1]/@duration]的期望值是----15  实际值是----1>
	at org.testng.Assert.fail(Assert.java:89)
	at org.testng.Assert.failNotEquals(Assert.java:489)
	at org.testng.Assert.assertEquals(Assert.java:118)
	at org.testng.Assert.assertEquals(Assert.java:171)
	at com.letv.ads.util.AutoTest.test(Unknown Source)
	at sun.reflect.GeneratedMethodAccessor3.invoke(Unknown Source)
	at sun.reflect.DelegatingMethodAccessorImpl.invoke(Unknown Source)
	at java.lang.reflect.Method.invoke(Unknown Source)
	at org.testng.internal.MethodInvocationHelper.invokeMethod(MethodInvocationHelper.java:80)
	at org.testng.internal.Invoker.invokeMethod(Invoker.java:702)
	at org.testng.internal.Invoker.invokeTestMethod(Invoker.java:894)
	at org.testng.internal.Invoker.invokeTestMethods(Invoker.java:1219)
	at org.testng.internal.TestMethodWorker.invokeTestMethods(TestMethodWorker.java:127)
	at org.testng.internal.TestMethodWorker.run(TestMethodWorker.java:111)
	at org.testng.TestRunner.privateRun(TestRunner.java:768)
	at org.testng.TestRunner.run(TestRunner.java:617)
	at org.testng.SuiteRunner.runTest(SuiteRunner.java:334)
	at org.testng.SuiteRunner.runSequentially(SuiteRunner.java:329)
	at org.testng.SuiteRunner.privateRun(SuiteRunner.java:291)
	at org.testng.SuiteRunner.run(SuiteRunner.java:240)
	at org.testng.SuiteRunnerWorker.runSuite(SuiteRunnerWorker.java:53)
	at org.testng.SuiteRunnerWorker.run(SuiteRunnerWorker.java:87)
	at org.testng.TestNG.runSuitesSequentially(TestNG.java:1188)
	at org.testng.TestNG.runSuitesLocally(TestNG.java:1113)
	at org.testng.TestNG.run(TestNG.java:1025)
	at org.testng.TestNG.privateMain(TestNG.java:1328)
	at org.testng.TestNG.main(TestNG.java:1297)
]]>
    </error>
  </testcase> <!-- test -->
  <testcase name="test" time="1.076" classname="com.letv.ads.util.AutoTest">
    <error type="java.lang.AssertionError" message="[[public-jzdx-008]精准定向008]测试未通过，部分字段未通过验证！ expected:&lt;ok&gt; but was:&lt;测试用例：[[public-jzdx-008]精准定向008]字段校验失败！-----[/VAST/Ad[1]/@order_item_id]的期望值是----1  实际值是------[/VAST/Ad[2]/@order_item_id]的期望值是----2  实际值是------[/VAST/Ad[3]/@order_item_id]的期望值是----3  实际值是----&gt;">
      <![CDATA[java.lang.AssertionError: [[public-jzdx-008]精准定向008]测试未通过，部分字段未通过验证！ expected:<ok> but was:<测试用例：[[public-jzdx-008]精准定向008]字段校验失败！-----[/VAST/Ad[1]/@order_item_id]的期望值是----1  实际值是------[/VAST/Ad[2]/@order_item_id]的期望值是----2  实际值是------[/VAST/Ad[3]/@order_item_id]的期望值是----3  实际值是---->
	at org.testng.Assert.fail(Assert.java:89)
	at org.testng.Assert.failNotEquals(Assert.java:489)
	at org.testng.Assert.assertEquals(Assert.java:118)
	at org.testng.Assert.assertEquals(Assert.java:171)
	at com.letv.ads.util.AutoTest.test(Unknown Source)
	at sun.reflect.GeneratedMethodAccessor3.invoke(Unknown Source)
	at sun.reflect.DelegatingMethodAccessorImpl.invoke(Unknown Source)
	at java.lang.reflect.Method.invoke(Unknown Source)
	at org.testng.internal.MethodInvocationHelper.invokeMethod(MethodInvocationHelper.java:80)
	at org.testng.internal.Invoker.invokeMethod(Invoker.java:702)
	at org.testng.internal.Invoker.invokeTestMethod(Invoker.java:894)
	at org.testng.internal.Invoker.invokeTestMethods(Invoker.java:1219)
	at org.testng.internal.TestMethodWorker.invokeTestMethods(TestMethodWorker.java:127)
	at org.testng.internal.TestMethodWorker.run(TestMethodWorker.java:111)
	at org.testng.TestRunner.privateRun(TestRunner.java:768)
	at org.testng.TestRunner.run(TestRunner.java:617)
	at org.testng.SuiteRunner.runTest(SuiteRunner.java:334)
	at org.testng.SuiteRunner.runSequentially(SuiteRunner.java:329)
	at org.testng.SuiteRunner.privateRun(SuiteRunner.java:291)
	at org.testng.SuiteRunner.run(SuiteRunner.java:240)
	at org.testng.SuiteRunnerWorker.runSuite(SuiteRunnerWorker.java:53)
	at org.testng.SuiteRunnerWorker.run(SuiteRunnerWorker.java:87)
	at org.testng.TestNG.runSuitesSequentially(TestNG.java:1188)
	at org.testng.TestNG.runSuitesLocally(TestNG.java:1113)
	at org.testng.TestNG.run(TestNG.java:1025)
	at org.testng.TestNG.privateMain(TestNG.java:1328)
	at org.testng.TestNG.main(TestNG.java:1297)
]]>
    </error>
  </testcase> <!-- test -->
  <testcase name="test" time="1.108" classname="com.letv.ads.util.AutoTest">
    <error type="java.lang.AssertionError" message="[[public-dtsc-041]短视频广告时长动态配置041]测试未通过，部分字段未通过验证！ expected:&lt;ok&gt; but was:&lt;测试用例：[[public-dtsc-041]短视频广告时长动态配置041]字段校验失败！-----[/VAST/Ad[1]/@order_item_id]的期望值是----1  实际值是------[/VAST/Policy/CuePoint[1]/@duration]的期望值是----30  实际值是----1&gt;">
      <![CDATA[java.lang.AssertionError: [[public-dtsc-041]短视频广告时长动态配置041]测试未通过，部分字段未通过验证！ expected:<ok> but was:<测试用例：[[public-dtsc-041]短视频广告时长动态配置041]字段校验失败！-----[/VAST/Ad[1]/@order_item_id]的期望值是----1  实际值是------[/VAST/Policy/CuePoint[1]/@duration]的期望值是----30  实际值是----1>
	at org.testng.Assert.fail(Assert.java:89)
	at org.testng.Assert.failNotEquals(Assert.java:489)
	at org.testng.Assert.assertEquals(Assert.java:118)
	at org.testng.Assert.assertEquals(Assert.java:171)
	at com.letv.ads.util.AutoTest.test(Unknown Source)
	at sun.reflect.GeneratedMethodAccessor3.invoke(Unknown Source)
	at sun.reflect.DelegatingMethodAccessorImpl.invoke(Unknown Source)
	at java.lang.reflect.Method.invoke(Unknown Source)
	at org.testng.internal.MethodInvocationHelper.invokeMethod(MethodInvocationHelper.java:80)
	at org.testng.internal.Invoker.invokeMethod(Invoker.java:702)
	at org.testng.internal.Invoker.invokeTestMethod(Invoker.java:894)
	at org.testng.internal.Invoker.invokeTestMethods(Invoker.java:1219)
	at org.testng.internal.TestMethodWorker.invokeTestMethods(TestMethodWorker.java:127)
	at org.testng.internal.TestMethodWorker.run(TestMethodWorker.java:111)
	at org.testng.TestRunner.privateRun(TestRunner.java:768)
	at org.testng.TestRunner.run(TestRunner.java:617)
	at org.testng.SuiteRunner.runTest(SuiteRunner.java:334)
	at org.testng.SuiteRunner.runSequentially(SuiteRunner.java:329)
	at org.testng.SuiteRunner.privateRun(SuiteRunner.java:291)
	at org.testng.SuiteRunner.run(SuiteRunner.java:240)
	at org.testng.SuiteRunnerWorker.runSuite(SuiteRunnerWorker.java:53)
	at org.testng.SuiteRunnerWorker.run(SuiteRunnerWorker.java:87)
	at org.testng.TestNG.runSuitesSequentially(TestNG.java:1188)
	at org.testng.TestNG.runSuitesLocally(TestNG.java:1113)
	at org.testng.TestNG.run(TestNG.java:1025)
	at org.testng.TestNG.privateMain(TestNG.java:1328)
	at org.testng.TestNG.main(TestNG.java:1297)
]]>
    </error>
  </testcase> <!-- test -->
  <testcase name="test" time="1.061" classname="com.letv.ads.util.AutoTest">
    <error type="java.lang.AssertionError" message="[[public-tcl-004]TCL-欢网广告接入方舟004]测试未通过，部分字段未通过验证！ expected:&lt;ok&gt; but was:&lt;测试用例：[[public-tcl-004]TCL-欢网广告接入方舟004]字段校验失败！-----[/VAST/@ark]的期望值是----1  实际值是----3&gt;">
      <![CDATA[java.lang.AssertionError: [[public-tcl-004]TCL-欢网广告接入方舟004]测试未通过，部分字段未通过验证！ expected:<ok> but was:<测试用例：[[public-tcl-004]TCL-欢网广告接入方舟004]字段校验失败！-----[/VAST/@ark]的期望值是----1  实际值是----3>
	at org.testng.Assert.fail(Assert.java:89)
	at org.testng.Assert.failNotEquals(Assert.java:489)
	at org.testng.Assert.assertEquals(Assert.java:118)
	at org.testng.Assert.assertEquals(Assert.java:171)
	at com.letv.ads.util.AutoTest.test(Unknown Source)
	at sun.reflect.GeneratedMethodAccessor3.invoke(Unknown Source)
	at sun.reflect.DelegatingMethodAccessorImpl.invoke(Unknown Source)
	at java.lang.reflect.Method.invoke(Unknown Source)
	at org.testng.internal.MethodInvocationHelper.invokeMethod(MethodInvocationHelper.java:80)
	at org.testng.internal.Invoker.invokeMethod(Invoker.java:702)
	at org.testng.internal.Invoker.invokeTestMethod(Invoker.java:894)
	at org.testng.internal.Invoker.invokeTestMethods(Invoker.java:1219)
	at org.testng.internal.TestMethodWorker.invokeTestMethods(TestMethodWorker.java:127)
	at org.testng.internal.TestMethodWorker.run(TestMethodWorker.java:111)
	at org.testng.TestRunner.privateRun(TestRunner.java:768)
	at org.testng.TestRunner.run(TestRunner.java:617)
	at org.testng.SuiteRunner.runTest(SuiteRunner.java:334)
	at org.testng.SuiteRunner.runSequentially(SuiteRunner.java:329)
	at org.testng.SuiteRunner.privateRun(SuiteRunner.java:291)
	at org.testng.SuiteRunner.run(SuiteRunner.java:240)
	at org.testng.SuiteRunnerWorker.runSuite(SuiteRunnerWorker.java:53)
	at org.testng.SuiteRunnerWorker.run(SuiteRunnerWorker.java:87)
	at org.testng.TestNG.runSuitesSequentially(TestNG.java:1188)
	at org.testng.TestNG.runSuitesLocally(TestNG.java:1113)
	at org.testng.TestNG.run(TestNG.java:1025)
	at org.testng.TestNG.privateMain(TestNG.java:1328)
	at org.testng.TestNG.main(TestNG.java:1297)
]]>
    </error>
  </testcase> <!-- test -->
  <testcase name="test" time="1.123" classname="com.letv.ads.util.AutoTest">
    <error type="java.lang.AssertionError" message="[[public-pbgg-009]屏保广告009]测试未通过，部分字段未通过验证！ expected:&lt;ok&gt; but was:&lt;测试用例：[[public-pbgg-009]屏保广告009]字段校验失败！-----[/VAST/Ad[1]/@order_item_id]的期望值是----1  实际值是------[/VAST/Ad[2]/@order_item_id]的期望值是----2  实际值是----&gt;">
      <![CDATA[java.lang.AssertionError: [[public-pbgg-009]屏保广告009]测试未通过，部分字段未通过验证！ expected:<ok> but was:<测试用例：[[public-pbgg-009]屏保广告009]字段校验失败！-----[/VAST/Ad[1]/@order_item_id]的期望值是----1  实际值是------[/VAST/Ad[2]/@order_item_id]的期望值是----2  实际值是---->
	at org.testng.Assert.fail(Assert.java:89)
	at org.testng.Assert.failNotEquals(Assert.java:489)
	at org.testng.Assert.assertEquals(Assert.java:118)
	at org.testng.Assert.assertEquals(Assert.java:171)
	at com.letv.ads.util.AutoTest.test(Unknown Source)
	at sun.reflect.GeneratedMethodAccessor3.invoke(Unknown Source)
	at sun.reflect.DelegatingMethodAccessorImpl.invoke(Unknown Source)
	at java.lang.reflect.Method.invoke(Unknown Source)
	at org.testng.internal.MethodInvocationHelper.invokeMethod(MethodInvocationHelper.java:80)
	at org.testng.internal.Invoker.invokeMethod(Invoker.java:702)
	at org.testng.internal.Invoker.invokeTestMethod(Invoker.java:894)
	at org.testng.internal.Invoker.invokeTestMethods(Invoker.java:1219)
	at org.testng.internal.TestMethodWorker.invokeTestMethods(TestMethodWorker.java:127)
	at org.testng.internal.TestMethodWorker.run(TestMethodWorker.java:111)
	at org.testng.TestRunner.privateRun(TestRunner.java:768)
	at org.testng.TestRunner.run(TestRunner.java:617)
	at org.testng.SuiteRunner.runTest(SuiteRunner.java:334)
	at org.testng.SuiteRunner.runSequentially(SuiteRunner.java:329)
	at org.testng.SuiteRunner.privateRun(SuiteRunner.java:291)
	at org.testng.SuiteRunner.run(SuiteRunner.java:240)
	at org.testng.SuiteRunnerWorker.runSuite(SuiteRunnerWorker.java:53)
	at org.testng.SuiteRunnerWorker.run(SuiteRunnerWorker.java:87)
	at org.testng.TestNG.runSuitesSequentially(TestNG.java:1188)
	at org.testng.TestNG.runSuitesLocally(TestNG.java:1113)
	at org.testng.TestNG.run(TestNG.java:1025)
	at org.testng.TestNG.privateMain(TestNG.java:1328)
	at org.testng.TestNG.main(TestNG.java:1297)
]]>
    </error>
  </testcase> <!-- test -->
  <testcase name="test" time="1.122" classname="com.letv.ads.util.AutoTest">
    <error type="java.lang.AssertionError" message="[[public-dtsc-062]短视频广告时长动态配置062]测试未通过，部分字段未通过验证！ expected:&lt;ok&gt; but was:&lt;测试用例：[[public-dtsc-062]短视频广告时长动态配置062]字段校验失败！-----[/VAST/Ad[1]/@order_item_id]的期望值是----1  实际值是------[/VAST/Policy/CuePoint[1]/@duration]的期望值是----25  实际值是----1&gt;">
      <![CDATA[java.lang.AssertionError: [[public-dtsc-062]短视频广告时长动态配置062]测试未通过，部分字段未通过验证！ expected:<ok> but was:<测试用例：[[public-dtsc-062]短视频广告时长动态配置062]字段校验失败！-----[/VAST/Ad[1]/@order_item_id]的期望值是----1  实际值是------[/VAST/Policy/CuePoint[1]/@duration]的期望值是----25  实际值是----1>
	at org.testng.Assert.fail(Assert.java:89)
	at org.testng.Assert.failNotEquals(Assert.java:489)
	at org.testng.Assert.assertEquals(Assert.java:118)
	at org.testng.Assert.assertEquals(Assert.java:171)
	at com.letv.ads.util.AutoTest.test(Unknown Source)
	at sun.reflect.GeneratedMethodAccessor3.invoke(Unknown Source)
	at sun.reflect.DelegatingMethodAccessorImpl.invoke(Unknown Source)
	at java.lang.reflect.Method.invoke(Unknown Source)
	at org.testng.internal.MethodInvocationHelper.invokeMethod(MethodInvocationHelper.java:80)
	at org.testng.internal.Invoker.invokeMethod(Invoker.java:702)
	at org.testng.internal.Invoker.invokeTestMethod(Invoker.java:894)
	at org.testng.internal.Invoker.invokeTestMethods(Invoker.java:1219)
	at org.testng.internal.TestMethodWorker.invokeTestMethods(TestMethodWorker.java:127)
	at org.testng.internal.TestMethodWorker.run(TestMethodWorker.java:111)
	at org.testng.TestRunner.privateRun(TestRunner.java:768)
	at org.testng.TestRunner.run(TestRunner.java:617)
	at org.testng.SuiteRunner.runTest(SuiteRunner.java:334)
	at org.testng.SuiteRunner.runSequentially(SuiteRunner.java:329)
	at org.testng.SuiteRunner.privateRun(SuiteRunner.java:291)
	at org.testng.SuiteRunner.run(SuiteRunner.java:240)
	at org.testng.SuiteRunnerWorker.runSuite(SuiteRunnerWorker.java:53)
	at org.testng.SuiteRunnerWorker.run(SuiteRunnerWorker.java:87)
	at org.testng.TestNG.runSuitesSequentially(TestNG.java:1188)
	at org.testng.TestNG.runSuitesLocally(TestNG.java:1113)
	at org.testng.TestNG.run(TestNG.java:1025)
	at org.testng.TestNG.privateMain(TestNG.java:1328)
	at org.testng.TestNG.main(TestNG.java:1297)
]]>
    </error>
  </testcase> <!-- test -->
  <testcase name="test" time="1.092" classname="com.letv.ads.util.AutoTest">
    <error type="java.lang.AssertionError" message="[public-gjgg-005]轮播测试中，广告order_item_id[]重复出现，测试失败！">
      <![CDATA[java.lang.AssertionError: [public-gjgg-005]轮播测试中，广告order_item_id[]重复出现，测试失败！
	at org.testng.Assert.fail(Assert.java:89)
	at com.letv.ads.util.AutoTest.test(Unknown Source)
	at sun.reflect.GeneratedMethodAccessor3.invoke(Unknown Source)
	at sun.reflect.DelegatingMethodAccessorImpl.invoke(Unknown Source)
	at java.lang.reflect.Method.invoke(Unknown Source)
	at org.testng.internal.MethodInvocationHelper.invokeMethod(MethodInvocationHelper.java:80)
	at org.testng.internal.Invoker.invokeMethod(Invoker.java:702)
	at org.testng.internal.Invoker.invokeTestMethod(Invoker.java:894)
	at org.testng.internal.Invoker.invokeTestMethods(Invoker.java:1219)
	at org.testng.internal.TestMethodWorker.invokeTestMethods(TestMethodWorker.java:127)
	at org.testng.internal.TestMethodWorker.run(TestMethodWorker.java:111)
	at org.testng.TestRunner.privateRun(TestRunner.java:768)
	at org.testng.TestRunner.run(TestRunner.java:617)
	at org.testng.SuiteRunner.runTest(SuiteRunner.java:334)
	at org.testng.SuiteRunner.runSequentially(SuiteRunner.java:329)
	at org.testng.SuiteRunner.privateRun(SuiteRunner.java:291)
	at org.testng.SuiteRunner.run(SuiteRunner.java:240)
	at org.testng.SuiteRunnerWorker.runSuite(SuiteRunnerWorker.java:53)
	at org.testng.SuiteRunnerWorker.run(SuiteRunnerWorker.java:87)
	at org.testng.TestNG.runSuitesSequentially(TestNG.java:1188)
	at org.testng.TestNG.runSuitesLocally(TestNG.java:1113)
	at org.testng.TestNG.run(TestNG.java:1025)
	at org.testng.TestNG.privateMain(TestNG.java:1328)
	at org.testng.TestNG.main(TestNG.java:1297)
]]>
    </error>
  </testcase> <!-- test -->
  <testcase name="test" time="1.045" classname="com.letv.ads.util.AutoTest">
    <error type="java.lang.AssertionError" message="[[public-dtsc-033]短视频广告时长动态配置033]测试未通过，部分字段未通过验证！ expected:&lt;ok&gt; but was:&lt;测试用例：[[public-dtsc-033]短视频广告时长动态配置033]字段校验失败！-----[/VAST/Ad[1]/@order_item_id]的期望值是----1  实际值是------[/VAST/Policy/CuePoint[1]/@duration]的期望值是----15  实际值是----1&gt;">
      <![CDATA[java.lang.AssertionError: [[public-dtsc-033]短视频广告时长动态配置033]测试未通过，部分字段未通过验证！ expected:<ok> but was:<测试用例：[[public-dtsc-033]短视频广告时长动态配置033]字段校验失败！-----[/VAST/Ad[1]/@order_item_id]的期望值是----1  实际值是------[/VAST/Policy/CuePoint[1]/@duration]的期望值是----15  实际值是----1>
	at org.testng.Assert.fail(Assert.java:89)
	at org.testng.Assert.failNotEquals(Assert.java:489)
	at org.testng.Assert.assertEquals(Assert.java:118)
	at org.testng.Assert.assertEquals(Assert.java:171)
	at com.letv.ads.util.AutoTest.test(Unknown Source)
	at sun.reflect.GeneratedMethodAccessor3.invoke(Unknown Source)
	at sun.reflect.DelegatingMethodAccessorImpl.invoke(Unknown Source)
	at java.lang.reflect.Method.invoke(Unknown Source)
	at org.testng.internal.MethodInvocationHelper.invokeMethod(MethodInvocationHelper.java:80)
	at org.testng.internal.Invoker.invokeMethod(Invoker.java:702)
	at org.testng.internal.Invoker.invokeTestMethod(Invoker.java:894)
	at org.testng.internal.Invoker.invokeTestMethods(Invoker.java:1219)
	at org.testng.internal.TestMethodWorker.invokeTestMethods(TestMethodWorker.java:127)
	at org.testng.internal.TestMethodWorker.run(TestMethodWorker.java:111)
	at org.testng.TestRunner.privateRun(TestRunner.java:768)
	at org.testng.TestRunner.run(TestRunner.java:617)
	at org.testng.SuiteRunner.runTest(SuiteRunner.java:334)
	at org.testng.SuiteRunner.runSequentially(SuiteRunner.java:329)
	at org.testng.SuiteRunner.privateRun(SuiteRunner.java:291)
	at org.testng.SuiteRunner.run(SuiteRunner.java:240)
	at org.testng.SuiteRunnerWorker.runSuite(SuiteRunnerWorker.java:53)
	at org.testng.SuiteRunnerWorker.run(SuiteRunnerWorker.java:87)
	at org.testng.TestNG.runSuitesSequentially(TestNG.java:1188)
	at org.testng.TestNG.runSuitesLocally(TestNG.java:1113)
	at org.testng.TestNG.run(TestNG.java:1025)
	at org.testng.TestNG.privateMain(TestNG.java:1328)
	at org.testng.TestNG.main(TestNG.java:1297)
]]>
    </error>
  </testcase> <!-- test -->
  <testcase name="test" time="2.106" classname="com.letv.ads.util.AutoTest">
    <error type="java.lang.AssertionError" message="测试用例[[public-jzdx-013]精准定向013]在memcached中set key=5c3767f8b8ce4040bac9b23dff63c6e7.label,value=[2]时发生错误">
      <![CDATA[java.lang.AssertionError: 测试用例[[public-jzdx-013]精准定向013]在memcached中set key=5c3767f8b8ce4040bac9b23dff63c6e7.label,value=[2]时发生错误
	at org.testng.Assert.fail(Assert.java:89)
	at com.letv.ads.util.BaseCase.operateMemcached(Unknown Source)
	at com.letv.ads.util.AutoTest.test(Unknown Source)
	at sun.reflect.GeneratedMethodAccessor3.invoke(Unknown Source)
	at sun.reflect.DelegatingMethodAccessorImpl.invoke(Unknown Source)
	at java.lang.reflect.Method.invoke(Unknown Source)
	at org.testng.internal.MethodInvocationHelper.invokeMethod(MethodInvocationHelper.java:80)
	at org.testng.internal.Invoker.invokeMethod(Invoker.java:702)
	at org.testng.internal.Invoker.invokeTestMethod(Invoker.java:894)
	at org.testng.internal.Invoker.invokeTestMethods(Invoker.java:1219)
	at org.testng.internal.TestMethodWorker.invokeTestMethods(TestMethodWorker.java:127)
	at org.testng.internal.TestMethodWorker.run(TestMethodWorker.java:111)
	at org.testng.TestRunner.privateRun(TestRunner.java:768)
	at org.testng.TestRunner.run(TestRunner.java:617)
	at org.testng.SuiteRunner.runTest(SuiteRunner.java:334)
	at org.testng.SuiteRunner.runSequentially(SuiteRunner.java:329)
	at org.testng.SuiteRunner.privateRun(SuiteRunner.java:291)
	at org.testng.SuiteRunner.run(SuiteRunner.java:240)
	at org.testng.SuiteRunnerWorker.runSuite(SuiteRunnerWorker.java:53)
	at org.testng.SuiteRunnerWorker.run(SuiteRunnerWorker.java:87)
	at org.testng.TestNG.runSuitesSequentially(TestNG.java:1188)
	at org.testng.TestNG.runSuitesLocally(TestNG.java:1113)
	at org.testng.TestNG.run(TestNG.java:1025)
	at org.testng.TestNG.privateMain(TestNG.java:1328)
	at org.testng.TestNG.main(TestNG.java:1297)
]]>
    </error>
  </testcase> <!-- test -->
  <testcase name="test" time="2.075" classname="com.letv.ads.util.AutoTest">
    <error type="java.lang.AssertionError" message="测试用例[[public-ydddl-005]-移动端导流005]在memcached中set key=3a4ab747cf1e86f88e4b3759d8027893.v,value=1450160090时发生错误">
      <![CDATA[java.lang.AssertionError: 测试用例[[public-ydddl-005]-移动端导流005]在memcached中set key=3a4ab747cf1e86f88e4b3759d8027893.v,value=1450160090时发生错误
	at org.testng.Assert.fail(Assert.java:89)
	at com.letv.ads.util.BaseCase.operateMemcached(Unknown Source)
	at com.letv.ads.util.AutoTest.test(Unknown Source)
	at sun.reflect.GeneratedMethodAccessor3.invoke(Unknown Source)
	at sun.reflect.DelegatingMethodAccessorImpl.invoke(Unknown Source)
	at java.lang.reflect.Method.invoke(Unknown Source)
	at org.testng.internal.MethodInvocationHelper.invokeMethod(MethodInvocationHelper.java:80)
	at org.testng.internal.Invoker.invokeMethod(Invoker.java:702)
	at org.testng.internal.Invoker.invokeTestMethod(Invoker.java:894)
	at org.testng.internal.Invoker.invokeTestMethods(Invoker.java:1219)
	at org.testng.internal.TestMethodWorker.invokeTestMethods(TestMethodWorker.java:127)
	at org.testng.internal.TestMethodWorker.run(TestMethodWorker.java:111)
	at org.testng.TestRunner.privateRun(TestRunner.java:768)
	at org.testng.TestRunner.run(TestRunner.java:617)
	at org.testng.SuiteRunner.runTest(SuiteRunner.java:334)
	at org.testng.SuiteRunner.runSequentially(SuiteRunner.java:329)
	at org.testng.SuiteRunner.privateRun(SuiteRunner.java:291)
	at org.testng.SuiteRunner.run(SuiteRunner.java:240)
	at org.testng.SuiteRunnerWorker.runSuite(SuiteRunnerWorker.java:53)
	at org.testng.SuiteRunnerWorker.run(SuiteRunnerWorker.java:87)
	at org.testng.TestNG.runSuitesSequentially(TestNG.java:1188)
	at org.testng.TestNG.runSuitesLocally(TestNG.java:1113)
	at org.testng.TestNG.run(TestNG.java:1025)
	at org.testng.TestNG.privateMain(TestNG.java:1328)
	at org.testng.TestNG.main(TestNG.java:1297)
]]>
    </error>
  </testcase> <!-- test -->
  <testcase name="test" time="2.042" classname="com.letv.ads.util.AutoTest">
    <error type="java.lang.AssertionError" message="测试用例[[public-pbgg-019]屏保广告019]在memcached中set key=d053ae95fe3fecfd15ed1c2dbe521055.label,value=[1]时发生错误">
      <![CDATA[java.lang.AssertionError: 测试用例[[public-pbgg-019]屏保广告019]在memcached中set key=d053ae95fe3fecfd15ed1c2dbe521055.label,value=[1]时发生错误
	at org.testng.Assert.fail(Assert.java:89)
	at com.letv.ads.util.BaseCase.operateMemcached(Unknown Source)
	at com.letv.ads.util.AutoTest.test(Unknown Source)
	at sun.reflect.GeneratedMethodAccessor3.invoke(Unknown Source)
	at sun.reflect.DelegatingMethodAccessorImpl.invoke(Unknown Source)
	at java.lang.reflect.Method.invoke(Unknown Source)
	at org.testng.internal.MethodInvocationHelper.invokeMethod(MethodInvocationHelper.java:80)
	at org.testng.internal.Invoker.invokeMethod(Invoker.java:702)
	at org.testng.internal.Invoker.invokeTestMethod(Invoker.java:894)
	at org.testng.internal.Invoker.invokeTestMethods(Invoker.java:1219)
	at org.testng.internal.TestMethodWorker.invokeTestMethods(TestMethodWorker.java:127)
	at org.testng.internal.TestMethodWorker.run(TestMethodWorker.java:111)
	at org.testng.TestRunner.privateRun(TestRunner.java:768)
	at org.testng.TestRunner.run(TestRunner.java:617)
	at org.testng.SuiteRunner.runTest(SuiteRunner.java:334)
	at org.testng.SuiteRunner.runSequentially(SuiteRunner.java:329)
	at org.testng.SuiteRunner.privateRun(SuiteRunner.java:291)
	at org.testng.SuiteRunner.run(SuiteRunner.java:240)
	at org.testng.SuiteRunnerWorker.runSuite(SuiteRunnerWorker.java:53)
	at org.testng.SuiteRunnerWorker.run(SuiteRunnerWorker.java:87)
	at org.testng.TestNG.runSuitesSequentially(TestNG.java:1188)
	at org.testng.TestNG.runSuitesLocally(TestNG.java:1113)
	at org.testng.TestNG.run(TestNG.java:1025)
	at org.testng.TestNG.privateMain(TestNG.java:1328)
	at org.testng.TestNG.main(TestNG.java:1297)
]]>
    </error>
  </testcase> <!-- test -->
  <testcase name="test" time="1.081" classname="com.letv.ads.util.AutoTest">
    <error type="java.lang.AssertionError" message="[[public-jzdx-010]精准定向010]测试未通过，部分字段未通过验证！ expected:&lt;ok&gt; but was:&lt;测试用例：[[public-jzdx-010]精准定向010]字段校验失败！-----[/VAST/Ad[1]/@order_item_id]的期望值是----1  实际值是------[/VAST/Ad[2]/@order_item_id]的期望值是----3  实际值是----&gt;">
      <![CDATA[java.lang.AssertionError: [[public-jzdx-010]精准定向010]测试未通过，部分字段未通过验证！ expected:<ok> but was:<测试用例：[[public-jzdx-010]精准定向010]字段校验失败！-----[/VAST/Ad[1]/@order_item_id]的期望值是----1  实际值是------[/VAST/Ad[2]/@order_item_id]的期望值是----3  实际值是---->
	at org.testng.Assert.fail(Assert.java:89)
	at org.testng.Assert.failNotEquals(Assert.java:489)
	at org.testng.Assert.assertEquals(Assert.java:118)
	at org.testng.Assert.assertEquals(Assert.java:171)
	at com.letv.ads.util.AutoTest.test(Unknown Source)
	at sun.reflect.NativeMethodAccessorImpl.invoke0(Native Method)
	at sun.reflect.NativeMethodAccessorImpl.invoke(Unknown Source)
	at sun.reflect.DelegatingMethodAccessorImpl.invoke(Unknown Source)
	at java.lang.reflect.Method.invoke(Unknown Source)
	at org.testng.internal.MethodInvocationHelper.invokeMethod(MethodInvocationHelper.java:80)
	at org.testng.internal.Invoker.invokeMethod(Invoker.java:702)
	at org.testng.internal.Invoker.invokeTestMethod(Invoker.java:894)
	at org.testng.internal.Invoker.invokeTestMethods(Invoker.java:1219)
	at org.testng.internal.TestMethodWorker.invokeTestMethods(TestMethodWorker.java:127)
	at org.testng.internal.TestMethodWorker.run(TestMethodWorker.java:111)
	at org.testng.TestRunner.privateRun(TestRunner.java:768)
	at org.testng.TestRunner.run(TestRunner.java:617)
	at org.testng.SuiteRunner.runTest(SuiteRunner.java:334)
	at org.testng.SuiteRunner.runSequentially(SuiteRunner.java:329)
	at org.testng.SuiteRunner.privateRun(SuiteRunner.java:291)
	at org.testng.SuiteRunner.run(SuiteRunner.java:240)
	at org.testng.SuiteRunnerWorker.runSuite(SuiteRunnerWorker.java:53)
	at org.testng.SuiteRunnerWorker.run(SuiteRunnerWorker.java:87)
	at org.testng.TestNG.runSuitesSequentially(TestNG.java:1188)
	at org.testng.TestNG.runSuitesLocally(TestNG.java:1113)
	at org.testng.TestNG.run(TestNG.java:1025)
	at org.testng.TestNG.privateMain(TestNG.java:1328)
	at org.testng.TestNG.main(TestNG.java:1297)
]]>
    </error>
  </testcase> <!-- test -->
  <testcase name="test" time="2.246" classname="com.letv.ads.util.AutoTest">
    <error type="java.lang.AssertionError" message="测试用例[[public-pbgg-020]屏保广告020]在memcached中set key=d053ae95fe3fecfd15ed1c2dbe521055.label,value=[1]时发生错误">
      <![CDATA[java.lang.AssertionError: 测试用例[[public-pbgg-020]屏保广告020]在memcached中set key=d053ae95fe3fecfd15ed1c2dbe521055.label,value=[1]时发生错误
	at org.testng.Assert.fail(Assert.java:89)
	at com.letv.ads.util.BaseCase.operateMemcached(Unknown Source)
	at com.letv.ads.util.AutoTest.test(Unknown Source)
	at sun.reflect.GeneratedMethodAccessor3.invoke(Unknown Source)
	at sun.reflect.DelegatingMethodAccessorImpl.invoke(Unknown Source)
	at java.lang.reflect.Method.invoke(Unknown Source)
	at org.testng.internal.MethodInvocationHelper.invokeMethod(MethodInvocationHelper.java:80)
	at org.testng.internal.Invoker.invokeMethod(Invoker.java:702)
	at org.testng.internal.Invoker.invokeTestMethod(Invoker.java:894)
	at org.testng.internal.Invoker.invokeTestMethods(Invoker.java:1219)
	at org.testng.internal.TestMethodWorker.invokeTestMethods(TestMethodWorker.java:127)
	at org.testng.internal.TestMethodWorker.run(TestMethodWorker.java:111)
	at org.testng.TestRunner.privateRun(TestRunner.java:768)
	at org.testng.TestRunner.run(TestRunner.java:617)
	at org.testng.SuiteRunner.runTest(SuiteRunner.java:334)
	at org.testng.SuiteRunner.runSequentially(SuiteRunner.java:329)
	at org.testng.SuiteRunner.privateRun(SuiteRunner.java:291)
	at org.testng.SuiteRunner.run(SuiteRunner.java:240)
	at org.testng.SuiteRunnerWorker.runSuite(SuiteRunnerWorker.java:53)
	at org.testng.SuiteRunnerWorker.run(SuiteRunnerWorker.java:87)
	at org.testng.TestNG.runSuitesSequentially(TestNG.java:1188)
	at org.testng.TestNG.runSuitesLocally(TestNG.java:1113)
	at org.testng.TestNG.run(TestNG.java:1025)
	at org.testng.TestNG.privateMain(TestNG.java:1328)
	at org.testng.TestNG.main(TestNG.java:1297)
]]>
    </error>
  </testcase> <!-- test -->
  <testcase name="test" time="1.045" classname="com.letv.ads.util.AutoTest">
    <error type="java.lang.AssertionError" message="[[public-pbgg-004]屏保广告004]测试未通过，部分字段未通过验证！ expected:&lt;ok&gt; but was:&lt;测试用例：[[public-pbgg-004]屏保广告004]字段校验失败！-----[/VAST/Ad[1]/@order_item_id]的期望值是----1  实际值是------[/VAST/Policy/CuePoint[1]/@id]的期望值是----1  实际值是----4368--[/VAST/Policy/CuePoint[2]/@id]的期望值是----2  实际值是----4369&gt;">
      <![CDATA[java.lang.AssertionError: [[public-pbgg-004]屏保广告004]测试未通过，部分字段未通过验证！ expected:<ok> but was:<测试用例：[[public-pbgg-004]屏保广告004]字段校验失败！-----[/VAST/Ad[1]/@order_item_id]的期望值是----1  实际值是------[/VAST/Policy/CuePoint[1]/@id]的期望值是----1  实际值是----4368--[/VAST/Policy/CuePoint[2]/@id]的期望值是----2  实际值是----4369>
	at org.testng.Assert.fail(Assert.java:89)
	at org.testng.Assert.failNotEquals(Assert.java:489)
	at org.testng.Assert.assertEquals(Assert.java:118)
	at org.testng.Assert.assertEquals(Assert.java:171)
	at com.letv.ads.util.AutoTest.test(Unknown Source)
	at sun.reflect.GeneratedMethodAccessor3.invoke(Unknown Source)
	at sun.reflect.DelegatingMethodAccessorImpl.invoke(Unknown Source)
	at java.lang.reflect.Method.invoke(Unknown Source)
	at org.testng.internal.MethodInvocationHelper.invokeMethod(MethodInvocationHelper.java:80)
	at org.testng.internal.Invoker.invokeMethod(Invoker.java:702)
	at org.testng.internal.Invoker.invokeTestMethod(Invoker.java:894)
	at org.testng.internal.Invoker.invokeTestMethods(Invoker.java:1219)
	at org.testng.internal.TestMethodWorker.invokeTestMethods(TestMethodWorker.java:127)
	at org.testng.internal.TestMethodWorker.run(TestMethodWorker.java:111)
	at org.testng.TestRunner.privateRun(TestRunner.java:768)
	at org.testng.TestRunner.run(TestRunner.java:617)
	at org.testng.SuiteRunner.runTest(SuiteRunner.java:334)
	at org.testng.SuiteRunner.runSequentially(SuiteRunner.java:329)
	at org.testng.SuiteRunner.privateRun(SuiteRunner.java:291)
	at org.testng.SuiteRunner.run(SuiteRunner.java:240)
	at org.testng.SuiteRunnerWorker.runSuite(SuiteRunnerWorker.java:53)
	at org.testng.SuiteRunnerWorker.run(SuiteRunnerWorker.java:87)
	at org.testng.TestNG.runSuitesSequentially(TestNG.java:1188)
	at org.testng.TestNG.runSuitesLocally(TestNG.java:1113)
	at org.testng.TestNG.run(TestNG.java:1025)
	at org.testng.TestNG.privateMain(TestNG.java:1328)
	at org.testng.TestNG.main(TestNG.java:1297)
]]>
    </error>
  </testcase> <!-- test -->
  <testcase name="test" time="1.045" classname="com.letv.ads.util.AutoTest">
    <error type="java.lang.AssertionError" message="[public-model-005]测试未通过，部分字段未通过验证！ expected:&lt;ok&gt; but was:&lt;测试用例：[public-model-005]字段校验失败！-----[/VAST/Ad[1]/@order_item_id]的期望值是----1  实际值是------[/VAST/Ad[2]/@order_item_id]的期望值是----2  实际值是----&gt;">
      <![CDATA[java.lang.AssertionError: [public-model-005]测试未通过，部分字段未通过验证！ expected:<ok> but was:<测试用例：[public-model-005]字段校验失败！-----[/VAST/Ad[1]/@order_item_id]的期望值是----1  实际值是------[/VAST/Ad[2]/@order_item_id]的期望值是----2  实际值是---->
	at org.testng.Assert.fail(Assert.java:89)
	at org.testng.Assert.failNotEquals(Assert.java:489)
	at org.testng.Assert.assertEquals(Assert.java:118)
	at org.testng.Assert.assertEquals(Assert.java:171)
	at com.letv.ads.util.AutoTest.test(Unknown Source)
	at sun.reflect.GeneratedMethodAccessor3.invoke(Unknown Source)
	at sun.reflect.DelegatingMethodAccessorImpl.invoke(Unknown Source)
	at java.lang.reflect.Method.invoke(Unknown Source)
	at org.testng.internal.MethodInvocationHelper.invokeMethod(MethodInvocationHelper.java:80)
	at org.testng.internal.Invoker.invokeMethod(Invoker.java:702)
	at org.testng.internal.Invoker.invokeTestMethod(Invoker.java:894)
	at org.testng.internal.Invoker.invokeTestMethods(Invoker.java:1219)
	at org.testng.internal.TestMethodWorker.invokeTestMethods(TestMethodWorker.java:127)
	at org.testng.internal.TestMethodWorker.run(TestMethodWorker.java:111)
	at org.testng.TestRunner.privateRun(TestRunner.java:768)
	at org.testng.TestRunner.run(TestRunner.java:617)
	at org.testng.SuiteRunner.runTest(SuiteRunner.java:334)
	at org.testng.SuiteRunner.runSequentially(SuiteRunner.java:329)
	at org.testng.SuiteRunner.privateRun(SuiteRunner.java:291)
	at org.testng.SuiteRunner.run(SuiteRunner.java:240)
	at org.testng.SuiteRunnerWorker.runSuite(SuiteRunnerWorker.java:53)
	at org.testng.SuiteRunnerWorker.run(SuiteRunnerWorker.java:87)
	at org.testng.TestNG.runSuitesSequentially(TestNG.java:1188)
	at org.testng.TestNG.runSuitesLocally(TestNG.java:1113)
	at org.testng.TestNG.run(TestNG.java:1025)
	at org.testng.TestNG.privateMain(TestNG.java:1328)
	at org.testng.TestNG.main(TestNG.java:1297)
]]>
    </error>
  </testcase> <!-- test -->
  <testcase name="test" time="1.047" classname="com.letv.ads.util.AutoTest"/>
  <testcase name="test" time="1.061" classname="com.letv.ads.util.AutoTest">
    <error type="java.lang.AssertionError" message="[[public-dtsc-084]短视频广告时长动态配置084]测试未通过，部分字段未通过验证！ expected:&lt;ok&gt; but was:&lt;测试用例：[[public-dtsc-084]短视频广告时长动态配置084]字段校验失败！-----[/VAST/Ad[1]/@order_item_id]的期望值是----1  实际值是------[/VAST/Policy/CuePoint[1]/@duration]的期望值是----15  实际值是----1&gt;">
      <![CDATA[java.lang.AssertionError: [[public-dtsc-084]短视频广告时长动态配置084]测试未通过，部分字段未通过验证！ expected:<ok> but was:<测试用例：[[public-dtsc-084]短视频广告时长动态配置084]字段校验失败！-----[/VAST/Ad[1]/@order_item_id]的期望值是----1  实际值是------[/VAST/Policy/CuePoint[1]/@duration]的期望值是----15  实际值是----1>
	at org.testng.Assert.fail(Assert.java:89)
	at org.testng.Assert.failNotEquals(Assert.java:489)
	at org.testng.Assert.assertEquals(Assert.java:118)
	at org.testng.Assert.assertEquals(Assert.java:171)
	at com.letv.ads.util.AutoTest.test(Unknown Source)
	at sun.reflect.GeneratedMethodAccessor3.invoke(Unknown Source)
	at sun.reflect.DelegatingMethodAccessorImpl.invoke(Unknown Source)
	at java.lang.reflect.Method.invoke(Unknown Source)
	at org.testng.internal.MethodInvocationHelper.invokeMethod(MethodInvocationHelper.java:80)
	at org.testng.internal.Invoker.invokeMethod(Invoker.java:702)
	at org.testng.internal.Invoker.invokeTestMethod(Invoker.java:894)
	at org.testng.internal.Invoker.invokeTestMethods(Invoker.java:1219)
	at org.testng.internal.TestMethodWorker.invokeTestMethods(TestMethodWorker.java:127)
	at org.testng.internal.TestMethodWorker.run(TestMethodWorker.java:111)
	at org.testng.TestRunner.privateRun(TestRunner.java:768)
	at org.testng.TestRunner.run(TestRunner.java:617)
	at org.testng.SuiteRunner.runTest(SuiteRunner.java:334)
	at org.testng.SuiteRunner.runSequentially(SuiteRunner.java:329)
	at org.testng.SuiteRunner.privateRun(SuiteRunner.java:291)
	at org.testng.SuiteRunner.run(SuiteRunner.java:240)
	at org.testng.SuiteRunnerWorker.runSuite(SuiteRunnerWorker.java:53)
	at org.testng.SuiteRunnerWorker.run(SuiteRunnerWorker.java:87)
	at org.testng.TestNG.runSuitesSequentially(TestNG.java:1188)
	at org.testng.TestNG.runSuitesLocally(TestNG.java:1113)
	at org.testng.TestNG.run(TestNG.java:1025)
	at org.testng.TestNG.privateMain(TestNG.java:1328)
	at org.testng.TestNG.main(TestNG.java:1297)
]]>
    </error>
  </testcase> <!-- test -->
  <testcase name="test" time="1.052" classname="com.letv.ads.util.AutoTest"/>
  <testcase name="test" time="1.077" classname="com.letv.ads.util.AutoTest"/>
  <testcase name="test" time="1.107" classname="com.letv.ads.util.AutoTest">
    <error type="java.lang.AssertionError" message="[[public-kjgg-002]开机广告002]测试未通过，部分字段未通过验证！ expected:&lt;ok&gt; but was:&lt;测试用例：[[public-kjgg-002]开机广告002]字段校验失败！-----[/VAST/Ad[1]/@order_item_id]的期望值是----1  实际值是------[/VAST/Ad[2]/@order_item_id]的期望值是----2  实际值是------[/VAST/Policy/CuePoint[1]/@id]的期望值是----1  实际值是----4368--[/VAST/Policy/CuePoint[2]/@id]的期望值是----2  实际值是----4369&gt;">
      <![CDATA[java.lang.AssertionError: [[public-kjgg-002]开机广告002]测试未通过，部分字段未通过验证！ expected:<ok> but was:<测试用例：[[public-kjgg-002]开机广告002]字段校验失败！-----[/VAST/Ad[1]/@order_item_id]的期望值是----1  实际值是------[/VAST/Ad[2]/@order_item_id]的期望值是----2  实际值是------[/VAST/Policy/CuePoint[1]/@id]的期望值是----1  实际值是----4368--[/VAST/Policy/CuePoint[2]/@id]的期望值是----2  实际值是----4369>
	at org.testng.Assert.fail(Assert.java:89)
	at org.testng.Assert.failNotEquals(Assert.java:489)
	at org.testng.Assert.assertEquals(Assert.java:118)
	at org.testng.Assert.assertEquals(Assert.java:171)
	at com.letv.ads.util.AutoTest.test(Unknown Source)
	at sun.reflect.GeneratedMethodAccessor3.invoke(Unknown Source)
	at sun.reflect.DelegatingMethodAccessorImpl.invoke(Unknown Source)
	at java.lang.reflect.Method.invoke(Unknown Source)
	at org.testng.internal.MethodInvocationHelper.invokeMethod(MethodInvocationHelper.java:80)
	at org.testng.internal.Invoker.invokeMethod(Invoker.java:702)
	at org.testng.internal.Invoker.invokeTestMethod(Invoker.java:894)
	at org.testng.internal.Invoker.invokeTestMethods(Invoker.java:1219)
	at org.testng.internal.TestMethodWorker.invokeTestMethods(TestMethodWorker.java:127)
	at org.testng.internal.TestMethodWorker.run(TestMethodWorker.java:111)
	at org.testng.TestRunner.privateRun(TestRunner.java:768)
	at org.testng.TestRunner.run(TestRunner.java:617)
	at org.testng.SuiteRunner.runTest(SuiteRunner.java:334)
	at org.testng.SuiteRunner.runSequentially(SuiteRunner.java:329)
	at org.testng.SuiteRunner.privateRun(SuiteRunner.java:291)
	at org.testng.SuiteRunner.run(SuiteRunner.java:240)
	at org.testng.SuiteRunnerWorker.runSuite(SuiteRunnerWorker.java:53)
	at org.testng.SuiteRunnerWorker.run(SuiteRunnerWorker.java:87)
	at org.testng.TestNG.runSuitesSequentially(TestNG.java:1188)
	at org.testng.TestNG.runSuitesLocally(TestNG.java:1113)
	at org.testng.TestNG.run(TestNG.java:1025)
	at org.testng.TestNG.privateMain(TestNG.java:1328)
	at org.testng.TestNG.main(TestNG.java:1297)
]]>
    </error>
  </testcase> <!-- test -->
  <testcase name="test" time="1.092" classname="com.letv.ads.util.AutoTest">
    <error type="java.lang.AssertionError" message="[[public-dtsc-009]短视频广告时长动态配置009]测试未通过，部分字段未通过验证！ expected:&lt;ok&gt; but was:&lt;测试用例：[[public-dtsc-009]短视频广告时长动态配置009]字段校验失败！-----[/VAST/Ad[1]/@order_item_id]的期望值是----1  实际值是------[/VAST/Policy/CuePoint[1]/@duration]的期望值是----25  实际值是----1&gt;">
      <![CDATA[java.lang.AssertionError: [[public-dtsc-009]短视频广告时长动态配置009]测试未通过，部分字段未通过验证！ expected:<ok> but was:<测试用例：[[public-dtsc-009]短视频广告时长动态配置009]字段校验失败！-----[/VAST/Ad[1]/@order_item_id]的期望值是----1  实际值是------[/VAST/Policy/CuePoint[1]/@duration]的期望值是----25  实际值是----1>
	at org.testng.Assert.fail(Assert.java:89)
	at org.testng.Assert.failNotEquals(Assert.java:489)
	at org.testng.Assert.assertEquals(Assert.java:118)
	at org.testng.Assert.assertEquals(Assert.java:171)
	at com.letv.ads.util.AutoTest.test(Unknown Source)
	at sun.reflect.GeneratedMethodAccessor3.invoke(Unknown Source)
	at sun.reflect.DelegatingMethodAccessorImpl.invoke(Unknown Source)
	at java.lang.reflect.Method.invoke(Unknown Source)
	at org.testng.internal.MethodInvocationHelper.invokeMethod(MethodInvocationHelper.java:80)
	at org.testng.internal.Invoker.invokeMethod(Invoker.java:702)
	at org.testng.internal.Invoker.invokeTestMethod(Invoker.java:894)
	at org.testng.internal.Invoker.invokeTestMethods(Invoker.java:1219)
	at org.testng.internal.TestMethodWorker.invokeTestMethods(TestMethodWorker.java:127)
	at org.testng.internal.TestMethodWorker.run(TestMethodWorker.java:111)
	at org.testng.TestRunner.privateRun(TestRunner.java:768)
	at org.testng.TestRunner.run(TestRunner.java:617)
	at org.testng.SuiteRunner.runTest(SuiteRunner.java:334)
	at org.testng.SuiteRunner.runSequentially(SuiteRunner.java:329)
	at org.testng.SuiteRunner.privateRun(SuiteRunner.java:291)
	at org.testng.SuiteRunner.run(SuiteRunner.java:240)
	at org.testng.SuiteRunnerWorker.runSuite(SuiteRunnerWorker.java:53)
	at org.testng.SuiteRunnerWorker.run(SuiteRunnerWorker.java:87)
	at org.testng.TestNG.runSuitesSequentially(TestNG.java:1188)
	at org.testng.TestNG.runSuitesLocally(TestNG.java:1113)
	at org.testng.TestNG.run(TestNG.java:1025)
	at org.testng.TestNG.privateMain(TestNG.java:1328)
	at org.testng.TestNG.main(TestNG.java:1297)
]]>
    </error>
  </testcase> <!-- test -->
  <testcase name="test" time="1.061" classname="com.letv.ads.util.AutoTest">
    <error type="java.lang.AssertionError" message="[public-sbdx-003]测试未通过，部分字段未通过验证！ expected:&lt;ok&gt; but was:&lt;测试用例：[public-sbdx-003]字段校验失败！-----[/VAST/Ad[@id=&#039;1&#039;]/@order_item_id]的期望值是----1  实际值是----&gt;">
      <![CDATA[java.lang.AssertionError: [public-sbdx-003]测试未通过，部分字段未通过验证！ expected:<ok> but was:<测试用例：[public-sbdx-003]字段校验失败！-----[/VAST/Ad[@id='1']/@order_item_id]的期望值是----1  实际值是---->
	at org.testng.Assert.fail(Assert.java:89)
	at org.testng.Assert.failNotEquals(Assert.java:489)
	at org.testng.Assert.assertEquals(Assert.java:118)
	at org.testng.Assert.assertEquals(Assert.java:171)
	at com.letv.ads.util.AutoTest.test(Unknown Source)
	at sun.reflect.GeneratedMethodAccessor3.invoke(Unknown Source)
	at sun.reflect.DelegatingMethodAccessorImpl.invoke(Unknown Source)
	at java.lang.reflect.Method.invoke(Unknown Source)
	at org.testng.internal.MethodInvocationHelper.invokeMethod(MethodInvocationHelper.java:80)
	at org.testng.internal.Invoker.invokeMethod(Invoker.java:702)
	at org.testng.internal.Invoker.invokeTestMethod(Invoker.java:894)
	at org.testng.internal.Invoker.invokeTestMethods(Invoker.java:1219)
	at org.testng.internal.TestMethodWorker.invokeTestMethods(TestMethodWorker.java:127)
	at org.testng.internal.TestMethodWorker.run(TestMethodWorker.java:111)
	at org.testng.TestRunner.privateRun(TestRunner.java:768)
	at org.testng.TestRunner.run(TestRunner.java:617)
	at org.testng.SuiteRunner.runTest(SuiteRunner.java:334)
	at org.testng.SuiteRunner.runSequentially(SuiteRunner.java:329)
	at org.testng.SuiteRunner.privateRun(SuiteRunner.java:291)
	at org.testng.SuiteRunner.run(SuiteRunner.java:240)
	at org.testng.SuiteRunnerWorker.runSuite(SuiteRunnerWorker.java:53)
	at org.testng.SuiteRunnerWorker.run(SuiteRunnerWorker.java:87)
	at org.testng.TestNG.runSuitesSequentially(TestNG.java:1188)
	at org.testng.TestNG.runSuitesLocally(TestNG.java:1113)
	at org.testng.TestNG.run(TestNG.java:1025)
	at org.testng.TestNG.privateMain(TestNG.java:1328)
	at org.testng.TestNG.main(TestNG.java:1297)
]]>
    </error>
  </testcase> <!-- test -->
  <testcase name="test" time="1.023" classname="com.letv.ads.util.AutoTest"/>
  <testcase name="test" time="1.061" classname="com.letv.ads.util.AutoTest">
    <error type="java.lang.AssertionError" message="[[public-kjgg-005]开机广告005]轮播测试中，广告order_item_id[]重复出现，测试失败！">
      <![CDATA[java.lang.AssertionError: [[public-kjgg-005]开机广告005]轮播测试中，广告order_item_id[]重复出现，测试失败！
	at org.testng.Assert.fail(Assert.java:89)
	at com.letv.ads.util.AutoTest.test(Unknown Source)
	at sun.reflect.GeneratedMethodAccessor3.invoke(Unknown Source)
	at sun.reflect.DelegatingMethodAccessorImpl.invoke(Unknown Source)
	at java.lang.reflect.Method.invoke(Unknown Source)
	at org.testng.internal.MethodInvocationHelper.invokeMethod(MethodInvocationHelper.java:80)
	at org.testng.internal.Invoker.invokeMethod(Invoker.java:702)
	at org.testng.internal.Invoker.invokeTestMethod(Invoker.java:894)
	at org.testng.internal.Invoker.invokeTestMethods(Invoker.java:1219)
	at org.testng.internal.TestMethodWorker.invokeTestMethods(TestMethodWorker.java:127)
	at org.testng.internal.TestMethodWorker.run(TestMethodWorker.java:111)
	at org.testng.TestRunner.privateRun(TestRunner.java:768)
	at org.testng.TestRunner.run(TestRunner.java:617)
	at org.testng.SuiteRunner.runTest(SuiteRunner.java:334)
	at org.testng.SuiteRunner.runSequentially(SuiteRunner.java:329)
	at org.testng.SuiteRunner.privateRun(SuiteRunner.java:291)
	at org.testng.SuiteRunner.run(SuiteRunner.java:240)
	at org.testng.SuiteRunnerWorker.runSuite(SuiteRunnerWorker.java:53)
	at org.testng.SuiteRunnerWorker.run(SuiteRunnerWorker.java:87)
	at org.testng.TestNG.runSuitesSequentially(TestNG.java:1188)
	at org.testng.TestNG.runSuitesLocally(TestNG.java:1113)
	at org.testng.TestNG.run(TestNG.java:1025)
	at org.testng.TestNG.privateMain(TestNG.java:1328)
	at org.testng.TestNG.main(TestNG.java:1297)
]]>
    </error>
  </testcase> <!-- test -->
  <testcase name="test" time="2.248" classname="com.letv.ads.util.AutoTest">
    <error type="java.lang.AssertionError" message="测试用例[[public-jzdx-006]精准定向006]在memcached中set key=5c3767f8b8ce4040bac9b23dff63c6e7.label,value=[1]时发生错误">
      <![CDATA[java.lang.AssertionError: 测试用例[[public-jzdx-006]精准定向006]在memcached中set key=5c3767f8b8ce4040bac9b23dff63c6e7.label,value=[1]时发生错误
	at org.testng.Assert.fail(Assert.java:89)
	at com.letv.ads.util.BaseCase.operateMemcached(Unknown Source)
	at com.letv.ads.util.AutoTest.test(Unknown Source)
	at sun.reflect.GeneratedMethodAccessor3.invoke(Unknown Source)
	at sun.reflect.DelegatingMethodAccessorImpl.invoke(Unknown Source)
	at java.lang.reflect.Method.invoke(Unknown Source)
	at org.testng.internal.MethodInvocationHelper.invokeMethod(MethodInvocationHelper.java:80)
	at org.testng.internal.Invoker.invokeMethod(Invoker.java:702)
	at org.testng.internal.Invoker.invokeTestMethod(Invoker.java:894)
	at org.testng.internal.Invoker.invokeTestMethods(Invoker.java:1219)
	at org.testng.internal.TestMethodWorker.invokeTestMethods(TestMethodWorker.java:127)
	at org.testng.internal.TestMethodWorker.run(TestMethodWorker.java:111)
	at org.testng.TestRunner.privateRun(TestRunner.java:768)
	at org.testng.TestRunner.run(TestRunner.java:617)
	at org.testng.SuiteRunner.runTest(SuiteRunner.java:334)
	at org.testng.SuiteRunner.runSequentially(SuiteRunner.java:329)
	at org.testng.SuiteRunner.privateRun(SuiteRunner.java:291)
	at org.testng.SuiteRunner.run(SuiteRunner.java:240)
	at org.testng.SuiteRunnerWorker.runSuite(SuiteRunnerWorker.java:53)
	at org.testng.SuiteRunnerWorker.run(SuiteRunnerWorker.java:87)
	at org.testng.TestNG.runSuitesSequentially(TestNG.java:1188)
	at org.testng.TestNG.runSuitesLocally(TestNG.java:1113)
	at org.testng.TestNG.run(TestNG.java:1025)
	at org.testng.TestNG.privateMain(TestNG.java:1328)
	at org.testng.TestNG.main(TestNG.java:1297)
]]>
    </error>
  </testcase> <!-- test -->
  <testcase name="test" time="1.122" classname="com.letv.ads.util.AutoTest">
    <error type="java.lang.AssertionError" message="[[public-dtsc-012]短视频广告时长动态配置012]测试未通过，部分字段未通过验证！ expected:&lt;ok&gt; but was:&lt;测试用例：[[public-dtsc-012]短视频广告时长动态配置012]字段校验失败！-----[/VAST/Ad[1]/@order_item_id]的期望值是----1  实际值是------[/VAST/Policy/CuePoint[1]/@duration]的期望值是----15  实际值是----1&gt;">
      <![CDATA[java.lang.AssertionError: [[public-dtsc-012]短视频广告时长动态配置012]测试未通过，部分字段未通过验证！ expected:<ok> but was:<测试用例：[[public-dtsc-012]短视频广告时长动态配置012]字段校验失败！-----[/VAST/Ad[1]/@order_item_id]的期望值是----1  实际值是------[/VAST/Policy/CuePoint[1]/@duration]的期望值是----15  实际值是----1>
	at org.testng.Assert.fail(Assert.java:89)
	at org.testng.Assert.failNotEquals(Assert.java:489)
	at org.testng.Assert.assertEquals(Assert.java:118)
	at org.testng.Assert.assertEquals(Assert.java:171)
	at com.letv.ads.util.AutoTest.test(Unknown Source)
	at sun.reflect.GeneratedMethodAccessor3.invoke(Unknown Source)
	at sun.reflect.DelegatingMethodAccessorImpl.invoke(Unknown Source)
	at java.lang.reflect.Method.invoke(Unknown Source)
	at org.testng.internal.MethodInvocationHelper.invokeMethod(MethodInvocationHelper.java:80)
	at org.testng.internal.Invoker.invokeMethod(Invoker.java:702)
	at org.testng.internal.Invoker.invokeTestMethod(Invoker.java:894)
	at org.testng.internal.Invoker.invokeTestMethods(Invoker.java:1219)
	at org.testng.internal.TestMethodWorker.invokeTestMethods(TestMethodWorker.java:127)
	at org.testng.internal.TestMethodWorker.run(TestMethodWorker.java:111)
	at org.testng.TestRunner.privateRun(TestRunner.java:768)
	at org.testng.TestRunner.run(TestRunner.java:617)
	at org.testng.SuiteRunner.runTest(SuiteRunner.java:334)
	at org.testng.SuiteRunner.runSequentially(SuiteRunner.java:329)
	at org.testng.SuiteRunner.privateRun(SuiteRunner.java:291)
	at org.testng.SuiteRunner.run(SuiteRunner.java:240)
	at org.testng.SuiteRunnerWorker.runSuite(SuiteRunnerWorker.java:53)
	at org.testng.SuiteRunnerWorker.run(SuiteRunnerWorker.java:87)
	at org.testng.TestNG.runSuitesSequentially(TestNG.java:1188)
	at org.testng.TestNG.runSuitesLocally(TestNG.java:1113)
	at org.testng.TestNG.run(TestNG.java:1025)
	at org.testng.TestNG.privateMain(TestNG.java:1328)
	at org.testng.TestNG.main(TestNG.java:1297)
]]>
    </error>
  </testcase> <!-- test -->
  <testcase name="test" time="1.062" classname="com.letv.ads.util.AutoTest">
    <error type="java.lang.AssertionError" message="[public-model-014]测试未通过，部分字段未通过验证！ expected:&lt;ok&gt; but was:&lt;测试用例：[public-model-014]字段校验失败！-----[/VAST/Ad[1]/@order_item_id]的期望值是----2  实际值是----&gt;">
      <![CDATA[java.lang.AssertionError: [public-model-014]测试未通过，部分字段未通过验证！ expected:<ok> but was:<测试用例：[public-model-014]字段校验失败！-----[/VAST/Ad[1]/@order_item_id]的期望值是----2  实际值是---->
	at org.testng.Assert.fail(Assert.java:89)
	at org.testng.Assert.failNotEquals(Assert.java:489)
	at org.testng.Assert.assertEquals(Assert.java:118)
	at org.testng.Assert.assertEquals(Assert.java:171)
	at com.letv.ads.util.AutoTest.test(Unknown Source)
	at sun.reflect.GeneratedMethodAccessor3.invoke(Unknown Source)
	at sun.reflect.DelegatingMethodAccessorImpl.invoke(Unknown Source)
	at java.lang.reflect.Method.invoke(Unknown Source)
	at org.testng.internal.MethodInvocationHelper.invokeMethod(MethodInvocationHelper.java:80)
	at org.testng.internal.Invoker.invokeMethod(Invoker.java:702)
	at org.testng.internal.Invoker.invokeTestMethod(Invoker.java:894)
	at org.testng.internal.Invoker.invokeTestMethods(Invoker.java:1219)
	at org.testng.internal.TestMethodWorker.invokeTestMethods(TestMethodWorker.java:127)
	at org.testng.internal.TestMethodWorker.run(TestMethodWorker.java:111)
	at org.testng.TestRunner.privateRun(TestRunner.java:768)
	at org.testng.TestRunner.run(TestRunner.java:617)
	at org.testng.SuiteRunner.runTest(SuiteRunner.java:334)
	at org.testng.SuiteRunner.runSequentially(SuiteRunner.java:329)
	at org.testng.SuiteRunner.privateRun(SuiteRunner.java:291)
	at org.testng.SuiteRunner.run(SuiteRunner.java:240)
	at org.testng.SuiteRunnerWorker.runSuite(SuiteRunnerWorker.java:53)
	at org.testng.SuiteRunnerWorker.run(SuiteRunnerWorker.java:87)
	at org.testng.TestNG.runSuitesSequentially(TestNG.java:1188)
	at org.testng.TestNG.runSuitesLocally(TestNG.java:1113)
	at org.testng.TestNG.run(TestNG.java:1025)
	at org.testng.TestNG.privateMain(TestNG.java:1328)
	at org.testng.TestNG.main(TestNG.java:1297)
]]>
    </error>
  </testcase> <!-- test -->
  <testcase name="test" time="1.075" classname="com.letv.ads.util.AutoTest">
    <error type="java.lang.AssertionError" message="[public-model-016]测试未通过，部分字段未通过验证！ expected:&lt;ok&gt; but was:&lt;测试用例：[public-model-016]字段校验失败！-----[/VAST/Ad[1]/@order_item_id]的期望值是----1  实际值是------[/VAST/Ad[2]/@order_item_id]的期望值是----2  实际值是----&gt;">
      <![CDATA[java.lang.AssertionError: [public-model-016]测试未通过，部分字段未通过验证！ expected:<ok> but was:<测试用例：[public-model-016]字段校验失败！-----[/VAST/Ad[1]/@order_item_id]的期望值是----1  实际值是------[/VAST/Ad[2]/@order_item_id]的期望值是----2  实际值是---->
	at org.testng.Assert.fail(Assert.java:89)
	at org.testng.Assert.failNotEquals(Assert.java:489)
	at org.testng.Assert.assertEquals(Assert.java:118)
	at org.testng.Assert.assertEquals(Assert.java:171)
	at com.letv.ads.util.AutoTest.test(Unknown Source)
	at sun.reflect.GeneratedMethodAccessor3.invoke(Unknown Source)
	at sun.reflect.DelegatingMethodAccessorImpl.invoke(Unknown Source)
	at java.lang.reflect.Method.invoke(Unknown Source)
	at org.testng.internal.MethodInvocationHelper.invokeMethod(MethodInvocationHelper.java:80)
	at org.testng.internal.Invoker.invokeMethod(Invoker.java:702)
	at org.testng.internal.Invoker.invokeTestMethod(Invoker.java:894)
	at org.testng.internal.Invoker.invokeTestMethods(Invoker.java:1219)
	at org.testng.internal.TestMethodWorker.invokeTestMethods(TestMethodWorker.java:127)
	at org.testng.internal.TestMethodWorker.run(TestMethodWorker.java:111)
	at org.testng.TestRunner.privateRun(TestRunner.java:768)
	at org.testng.TestRunner.run(TestRunner.java:617)
	at org.testng.SuiteRunner.runTest(SuiteRunner.java:334)
	at org.testng.SuiteRunner.runSequentially(SuiteRunner.java:329)
	at org.testng.SuiteRunner.privateRun(SuiteRunner.java:291)
	at org.testng.SuiteRunner.run(SuiteRunner.java:240)
	at org.testng.SuiteRunnerWorker.runSuite(SuiteRunnerWorker.java:53)
	at org.testng.SuiteRunnerWorker.run(SuiteRunnerWorker.java:87)
	at org.testng.TestNG.runSuitesSequentially(TestNG.java:1188)
	at org.testng.TestNG.runSuitesLocally(TestNG.java:1113)
	at org.testng.TestNG.run(TestNG.java:1025)
	at org.testng.TestNG.privateMain(TestNG.java:1328)
	at org.testng.TestNG.main(TestNG.java:1297)
]]>
    </error>
  </testcase> <!-- test -->
  <testcase name="test" time="1.061" classname="com.letv.ads.util.AutoTest">
    <error type="java.lang.AssertionError" message="[[public-kjgg-009]开机广告009]测试未通过，部分字段未通过验证！ expected:&lt;ok&gt; but was:&lt;测试用例：[[public-kjgg-009]开机广告009]字段校验失败！-----[/VAST/Policy/CuePoint/@id]的期望值是----1  实际值是----4368&gt;">
      <![CDATA[java.lang.AssertionError: [[public-kjgg-009]开机广告009]测试未通过，部分字段未通过验证！ expected:<ok> but was:<测试用例：[[public-kjgg-009]开机广告009]字段校验失败！-----[/VAST/Policy/CuePoint/@id]的期望值是----1  实际值是----4368>
	at org.testng.Assert.fail(Assert.java:89)
	at org.testng.Assert.failNotEquals(Assert.java:489)
	at org.testng.Assert.assertEquals(Assert.java:118)
	at org.testng.Assert.assertEquals(Assert.java:171)
	at com.letv.ads.util.AutoTest.test(Unknown Source)
	at sun.reflect.GeneratedMethodAccessor3.invoke(Unknown Source)
	at sun.reflect.DelegatingMethodAccessorImpl.invoke(Unknown Source)
	at java.lang.reflect.Method.invoke(Unknown Source)
	at org.testng.internal.MethodInvocationHelper.invokeMethod(MethodInvocationHelper.java:80)
	at org.testng.internal.Invoker.invokeMethod(Invoker.java:702)
	at org.testng.internal.Invoker.invokeTestMethod(Invoker.java:894)
	at org.testng.internal.Invoker.invokeTestMethods(Invoker.java:1219)
	at org.testng.internal.TestMethodWorker.invokeTestMethods(TestMethodWorker.java:127)
	at org.testng.internal.TestMethodWorker.run(TestMethodWorker.java:111)
	at org.testng.TestRunner.privateRun(TestRunner.java:768)
	at org.testng.TestRunner.run(TestRunner.java:617)
	at org.testng.SuiteRunner.runTest(SuiteRunner.java:334)
	at org.testng.SuiteRunner.runSequentially(SuiteRunner.java:329)
	at org.testng.SuiteRunner.privateRun(SuiteRunner.java:291)
	at org.testng.SuiteRunner.run(SuiteRunner.java:240)
	at org.testng.SuiteRunnerWorker.runSuite(SuiteRunnerWorker.java:53)
	at org.testng.SuiteRunnerWorker.run(SuiteRunnerWorker.java:87)
	at org.testng.TestNG.runSuitesSequentially(TestNG.java:1188)
	at org.testng.TestNG.runSuitesLocally(TestNG.java:1113)
	at org.testng.TestNG.run(TestNG.java:1025)
	at org.testng.TestNG.privateMain(TestNG.java:1328)
	at org.testng.TestNG.main(TestNG.java:1297)
]]>
    </error>
  </testcase> <!-- test -->
  <testcase name="test" time="1.037" classname="com.letv.ads.util.AutoTest">
    <error type="java.lang.AssertionError" message="[[public-dtsc-071]短视频广告时长动态配置071]测试未通过，部分字段未通过验证！ expected:&lt;ok&gt; but was:&lt;测试用例：[[public-dtsc-071]短视频广告时长动态配置071]字段校验失败！-----[/VAST/Ad[1]/@order_item_id]的期望值是----1  实际值是------[/VAST/Policy/CuePoint[1]/@duration]的期望值是----30  实际值是----1&gt;">
      <![CDATA[java.lang.AssertionError: [[public-dtsc-071]短视频广告时长动态配置071]测试未通过，部分字段未通过验证！ expected:<ok> but was:<测试用例：[[public-dtsc-071]短视频广告时长动态配置071]字段校验失败！-----[/VAST/Ad[1]/@order_item_id]的期望值是----1  实际值是------[/VAST/Policy/CuePoint[1]/@duration]的期望值是----30  实际值是----1>
	at org.testng.Assert.fail(Assert.java:89)
	at org.testng.Assert.failNotEquals(Assert.java:489)
	at org.testng.Assert.assertEquals(Assert.java:118)
	at org.testng.Assert.assertEquals(Assert.java:171)
	at com.letv.ads.util.AutoTest.test(Unknown Source)
	at sun.reflect.GeneratedMethodAccessor3.invoke(Unknown Source)
	at sun.reflect.DelegatingMethodAccessorImpl.invoke(Unknown Source)
	at java.lang.reflect.Method.invoke(Unknown Source)
	at org.testng.internal.MethodInvocationHelper.invokeMethod(MethodInvocationHelper.java:80)
	at org.testng.internal.Invoker.invokeMethod(Invoker.java:702)
	at org.testng.internal.Invoker.invokeTestMethod(Invoker.java:894)
	at org.testng.internal.Invoker.invokeTestMethods(Invoker.java:1219)
	at org.testng.internal.TestMethodWorker.invokeTestMethods(TestMethodWorker.java:127)
	at org.testng.internal.TestMethodWorker.run(TestMethodWorker.java:111)
	at org.testng.TestRunner.privateRun(TestRunner.java:768)
	at org.testng.TestRunner.run(TestRunner.java:617)
	at org.testng.SuiteRunner.runTest(SuiteRunner.java:334)
	at org.testng.SuiteRunner.runSequentially(SuiteRunner.java:329)
	at org.testng.SuiteRunner.privateRun(SuiteRunner.java:291)
	at org.testng.SuiteRunner.run(SuiteRunner.java:240)
	at org.testng.SuiteRunnerWorker.runSuite(SuiteRunnerWorker.java:53)
	at org.testng.SuiteRunnerWorker.run(SuiteRunnerWorker.java:87)
	at org.testng.TestNG.runSuitesSequentially(TestNG.java:1188)
	at org.testng.TestNG.runSuitesLocally(TestNG.java:1113)
	at org.testng.TestNG.run(TestNG.java:1025)
	at org.testng.TestNG.privateMain(TestNG.java:1328)
	at org.testng.TestNG.main(TestNG.java:1297)
]]>
    </error>
  </testcase> <!-- test -->
  <testcase name="test" time="1.045" classname="com.letv.ads.util.AutoTest">
    <error type="java.lang.AssertionError" message="[[public-pbgg-021]屏保广告021]测试未通过，部分字段未通过验证！ expected:&lt;ok&gt; but was:&lt;测试用例：[[public-pbgg-021]屏保广告021]字段校验失败！-----[/VAST/Ad[1]/@order_item_id]的期望值是----1  实际值是------[/VAST/Ad[2]/@order_item_id]的期望值是----2  实际值是------[/VAST/Ad[3]/@order_item_id]的期望值是----3  实际值是------[/VAST/Ad[4]/@order_item_id]的期望值是----5  实际值是------[/VAST/Ad[5]/@order_item_id]的期望值是----7  实际值是------[/VAST/Ad[6]/@order_item_id]的期望值是----9  实际值是------[/VAST/Ad[7]/@order_item_id]的期望值是----11  实际值是------[/VAST/Ad[8]/@order_item_id]的期望值是----13  实际值是------[/VAST/Ad[9]/@order_item_id]的期望值是----15  实际值是------[/VAST/Ad[10]/@order_item_id]的期望值是----17  实际值是----&gt;">
      <![CDATA[java.lang.AssertionError: [[public-pbgg-021]屏保广告021]测试未通过，部分字段未通过验证！ expected:<ok> but was:<测试用例：[[public-pbgg-021]屏保广告021]字段校验失败！-----[/VAST/Ad[1]/@order_item_id]的期望值是----1  实际值是------[/VAST/Ad[2]/@order_item_id]的期望值是----2  实际值是------[/VAST/Ad[3]/@order_item_id]的期望值是----3  实际值是------[/VAST/Ad[4]/@order_item_id]的期望值是----5  实际值是------[/VAST/Ad[5]/@order_item_id]的期望值是----7  实际值是------[/VAST/Ad[6]/@order_item_id]的期望值是----9  实际值是------[/VAST/Ad[7]/@order_item_id]的期望值是----11  实际值是------[/VAST/Ad[8]/@order_item_id]的期望值是----13  实际值是------[/VAST/Ad[9]/@order_item_id]的期望值是----15  实际值是------[/VAST/Ad[10]/@order_item_id]的期望值是----17  实际值是---->
	at org.testng.Assert.fail(Assert.java:89)
	at org.testng.Assert.failNotEquals(Assert.java:489)
	at org.testng.Assert.assertEquals(Assert.java:118)
	at org.testng.Assert.assertEquals(Assert.java:171)
	at com.letv.ads.util.AutoTest.test(Unknown Source)
	at sun.reflect.GeneratedMethodAccessor3.invoke(Unknown Source)
	at sun.reflect.DelegatingMethodAccessorImpl.invoke(Unknown Source)
	at java.lang.reflect.Method.invoke(Unknown Source)
	at org.testng.internal.MethodInvocationHelper.invokeMethod(MethodInvocationHelper.java:80)
	at org.testng.internal.Invoker.invokeMethod(Invoker.java:702)
	at org.testng.internal.Invoker.invokeTestMethod(Invoker.java:894)
	at org.testng.internal.Invoker.invokeTestMethods(Invoker.java:1219)
	at org.testng.internal.TestMethodWorker.invokeTestMethods(TestMethodWorker.java:127)
	at org.testng.internal.TestMethodWorker.run(TestMethodWorker.java:111)
	at org.testng.TestRunner.privateRun(TestRunner.java:768)
	at org.testng.TestRunner.run(TestRunner.java:617)
	at org.testng.SuiteRunner.runTest(SuiteRunner.java:334)
	at org.testng.SuiteRunner.runSequentially(SuiteRunner.java:329)
	at org.testng.SuiteRunner.privateRun(SuiteRunner.java:291)
	at org.testng.SuiteRunner.run(SuiteRunner.java:240)
	at org.testng.SuiteRunnerWorker.runSuite(SuiteRunnerWorker.java:53)
	at org.testng.SuiteRunnerWorker.run(SuiteRunnerWorker.java:87)
	at org.testng.TestNG.runSuitesSequentially(TestNG.java:1188)
	at org.testng.TestNG.runSuitesLocally(TestNG.java:1113)
	at org.testng.TestNG.run(TestNG.java:1025)
	at org.testng.TestNG.privateMain(TestNG.java:1328)
	at org.testng.TestNG.main(TestNG.java:1297)
]]>
    </error>
  </testcase> <!-- test -->
  <testcase name="test" time="2.090" classname="com.letv.ads.util.AutoTest">
    <error type="java.lang.AssertionError" message="测试用例[[public-kjgg-013]开机广告013]在memcached中set key=d053ae95fe3fecfd15ed1c2dbe521055.label,value=[1]时发生错误">
      <![CDATA[java.lang.AssertionError: 测试用例[[public-kjgg-013]开机广告013]在memcached中set key=d053ae95fe3fecfd15ed1c2dbe521055.label,value=[1]时发生错误
	at org.testng.Assert.fail(Assert.java:89)
	at com.letv.ads.util.BaseCase.operateMemcached(Unknown Source)
	at com.letv.ads.util.AutoTest.test(Unknown Source)
	at sun.reflect.GeneratedMethodAccessor3.invoke(Unknown Source)
	at sun.reflect.DelegatingMethodAccessorImpl.invoke(Unknown Source)
	at java.lang.reflect.Method.invoke(Unknown Source)
	at org.testng.internal.MethodInvocationHelper.invokeMethod(MethodInvocationHelper.java:80)
	at org.testng.internal.Invoker.invokeMethod(Invoker.java:702)
	at org.testng.internal.Invoker.invokeTestMethod(Invoker.java:894)
	at org.testng.internal.Invoker.invokeTestMethods(Invoker.java:1219)
	at org.testng.internal.TestMethodWorker.invokeTestMethods(TestMethodWorker.java:127)
	at org.testng.internal.TestMethodWorker.run(TestMethodWorker.java:111)
	at org.testng.TestRunner.privateRun(TestRunner.java:768)
	at org.testng.TestRunner.run(TestRunner.java:617)
	at org.testng.SuiteRunner.runTest(SuiteRunner.java:334)
	at org.testng.SuiteRunner.runSequentially(SuiteRunner.java:329)
	at org.testng.SuiteRunner.privateRun(SuiteRunner.java:291)
	at org.testng.SuiteRunner.run(SuiteRunner.java:240)
	at org.testng.SuiteRunnerWorker.runSuite(SuiteRunnerWorker.java:53)
	at org.testng.SuiteRunnerWorker.run(SuiteRunnerWorker.java:87)
	at org.testng.TestNG.runSuitesSequentially(TestNG.java:1188)
	at org.testng.TestNG.runSuitesLocally(TestNG.java:1113)
	at org.testng.TestNG.run(TestNG.java:1025)
	at org.testng.TestNG.privateMain(TestNG.java:1328)
	at org.testng.TestNG.main(TestNG.java:1297)
]]>
    </error>
  </testcase> <!-- test -->
  <testcase name="test" time="1.054" classname="com.letv.ads.util.AutoTest">
    <error type="java.lang.AssertionError" message="[public-qzzt-012]测试未通过，部分字段未通过验证！ expected:&lt;ok&gt; but was:&lt;测试用例：[public-qzzt-012]字段校验失败！-----[/VAST/Ad[1]/@id]的期望值是----1  实际值是------[/VAST/Ad[@id=&#039;1&#039;]/@order_item_id]的期望值是----1  实际值是------[VAST/Ad[1]/@ord]的期望值是----1  实际值是------[/VAST/Policy/CuePoint/@id]的期望值是----1  实际值是----4368--[/VAST/Ad[2]/@id]的期望值是----2  实际值是------[/VAST/Ad[@id=&#039;2&#039;]/@order_item_id]的期望值是----2  实际值是------[VAST/Ad[2]/@ord]的期望值是----3  实际值是----&gt;">
      <![CDATA[java.lang.AssertionError: [public-qzzt-012]测试未通过，部分字段未通过验证！ expected:<ok> but was:<测试用例：[public-qzzt-012]字段校验失败！-----[/VAST/Ad[1]/@id]的期望值是----1  实际值是------[/VAST/Ad[@id='1']/@order_item_id]的期望值是----1  实际值是------[VAST/Ad[1]/@ord]的期望值是----1  实际值是------[/VAST/Policy/CuePoint/@id]的期望值是----1  实际值是----4368--[/VAST/Ad[2]/@id]的期望值是----2  实际值是------[/VAST/Ad[@id='2']/@order_item_id]的期望值是----2  实际值是------[VAST/Ad[2]/@ord]的期望值是----3  实际值是---->
	at org.testng.Assert.fail(Assert.java:89)
	at org.testng.Assert.failNotEquals(Assert.java:489)
	at org.testng.Assert.assertEquals(Assert.java:118)
	at org.testng.Assert.assertEquals(Assert.java:171)
	at com.letv.ads.util.AutoTest.test(Unknown Source)
	at sun.reflect.GeneratedMethodAccessor3.invoke(Unknown Source)
	at sun.reflect.DelegatingMethodAccessorImpl.invoke(Unknown Source)
	at java.lang.reflect.Method.invoke(Unknown Source)
	at org.testng.internal.MethodInvocationHelper.invokeMethod(MethodInvocationHelper.java:80)
	at org.testng.internal.Invoker.invokeMethod(Invoker.java:702)
	at org.testng.internal.Invoker.invokeTestMethod(Invoker.java:894)
	at org.testng.internal.Invoker.invokeTestMethods(Invoker.java:1219)
	at org.testng.internal.TestMethodWorker.invokeTestMethods(TestMethodWorker.java:127)
	at org.testng.internal.TestMethodWorker.run(TestMethodWorker.java:111)
	at org.testng.TestRunner.privateRun(TestRunner.java:768)
	at org.testng.TestRunner.run(TestRunner.java:617)
	at org.testng.SuiteRunner.runTest(SuiteRunner.java:334)
	at org.testng.SuiteRunner.runSequentially(SuiteRunner.java:329)
	at org.testng.SuiteRunner.privateRun(SuiteRunner.java:291)
	at org.testng.SuiteRunner.run(SuiteRunner.java:240)
	at org.testng.SuiteRunnerWorker.runSuite(SuiteRunnerWorker.java:53)
	at org.testng.SuiteRunnerWorker.run(SuiteRunnerWorker.java:87)
	at org.testng.TestNG.runSuitesSequentially(TestNG.java:1188)
	at org.testng.TestNG.runSuitesLocally(TestNG.java:1113)
	at org.testng.TestNG.run(TestNG.java:1025)
	at org.testng.TestNG.privateMain(TestNG.java:1328)
	at org.testng.TestNG.main(TestNG.java:1297)
]]>
    </error>
  </testcase> <!-- test -->
  <testcase name="test" time="2.184" classname="com.letv.ads.util.AutoTest">
    <error type="java.lang.AssertionError" message="测试用例[[public-ydddl-003]-移动端导流003]在memcached中set key=3a4ab747cf1e86f88e4b3759d8027893.v,value=1463463449531时发生错误">
      <![CDATA[java.lang.AssertionError: 测试用例[[public-ydddl-003]-移动端导流003]在memcached中set key=3a4ab747cf1e86f88e4b3759d8027893.v,value=1463463449531时发生错误
	at org.testng.Assert.fail(Assert.java:89)
	at com.letv.ads.util.BaseCase.operateMemcached(Unknown Source)
	at com.letv.ads.util.AutoTest.test(Unknown Source)
	at sun.reflect.GeneratedMethodAccessor3.invoke(Unknown Source)
	at sun.reflect.DelegatingMethodAccessorImpl.invoke(Unknown Source)
	at java.lang.reflect.Method.invoke(Unknown Source)
	at org.testng.internal.MethodInvocationHelper.invokeMethod(MethodInvocationHelper.java:80)
	at org.testng.internal.Invoker.invokeMethod(Invoker.java:702)
	at org.testng.internal.Invoker.invokeTestMethod(Invoker.java:894)
	at org.testng.internal.Invoker.invokeTestMethods(Invoker.java:1219)
	at org.testng.internal.TestMethodWorker.invokeTestMethods(TestMethodWorker.java:127)
	at org.testng.internal.TestMethodWorker.run(TestMethodWorker.java:111)
	at org.testng.TestRunner.privateRun(TestRunner.java:768)
	at org.testng.TestRunner.run(TestRunner.java:617)
	at org.testng.SuiteRunner.runTest(SuiteRunner.java:334)
	at org.testng.SuiteRunner.runSequentially(SuiteRunner.java:329)
	at org.testng.SuiteRunner.privateRun(SuiteRunner.java:291)
	at org.testng.SuiteRunner.run(SuiteRunner.java:240)
	at org.testng.SuiteRunnerWorker.runSuite(SuiteRunnerWorker.java:53)
	at org.testng.SuiteRunnerWorker.run(SuiteRunnerWorker.java:87)
	at org.testng.TestNG.runSuitesSequentially(TestNG.java:1188)
	at org.testng.TestNG.runSuitesLocally(TestNG.java:1113)
	at org.testng.TestNG.run(TestNG.java:1025)
	at org.testng.TestNG.privateMain(TestNG.java:1328)
	at org.testng.TestNG.main(TestNG.java:1297)
]]>
    </error>
  </testcase> <!-- test -->
  <testcase name="test" time="2.095" classname="com.letv.ads.util.AutoTest">
    <error type="java.lang.AssertionError" message="测试用例[[public-ydddl-010]-移动端导流010]在memcached中set key=3a4ab747cf1e86f88e4b3759d8027893.v,value=1450160090时发生错误">
      <![CDATA[java.lang.AssertionError: 测试用例[[public-ydddl-010]-移动端导流010]在memcached中set key=3a4ab747cf1e86f88e4b3759d8027893.v,value=1450160090时发生错误
	at org.testng.Assert.fail(Assert.java:89)
	at com.letv.ads.util.BaseCase.operateMemcached(Unknown Source)
	at com.letv.ads.util.AutoTest.test(Unknown Source)
	at sun.reflect.GeneratedMethodAccessor3.invoke(Unknown Source)
	at sun.reflect.DelegatingMethodAccessorImpl.invoke(Unknown Source)
	at java.lang.reflect.Method.invoke(Unknown Source)
	at org.testng.internal.MethodInvocationHelper.invokeMethod(MethodInvocationHelper.java:80)
	at org.testng.internal.Invoker.invokeMethod(Invoker.java:702)
	at org.testng.internal.Invoker.invokeTestMethod(Invoker.java:894)
	at org.testng.internal.Invoker.invokeTestMethods(Invoker.java:1219)
	at org.testng.internal.TestMethodWorker.invokeTestMethods(TestMethodWorker.java:127)
	at org.testng.internal.TestMethodWorker.run(TestMethodWorker.java:111)
	at org.testng.TestRunner.privateRun(TestRunner.java:768)
	at org.testng.TestRunner.run(TestRunner.java:617)
	at org.testng.SuiteRunner.runTest(SuiteRunner.java:334)
	at org.testng.SuiteRunner.runSequentially(SuiteRunner.java:329)
	at org.testng.SuiteRunner.privateRun(SuiteRunner.java:291)
	at org.testng.SuiteRunner.run(SuiteRunner.java:240)
	at org.testng.SuiteRunnerWorker.runSuite(SuiteRunnerWorker.java:53)
	at org.testng.SuiteRunnerWorker.run(SuiteRunnerWorker.java:87)
	at org.testng.TestNG.runSuitesSequentially(TestNG.java:1188)
	at org.testng.TestNG.runSuitesLocally(TestNG.java:1113)
	at org.testng.TestNG.run(TestNG.java:1025)
	at org.testng.TestNG.privateMain(TestNG.java:1328)
	at org.testng.TestNG.main(TestNG.java:1297)
]]>
    </error>
  </testcase> <!-- test -->
  <testcase name="test" time="1.092" classname="com.letv.ads.util.AutoTest">
    <error type="java.lang.AssertionError" message="[[public-dtsc-063]短视频广告时长动态配置063]测试未通过，部分字段未通过验证！ expected:&lt;ok&gt; but was:&lt;测试用例：[[public-dtsc-063]短视频广告时长动态配置063]字段校验失败！-----[/VAST/Ad[1]/@order_item_id]的期望值是----1  实际值是------[/VAST/Policy/CuePoint[1]/@duration]的期望值是----25  实际值是----1&gt;">
      <![CDATA[java.lang.AssertionError: [[public-dtsc-063]短视频广告时长动态配置063]测试未通过，部分字段未通过验证！ expected:<ok> but was:<测试用例：[[public-dtsc-063]短视频广告时长动态配置063]字段校验失败！-----[/VAST/Ad[1]/@order_item_id]的期望值是----1  实际值是------[/VAST/Policy/CuePoint[1]/@duration]的期望值是----25  实际值是----1>
	at org.testng.Assert.fail(Assert.java:89)
	at org.testng.Assert.failNotEquals(Assert.java:489)
	at org.testng.Assert.assertEquals(Assert.java:118)
	at org.testng.Assert.assertEquals(Assert.java:171)
	at com.letv.ads.util.AutoTest.test(Unknown Source)
	at sun.reflect.GeneratedMethodAccessor3.invoke(Unknown Source)
	at sun.reflect.DelegatingMethodAccessorImpl.invoke(Unknown Source)
	at java.lang.reflect.Method.invoke(Unknown Source)
	at org.testng.internal.MethodInvocationHelper.invokeMethod(MethodInvocationHelper.java:80)
	at org.testng.internal.Invoker.invokeMethod(Invoker.java:702)
	at org.testng.internal.Invoker.invokeTestMethod(Invoker.java:894)
	at org.testng.internal.Invoker.invokeTestMethods(Invoker.java:1219)
	at org.testng.internal.TestMethodWorker.invokeTestMethods(TestMethodWorker.java:127)
	at org.testng.internal.TestMethodWorker.run(TestMethodWorker.java:111)
	at org.testng.TestRunner.privateRun(TestRunner.java:768)
	at org.testng.TestRunner.run(TestRunner.java:617)
	at org.testng.SuiteRunner.runTest(SuiteRunner.java:334)
	at org.testng.SuiteRunner.runSequentially(SuiteRunner.java:329)
	at org.testng.SuiteRunner.privateRun(SuiteRunner.java:291)
	at org.testng.SuiteRunner.run(SuiteRunner.java:240)
	at org.testng.SuiteRunnerWorker.runSuite(SuiteRunnerWorker.java:53)
	at org.testng.SuiteRunnerWorker.run(SuiteRunnerWorker.java:87)
	at org.testng.TestNG.runSuitesSequentially(TestNG.java:1188)
	at org.testng.TestNG.runSuitesLocally(TestNG.java:1113)
	at org.testng.TestNG.run(TestNG.java:1025)
	at org.testng.TestNG.privateMain(TestNG.java:1328)
	at org.testng.TestNG.main(TestNG.java:1297)
]]>
    </error>
  </testcase> <!-- test -->
  <testcase name="test" time="1.076" classname="com.letv.ads.util.AutoTest">
    <error type="java.lang.AssertionError" message="[[public-kjgg-006]开机广告006]测试未通过，部分字段未通过验证！ expected:&lt;ok&gt; but was:&lt;测试用例：[[public-kjgg-006]开机广告006]字段校验失败！-----[/VAST/Ad[1]/@order_item_id]的期望值是----1  实际值是------[/VAST/Policy/CuePoint/@id]的期望值是----1  实际值是----4368&gt;">
      <![CDATA[java.lang.AssertionError: [[public-kjgg-006]开机广告006]测试未通过，部分字段未通过验证！ expected:<ok> but was:<测试用例：[[public-kjgg-006]开机广告006]字段校验失败！-----[/VAST/Ad[1]/@order_item_id]的期望值是----1  实际值是------[/VAST/Policy/CuePoint/@id]的期望值是----1  实际值是----4368>
	at org.testng.Assert.fail(Assert.java:89)
	at org.testng.Assert.failNotEquals(Assert.java:489)
	at org.testng.Assert.assertEquals(Assert.java:118)
	at org.testng.Assert.assertEquals(Assert.java:171)
	at com.letv.ads.util.AutoTest.test(Unknown Source)
	at sun.reflect.GeneratedMethodAccessor3.invoke(Unknown Source)
	at sun.reflect.DelegatingMethodAccessorImpl.invoke(Unknown Source)
	at java.lang.reflect.Method.invoke(Unknown Source)
	at org.testng.internal.MethodInvocationHelper.invokeMethod(MethodInvocationHelper.java:80)
	at org.testng.internal.Invoker.invokeMethod(Invoker.java:702)
	at org.testng.internal.Invoker.invokeTestMethod(Invoker.java:894)
	at org.testng.internal.Invoker.invokeTestMethods(Invoker.java:1219)
	at org.testng.internal.TestMethodWorker.invokeTestMethods(TestMethodWorker.java:127)
	at org.testng.internal.TestMethodWorker.run(TestMethodWorker.java:111)
	at org.testng.TestRunner.privateRun(TestRunner.java:768)
	at org.testng.TestRunner.run(TestRunner.java:617)
	at org.testng.SuiteRunner.runTest(SuiteRunner.java:334)
	at org.testng.SuiteRunner.runSequentially(SuiteRunner.java:329)
	at org.testng.SuiteRunner.privateRun(SuiteRunner.java:291)
	at org.testng.SuiteRunner.run(SuiteRunner.java:240)
	at org.testng.SuiteRunnerWorker.runSuite(SuiteRunnerWorker.java:53)
	at org.testng.SuiteRunnerWorker.run(SuiteRunnerWorker.java:87)
	at org.testng.TestNG.runSuitesSequentially(TestNG.java:1188)
	at org.testng.TestNG.runSuitesLocally(TestNG.java:1113)
	at org.testng.TestNG.run(TestNG.java:1025)
	at org.testng.TestNG.privateMain(TestNG.java:1328)
	at org.testng.TestNG.main(TestNG.java:1297)
]]>
    </error>
  </testcase> <!-- test -->
  <testcase name="test" time="1.056" classname="com.letv.ads.util.AutoTest">
    <error type="java.lang.AssertionError" message="[[public-dtsc-016]短视频广告时长动态配置016]测试未通过，部分字段未通过验证！ expected:&lt;ok&gt; but was:&lt;测试用例：[[public-dtsc-016]短视频广告时长动态配置016]字段校验失败！-----[/VAST/Ad[1]/@order_item_id]的期望值是----1  实际值是------[/VAST/Policy/CuePoint[1]/@duration]的期望值是----15  实际值是----1&gt;">
      <![CDATA[java.lang.AssertionError: [[public-dtsc-016]短视频广告时长动态配置016]测试未通过，部分字段未通过验证！ expected:<ok> but was:<测试用例：[[public-dtsc-016]短视频广告时长动态配置016]字段校验失败！-----[/VAST/Ad[1]/@order_item_id]的期望值是----1  实际值是------[/VAST/Policy/CuePoint[1]/@duration]的期望值是----15  实际值是----1>
	at org.testng.Assert.fail(Assert.java:89)
	at org.testng.Assert.failNotEquals(Assert.java:489)
	at org.testng.Assert.assertEquals(Assert.java:118)
	at org.testng.Assert.assertEquals(Assert.java:171)
	at com.letv.ads.util.AutoTest.test(Unknown Source)
	at sun.reflect.NativeMethodAccessorImpl.invoke0(Native Method)
	at sun.reflect.NativeMethodAccessorImpl.invoke(Unknown Source)
	at sun.reflect.DelegatingMethodAccessorImpl.invoke(Unknown Source)
	at java.lang.reflect.Method.invoke(Unknown Source)
	at org.testng.internal.MethodInvocationHelper.invokeMethod(MethodInvocationHelper.java:80)
	at org.testng.internal.Invoker.invokeMethod(Invoker.java:702)
	at org.testng.internal.Invoker.invokeTestMethod(Invoker.java:894)
	at org.testng.internal.Invoker.invokeTestMethods(Invoker.java:1219)
	at org.testng.internal.TestMethodWorker.invokeTestMethods(TestMethodWorker.java:127)
	at org.testng.internal.TestMethodWorker.run(TestMethodWorker.java:111)
	at org.testng.TestRunner.privateRun(TestRunner.java:768)
	at org.testng.TestRunner.run(TestRunner.java:617)
	at org.testng.SuiteRunner.runTest(SuiteRunner.java:334)
	at org.testng.SuiteRunner.runSequentially(SuiteRunner.java:329)
	at org.testng.SuiteRunner.privateRun(SuiteRunner.java:291)
	at org.testng.SuiteRunner.run(SuiteRunner.java:240)
	at org.testng.SuiteRunnerWorker.runSuite(SuiteRunnerWorker.java:53)
	at org.testng.SuiteRunnerWorker.run(SuiteRunnerWorker.java:87)
	at org.testng.TestNG.runSuitesSequentially(TestNG.java:1188)
	at org.testng.TestNG.runSuitesLocally(TestNG.java:1113)
	at org.testng.TestNG.run(TestNG.java:1025)
	at org.testng.TestNG.privateMain(TestNG.java:1328)
	at org.testng.TestNG.main(TestNG.java:1297)
]]>
    </error>
  </testcase> <!-- test -->
  <testcase name="test" time="1.091" classname="com.letv.ads.util.AutoTest">
    <error type="java.lang.AssertionError" message="[public-sbdx-006]测试未通过，部分字段未通过验证！ expected:&lt;ok&gt; but was:&lt;测试用例：[public-sbdx-006]字段校验失败！-----[/VAST/Ad[@id=&#039;1&#039;]/@order_item_id]的期望值是----1  实际值是----&gt;">
      <![CDATA[java.lang.AssertionError: [public-sbdx-006]测试未通过，部分字段未通过验证！ expected:<ok> but was:<测试用例：[public-sbdx-006]字段校验失败！-----[/VAST/Ad[@id='1']/@order_item_id]的期望值是----1  实际值是---->
	at org.testng.Assert.fail(Assert.java:89)
	at org.testng.Assert.failNotEquals(Assert.java:489)
	at org.testng.Assert.assertEquals(Assert.java:118)
	at org.testng.Assert.assertEquals(Assert.java:171)
	at com.letv.ads.util.AutoTest.test(Unknown Source)
	at sun.reflect.GeneratedMethodAccessor3.invoke(Unknown Source)
	at sun.reflect.DelegatingMethodAccessorImpl.invoke(Unknown Source)
	at java.lang.reflect.Method.invoke(Unknown Source)
	at org.testng.internal.MethodInvocationHelper.invokeMethod(MethodInvocationHelper.java:80)
	at org.testng.internal.Invoker.invokeMethod(Invoker.java:702)
	at org.testng.internal.Invoker.invokeTestMethod(Invoker.java:894)
	at org.testng.internal.Invoker.invokeTestMethods(Invoker.java:1219)
	at org.testng.internal.TestMethodWorker.invokeTestMethods(TestMethodWorker.java:127)
	at org.testng.internal.TestMethodWorker.run(TestMethodWorker.java:111)
	at org.testng.TestRunner.privateRun(TestRunner.java:768)
	at org.testng.TestRunner.run(TestRunner.java:617)
	at org.testng.SuiteRunner.runTest(SuiteRunner.java:334)
	at org.testng.SuiteRunner.runSequentially(SuiteRunner.java:329)
	at org.testng.SuiteRunner.privateRun(SuiteRunner.java:291)
	at org.testng.SuiteRunner.run(SuiteRunner.java:240)
	at org.testng.SuiteRunnerWorker.runSuite(SuiteRunnerWorker.java:53)
	at org.testng.SuiteRunnerWorker.run(SuiteRunnerWorker.java:87)
	at org.testng.TestNG.runSuitesSequentially(TestNG.java:1188)
	at org.testng.TestNG.runSuitesLocally(TestNG.java:1113)
	at org.testng.TestNG.run(TestNG.java:1025)
	at org.testng.TestNG.privateMain(TestNG.java:1328)
	at org.testng.TestNG.main(TestNG.java:1297)
]]>
    </error>
  </testcase> <!-- test -->
  <testcase name="test" time="1.137" classname="com.letv.ads.util.AutoTest">
    <error type="java.lang.AssertionError" message="[[public-kjgg-007]开机广告007]测试未通过，部分字段未通过验证！ expected:&lt;ok&gt; but was:&lt;测试用例：[[public-kjgg-007]开机广告007]字段校验失败！-----[/VAST/Ad[1]/@order_item_id]的期望值是----1  实际值是------[/VAST/Policy/CuePoint/@id]的期望值是----1  实际值是----4368&gt;">
      <![CDATA[java.lang.AssertionError: [[public-kjgg-007]开机广告007]测试未通过，部分字段未通过验证！ expected:<ok> but was:<测试用例：[[public-kjgg-007]开机广告007]字段校验失败！-----[/VAST/Ad[1]/@order_item_id]的期望值是----1  实际值是------[/VAST/Policy/CuePoint/@id]的期望值是----1  实际值是----4368>
	at org.testng.Assert.fail(Assert.java:89)
	at org.testng.Assert.failNotEquals(Assert.java:489)
	at org.testng.Assert.assertEquals(Assert.java:118)
	at org.testng.Assert.assertEquals(Assert.java:171)
	at com.letv.ads.util.AutoTest.test(Unknown Source)
	at sun.reflect.GeneratedMethodAccessor3.invoke(Unknown Source)
	at sun.reflect.DelegatingMethodAccessorImpl.invoke(Unknown Source)
	at java.lang.reflect.Method.invoke(Unknown Source)
	at org.testng.internal.MethodInvocationHelper.invokeMethod(MethodInvocationHelper.java:80)
	at org.testng.internal.Invoker.invokeMethod(Invoker.java:702)
	at org.testng.internal.Invoker.invokeTestMethod(Invoker.java:894)
	at org.testng.internal.Invoker.invokeTestMethods(Invoker.java:1219)
	at org.testng.internal.TestMethodWorker.invokeTestMethods(TestMethodWorker.java:127)
	at org.testng.internal.TestMethodWorker.run(TestMethodWorker.java:111)
	at org.testng.TestRunner.privateRun(TestRunner.java:768)
	at org.testng.TestRunner.run(TestRunner.java:617)
	at org.testng.SuiteRunner.runTest(SuiteRunner.java:334)
	at org.testng.SuiteRunner.runSequentially(SuiteRunner.java:329)
	at org.testng.SuiteRunner.privateRun(SuiteRunner.java:291)
	at org.testng.SuiteRunner.run(SuiteRunner.java:240)
	at org.testng.SuiteRunnerWorker.runSuite(SuiteRunnerWorker.java:53)
	at org.testng.SuiteRunnerWorker.run(SuiteRunnerWorker.java:87)
	at org.testng.TestNG.runSuitesSequentially(TestNG.java:1188)
	at org.testng.TestNG.runSuitesLocally(TestNG.java:1113)
	at org.testng.TestNG.run(TestNG.java:1025)
	at org.testng.TestNG.privateMain(TestNG.java:1328)
	at org.testng.TestNG.main(TestNG.java:1297)
]]>
    </error>
  </testcase> <!-- test -->
  <testcase name="test" time="1.071" classname="com.letv.ads.util.AutoTest">
    <error type="java.lang.AssertionError" message="[[public-pbgg-003]屏保广告003]测试未通过，部分字段未通过验证！ expected:&lt;ok&gt; but was:&lt;测试用例：[[public-pbgg-003]屏保广告003]字段校验失败！-----[/VAST/Ad[1]/@order_item_id]的期望值是----1  实际值是------[/VAST/Policy/CuePoint/@id]的期望值是----1  实际值是----4368&gt;">
      <![CDATA[java.lang.AssertionError: [[public-pbgg-003]屏保广告003]测试未通过，部分字段未通过验证！ expected:<ok> but was:<测试用例：[[public-pbgg-003]屏保广告003]字段校验失败！-----[/VAST/Ad[1]/@order_item_id]的期望值是----1  实际值是------[/VAST/Policy/CuePoint/@id]的期望值是----1  实际值是----4368>
	at org.testng.Assert.fail(Assert.java:89)
	at org.testng.Assert.failNotEquals(Assert.java:489)
	at org.testng.Assert.assertEquals(Assert.java:118)
	at org.testng.Assert.assertEquals(Assert.java:171)
	at com.letv.ads.util.AutoTest.test(Unknown Source)
	at sun.reflect.GeneratedMethodAccessor3.invoke(Unknown Source)
	at sun.reflect.DelegatingMethodAccessorImpl.invoke(Unknown Source)
	at java.lang.reflect.Method.invoke(Unknown Source)
	at org.testng.internal.MethodInvocationHelper.invokeMethod(MethodInvocationHelper.java:80)
	at org.testng.internal.Invoker.invokeMethod(Invoker.java:702)
	at org.testng.internal.Invoker.invokeTestMethod(Invoker.java:894)
	at org.testng.internal.Invoker.invokeTestMethods(Invoker.java:1219)
	at org.testng.internal.TestMethodWorker.invokeTestMethods(TestMethodWorker.java:127)
	at org.testng.internal.TestMethodWorker.run(TestMethodWorker.java:111)
	at org.testng.TestRunner.privateRun(TestRunner.java:768)
	at org.testng.TestRunner.run(TestRunner.java:617)
	at org.testng.SuiteRunner.runTest(SuiteRunner.java:334)
	at org.testng.SuiteRunner.runSequentially(SuiteRunner.java:329)
	at org.testng.SuiteRunner.privateRun(SuiteRunner.java:291)
	at org.testng.SuiteRunner.run(SuiteRunner.java:240)
	at org.testng.SuiteRunnerWorker.runSuite(SuiteRunnerWorker.java:53)
	at org.testng.SuiteRunnerWorker.run(SuiteRunnerWorker.java:87)
	at org.testng.TestNG.runSuitesSequentially(TestNG.java:1188)
	at org.testng.TestNG.runSuitesLocally(TestNG.java:1113)
	at org.testng.TestNG.run(TestNG.java:1025)
	at org.testng.TestNG.privateMain(TestNG.java:1328)
	at org.testng.TestNG.main(TestNG.java:1297)
]]>
    </error>
  </testcase> <!-- test -->
  <testcase name="test" time="1.232" classname="com.letv.ads.util.AutoTest">
    <error type="java.lang.AssertionError" message="[[public-pbgg-013]屏保广告013]测试未通过,该用例未返回广告,Ad节点为空！">
      <![CDATA[java.lang.AssertionError: [[public-pbgg-013]屏保广告013]测试未通过,该用例未返回广告,Ad节点为空！
	at org.testng.Assert.fail(Assert.java:89)
	at com.letv.ads.util.AutoTest.test(Unknown Source)
	at sun.reflect.GeneratedMethodAccessor3.invoke(Unknown Source)
	at sun.reflect.DelegatingMethodAccessorImpl.invoke(Unknown Source)
	at java.lang.reflect.Method.invoke(Unknown Source)
	at org.testng.internal.MethodInvocationHelper.invokeMethod(MethodInvocationHelper.java:80)
	at org.testng.internal.Invoker.invokeMethod(Invoker.java:702)
	at org.testng.internal.Invoker.invokeTestMethod(Invoker.java:894)
	at org.testng.internal.Invoker.invokeTestMethods(Invoker.java:1219)
	at org.testng.internal.TestMethodWorker.invokeTestMethods(TestMethodWorker.java:127)
	at org.testng.internal.TestMethodWorker.run(TestMethodWorker.java:111)
	at org.testng.TestRunner.privateRun(TestRunner.java:768)
	at org.testng.TestRunner.run(TestRunner.java:617)
	at org.testng.SuiteRunner.runTest(SuiteRunner.java:334)
	at org.testng.SuiteRunner.runSequentially(SuiteRunner.java:329)
	at org.testng.SuiteRunner.privateRun(SuiteRunner.java:291)
	at org.testng.SuiteRunner.run(SuiteRunner.java:240)
	at org.testng.SuiteRunnerWorker.runSuite(SuiteRunnerWorker.java:53)
	at org.testng.SuiteRunnerWorker.run(SuiteRunnerWorker.java:87)
	at org.testng.TestNG.runSuitesSequentially(TestNG.java:1188)
	at org.testng.TestNG.runSuitesLocally(TestNG.java:1113)
	at org.testng.TestNG.run(TestNG.java:1025)
	at org.testng.TestNG.privateMain(TestNG.java:1328)
	at org.testng.TestNG.main(TestNG.java:1297)
]]>
    </error>
  </testcase> <!-- test -->
  <testcase name="test" time="1.094" classname="com.letv.ads.util.AutoTest">
    <error type="java.lang.AssertionError" message="[public-gjgg-010]轮播测试中，广告order_item_id[]重复出现，测试失败！">
      <![CDATA[java.lang.AssertionError: [public-gjgg-010]轮播测试中，广告order_item_id[]重复出现，测试失败！
	at org.testng.Assert.fail(Assert.java:89)
	at com.letv.ads.util.AutoTest.test(Unknown Source)
	at sun.reflect.GeneratedMethodAccessor3.invoke(Unknown Source)
	at sun.reflect.DelegatingMethodAccessorImpl.invoke(Unknown Source)
	at java.lang.reflect.Method.invoke(Unknown Source)
	at org.testng.internal.MethodInvocationHelper.invokeMethod(MethodInvocationHelper.java:80)
	at org.testng.internal.Invoker.invokeMethod(Invoker.java:702)
	at org.testng.internal.Invoker.invokeTestMethod(Invoker.java:894)
	at org.testng.internal.Invoker.invokeTestMethods(Invoker.java:1219)
	at org.testng.internal.TestMethodWorker.invokeTestMethods(TestMethodWorker.java:127)
	at org.testng.internal.TestMethodWorker.run(TestMethodWorker.java:111)
	at org.testng.TestRunner.privateRun(TestRunner.java:768)
	at org.testng.TestRunner.run(TestRunner.java:617)
	at org.testng.SuiteRunner.runTest(SuiteRunner.java:334)
	at org.testng.SuiteRunner.runSequentially(SuiteRunner.java:329)
	at org.testng.SuiteRunner.privateRun(SuiteRunner.java:291)
	at org.testng.SuiteRunner.run(SuiteRunner.java:240)
	at org.testng.SuiteRunnerWorker.runSuite(SuiteRunnerWorker.java:53)
	at org.testng.SuiteRunnerWorker.run(SuiteRunnerWorker.java:87)
	at org.testng.TestNG.runSuitesSequentially(TestNG.java:1188)
	at org.testng.TestNG.runSuitesLocally(TestNG.java:1113)
	at org.testng.TestNG.run(TestNG.java:1025)
	at org.testng.TestNG.privateMain(TestNG.java:1328)
	at org.testng.TestNG.main(TestNG.java:1297)
]]>
    </error>
  </testcase> <!-- test -->
  <testcase name="test" time="1.156" classname="com.letv.ads.util.AutoTest">
    <error type="java.lang.AssertionError" message="[public-qzzt-004]测试未通过，部分字段未通过验证！ expected:&lt;ok&gt; but was:&lt;测试用例：[public-qzzt-004]字段校验失败！-----[/VAST/Ad[1]/@id]的期望值是----1  实际值是------[/VAST/Ad[@id=&#039;1&#039;]/@order_item_id]的期望值是----1  实际值是------[VAST/Ad[1]/@ord]的期望值是----1  实际值是------[/VAST/Policy/CuePoint/@id]的期望值是----1  实际值是----4368--[/VAST/Ad[2]/@id]的期望值是----2  实际值是------[/VAST/Ad[@id=&#039;2&#039;]/@order_item_id]的期望值是----2  实际值是------[VAST/Ad[2]/@ord]的期望值是----3  实际值是----&gt;">
      <![CDATA[java.lang.AssertionError: [public-qzzt-004]测试未通过，部分字段未通过验证！ expected:<ok> but was:<测试用例：[public-qzzt-004]字段校验失败！-----[/VAST/Ad[1]/@id]的期望值是----1  实际值是------[/VAST/Ad[@id='1']/@order_item_id]的期望值是----1  实际值是------[VAST/Ad[1]/@ord]的期望值是----1  实际值是------[/VAST/Policy/CuePoint/@id]的期望值是----1  实际值是----4368--[/VAST/Ad[2]/@id]的期望值是----2  实际值是------[/VAST/Ad[@id='2']/@order_item_id]的期望值是----2  实际值是------[VAST/Ad[2]/@ord]的期望值是----3  实际值是---->
	at org.testng.Assert.fail(Assert.java:89)
	at org.testng.Assert.failNotEquals(Assert.java:489)
	at org.testng.Assert.assertEquals(Assert.java:118)
	at org.testng.Assert.assertEquals(Assert.java:171)
	at com.letv.ads.util.AutoTest.test(Unknown Source)
	at sun.reflect.NativeMethodAccessorImpl.invoke0(Native Method)
	at sun.reflect.NativeMethodAccessorImpl.invoke(Unknown Source)
	at sun.reflect.DelegatingMethodAccessorImpl.invoke(Unknown Source)
	at java.lang.reflect.Method.invoke(Unknown Source)
	at org.testng.internal.MethodInvocationHelper.invokeMethod(MethodInvocationHelper.java:80)
	at org.testng.internal.Invoker.invokeMethod(Invoker.java:702)
	at org.testng.internal.Invoker.invokeTestMethod(Invoker.java:894)
	at org.testng.internal.Invoker.invokeTestMethods(Invoker.java:1219)
	at org.testng.internal.TestMethodWorker.invokeTestMethods(TestMethodWorker.java:127)
	at org.testng.internal.TestMethodWorker.run(TestMethodWorker.java:111)
	at org.testng.TestRunner.privateRun(TestRunner.java:768)
	at org.testng.TestRunner.run(TestRunner.java:617)
	at org.testng.SuiteRunner.runTest(SuiteRunner.java:334)
	at org.testng.SuiteRunner.runSequentially(SuiteRunner.java:329)
	at org.testng.SuiteRunner.privateRun(SuiteRunner.java:291)
	at org.testng.SuiteRunner.run(SuiteRunner.java:240)
	at org.testng.SuiteRunnerWorker.runSuite(SuiteRunnerWorker.java:53)
	at org.testng.SuiteRunnerWorker.run(SuiteRunnerWorker.java:87)
	at org.testng.TestNG.runSuitesSequentially(TestNG.java:1188)
	at org.testng.TestNG.runSuitesLocally(TestNG.java:1113)
	at org.testng.TestNG.run(TestNG.java:1025)
	at org.testng.TestNG.privateMain(TestNG.java:1328)
	at org.testng.TestNG.main(TestNG.java:1297)
]]>
    </error>
  </testcase> <!-- test -->
  <testcase name="test" time="1.124" classname="com.letv.ads.util.AutoTest">
    <error type="java.lang.AssertionError" message="[public-qzzt-015]测试未通过，部分字段未通过验证！ expected:&lt;ok&gt; but was:&lt;测试用例：[public-qzzt-015]字段校验失败！-----[/VAST/Ad[1]/@id]的期望值是----1  实际值是------[/VAST/Ad[1]/@order_item_id]的期望值是----1  实际值是------[VAST/Ad[1]/@ord]的期望值是----1  实际值是------[/VAST/Policy/CuePoint/@id]的期望值是----1  实际值是----4368--[/VAST/Ad[2]/@id]的期望值是----5  实际值是------[/VAST/Ad[2]/@order_item_id]的期望值是----5  实际值是------[VAST/Ad[2]/@ord]的期望值是----1  实际值是------[/VAST/Ad[3]/@id]的期望值是----2  实际值是------[/VAST/Ad[3]/@order_item_id]的期望值是----2  实际值是------[VAST/Ad[3]/@ord]的期望值是----2  实际值是------[/VAST/Ad[4]/@id]的期望值是----3  实际值是------[/VAST/Ad[4]/@order_item_id]的期望值是----3  实际值是------[VAST/Ad[4]/@ord]的期望值是----3  实际值是------[/VAST/Ad[5]/@id]的期望值是----4  实际值是------[/VAST/Ad[5]/@order_item_id]的期望值是----4  实际值是------[VAST/Ad[5]/@ord]的期望值是----5  实际值是----&gt;">
      <![CDATA[java.lang.AssertionError: [public-qzzt-015]测试未通过，部分字段未通过验证！ expected:<ok> but was:<测试用例：[public-qzzt-015]字段校验失败！-----[/VAST/Ad[1]/@id]的期望值是----1  实际值是------[/VAST/Ad[1]/@order_item_id]的期望值是----1  实际值是------[VAST/Ad[1]/@ord]的期望值是----1  实际值是------[/VAST/Policy/CuePoint/@id]的期望值是----1  实际值是----4368--[/VAST/Ad[2]/@id]的期望值是----5  实际值是------[/VAST/Ad[2]/@order_item_id]的期望值是----5  实际值是------[VAST/Ad[2]/@ord]的期望值是----1  实际值是------[/VAST/Ad[3]/@id]的期望值是----2  实际值是------[/VAST/Ad[3]/@order_item_id]的期望值是----2  实际值是------[VAST/Ad[3]/@ord]的期望值是----2  实际值是------[/VAST/Ad[4]/@id]的期望值是----3  实际值是------[/VAST/Ad[4]/@order_item_id]的期望值是----3  实际值是------[VAST/Ad[4]/@ord]的期望值是----3  实际值是------[/VAST/Ad[5]/@id]的期望值是----4  实际值是------[/VAST/Ad[5]/@order_item_id]的期望值是----4  实际值是------[VAST/Ad[5]/@ord]的期望值是----5  实际值是---->
	at org.testng.Assert.fail(Assert.java:89)
	at org.testng.Assert.failNotEquals(Assert.java:489)
	at org.testng.Assert.assertEquals(Assert.java:118)
	at org.testng.Assert.assertEquals(Assert.java:171)
	at com.letv.ads.util.AutoTest.test(Unknown Source)
	at sun.reflect.GeneratedMethodAccessor3.invoke(Unknown Source)
	at sun.reflect.DelegatingMethodAccessorImpl.invoke(Unknown Source)
	at java.lang.reflect.Method.invoke(Unknown Source)
	at org.testng.internal.MethodInvocationHelper.invokeMethod(MethodInvocationHelper.java:80)
	at org.testng.internal.Invoker.invokeMethod(Invoker.java:702)
	at org.testng.internal.Invoker.invokeTestMethod(Invoker.java:894)
	at org.testng.internal.Invoker.invokeTestMethods(Invoker.java:1219)
	at org.testng.internal.TestMethodWorker.invokeTestMethods(TestMethodWorker.java:127)
	at org.testng.internal.TestMethodWorker.run(TestMethodWorker.java:111)
	at org.testng.TestRunner.privateRun(TestRunner.java:768)
	at org.testng.TestRunner.run(TestRunner.java:617)
	at org.testng.SuiteRunner.runTest(SuiteRunner.java:334)
	at org.testng.SuiteRunner.runSequentially(SuiteRunner.java:329)
	at org.testng.SuiteRunner.privateRun(SuiteRunner.java:291)
	at org.testng.SuiteRunner.run(SuiteRunner.java:240)
	at org.testng.SuiteRunnerWorker.runSuite(SuiteRunnerWorker.java:53)
	at org.testng.SuiteRunnerWorker.run(SuiteRunnerWorker.java:87)
	at org.testng.TestNG.runSuitesSequentially(TestNG.java:1188)
	at org.testng.TestNG.runSuitesLocally(TestNG.java:1113)
	at org.testng.TestNG.run(TestNG.java:1025)
	at org.testng.TestNG.privateMain(TestNG.java:1328)
	at org.testng.TestNG.main(TestNG.java:1297)
]]>
    </error>
  </testcase> <!-- test -->
  <testcase name="test" time="1.045" classname="com.letv.ads.util.AutoTest">
    <error type="java.lang.AssertionError" message="[[public-pbgg-014]屏保广告014]测试未通过，部分字段未通过验证！ expected:&lt;ok&gt; but was:&lt;测试用例：[[public-pbgg-014]屏保广告014]字段校验失败！-----[/VAST/Ad[1]/@order_item_id]的期望值是----1  实际值是----&gt;">
      <![CDATA[java.lang.AssertionError: [[public-pbgg-014]屏保广告014]测试未通过，部分字段未通过验证！ expected:<ok> but was:<测试用例：[[public-pbgg-014]屏保广告014]字段校验失败！-----[/VAST/Ad[1]/@order_item_id]的期望值是----1  实际值是---->
	at org.testng.Assert.fail(Assert.java:89)
	at org.testng.Assert.failNotEquals(Assert.java:489)
	at org.testng.Assert.assertEquals(Assert.java:118)
	at org.testng.Assert.assertEquals(Assert.java:171)
	at com.letv.ads.util.AutoTest.test(Unknown Source)
	at sun.reflect.GeneratedMethodAccessor3.invoke(Unknown Source)
	at sun.reflect.DelegatingMethodAccessorImpl.invoke(Unknown Source)
	at java.lang.reflect.Method.invoke(Unknown Source)
	at org.testng.internal.MethodInvocationHelper.invokeMethod(MethodInvocationHelper.java:80)
	at org.testng.internal.Invoker.invokeMethod(Invoker.java:702)
	at org.testng.internal.Invoker.invokeTestMethod(Invoker.java:894)
	at org.testng.internal.Invoker.invokeTestMethods(Invoker.java:1219)
	at org.testng.internal.TestMethodWorker.invokeTestMethods(TestMethodWorker.java:127)
	at org.testng.internal.TestMethodWorker.run(TestMethodWorker.java:111)
	at org.testng.TestRunner.privateRun(TestRunner.java:768)
	at org.testng.TestRunner.run(TestRunner.java:617)
	at org.testng.SuiteRunner.runTest(SuiteRunner.java:334)
	at org.testng.SuiteRunner.runSequentially(SuiteRunner.java:329)
	at org.testng.SuiteRunner.privateRun(SuiteRunner.java:291)
	at org.testng.SuiteRunner.run(SuiteRunner.java:240)
	at org.testng.SuiteRunnerWorker.runSuite(SuiteRunnerWorker.java:53)
	at org.testng.SuiteRunnerWorker.run(SuiteRunnerWorker.java:87)
	at org.testng.TestNG.runSuitesSequentially(TestNG.java:1188)
	at org.testng.TestNG.runSuitesLocally(TestNG.java:1113)
	at org.testng.TestNG.run(TestNG.java:1025)
	at org.testng.TestNG.privateMain(TestNG.java:1328)
	at org.testng.TestNG.main(TestNG.java:1297)
]]>
    </error>
  </testcase> <!-- test -->
  <testcase name="test" time="1.077" classname="com.letv.ads.util.AutoTest">
    <error type="java.lang.AssertionError" message="[public-model-002]测试未通过，部分字段未通过验证！ expected:&lt;ok&gt; but was:&lt;测试用例：[public-model-002]字段校验失败！-----[/VAST/Ad[1]/@order_item_id]的期望值是----1  实际值是----&gt;">
      <![CDATA[java.lang.AssertionError: [public-model-002]测试未通过，部分字段未通过验证！ expected:<ok> but was:<测试用例：[public-model-002]字段校验失败！-----[/VAST/Ad[1]/@order_item_id]的期望值是----1  实际值是---->
	at org.testng.Assert.fail(Assert.java:89)
	at org.testng.Assert.failNotEquals(Assert.java:489)
	at org.testng.Assert.assertEquals(Assert.java:118)
	at org.testng.Assert.assertEquals(Assert.java:171)
	at com.letv.ads.util.AutoTest.test(Unknown Source)
	at sun.reflect.GeneratedMethodAccessor3.invoke(Unknown Source)
	at sun.reflect.DelegatingMethodAccessorImpl.invoke(Unknown Source)
	at java.lang.reflect.Method.invoke(Unknown Source)
	at org.testng.internal.MethodInvocationHelper.invokeMethod(MethodInvocationHelper.java:80)
	at org.testng.internal.Invoker.invokeMethod(Invoker.java:702)
	at org.testng.internal.Invoker.invokeTestMethod(Invoker.java:894)
	at org.testng.internal.Invoker.invokeTestMethods(Invoker.java:1219)
	at org.testng.internal.TestMethodWorker.invokeTestMethods(TestMethodWorker.java:127)
	at org.testng.internal.TestMethodWorker.run(TestMethodWorker.java:111)
	at org.testng.TestRunner.privateRun(TestRunner.java:768)
	at org.testng.TestRunner.run(TestRunner.java:617)
	at org.testng.SuiteRunner.runTest(SuiteRunner.java:334)
	at org.testng.SuiteRunner.runSequentially(SuiteRunner.java:329)
	at org.testng.SuiteRunner.privateRun(SuiteRunner.java:291)
	at org.testng.SuiteRunner.run(SuiteRunner.java:240)
	at org.testng.SuiteRunnerWorker.runSuite(SuiteRunnerWorker.java:53)
	at org.testng.SuiteRunnerWorker.run(SuiteRunnerWorker.java:87)
	at org.testng.TestNG.runSuitesSequentially(TestNG.java:1188)
	at org.testng.TestNG.runSuitesLocally(TestNG.java:1113)
	at org.testng.TestNG.run(TestNG.java:1025)
	at org.testng.TestNG.privateMain(TestNG.java:1328)
	at org.testng.TestNG.main(TestNG.java:1297)
]]>
    </error>
  </testcase> <!-- test -->
  <testcase name="test" time="1.186" classname="com.letv.ads.util.AutoTest">
    <error type="java.lang.AssertionError" message="[[public-tcl-011]TCL-欢网广告接入方舟011]轮播测试中，广告order_item_id[]重复出现，测试失败！">
      <![CDATA[java.lang.AssertionError: [[public-tcl-011]TCL-欢网广告接入方舟011]轮播测试中，广告order_item_id[]重复出现，测试失败！
	at org.testng.Assert.fail(Assert.java:89)
	at com.letv.ads.util.AutoTest.test(Unknown Source)
	at sun.reflect.GeneratedMethodAccessor3.invoke(Unknown Source)
	at sun.reflect.DelegatingMethodAccessorImpl.invoke(Unknown Source)
	at java.lang.reflect.Method.invoke(Unknown Source)
	at org.testng.internal.MethodInvocationHelper.invokeMethod(MethodInvocationHelper.java:80)
	at org.testng.internal.Invoker.invokeMethod(Invoker.java:702)
	at org.testng.internal.Invoker.invokeTestMethod(Invoker.java:894)
	at org.testng.internal.Invoker.invokeTestMethods(Invoker.java:1219)
	at org.testng.internal.TestMethodWorker.invokeTestMethods(TestMethodWorker.java:127)
	at org.testng.internal.TestMethodWorker.run(TestMethodWorker.java:111)
	at org.testng.TestRunner.privateRun(TestRunner.java:768)
	at org.testng.TestRunner.run(TestRunner.java:617)
	at org.testng.SuiteRunner.runTest(SuiteRunner.java:334)
	at org.testng.SuiteRunner.runSequentially(SuiteRunner.java:329)
	at org.testng.SuiteRunner.privateRun(SuiteRunner.java:291)
	at org.testng.SuiteRunner.run(SuiteRunner.java:240)
	at org.testng.SuiteRunnerWorker.runSuite(SuiteRunnerWorker.java:53)
	at org.testng.SuiteRunnerWorker.run(SuiteRunnerWorker.java:87)
	at org.testng.TestNG.runSuitesSequentially(TestNG.java:1188)
	at org.testng.TestNG.runSuitesLocally(TestNG.java:1113)
	at org.testng.TestNG.run(TestNG.java:1025)
	at org.testng.TestNG.privateMain(TestNG.java:1328)
	at org.testng.TestNG.main(TestNG.java:1297)
]]>
    </error>
  </testcase> <!-- test -->
  <testcase name="test" time="1.029" classname="com.letv.ads.util.AutoTest">
    <error type="java.lang.AssertionError" message="[public-gjgg-006]测试未通过，部分字段未通过验证！ expected:&lt;ok&gt; but was:&lt;测试用例：[public-gjgg-006]字段校验失败！-----[/VAST/Ad[1]/@order_item_id]的期望值是----1  实际值是----&gt;">
      <![CDATA[java.lang.AssertionError: [public-gjgg-006]测试未通过，部分字段未通过验证！ expected:<ok> but was:<测试用例：[public-gjgg-006]字段校验失败！-----[/VAST/Ad[1]/@order_item_id]的期望值是----1  实际值是---->
	at org.testng.Assert.fail(Assert.java:89)
	at org.testng.Assert.failNotEquals(Assert.java:489)
	at org.testng.Assert.assertEquals(Assert.java:118)
	at org.testng.Assert.assertEquals(Assert.java:171)
	at com.letv.ads.util.AutoTest.test(Unknown Source)
	at sun.reflect.GeneratedMethodAccessor3.invoke(Unknown Source)
	at sun.reflect.DelegatingMethodAccessorImpl.invoke(Unknown Source)
	at java.lang.reflect.Method.invoke(Unknown Source)
	at org.testng.internal.MethodInvocationHelper.invokeMethod(MethodInvocationHelper.java:80)
	at org.testng.internal.Invoker.invokeMethod(Invoker.java:702)
	at org.testng.internal.Invoker.invokeTestMethod(Invoker.java:894)
	at org.testng.internal.Invoker.invokeTestMethods(Invoker.java:1219)
	at org.testng.internal.TestMethodWorker.invokeTestMethods(TestMethodWorker.java:127)
	at org.testng.internal.TestMethodWorker.run(TestMethodWorker.java:111)
	at org.testng.TestRunner.privateRun(TestRunner.java:768)
	at org.testng.TestRunner.run(TestRunner.java:617)
	at org.testng.SuiteRunner.runTest(SuiteRunner.java:334)
	at org.testng.SuiteRunner.runSequentially(SuiteRunner.java:329)
	at org.testng.SuiteRunner.privateRun(SuiteRunner.java:291)
	at org.testng.SuiteRunner.run(SuiteRunner.java:240)
	at org.testng.SuiteRunnerWorker.runSuite(SuiteRunnerWorker.java:53)
	at org.testng.SuiteRunnerWorker.run(SuiteRunnerWorker.java:87)
	at org.testng.TestNG.runSuitesSequentially(TestNG.java:1188)
	at org.testng.TestNG.runSuitesLocally(TestNG.java:1113)
	at org.testng.TestNG.run(TestNG.java:1025)
	at org.testng.TestNG.privateMain(TestNG.java:1328)
	at org.testng.TestNG.main(TestNG.java:1297)
]]>
    </error>
  </testcase> <!-- test -->
  <testcase name="test" time="1.092" classname="com.letv.ads.util.AutoTest">
    <error type="java.lang.AssertionError" message="[[public-pbgg-002]屏保广告002]测试未通过，部分字段未通过验证！ expected:&lt;ok&gt; but was:&lt;测试用例：[[public-pbgg-002]屏保广告002]字段校验失败！-----[/VAST/Ad[1]/@order_item_id]的期望值是----1  实际值是------[/VAST/Policy/CuePoint[1]/@id]的期望值是----1  实际值是----4368--[/VAST/Policy/CuePoint[2]/@id]的期望值是----2  实际值是----4369&gt;">
      <![CDATA[java.lang.AssertionError: [[public-pbgg-002]屏保广告002]测试未通过，部分字段未通过验证！ expected:<ok> but was:<测试用例：[[public-pbgg-002]屏保广告002]字段校验失败！-----[/VAST/Ad[1]/@order_item_id]的期望值是----1  实际值是------[/VAST/Policy/CuePoint[1]/@id]的期望值是----1  实际值是----4368--[/VAST/Policy/CuePoint[2]/@id]的期望值是----2  实际值是----4369>
	at org.testng.Assert.fail(Assert.java:89)
	at org.testng.Assert.failNotEquals(Assert.java:489)
	at org.testng.Assert.assertEquals(Assert.java:118)
	at org.testng.Assert.assertEquals(Assert.java:171)
	at com.letv.ads.util.AutoTest.test(Unknown Source)
	at sun.reflect.GeneratedMethodAccessor3.invoke(Unknown Source)
	at sun.reflect.DelegatingMethodAccessorImpl.invoke(Unknown Source)
	at java.lang.reflect.Method.invoke(Unknown Source)
	at org.testng.internal.MethodInvocationHelper.invokeMethod(MethodInvocationHelper.java:80)
	at org.testng.internal.Invoker.invokeMethod(Invoker.java:702)
	at org.testng.internal.Invoker.invokeTestMethod(Invoker.java:894)
	at org.testng.internal.Invoker.invokeTestMethods(Invoker.java:1219)
	at org.testng.internal.TestMethodWorker.invokeTestMethods(TestMethodWorker.java:127)
	at org.testng.internal.TestMethodWorker.run(TestMethodWorker.java:111)
	at org.testng.TestRunner.privateRun(TestRunner.java:768)
	at org.testng.TestRunner.run(TestRunner.java:617)
	at org.testng.SuiteRunner.runTest(SuiteRunner.java:334)
	at org.testng.SuiteRunner.runSequentially(SuiteRunner.java:329)
	at org.testng.SuiteRunner.privateRun(SuiteRunner.java:291)
	at org.testng.SuiteRunner.run(SuiteRunner.java:240)
	at org.testng.SuiteRunnerWorker.runSuite(SuiteRunnerWorker.java:53)
	at org.testng.SuiteRunnerWorker.run(SuiteRunnerWorker.java:87)
	at org.testng.TestNG.runSuitesSequentially(TestNG.java:1188)
	at org.testng.TestNG.runSuitesLocally(TestNG.java:1113)
	at org.testng.TestNG.run(TestNG.java:1025)
	at org.testng.TestNG.privateMain(TestNG.java:1328)
	at org.testng.TestNG.main(TestNG.java:1297)
]]>
    </error>
  </testcase> <!-- test -->
  <testcase name="test" time="1.068" classname="com.letv.ads.util.AutoTest">
    <error type="java.lang.AssertionError" message="[[public-dtsc-018]短视频广告时长动态配置018]测试未通过，部分字段未通过验证！ expected:&lt;ok&gt; but was:&lt;测试用例：[[public-dtsc-018]短视频广告时长动态配置018]字段校验失败！-----[/VAST/Ad[1]/@order_item_id]的期望值是----1  实际值是------[/VAST/Policy/CuePoint[1]/@duration]的期望值是----25  实际值是----1&gt;">
      <![CDATA[java.lang.AssertionError: [[public-dtsc-018]短视频广告时长动态配置018]测试未通过，部分字段未通过验证！ expected:<ok> but was:<测试用例：[[public-dtsc-018]短视频广告时长动态配置018]字段校验失败！-----[/VAST/Ad[1]/@order_item_id]的期望值是----1  实际值是------[/VAST/Policy/CuePoint[1]/@duration]的期望值是----25  实际值是----1>
	at org.testng.Assert.fail(Assert.java:89)
	at org.testng.Assert.failNotEquals(Assert.java:489)
	at org.testng.Assert.assertEquals(Assert.java:118)
	at org.testng.Assert.assertEquals(Assert.java:171)
	at com.letv.ads.util.AutoTest.test(Unknown Source)
	at sun.reflect.NativeMethodAccessorImpl.invoke0(Native Method)
	at sun.reflect.NativeMethodAccessorImpl.invoke(Unknown Source)
	at sun.reflect.DelegatingMethodAccessorImpl.invoke(Unknown Source)
	at java.lang.reflect.Method.invoke(Unknown Source)
	at org.testng.internal.MethodInvocationHelper.invokeMethod(MethodInvocationHelper.java:80)
	at org.testng.internal.Invoker.invokeMethod(Invoker.java:702)
	at org.testng.internal.Invoker.invokeTestMethod(Invoker.java:894)
	at org.testng.internal.Invoker.invokeTestMethods(Invoker.java:1219)
	at org.testng.internal.TestMethodWorker.invokeTestMethods(TestMethodWorker.java:127)
	at org.testng.internal.TestMethodWorker.run(TestMethodWorker.java:111)
	at org.testng.TestRunner.privateRun(TestRunner.java:768)
	at org.testng.TestRunner.run(TestRunner.java:617)
	at org.testng.SuiteRunner.runTest(SuiteRunner.java:334)
	at org.testng.SuiteRunner.runSequentially(SuiteRunner.java:329)
	at org.testng.SuiteRunner.privateRun(SuiteRunner.java:291)
	at org.testng.SuiteRunner.run(SuiteRunner.java:240)
	at org.testng.SuiteRunnerWorker.runSuite(SuiteRunnerWorker.java:53)
	at org.testng.SuiteRunnerWorker.run(SuiteRunnerWorker.java:87)
	at org.testng.TestNG.runSuitesSequentially(TestNG.java:1188)
	at org.testng.TestNG.runSuitesLocally(TestNG.java:1113)
	at org.testng.TestNG.run(TestNG.java:1025)
	at org.testng.TestNG.privateMain(TestNG.java:1328)
	at org.testng.TestNG.main(TestNG.java:1297)
]]>
    </error>
  </testcase> <!-- test -->
  <testcase name="test" time="1.041" classname="com.letv.ads.util.AutoTest">
    <error type="java.lang.AssertionError" message="[[public-dtsc-034]短视频广告时长动态配置034]测试未通过，部分字段未通过验证！ expected:&lt;ok&gt; but was:&lt;测试用例：[[public-dtsc-034]短视频广告时长动态配置034]字段校验失败！-----[/VAST/Ad[1]/@order_item_id]的期望值是----1  实际值是------[/VAST/Policy/CuePoint[1]/@duration]的期望值是----15  实际值是----1&gt;">
      <![CDATA[java.lang.AssertionError: [[public-dtsc-034]短视频广告时长动态配置034]测试未通过，部分字段未通过验证！ expected:<ok> but was:<测试用例：[[public-dtsc-034]短视频广告时长动态配置034]字段校验失败！-----[/VAST/Ad[1]/@order_item_id]的期望值是----1  实际值是------[/VAST/Policy/CuePoint[1]/@duration]的期望值是----15  实际值是----1>
	at org.testng.Assert.fail(Assert.java:89)
	at org.testng.Assert.failNotEquals(Assert.java:489)
	at org.testng.Assert.assertEquals(Assert.java:118)
	at org.testng.Assert.assertEquals(Assert.java:171)
	at com.letv.ads.util.AutoTest.test(Unknown Source)
	at sun.reflect.GeneratedMethodAccessor3.invoke(Unknown Source)
	at sun.reflect.DelegatingMethodAccessorImpl.invoke(Unknown Source)
	at java.lang.reflect.Method.invoke(Unknown Source)
	at org.testng.internal.MethodInvocationHelper.invokeMethod(MethodInvocationHelper.java:80)
	at org.testng.internal.Invoker.invokeMethod(Invoker.java:702)
	at org.testng.internal.Invoker.invokeTestMethod(Invoker.java:894)
	at org.testng.internal.Invoker.invokeTestMethods(Invoker.java:1219)
	at org.testng.internal.TestMethodWorker.invokeTestMethods(TestMethodWorker.java:127)
	at org.testng.internal.TestMethodWorker.run(TestMethodWorker.java:111)
	at org.testng.TestRunner.privateRun(TestRunner.java:768)
	at org.testng.TestRunner.run(TestRunner.java:617)
	at org.testng.SuiteRunner.runTest(SuiteRunner.java:334)
	at org.testng.SuiteRunner.runSequentially(SuiteRunner.java:329)
	at org.testng.SuiteRunner.privateRun(SuiteRunner.java:291)
	at org.testng.SuiteRunner.run(SuiteRunner.java:240)
	at org.testng.SuiteRunnerWorker.runSuite(SuiteRunnerWorker.java:53)
	at org.testng.SuiteRunnerWorker.run(SuiteRunnerWorker.java:87)
	at org.testng.TestNG.runSuitesSequentially(TestNG.java:1188)
	at org.testng.TestNG.runSuitesLocally(TestNG.java:1113)
	at org.testng.TestNG.run(TestNG.java:1025)
	at org.testng.TestNG.privateMain(TestNG.java:1328)
	at org.testng.TestNG.main(TestNG.java:1297)
]]>
    </error>
  </testcase> <!-- test -->
  <testcase name="test" time="1.918" classname="com.letv.ads.util.AutoTest">
    <error type="java.lang.AssertionError" message="[public-qzzt-008]测试未通过，部分字段未通过验证！ expected:&lt;ok&gt; but was:&lt;测试用例：[public-qzzt-008]字段校验失败！-----[/VAST/Ad[1]/@id]的期望值是----1  实际值是------[/VAST/Ad[@id=&#039;1&#039;]/@order_item_id]的期望值是----1  实际值是------[VAST/Ad[1]/@ord]的期望值是----1  实际值是------[/VAST/Policy/CuePoint/@id]的期望值是----1  实际值是----4368--[/VAST/Ad[2]/@id]的期望值是----2  实际值是------[/VAST/Ad[@id=&#039;2&#039;]/@order_item_id]的期望值是----2  实际值是------[VAST/Ad[2]/@ord]的期望值是----3  实际值是----&gt;">
      <![CDATA[java.lang.AssertionError: [public-qzzt-008]测试未通过，部分字段未通过验证！ expected:<ok> but was:<测试用例：[public-qzzt-008]字段校验失败！-----[/VAST/Ad[1]/@id]的期望值是----1  实际值是------[/VAST/Ad[@id='1']/@order_item_id]的期望值是----1  实际值是------[VAST/Ad[1]/@ord]的期望值是----1  实际值是------[/VAST/Policy/CuePoint/@id]的期望值是----1  实际值是----4368--[/VAST/Ad[2]/@id]的期望值是----2  实际值是------[/VAST/Ad[@id='2']/@order_item_id]的期望值是----2  实际值是------[VAST/Ad[2]/@ord]的期望值是----3  实际值是---->
	at org.testng.Assert.fail(Assert.java:89)
	at org.testng.Assert.failNotEquals(Assert.java:489)
	at org.testng.Assert.assertEquals(Assert.java:118)
	at org.testng.Assert.assertEquals(Assert.java:171)
	at com.letv.ads.util.AutoTest.test(Unknown Source)
	at sun.reflect.NativeMethodAccessorImpl.invoke0(Native Method)
	at sun.reflect.NativeMethodAccessorImpl.invoke(Unknown Source)
	at sun.reflect.DelegatingMethodAccessorImpl.invoke(Unknown Source)
	at java.lang.reflect.Method.invoke(Unknown Source)
	at org.testng.internal.MethodInvocationHelper.invokeMethod(MethodInvocationHelper.java:80)
	at org.testng.internal.Invoker.invokeMethod(Invoker.java:702)
	at org.testng.internal.Invoker.invokeTestMethod(Invoker.java:894)
	at org.testng.internal.Invoker.invokeTestMethods(Invoker.java:1219)
	at org.testng.internal.TestMethodWorker.invokeTestMethods(TestMethodWorker.java:127)
	at org.testng.internal.TestMethodWorker.run(TestMethodWorker.java:111)
	at org.testng.TestRunner.privateRun(TestRunner.java:768)
	at org.testng.TestRunner.run(TestRunner.java:617)
	at org.testng.SuiteRunner.runTest(SuiteRunner.java:334)
	at org.testng.SuiteRunner.runSequentially(SuiteRunner.java:329)
	at org.testng.SuiteRunner.privateRun(SuiteRunner.java:291)
	at org.testng.SuiteRunner.run(SuiteRunner.java:240)
	at org.testng.SuiteRunnerWorker.runSuite(SuiteRunnerWorker.java:53)
	at org.testng.SuiteRunnerWorker.run(SuiteRunnerWorker.java:87)
	at org.testng.TestNG.runSuitesSequentially(TestNG.java:1188)
	at org.testng.TestNG.runSuitesLocally(TestNG.java:1113)
	at org.testng.TestNG.run(TestNG.java:1025)
	at org.testng.TestNG.privateMain(TestNG.java:1328)
	at org.testng.TestNG.main(TestNG.java:1297)
]]>
    </error>
  </testcase> <!-- test -->
  <testcase name="test" time="1.104" classname="com.letv.ads.util.AutoTest">
    <error type="java.lang.AssertionError" message="[[public-pbgg-005]屏保广告005]测试未通过，部分字段未通过验证！ expected:&lt;ok&gt; but was:&lt;测试用例：[[public-pbgg-005]屏保广告005]字段校验失败！-----[/VAST/Ad[1]/@order_item_id]的期望值是----1  实际值是------[/VAST/Policy/CuePoint/@id]的期望值是----1  实际值是----4368&gt;">
      <![CDATA[java.lang.AssertionError: [[public-pbgg-005]屏保广告005]测试未通过，部分字段未通过验证！ expected:<ok> but was:<测试用例：[[public-pbgg-005]屏保广告005]字段校验失败！-----[/VAST/Ad[1]/@order_item_id]的期望值是----1  实际值是------[/VAST/Policy/CuePoint/@id]的期望值是----1  实际值是----4368>
	at org.testng.Assert.fail(Assert.java:89)
	at org.testng.Assert.failNotEquals(Assert.java:489)
	at org.testng.Assert.assertEquals(Assert.java:118)
	at org.testng.Assert.assertEquals(Assert.java:171)
	at com.letv.ads.util.AutoTest.test(Unknown Source)
	at sun.reflect.GeneratedMethodAccessor3.invoke(Unknown Source)
	at sun.reflect.DelegatingMethodAccessorImpl.invoke(Unknown Source)
	at java.lang.reflect.Method.invoke(Unknown Source)
	at org.testng.internal.MethodInvocationHelper.invokeMethod(MethodInvocationHelper.java:80)
	at org.testng.internal.Invoker.invokeMethod(Invoker.java:702)
	at org.testng.internal.Invoker.invokeTestMethod(Invoker.java:894)
	at org.testng.internal.Invoker.invokeTestMethods(Invoker.java:1219)
	at org.testng.internal.TestMethodWorker.invokeTestMethods(TestMethodWorker.java:127)
	at org.testng.internal.TestMethodWorker.run(TestMethodWorker.java:111)
	at org.testng.TestRunner.privateRun(TestRunner.java:768)
	at org.testng.TestRunner.run(TestRunner.java:617)
	at org.testng.SuiteRunner.runTest(SuiteRunner.java:334)
	at org.testng.SuiteRunner.runSequentially(SuiteRunner.java:329)
	at org.testng.SuiteRunner.privateRun(SuiteRunner.java:291)
	at org.testng.SuiteRunner.run(SuiteRunner.java:240)
	at org.testng.SuiteRunnerWorker.runSuite(SuiteRunnerWorker.java:53)
	at org.testng.SuiteRunnerWorker.run(SuiteRunnerWorker.java:87)
	at org.testng.TestNG.runSuitesSequentially(TestNG.java:1188)
	at org.testng.TestNG.runSuitesLocally(TestNG.java:1113)
	at org.testng.TestNG.run(TestNG.java:1025)
	at org.testng.TestNG.privateMain(TestNG.java:1328)
	at org.testng.TestNG.main(TestNG.java:1297)
]]>
    </error>
  </testcase> <!-- test -->
  <testcase name="test" time="1.037" classname="com.letv.ads.util.AutoTest">
    <error type="java.lang.AssertionError" message="[public-model-011]测试未通过，部分字段未通过验证！ expected:&lt;ok&gt; but was:&lt;测试用例：[public-model-011]字段校验失败！-----[/VAST/Ad[1]/@order_item_id]的期望值是----2  实际值是------[/VAST/Ad[2]/@order_item_id]的期望值是----3  实际值是----&gt;">
      <![CDATA[java.lang.AssertionError: [public-model-011]测试未通过，部分字段未通过验证！ expected:<ok> but was:<测试用例：[public-model-011]字段校验失败！-----[/VAST/Ad[1]/@order_item_id]的期望值是----2  实际值是------[/VAST/Ad[2]/@order_item_id]的期望值是----3  实际值是---->
	at org.testng.Assert.fail(Assert.java:89)
	at org.testng.Assert.failNotEquals(Assert.java:489)
	at org.testng.Assert.assertEquals(Assert.java:118)
	at org.testng.Assert.assertEquals(Assert.java:171)
	at com.letv.ads.util.AutoTest.test(Unknown Source)
	at sun.reflect.GeneratedMethodAccessor3.invoke(Unknown Source)
	at sun.reflect.DelegatingMethodAccessorImpl.invoke(Unknown Source)
	at java.lang.reflect.Method.invoke(Unknown Source)
	at org.testng.internal.MethodInvocationHelper.invokeMethod(MethodInvocationHelper.java:80)
	at org.testng.internal.Invoker.invokeMethod(Invoker.java:702)
	at org.testng.internal.Invoker.invokeTestMethod(Invoker.java:894)
	at org.testng.internal.Invoker.invokeTestMethods(Invoker.java:1219)
	at org.testng.internal.TestMethodWorker.invokeTestMethods(TestMethodWorker.java:127)
	at org.testng.internal.TestMethodWorker.run(TestMethodWorker.java:111)
	at org.testng.TestRunner.privateRun(TestRunner.java:768)
	at org.testng.TestRunner.run(TestRunner.java:617)
	at org.testng.SuiteRunner.runTest(SuiteRunner.java:334)
	at org.testng.SuiteRunner.runSequentially(SuiteRunner.java:329)
	at org.testng.SuiteRunner.privateRun(SuiteRunner.java:291)
	at org.testng.SuiteRunner.run(SuiteRunner.java:240)
	at org.testng.SuiteRunnerWorker.runSuite(SuiteRunnerWorker.java:53)
	at org.testng.SuiteRunnerWorker.run(SuiteRunnerWorker.java:87)
	at org.testng.TestNG.runSuitesSequentially(TestNG.java:1188)
	at org.testng.TestNG.runSuitesLocally(TestNG.java:1113)
	at org.testng.TestNG.run(TestNG.java:1025)
	at org.testng.TestNG.privateMain(TestNG.java:1328)
	at org.testng.TestNG.main(TestNG.java:1297)
]]>
    </error>
  </testcase> <!-- test -->
  <testcase name="test" time="1.107" classname="com.letv.ads.util.AutoTest"/>
  <testcase name="test" time="1.051" classname="com.letv.ads.util.AutoTest">
    <error type="java.lang.AssertionError" message="[[public-pbgg-017]屏保广告017]测试未通过，部分字段未通过验证！ expected:&lt;ok&gt; but was:&lt;测试用例：[[public-pbgg-017]屏保广告017]字段校验失败！-----[/VAST/Ad[1]/@order_item_id]的期望值是----1  实际值是------[/VAST/Ad[2]/@order_item_id]的期望值是----2  实际值是----&gt;">
      <![CDATA[java.lang.AssertionError: [[public-pbgg-017]屏保广告017]测试未通过，部分字段未通过验证！ expected:<ok> but was:<测试用例：[[public-pbgg-017]屏保广告017]字段校验失败！-----[/VAST/Ad[1]/@order_item_id]的期望值是----1  实际值是------[/VAST/Ad[2]/@order_item_id]的期望值是----2  实际值是---->
	at org.testng.Assert.fail(Assert.java:89)
	at org.testng.Assert.failNotEquals(Assert.java:489)
	at org.testng.Assert.assertEquals(Assert.java:118)
	at org.testng.Assert.assertEquals(Assert.java:171)
	at com.letv.ads.util.AutoTest.test(Unknown Source)
	at sun.reflect.GeneratedMethodAccessor3.invoke(Unknown Source)
	at sun.reflect.DelegatingMethodAccessorImpl.invoke(Unknown Source)
	at java.lang.reflect.Method.invoke(Unknown Source)
	at org.testng.internal.MethodInvocationHelper.invokeMethod(MethodInvocationHelper.java:80)
	at org.testng.internal.Invoker.invokeMethod(Invoker.java:702)
	at org.testng.internal.Invoker.invokeTestMethod(Invoker.java:894)
	at org.testng.internal.Invoker.invokeTestMethods(Invoker.java:1219)
	at org.testng.internal.TestMethodWorker.invokeTestMethods(TestMethodWorker.java:127)
	at org.testng.internal.TestMethodWorker.run(TestMethodWorker.java:111)
	at org.testng.TestRunner.privateRun(TestRunner.java:768)
	at org.testng.TestRunner.run(TestRunner.java:617)
	at org.testng.SuiteRunner.runTest(SuiteRunner.java:334)
	at org.testng.SuiteRunner.runSequentially(SuiteRunner.java:329)
	at org.testng.SuiteRunner.privateRun(SuiteRunner.java:291)
	at org.testng.SuiteRunner.run(SuiteRunner.java:240)
	at org.testng.SuiteRunnerWorker.runSuite(SuiteRunnerWorker.java:53)
	at org.testng.SuiteRunnerWorker.run(SuiteRunnerWorker.java:87)
	at org.testng.TestNG.runSuitesSequentially(TestNG.java:1188)
	at org.testng.TestNG.runSuitesLocally(TestNG.java:1113)
	at org.testng.TestNG.run(TestNG.java:1025)
	at org.testng.TestNG.privateMain(TestNG.java:1328)
	at org.testng.TestNG.main(TestNG.java:1297)
]]>
    </error>
  </testcase> <!-- test -->
  <testcase name="test" time="1.051" classname="com.letv.ads.util.AutoTest">
    <error type="java.lang.AssertionError" message="[public-gjgg-008]测试未通过，部分字段未通过验证！ expected:&lt;ok&gt; but was:&lt;测试用例：[public-gjgg-008]字段校验失败！-----[/VAST/Ad[1]/@order_item_id]的期望值是----1  实际值是----&gt;">
      <![CDATA[java.lang.AssertionError: [public-gjgg-008]测试未通过，部分字段未通过验证！ expected:<ok> but was:<测试用例：[public-gjgg-008]字段校验失败！-----[/VAST/Ad[1]/@order_item_id]的期望值是----1  实际值是---->
	at org.testng.Assert.fail(Assert.java:89)
	at org.testng.Assert.failNotEquals(Assert.java:489)
	at org.testng.Assert.assertEquals(Assert.java:118)
	at org.testng.Assert.assertEquals(Assert.java:171)
	at com.letv.ads.util.AutoTest.test(Unknown Source)
	at sun.reflect.GeneratedMethodAccessor3.invoke(Unknown Source)
	at sun.reflect.DelegatingMethodAccessorImpl.invoke(Unknown Source)
	at java.lang.reflect.Method.invoke(Unknown Source)
	at org.testng.internal.MethodInvocationHelper.invokeMethod(MethodInvocationHelper.java:80)
	at org.testng.internal.Invoker.invokeMethod(Invoker.java:702)
	at org.testng.internal.Invoker.invokeTestMethod(Invoker.java:894)
	at org.testng.internal.Invoker.invokeTestMethods(Invoker.java:1219)
	at org.testng.internal.TestMethodWorker.invokeTestMethods(TestMethodWorker.java:127)
	at org.testng.internal.TestMethodWorker.run(TestMethodWorker.java:111)
	at org.testng.TestRunner.privateRun(TestRunner.java:768)
	at org.testng.TestRunner.run(TestRunner.java:617)
	at org.testng.SuiteRunner.runTest(SuiteRunner.java:334)
	at org.testng.SuiteRunner.runSequentially(SuiteRunner.java:329)
	at org.testng.SuiteRunner.privateRun(SuiteRunner.java:291)
	at org.testng.SuiteRunner.run(SuiteRunner.java:240)
	at org.testng.SuiteRunnerWorker.runSuite(SuiteRunnerWorker.java:53)
	at org.testng.SuiteRunnerWorker.run(SuiteRunnerWorker.java:87)
	at org.testng.TestNG.runSuitesSequentially(TestNG.java:1188)
	at org.testng.TestNG.runSuitesLocally(TestNG.java:1113)
	at org.testng.TestNG.run(TestNG.java:1025)
	at org.testng.TestNG.privateMain(TestNG.java:1328)
	at org.testng.TestNG.main(TestNG.java:1297)
]]>
    </error>
  </testcase> <!-- test -->
  <testcase name="test" time="1.076" classname="com.letv.ads.util.AutoTest">
    <error type="java.lang.AssertionError" message="[public-model-004]测试未通过，部分字段未通过验证！ expected:&lt;ok&gt; but was:&lt;测试用例：[public-model-004]字段校验失败！-----[/VAST/Ad[1]/@order_item_id]的期望值是----1  实际值是----&gt;">
      <![CDATA[java.lang.AssertionError: [public-model-004]测试未通过，部分字段未通过验证！ expected:<ok> but was:<测试用例：[public-model-004]字段校验失败！-----[/VAST/Ad[1]/@order_item_id]的期望值是----1  实际值是---->
	at org.testng.Assert.fail(Assert.java:89)
	at org.testng.Assert.failNotEquals(Assert.java:489)
	at org.testng.Assert.assertEquals(Assert.java:118)
	at org.testng.Assert.assertEquals(Assert.java:171)
	at com.letv.ads.util.AutoTest.test(Unknown Source)
	at sun.reflect.GeneratedMethodAccessor3.invoke(Unknown Source)
	at sun.reflect.DelegatingMethodAccessorImpl.invoke(Unknown Source)
	at java.lang.reflect.Method.invoke(Unknown Source)
	at org.testng.internal.MethodInvocationHelper.invokeMethod(MethodInvocationHelper.java:80)
	at org.testng.internal.Invoker.invokeMethod(Invoker.java:702)
	at org.testng.internal.Invoker.invokeTestMethod(Invoker.java:894)
	at org.testng.internal.Invoker.invokeTestMethods(Invoker.java:1219)
	at org.testng.internal.TestMethodWorker.invokeTestMethods(TestMethodWorker.java:127)
	at org.testng.internal.TestMethodWorker.run(TestMethodWorker.java:111)
	at org.testng.TestRunner.privateRun(TestRunner.java:768)
	at org.testng.TestRunner.run(TestRunner.java:617)
	at org.testng.SuiteRunner.runTest(SuiteRunner.java:334)
	at org.testng.SuiteRunner.runSequentially(SuiteRunner.java:329)
	at org.testng.SuiteRunner.privateRun(SuiteRunner.java:291)
	at org.testng.SuiteRunner.run(SuiteRunner.java:240)
	at org.testng.SuiteRunnerWorker.runSuite(SuiteRunnerWorker.java:53)
	at org.testng.SuiteRunnerWorker.run(SuiteRunnerWorker.java:87)
	at org.testng.TestNG.runSuitesSequentially(TestNG.java:1188)
	at org.testng.TestNG.runSuitesLocally(TestNG.java:1113)
	at org.testng.TestNG.run(TestNG.java:1025)
	at org.testng.TestNG.privateMain(TestNG.java:1328)
	at org.testng.TestNG.main(TestNG.java:1297)
]]>
    </error>
  </testcase> <!-- test -->
  <testcase name="test" time="1.022" classname="com.letv.ads.util.AutoTest">
    <error type="java.lang.AssertionError" message="[[public-dtsc-013]短视频广告时长动态配置013]测试未通过，部分字段未通过验证！ expected:&lt;ok&gt; but was:&lt;测试用例：[[public-dtsc-013]短视频广告时长动态配置013]字段校验失败！-----[/VAST/Ad[1]/@order_item_id]的期望值是----1  实际值是------[/VAST/Policy/CuePoint[1]/@duration]的期望值是----15  实际值是----1&gt;">
      <![CDATA[java.lang.AssertionError: [[public-dtsc-013]短视频广告时长动态配置013]测试未通过，部分字段未通过验证！ expected:<ok> but was:<测试用例：[[public-dtsc-013]短视频广告时长动态配置013]字段校验失败！-----[/VAST/Ad[1]/@order_item_id]的期望值是----1  实际值是------[/VAST/Policy/CuePoint[1]/@duration]的期望值是----15  实际值是----1>
	at org.testng.Assert.fail(Assert.java:89)
	at org.testng.Assert.failNotEquals(Assert.java:489)
	at org.testng.Assert.assertEquals(Assert.java:118)
	at org.testng.Assert.assertEquals(Assert.java:171)
	at com.letv.ads.util.AutoTest.test(Unknown Source)
	at sun.reflect.GeneratedMethodAccessor3.invoke(Unknown Source)
	at sun.reflect.DelegatingMethodAccessorImpl.invoke(Unknown Source)
	at java.lang.reflect.Method.invoke(Unknown Source)
	at org.testng.internal.MethodInvocationHelper.invokeMethod(MethodInvocationHelper.java:80)
	at org.testng.internal.Invoker.invokeMethod(Invoker.java:702)
	at org.testng.internal.Invoker.invokeTestMethod(Invoker.java:894)
	at org.testng.internal.Invoker.invokeTestMethods(Invoker.java:1219)
	at org.testng.internal.TestMethodWorker.invokeTestMethods(TestMethodWorker.java:127)
	at org.testng.internal.TestMethodWorker.run(TestMethodWorker.java:111)
	at org.testng.TestRunner.privateRun(TestRunner.java:768)
	at org.testng.TestRunner.run(TestRunner.java:617)
	at org.testng.SuiteRunner.runTest(SuiteRunner.java:334)
	at org.testng.SuiteRunner.runSequentially(SuiteRunner.java:329)
	at org.testng.SuiteRunner.privateRun(SuiteRunner.java:291)
	at org.testng.SuiteRunner.run(SuiteRunner.java:240)
	at org.testng.SuiteRunnerWorker.runSuite(SuiteRunnerWorker.java:53)
	at org.testng.SuiteRunnerWorker.run(SuiteRunnerWorker.java:87)
	at org.testng.TestNG.runSuitesSequentially(TestNG.java:1188)
	at org.testng.TestNG.runSuitesLocally(TestNG.java:1113)
	at org.testng.TestNG.run(TestNG.java:1025)
	at org.testng.TestNG.privateMain(TestNG.java:1328)
	at org.testng.TestNG.main(TestNG.java:1297)
]]>
    </error>
  </testcase> <!-- test -->
  <testcase name="test" time="1.030" classname="com.letv.ads.util.AutoTest">
    <error type="java.lang.AssertionError" message="[[public-dtsc-070]短视频广告时长动态配置070]测试未通过，部分字段未通过验证！ expected:&lt;ok&gt; but was:&lt;测试用例：[[public-dtsc-070]短视频广告时长动态配置070]字段校验失败！-----[/VAST/Ad[1]/@order_item_id]的期望值是----1  实际值是------[/VAST/Policy/CuePoint[1]/@duration]的期望值是----30  实际值是----1&gt;">
      <![CDATA[java.lang.AssertionError: [[public-dtsc-070]短视频广告时长动态配置070]测试未通过，部分字段未通过验证！ expected:<ok> but was:<测试用例：[[public-dtsc-070]短视频广告时长动态配置070]字段校验失败！-----[/VAST/Ad[1]/@order_item_id]的期望值是----1  实际值是------[/VAST/Policy/CuePoint[1]/@duration]的期望值是----30  实际值是----1>
	at org.testng.Assert.fail(Assert.java:89)
	at org.testng.Assert.failNotEquals(Assert.java:489)
	at org.testng.Assert.assertEquals(Assert.java:118)
	at org.testng.Assert.assertEquals(Assert.java:171)
	at com.letv.ads.util.AutoTest.test(Unknown Source)
	at sun.reflect.GeneratedMethodAccessor3.invoke(Unknown Source)
	at sun.reflect.DelegatingMethodAccessorImpl.invoke(Unknown Source)
	at java.lang.reflect.Method.invoke(Unknown Source)
	at org.testng.internal.MethodInvocationHelper.invokeMethod(MethodInvocationHelper.java:80)
	at org.testng.internal.Invoker.invokeMethod(Invoker.java:702)
	at org.testng.internal.Invoker.invokeTestMethod(Invoker.java:894)
	at org.testng.internal.Invoker.invokeTestMethods(Invoker.java:1219)
	at org.testng.internal.TestMethodWorker.invokeTestMethods(TestMethodWorker.java:127)
	at org.testng.internal.TestMethodWorker.run(TestMethodWorker.java:111)
	at org.testng.TestRunner.privateRun(TestRunner.java:768)
	at org.testng.TestRunner.run(TestRunner.java:617)
	at org.testng.SuiteRunner.runTest(SuiteRunner.java:334)
	at org.testng.SuiteRunner.runSequentially(SuiteRunner.java:329)
	at org.testng.SuiteRunner.privateRun(SuiteRunner.java:291)
	at org.testng.SuiteRunner.run(SuiteRunner.java:240)
	at org.testng.SuiteRunnerWorker.runSuite(SuiteRunnerWorker.java:53)
	at org.testng.SuiteRunnerWorker.run(SuiteRunnerWorker.java:87)
	at org.testng.TestNG.runSuitesSequentially(TestNG.java:1188)
	at org.testng.TestNG.runSuitesLocally(TestNG.java:1113)
	at org.testng.TestNG.run(TestNG.java:1025)
	at org.testng.TestNG.privateMain(TestNG.java:1328)
	at org.testng.TestNG.main(TestNG.java:1297)
]]>
    </error>
  </testcase> <!-- test -->
  <testcase name="test" time="1.045" classname="com.letv.ads.util.AutoTest">
    <error type="java.lang.AssertionError" message="[[public-jzdx-007]精准定向007]测试未通过，部分字段未通过验证！ expected:&lt;ok&gt; but was:&lt;测试用例：[[public-jzdx-007]精准定向007]字段校验失败！-----[/VAST/Ad[1]/@order_item_id]的期望值是----1  实际值是------[/VAST/Ad[2]/@order_item_id]的期望值是----2  实际值是------[/VAST/Ad[3]/@order_item_id]的期望值是----3  实际值是----&gt;">
      <![CDATA[java.lang.AssertionError: [[public-jzdx-007]精准定向007]测试未通过，部分字段未通过验证！ expected:<ok> but was:<测试用例：[[public-jzdx-007]精准定向007]字段校验失败！-----[/VAST/Ad[1]/@order_item_id]的期望值是----1  实际值是------[/VAST/Ad[2]/@order_item_id]的期望值是----2  实际值是------[/VAST/Ad[3]/@order_item_id]的期望值是----3  实际值是---->
	at org.testng.Assert.fail(Assert.java:89)
	at org.testng.Assert.failNotEquals(Assert.java:489)
	at org.testng.Assert.assertEquals(Assert.java:118)
	at org.testng.Assert.assertEquals(Assert.java:171)
	at com.letv.ads.util.AutoTest.test(Unknown Source)
	at sun.reflect.GeneratedMethodAccessor3.invoke(Unknown Source)
	at sun.reflect.DelegatingMethodAccessorImpl.invoke(Unknown Source)
	at java.lang.reflect.Method.invoke(Unknown Source)
	at org.testng.internal.MethodInvocationHelper.invokeMethod(MethodInvocationHelper.java:80)
	at org.testng.internal.Invoker.invokeMethod(Invoker.java:702)
	at org.testng.internal.Invoker.invokeTestMethod(Invoker.java:894)
	at org.testng.internal.Invoker.invokeTestMethods(Invoker.java:1219)
	at org.testng.internal.TestMethodWorker.invokeTestMethods(TestMethodWorker.java:127)
	at org.testng.internal.TestMethodWorker.run(TestMethodWorker.java:111)
	at org.testng.TestRunner.privateRun(TestRunner.java:768)
	at org.testng.TestRunner.run(TestRunner.java:617)
	at org.testng.SuiteRunner.runTest(SuiteRunner.java:334)
	at org.testng.SuiteRunner.runSequentially(SuiteRunner.java:329)
	at org.testng.SuiteRunner.privateRun(SuiteRunner.java:291)
	at org.testng.SuiteRunner.run(SuiteRunner.java:240)
	at org.testng.SuiteRunnerWorker.runSuite(SuiteRunnerWorker.java:53)
	at org.testng.SuiteRunnerWorker.run(SuiteRunnerWorker.java:87)
	at org.testng.TestNG.runSuitesSequentially(TestNG.java:1188)
	at org.testng.TestNG.runSuitesLocally(TestNG.java:1113)
	at org.testng.TestNG.run(TestNG.java:1025)
	at org.testng.TestNG.privateMain(TestNG.java:1328)
	at org.testng.TestNG.main(TestNG.java:1297)
]]>
    </error>
  </testcase> <!-- test -->
  <testcase name="test" time="0.012" classname="com.letv.ads.util.AutoTest">
    <error type="java.lang.AssertionError" message="[[public-tcl-024]TCL-欢网广告接入方舟024]测试未通过，tracking返回值[error 100004]与期望值[ok]不相等！ expected:&lt;ok&gt; but was:&lt;error 100004&gt;">
      <![CDATA[java.lang.AssertionError: [[public-tcl-024]TCL-欢网广告接入方舟024]测试未通过，tracking返回值[error 100004]与期望值[ok]不相等！ expected:<ok> but was:<error 100004>
	at org.testng.Assert.fail(Assert.java:89)
	at org.testng.Assert.failNotEquals(Assert.java:489)
	at org.testng.Assert.assertEquals(Assert.java:118)
	at org.testng.Assert.assertEquals(Assert.java:171)
	at com.letv.ads.util.AutoTest.test(Unknown Source)
	at sun.reflect.GeneratedMethodAccessor3.invoke(Unknown Source)
	at sun.reflect.DelegatingMethodAccessorImpl.invoke(Unknown Source)
	at java.lang.reflect.Method.invoke(Unknown Source)
	at org.testng.internal.MethodInvocationHelper.invokeMethod(MethodInvocationHelper.java:80)
	at org.testng.internal.Invoker.invokeMethod(Invoker.java:702)
	at org.testng.internal.Invoker.invokeTestMethod(Invoker.java:894)
	at org.testng.internal.Invoker.invokeTestMethods(Invoker.java:1219)
	at org.testng.internal.TestMethodWorker.invokeTestMethods(TestMethodWorker.java:127)
	at org.testng.internal.TestMethodWorker.run(TestMethodWorker.java:111)
	at org.testng.TestRunner.privateRun(TestRunner.java:768)
	at org.testng.TestRunner.run(TestRunner.java:617)
	at org.testng.SuiteRunner.runTest(SuiteRunner.java:334)
	at org.testng.SuiteRunner.runSequentially(SuiteRunner.java:329)
	at org.testng.SuiteRunner.privateRun(SuiteRunner.java:291)
	at org.testng.SuiteRunner.run(SuiteRunner.java:240)
	at org.testng.SuiteRunnerWorker.runSuite(SuiteRunnerWorker.java:53)
	at org.testng.SuiteRunnerWorker.run(SuiteRunnerWorker.java:87)
	at org.testng.TestNG.runSuitesSequentially(TestNG.java:1188)
	at org.testng.TestNG.runSuitesLocally(TestNG.java:1113)
	at org.testng.TestNG.run(TestNG.java:1025)
	at org.testng.TestNG.privateMain(TestNG.java:1328)
	at org.testng.TestNG.main(TestNG.java:1297)
]]>
    </error>
  </testcase> <!-- test -->
  <testcase name="test" time="1.066" classname="com.letv.ads.util.AutoTest">
    <error type="java.lang.AssertionError" message="[public-qzzt-010]测试未通过，部分字段未通过验证！ expected:&lt;ok&gt; but was:&lt;测试用例：[public-qzzt-010]字段校验失败！-----[/VAST/Ad[1]/@id]的期望值是----1  实际值是------[/VAST/Ad[@id=&#039;1&#039;]/@order_item_id]的期望值是----1  实际值是------[VAST/Ad[1]/@ord]的期望值是----1  实际值是------[/VAST/Policy/CuePoint/@id]的期望值是----1  实际值是----4368--[/VAST/Ad[2]/@id]的期望值是----2  实际值是------[/VAST/Ad[@id=&#039;2&#039;]/@order_item_id]的期望值是----2  实际值是------[VAST/Ad[2]/@ord]的期望值是----2  实际值是------[/VAST/Ad[3]/@id]的期望值是----3  实际值是------[/VAST/Ad[@id=&#039;3&#039;]/@order_item_id]的期望值是----3  实际值是------[VAST/Ad[3]/@ord]的期望值是----5  实际值是----&gt;">
      <![CDATA[java.lang.AssertionError: [public-qzzt-010]测试未通过，部分字段未通过验证！ expected:<ok> but was:<测试用例：[public-qzzt-010]字段校验失败！-----[/VAST/Ad[1]/@id]的期望值是----1  实际值是------[/VAST/Ad[@id='1']/@order_item_id]的期望值是----1  实际值是------[VAST/Ad[1]/@ord]的期望值是----1  实际值是------[/VAST/Policy/CuePoint/@id]的期望值是----1  实际值是----4368--[/VAST/Ad[2]/@id]的期望值是----2  实际值是------[/VAST/Ad[@id='2']/@order_item_id]的期望值是----2  实际值是------[VAST/Ad[2]/@ord]的期望值是----2  实际值是------[/VAST/Ad[3]/@id]的期望值是----3  实际值是------[/VAST/Ad[@id='3']/@order_item_id]的期望值是----3  实际值是------[VAST/Ad[3]/@ord]的期望值是----5  实际值是---->
	at org.testng.Assert.fail(Assert.java:89)
	at org.testng.Assert.failNotEquals(Assert.java:489)
	at org.testng.Assert.assertEquals(Assert.java:118)
	at org.testng.Assert.assertEquals(Assert.java:171)
	at com.letv.ads.util.AutoTest.test(Unknown Source)
	at sun.reflect.GeneratedMethodAccessor3.invoke(Unknown Source)
	at sun.reflect.DelegatingMethodAccessorImpl.invoke(Unknown Source)
	at java.lang.reflect.Method.invoke(Unknown Source)
	at org.testng.internal.MethodInvocationHelper.invokeMethod(MethodInvocationHelper.java:80)
	at org.testng.internal.Invoker.invokeMethod(Invoker.java:702)
	at org.testng.internal.Invoker.invokeTestMethod(Invoker.java:894)
	at org.testng.internal.Invoker.invokeTestMethods(Invoker.java:1219)
	at org.testng.internal.TestMethodWorker.invokeTestMethods(TestMethodWorker.java:127)
	at org.testng.internal.TestMethodWorker.run(TestMethodWorker.java:111)
	at org.testng.TestRunner.privateRun(TestRunner.java:768)
	at org.testng.TestRunner.run(TestRunner.java:617)
	at org.testng.SuiteRunner.runTest(SuiteRunner.java:334)
	at org.testng.SuiteRunner.runSequentially(SuiteRunner.java:329)
	at org.testng.SuiteRunner.privateRun(SuiteRunner.java:291)
	at org.testng.SuiteRunner.run(SuiteRunner.java:240)
	at org.testng.SuiteRunnerWorker.runSuite(SuiteRunnerWorker.java:53)
	at org.testng.SuiteRunnerWorker.run(SuiteRunnerWorker.java:87)
	at org.testng.TestNG.runSuitesSequentially(TestNG.java:1188)
	at org.testng.TestNG.runSuitesLocally(TestNG.java:1113)
	at org.testng.TestNG.run(TestNG.java:1025)
	at org.testng.TestNG.privateMain(TestNG.java:1328)
	at org.testng.TestNG.main(TestNG.java:1297)
]]>
    </error>
  </testcase> <!-- test -->
  <testcase name="test" time="1.033" classname="com.letv.ads.util.AutoTest">
    <error type="java.lang.AssertionError" message="[[public-dtsc-076]短视频广告时长动态配置076]测试未通过，部分字段未通过验证！ expected:&lt;ok&gt; but was:&lt;测试用例：[[public-dtsc-076]短视频广告时长动态配置076]字段校验失败！-----[/VAST/Ad[1]/@order_item_id]的期望值是----1  实际值是------[/VAST/Policy/CuePoint[1]/@duration]的期望值是----30  实际值是----1&gt;">
      <![CDATA[java.lang.AssertionError: [[public-dtsc-076]短视频广告时长动态配置076]测试未通过，部分字段未通过验证！ expected:<ok> but was:<测试用例：[[public-dtsc-076]短视频广告时长动态配置076]字段校验失败！-----[/VAST/Ad[1]/@order_item_id]的期望值是----1  实际值是------[/VAST/Policy/CuePoint[1]/@duration]的期望值是----30  实际值是----1>
	at org.testng.Assert.fail(Assert.java:89)
	at org.testng.Assert.failNotEquals(Assert.java:489)
	at org.testng.Assert.assertEquals(Assert.java:118)
	at org.testng.Assert.assertEquals(Assert.java:171)
	at com.letv.ads.util.AutoTest.test(Unknown Source)
	at sun.reflect.GeneratedMethodAccessor3.invoke(Unknown Source)
	at sun.reflect.DelegatingMethodAccessorImpl.invoke(Unknown Source)
	at java.lang.reflect.Method.invoke(Unknown Source)
	at org.testng.internal.MethodInvocationHelper.invokeMethod(MethodInvocationHelper.java:80)
	at org.testng.internal.Invoker.invokeMethod(Invoker.java:702)
	at org.testng.internal.Invoker.invokeTestMethod(Invoker.java:894)
	at org.testng.internal.Invoker.invokeTestMethods(Invoker.java:1219)
	at org.testng.internal.TestMethodWorker.invokeTestMethods(TestMethodWorker.java:127)
	at org.testng.internal.TestMethodWorker.run(TestMethodWorker.java:111)
	at org.testng.TestRunner.privateRun(TestRunner.java:768)
	at org.testng.TestRunner.run(TestRunner.java:617)
	at org.testng.SuiteRunner.runTest(SuiteRunner.java:334)
	at org.testng.SuiteRunner.runSequentially(SuiteRunner.java:329)
	at org.testng.SuiteRunner.privateRun(SuiteRunner.java:291)
	at org.testng.SuiteRunner.run(SuiteRunner.java:240)
	at org.testng.SuiteRunnerWorker.runSuite(SuiteRunnerWorker.java:53)
	at org.testng.SuiteRunnerWorker.run(SuiteRunnerWorker.java:87)
	at org.testng.TestNG.runSuitesSequentially(TestNG.java:1188)
	at org.testng.TestNG.runSuitesLocally(TestNG.java:1113)
	at org.testng.TestNG.run(TestNG.java:1025)
	at org.testng.TestNG.privateMain(TestNG.java:1328)
	at org.testng.TestNG.main(TestNG.java:1297)
]]>
    </error>
  </testcase> <!-- test -->
  <testcase name="test" time="1.026" classname="com.letv.ads.util.AutoTest">
    <error type="java.lang.AssertionError" message="[public-qzzt-006]测试未通过，部分字段未通过验证！ expected:&lt;ok&gt; but was:&lt;测试用例：[public-qzzt-006]字段校验失败！-----[/VAST/Ad[1]/@id]的期望值是----1  实际值是------[/VAST/Ad[@id=&#039;1&#039;]/@order_item_id]的期望值是----1  实际值是------[VAST/Ad[1]/@ord]的期望值是----1  实际值是------[/VAST/Policy/CuePoint/@id]的期望值是----1  实际值是----4368&gt;">
      <![CDATA[java.lang.AssertionError: [public-qzzt-006]测试未通过，部分字段未通过验证！ expected:<ok> but was:<测试用例：[public-qzzt-006]字段校验失败！-----[/VAST/Ad[1]/@id]的期望值是----1  实际值是------[/VAST/Ad[@id='1']/@order_item_id]的期望值是----1  实际值是------[VAST/Ad[1]/@ord]的期望值是----1  实际值是------[/VAST/Policy/CuePoint/@id]的期望值是----1  实际值是----4368>
	at org.testng.Assert.fail(Assert.java:89)
	at org.testng.Assert.failNotEquals(Assert.java:489)
	at org.testng.Assert.assertEquals(Assert.java:118)
	at org.testng.Assert.assertEquals(Assert.java:171)
	at com.letv.ads.util.AutoTest.test(Unknown Source)
	at sun.reflect.GeneratedMethodAccessor3.invoke(Unknown Source)
	at sun.reflect.DelegatingMethodAccessorImpl.invoke(Unknown Source)
	at java.lang.reflect.Method.invoke(Unknown Source)
	at org.testng.internal.MethodInvocationHelper.invokeMethod(MethodInvocationHelper.java:80)
	at org.testng.internal.Invoker.invokeMethod(Invoker.java:702)
	at org.testng.internal.Invoker.invokeTestMethod(Invoker.java:894)
	at org.testng.internal.Invoker.invokeTestMethods(Invoker.java:1219)
	at org.testng.internal.TestMethodWorker.invokeTestMethods(TestMethodWorker.java:127)
	at org.testng.internal.TestMethodWorker.run(TestMethodWorker.java:111)
	at org.testng.TestRunner.privateRun(TestRunner.java:768)
	at org.testng.TestRunner.run(TestRunner.java:617)
	at org.testng.SuiteRunner.runTest(SuiteRunner.java:334)
	at org.testng.SuiteRunner.runSequentially(SuiteRunner.java:329)
	at org.testng.SuiteRunner.privateRun(SuiteRunner.java:291)
	at org.testng.SuiteRunner.run(SuiteRunner.java:240)
	at org.testng.SuiteRunnerWorker.runSuite(SuiteRunnerWorker.java:53)
	at org.testng.SuiteRunnerWorker.run(SuiteRunnerWorker.java:87)
	at org.testng.TestNG.runSuitesSequentially(TestNG.java:1188)
	at org.testng.TestNG.runSuitesLocally(TestNG.java:1113)
	at org.testng.TestNG.run(TestNG.java:1025)
	at org.testng.TestNG.privateMain(TestNG.java:1328)
	at org.testng.TestNG.main(TestNG.java:1297)
]]>
    </error>
  </testcase> <!-- test -->
  <testcase name="test" time="1.117" classname="com.letv.ads.util.AutoTest">
    <error type="java.lang.AssertionError" message="[[public-dtsc-073]短视频广告时长动态配置073]测试未通过，部分字段未通过验证！ expected:&lt;ok&gt; but was:&lt;测试用例：[[public-dtsc-073]短视频广告时长动态配置073]字段校验失败！-----[/VAST/Ad[1]/@order_item_id]的期望值是----1  实际值是------[/VAST/Policy/CuePoint[1]/@duration]的期望值是----45  实际值是----1&gt;">
      <![CDATA[java.lang.AssertionError: [[public-dtsc-073]短视频广告时长动态配置073]测试未通过，部分字段未通过验证！ expected:<ok> but was:<测试用例：[[public-dtsc-073]短视频广告时长动态配置073]字段校验失败！-----[/VAST/Ad[1]/@order_item_id]的期望值是----1  实际值是------[/VAST/Policy/CuePoint[1]/@duration]的期望值是----45  实际值是----1>
	at org.testng.Assert.fail(Assert.java:89)
	at org.testng.Assert.failNotEquals(Assert.java:489)
	at org.testng.Assert.assertEquals(Assert.java:118)
	at org.testng.Assert.assertEquals(Assert.java:171)
	at com.letv.ads.util.AutoTest.test(Unknown Source)
	at sun.reflect.GeneratedMethodAccessor3.invoke(Unknown Source)
	at sun.reflect.DelegatingMethodAccessorImpl.invoke(Unknown Source)
	at java.lang.reflect.Method.invoke(Unknown Source)
	at org.testng.internal.MethodInvocationHelper.invokeMethod(MethodInvocationHelper.java:80)
	at org.testng.internal.Invoker.invokeMethod(Invoker.java:702)
	at org.testng.internal.Invoker.invokeTestMethod(Invoker.java:894)
	at org.testng.internal.Invoker.invokeTestMethods(Invoker.java:1219)
	at org.testng.internal.TestMethodWorker.invokeTestMethods(TestMethodWorker.java:127)
	at org.testng.internal.TestMethodWorker.run(TestMethodWorker.java:111)
	at org.testng.TestRunner.privateRun(TestRunner.java:768)
	at org.testng.TestRunner.run(TestRunner.java:617)
	at org.testng.SuiteRunner.runTest(SuiteRunner.java:334)
	at org.testng.SuiteRunner.runSequentially(SuiteRunner.java:329)
	at org.testng.SuiteRunner.privateRun(SuiteRunner.java:291)
	at org.testng.SuiteRunner.run(SuiteRunner.java:240)
	at org.testng.SuiteRunnerWorker.runSuite(SuiteRunnerWorker.java:53)
	at org.testng.SuiteRunnerWorker.run(SuiteRunnerWorker.java:87)
	at org.testng.TestNG.runSuitesSequentially(TestNG.java:1188)
	at org.testng.TestNG.runSuitesLocally(TestNG.java:1113)
	at org.testng.TestNG.run(TestNG.java:1025)
	at org.testng.TestNG.privateMain(TestNG.java:1328)
	at org.testng.TestNG.main(TestNG.java:1297)
]]>
    </error>
  </testcase> <!-- test -->
  <testcase name="test" time="1.201" classname="com.letv.ads.util.AutoTest">
    <error type="java.lang.AssertionError" message="[[public-tcl-012]TCL-欢网广告接入方舟012]轮播测试中，广告order_item_id[]重复出现，测试失败！">
      <![CDATA[java.lang.AssertionError: [[public-tcl-012]TCL-欢网广告接入方舟012]轮播测试中，广告order_item_id[]重复出现，测试失败！
	at org.testng.Assert.fail(Assert.java:89)
	at com.letv.ads.util.AutoTest.test(Unknown Source)
	at sun.reflect.GeneratedMethodAccessor3.invoke(Unknown Source)
	at sun.reflect.DelegatingMethodAccessorImpl.invoke(Unknown Source)
	at java.lang.reflect.Method.invoke(Unknown Source)
	at org.testng.internal.MethodInvocationHelper.invokeMethod(MethodInvocationHelper.java:80)
	at org.testng.internal.Invoker.invokeMethod(Invoker.java:702)
	at org.testng.internal.Invoker.invokeTestMethod(Invoker.java:894)
	at org.testng.internal.Invoker.invokeTestMethods(Invoker.java:1219)
	at org.testng.internal.TestMethodWorker.invokeTestMethods(TestMethodWorker.java:127)
	at org.testng.internal.TestMethodWorker.run(TestMethodWorker.java:111)
	at org.testng.TestRunner.privateRun(TestRunner.java:768)
	at org.testng.TestRunner.run(TestRunner.java:617)
	at org.testng.SuiteRunner.runTest(SuiteRunner.java:334)
	at org.testng.SuiteRunner.runSequentially(SuiteRunner.java:329)
	at org.testng.SuiteRunner.privateRun(SuiteRunner.java:291)
	at org.testng.SuiteRunner.run(SuiteRunner.java:240)
	at org.testng.SuiteRunnerWorker.runSuite(SuiteRunnerWorker.java:53)
	at org.testng.SuiteRunnerWorker.run(SuiteRunnerWorker.java:87)
	at org.testng.TestNG.runSuitesSequentially(TestNG.java:1188)
	at org.testng.TestNG.runSuitesLocally(TestNG.java:1113)
	at org.testng.TestNG.run(TestNG.java:1025)
	at org.testng.TestNG.privateMain(TestNG.java:1328)
	at org.testng.TestNG.main(TestNG.java:1297)
]]>
    </error>
  </testcase> <!-- test -->
  <testcase name="test" time="1.078" classname="com.letv.ads.util.AutoTest">
    <error type="java.lang.AssertionError" message="[[public-tcl-010]TCL-欢网广告接入方舟010]测试未通过，部分字段未通过验证！ expected:&lt;ok&gt; but was:&lt;测试用例：[[public-tcl-010]TCL-欢网广告接入方舟010]字段校验失败！-----[/VAST/Ad[1]/@order_item_id]的期望值是----1  实际值是----&gt;">
      <![CDATA[java.lang.AssertionError: [[public-tcl-010]TCL-欢网广告接入方舟010]测试未通过，部分字段未通过验证！ expected:<ok> but was:<测试用例：[[public-tcl-010]TCL-欢网广告接入方舟010]字段校验失败！-----[/VAST/Ad[1]/@order_item_id]的期望值是----1  实际值是---->
	at org.testng.Assert.fail(Assert.java:89)
	at org.testng.Assert.failNotEquals(Assert.java:489)
	at org.testng.Assert.assertEquals(Assert.java:118)
	at org.testng.Assert.assertEquals(Assert.java:171)
	at com.letv.ads.util.AutoTest.test(Unknown Source)
	at sun.reflect.GeneratedMethodAccessor3.invoke(Unknown Source)
	at sun.reflect.DelegatingMethodAccessorImpl.invoke(Unknown Source)
	at java.lang.reflect.Method.invoke(Unknown Source)
	at org.testng.internal.MethodInvocationHelper.invokeMethod(MethodInvocationHelper.java:80)
	at org.testng.internal.Invoker.invokeMethod(Invoker.java:702)
	at org.testng.internal.Invoker.invokeTestMethod(Invoker.java:894)
	at org.testng.internal.Invoker.invokeTestMethods(Invoker.java:1219)
	at org.testng.internal.TestMethodWorker.invokeTestMethods(TestMethodWorker.java:127)
	at org.testng.internal.TestMethodWorker.run(TestMethodWorker.java:111)
	at org.testng.TestRunner.privateRun(TestRunner.java:768)
	at org.testng.TestRunner.run(TestRunner.java:617)
	at org.testng.SuiteRunner.runTest(SuiteRunner.java:334)
	at org.testng.SuiteRunner.runSequentially(SuiteRunner.java:329)
	at org.testng.SuiteRunner.privateRun(SuiteRunner.java:291)
	at org.testng.SuiteRunner.run(SuiteRunner.java:240)
	at org.testng.SuiteRunnerWorker.runSuite(SuiteRunnerWorker.java:53)
	at org.testng.SuiteRunnerWorker.run(SuiteRunnerWorker.java:87)
	at org.testng.TestNG.runSuitesSequentially(TestNG.java:1188)
	at org.testng.TestNG.runSuitesLocally(TestNG.java:1113)
	at org.testng.TestNG.run(TestNG.java:1025)
	at org.testng.TestNG.privateMain(TestNG.java:1328)
	at org.testng.TestNG.main(TestNG.java:1297)
]]>
    </error>
  </testcase> <!-- test -->
  <testcase name="test" time="1.108" classname="com.letv.ads.util.AutoTest">
    <error type="java.lang.AssertionError" message="[public-qzzt-013]测试未通过，部分字段未通过验证！ expected:&lt;ok&gt; but was:&lt;测试用例：[public-qzzt-013]字段校验失败！-----[/VAST/Ad[1]/@id]的期望值是----1  实际值是------[/VAST/Ad[1]/@order_item_id]的期望值是----1  实际值是------[VAST/Ad[1]/@ord]的期望值是----1  实际值是------[/VAST/Policy/CuePoint/@id]的期望值是----1  实际值是----4368--[/VAST/Ad[2]/@id]的期望值是----4  实际值是------[/VAST/Ad[2]/@order_item_id]的期望值是----4  实际值是------[VAST/Ad[2]/@ord]的期望值是----1  实际值是------[/VAST/Ad[3]/@id]的期望值是----2  实际值是------[/VAST/Ad[3]/@order_item_id]的期望值是----2  实际值是------[VAST/Ad[3]/@ord]的期望值是----3  实际值是------[/VAST/Ad[4]/@id]的期望值是----5  实际值是------[/VAST/Ad[4]/@order_item_id]的期望值是----5  实际值是------[VAST/Ad[4]/@ord]的期望值是----3  实际值是------[/VAST/Ad[5]/@id]的期望值是----3  实际值是------[/VAST/Ad[5]/@order_item_id]的期望值是----3  实际值是------[VAST/Ad[5]/@ord]的期望值是----4  实际值是----&gt;">
      <![CDATA[java.lang.AssertionError: [public-qzzt-013]测试未通过，部分字段未通过验证！ expected:<ok> but was:<测试用例：[public-qzzt-013]字段校验失败！-----[/VAST/Ad[1]/@id]的期望值是----1  实际值是------[/VAST/Ad[1]/@order_item_id]的期望值是----1  实际值是------[VAST/Ad[1]/@ord]的期望值是----1  实际值是------[/VAST/Policy/CuePoint/@id]的期望值是----1  实际值是----4368--[/VAST/Ad[2]/@id]的期望值是----4  实际值是------[/VAST/Ad[2]/@order_item_id]的期望值是----4  实际值是------[VAST/Ad[2]/@ord]的期望值是----1  实际值是------[/VAST/Ad[3]/@id]的期望值是----2  实际值是------[/VAST/Ad[3]/@order_item_id]的期望值是----2  实际值是------[VAST/Ad[3]/@ord]的期望值是----3  实际值是------[/VAST/Ad[4]/@id]的期望值是----5  实际值是------[/VAST/Ad[4]/@order_item_id]的期望值是----5  实际值是------[VAST/Ad[4]/@ord]的期望值是----3  实际值是------[/VAST/Ad[5]/@id]的期望值是----3  实际值是------[/VAST/Ad[5]/@order_item_id]的期望值是----3  实际值是------[VAST/Ad[5]/@ord]的期望值是----4  实际值是---->
	at org.testng.Assert.fail(Assert.java:89)
	at org.testng.Assert.failNotEquals(Assert.java:489)
	at org.testng.Assert.assertEquals(Assert.java:118)
	at org.testng.Assert.assertEquals(Assert.java:171)
	at com.letv.ads.util.AutoTest.test(Unknown Source)
	at sun.reflect.GeneratedMethodAccessor3.invoke(Unknown Source)
	at sun.reflect.DelegatingMethodAccessorImpl.invoke(Unknown Source)
	at java.lang.reflect.Method.invoke(Unknown Source)
	at org.testng.internal.MethodInvocationHelper.invokeMethod(MethodInvocationHelper.java:80)
	at org.testng.internal.Invoker.invokeMethod(Invoker.java:702)
	at org.testng.internal.Invoker.invokeTestMethod(Invoker.java:894)
	at org.testng.internal.Invoker.invokeTestMethods(Invoker.java:1219)
	at org.testng.internal.TestMethodWorker.invokeTestMethods(TestMethodWorker.java:127)
	at org.testng.internal.TestMethodWorker.run(TestMethodWorker.java:111)
	at org.testng.TestRunner.privateRun(TestRunner.java:768)
	at org.testng.TestRunner.run(TestRunner.java:617)
	at org.testng.SuiteRunner.runTest(SuiteRunner.java:334)
	at org.testng.SuiteRunner.runSequentially(SuiteRunner.java:329)
	at org.testng.SuiteRunner.privateRun(SuiteRunner.java:291)
	at org.testng.SuiteRunner.run(SuiteRunner.java:240)
	at org.testng.SuiteRunnerWorker.runSuite(SuiteRunnerWorker.java:53)
	at org.testng.SuiteRunnerWorker.run(SuiteRunnerWorker.java:87)
	at org.testng.TestNG.runSuitesSequentially(TestNG.java:1188)
	at org.testng.TestNG.runSuitesLocally(TestNG.java:1113)
	at org.testng.TestNG.run(TestNG.java:1025)
	at org.testng.TestNG.privateMain(TestNG.java:1328)
	at org.testng.TestNG.main(TestNG.java:1297)
]]>
    </error>
  </testcase> <!-- test -->
  <testcase name="test" time="0.027" classname="com.letv.ads.util.AutoTest">
    <error type="java.lang.AssertionError" message="[[public-tcl-022]TCL-欢网广告接入方舟022]测试未通过，tracking返回值[error 100004]与期望值[ok]不相等！ expected:&lt;ok&gt; but was:&lt;error 100004&gt;">
      <![CDATA[java.lang.AssertionError: [[public-tcl-022]TCL-欢网广告接入方舟022]测试未通过，tracking返回值[error 100004]与期望值[ok]不相等！ expected:<ok> but was:<error 100004>
	at org.testng.Assert.fail(Assert.java:89)
	at org.testng.Assert.failNotEquals(Assert.java:489)
	at org.testng.Assert.assertEquals(Assert.java:118)
	at org.testng.Assert.assertEquals(Assert.java:171)
	at com.letv.ads.util.AutoTest.test(Unknown Source)
	at sun.reflect.NativeMethodAccessorImpl.invoke0(Native Method)
	at sun.reflect.NativeMethodAccessorImpl.invoke(Unknown Source)
	at sun.reflect.DelegatingMethodAccessorImpl.invoke(Unknown Source)
	at java.lang.reflect.Method.invoke(Unknown Source)
	at org.testng.internal.MethodInvocationHelper.invokeMethod(MethodInvocationHelper.java:80)
	at org.testng.internal.Invoker.invokeMethod(Invoker.java:702)
	at org.testng.internal.Invoker.invokeTestMethod(Invoker.java:894)
	at org.testng.internal.Invoker.invokeTestMethods(Invoker.java:1219)
	at org.testng.internal.TestMethodWorker.invokeTestMethods(TestMethodWorker.java:127)
	at org.testng.internal.TestMethodWorker.run(TestMethodWorker.java:111)
	at org.testng.TestRunner.privateRun(TestRunner.java:768)
	at org.testng.TestRunner.run(TestRunner.java:617)
	at org.testng.SuiteRunner.runTest(SuiteRunner.java:334)
	at org.testng.SuiteRunner.runSequentially(SuiteRunner.java:329)
	at org.testng.SuiteRunner.privateRun(SuiteRunner.java:291)
	at org.testng.SuiteRunner.run(SuiteRunner.java:240)
	at org.testng.SuiteRunnerWorker.runSuite(SuiteRunnerWorker.java:53)
	at org.testng.SuiteRunnerWorker.run(SuiteRunnerWorker.java:87)
	at org.testng.TestNG.runSuitesSequentially(TestNG.java:1188)
	at org.testng.TestNG.runSuitesLocally(TestNG.java:1113)
	at org.testng.TestNG.run(TestNG.java:1025)
	at org.testng.TestNG.privateMain(TestNG.java:1328)
	at org.testng.TestNG.main(TestNG.java:1297)
]]>
    </error>
  </testcase> <!-- test -->
  <testcase name="test" time="1.114" classname="com.letv.ads.util.AutoTest">
    <error type="java.lang.AssertionError" message="[public-sbdx-007]测试未通过，部分字段未通过验证！ expected:&lt;ok&gt; but was:&lt;测试用例：[public-sbdx-007]字段校验失败！-----[/VAST/Ad[@id=&#039;1&#039;]/@order_item_id]的期望值是----1  实际值是----&gt;">
      <![CDATA[java.lang.AssertionError: [public-sbdx-007]测试未通过，部分字段未通过验证！ expected:<ok> but was:<测试用例：[public-sbdx-007]字段校验失败！-----[/VAST/Ad[@id='1']/@order_item_id]的期望值是----1  实际值是---->
	at org.testng.Assert.fail(Assert.java:89)
	at org.testng.Assert.failNotEquals(Assert.java:489)
	at org.testng.Assert.assertEquals(Assert.java:118)
	at org.testng.Assert.assertEquals(Assert.java:171)
	at com.letv.ads.util.AutoTest.test(Unknown Source)
	at sun.reflect.GeneratedMethodAccessor3.invoke(Unknown Source)
	at sun.reflect.DelegatingMethodAccessorImpl.invoke(Unknown Source)
	at java.lang.reflect.Method.invoke(Unknown Source)
	at org.testng.internal.MethodInvocationHelper.invokeMethod(MethodInvocationHelper.java:80)
	at org.testng.internal.Invoker.invokeMethod(Invoker.java:702)
	at org.testng.internal.Invoker.invokeTestMethod(Invoker.java:894)
	at org.testng.internal.Invoker.invokeTestMethods(Invoker.java:1219)
	at org.testng.internal.TestMethodWorker.invokeTestMethods(TestMethodWorker.java:127)
	at org.testng.internal.TestMethodWorker.run(TestMethodWorker.java:111)
	at org.testng.TestRunner.privateRun(TestRunner.java:768)
	at org.testng.TestRunner.run(TestRunner.java:617)
	at org.testng.SuiteRunner.runTest(SuiteRunner.java:334)
	at org.testng.SuiteRunner.runSequentially(SuiteRunner.java:329)
	at org.testng.SuiteRunner.privateRun(SuiteRunner.java:291)
	at org.testng.SuiteRunner.run(SuiteRunner.java:240)
	at org.testng.SuiteRunnerWorker.runSuite(SuiteRunnerWorker.java:53)
	at org.testng.SuiteRunnerWorker.run(SuiteRunnerWorker.java:87)
	at org.testng.TestNG.runSuitesSequentially(TestNG.java:1188)
	at org.testng.TestNG.runSuitesLocally(TestNG.java:1113)
	at org.testng.TestNG.run(TestNG.java:1025)
	at org.testng.TestNG.privateMain(TestNG.java:1328)
	at org.testng.TestNG.main(TestNG.java:1297)
]]>
    </error>
  </testcase> <!-- test -->
  <testcase name="test" time="1.098" classname="com.letv.ads.util.AutoTest"/>
  <testcase name="test" time="1.094" classname="com.letv.ads.util.AutoTest">
    <error type="java.lang.AssertionError" message="[[public-dtsc-066]短视频广告时长动态配置066]测试未通过，部分字段未通过验证！ expected:&lt;ok&gt; but was:&lt;测试用例：[[public-dtsc-066]短视频广告时长动态配置066]字段校验失败！-----[/VAST/Ad[1]/@order_item_id]的期望值是----1  实际值是------[/VAST/Policy/CuePoint[1]/@duration]的期望值是----25  实际值是----1&gt;">
      <![CDATA[java.lang.AssertionError: [[public-dtsc-066]短视频广告时长动态配置066]测试未通过，部分字段未通过验证！ expected:<ok> but was:<测试用例：[[public-dtsc-066]短视频广告时长动态配置066]字段校验失败！-----[/VAST/Ad[1]/@order_item_id]的期望值是----1  实际值是------[/VAST/Policy/CuePoint[1]/@duration]的期望值是----25  实际值是----1>
	at org.testng.Assert.fail(Assert.java:89)
	at org.testng.Assert.failNotEquals(Assert.java:489)
	at org.testng.Assert.assertEquals(Assert.java:118)
	at org.testng.Assert.assertEquals(Assert.java:171)
	at com.letv.ads.util.AutoTest.test(Unknown Source)
	at sun.reflect.GeneratedMethodAccessor3.invoke(Unknown Source)
	at sun.reflect.DelegatingMethodAccessorImpl.invoke(Unknown Source)
	at java.lang.reflect.Method.invoke(Unknown Source)
	at org.testng.internal.MethodInvocationHelper.invokeMethod(MethodInvocationHelper.java:80)
	at org.testng.internal.Invoker.invokeMethod(Invoker.java:702)
	at org.testng.internal.Invoker.invokeTestMethod(Invoker.java:894)
	at org.testng.internal.Invoker.invokeTestMethods(Invoker.java:1219)
	at org.testng.internal.TestMethodWorker.invokeTestMethods(TestMethodWorker.java:127)
	at org.testng.internal.TestMethodWorker.run(TestMethodWorker.java:111)
	at org.testng.TestRunner.privateRun(TestRunner.java:768)
	at org.testng.TestRunner.run(TestRunner.java:617)
	at org.testng.SuiteRunner.runTest(SuiteRunner.java:334)
	at org.testng.SuiteRunner.runSequentially(SuiteRunner.java:329)
	at org.testng.SuiteRunner.privateRun(SuiteRunner.java:291)
	at org.testng.SuiteRunner.run(SuiteRunner.java:240)
	at org.testng.SuiteRunnerWorker.runSuite(SuiteRunnerWorker.java:53)
	at org.testng.SuiteRunnerWorker.run(SuiteRunnerWorker.java:87)
	at org.testng.TestNG.runSuitesSequentially(TestNG.java:1188)
	at org.testng.TestNG.runSuitesLocally(TestNG.java:1113)
	at org.testng.TestNG.run(TestNG.java:1025)
	at org.testng.TestNG.privateMain(TestNG.java:1328)
	at org.testng.TestNG.main(TestNG.java:1297)
]]>
    </error>
  </testcase> <!-- test -->
  <testcase name="test" time="1.108" classname="com.letv.ads.util.AutoTest">
    <error type="java.lang.AssertionError" message="[[public-dtsc-031]短视频广告时长动态配置031]测试未通过，部分字段未通过验证！ expected:&lt;ok&gt; but was:&lt;测试用例：[[public-dtsc-031]短视频广告时长动态配置031]字段校验失败！-----[/VAST/Ad[1]/@order_item_id]的期望值是----1  实际值是------[/VAST/Policy/CuePoint[1]/@duration]的期望值是----15  实际值是----1&gt;">
      <![CDATA[java.lang.AssertionError: [[public-dtsc-031]短视频广告时长动态配置031]测试未通过，部分字段未通过验证！ expected:<ok> but was:<测试用例：[[public-dtsc-031]短视频广告时长动态配置031]字段校验失败！-----[/VAST/Ad[1]/@order_item_id]的期望值是----1  实际值是------[/VAST/Policy/CuePoint[1]/@duration]的期望值是----15  实际值是----1>
	at org.testng.Assert.fail(Assert.java:89)
	at org.testng.Assert.failNotEquals(Assert.java:489)
	at org.testng.Assert.assertEquals(Assert.java:118)
	at org.testng.Assert.assertEquals(Assert.java:171)
	at com.letv.ads.util.AutoTest.test(Unknown Source)
	at sun.reflect.GeneratedMethodAccessor3.invoke(Unknown Source)
	at sun.reflect.DelegatingMethodAccessorImpl.invoke(Unknown Source)
	at java.lang.reflect.Method.invoke(Unknown Source)
	at org.testng.internal.MethodInvocationHelper.invokeMethod(MethodInvocationHelper.java:80)
	at org.testng.internal.Invoker.invokeMethod(Invoker.java:702)
	at org.testng.internal.Invoker.invokeTestMethod(Invoker.java:894)
	at org.testng.internal.Invoker.invokeTestMethods(Invoker.java:1219)
	at org.testng.internal.TestMethodWorker.invokeTestMethods(TestMethodWorker.java:127)
	at org.testng.internal.TestMethodWorker.run(TestMethodWorker.java:111)
	at org.testng.TestRunner.privateRun(TestRunner.java:768)
	at org.testng.TestRunner.run(TestRunner.java:617)
	at org.testng.SuiteRunner.runTest(SuiteRunner.java:334)
	at org.testng.SuiteRunner.runSequentially(SuiteRunner.java:329)
	at org.testng.SuiteRunner.privateRun(SuiteRunner.java:291)
	at org.testng.SuiteRunner.run(SuiteRunner.java:240)
	at org.testng.SuiteRunnerWorker.runSuite(SuiteRunnerWorker.java:53)
	at org.testng.SuiteRunnerWorker.run(SuiteRunnerWorker.java:87)
	at org.testng.TestNG.runSuitesSequentially(TestNG.java:1188)
	at org.testng.TestNG.runSuitesLocally(TestNG.java:1113)
	at org.testng.TestNG.run(TestNG.java:1025)
	at org.testng.TestNG.privateMain(TestNG.java:1328)
	at org.testng.TestNG.main(TestNG.java:1297)
]]>
    </error>
  </testcase> <!-- test -->
  <testcase name="test" time="1.095" classname="com.letv.ads.util.AutoTest">
    <error type="java.lang.AssertionError" message="[[public-tcl-016]TCL-欢网广告接入方舟016]测试未通过，部分字段未通过验证！ expected:&lt;ok&gt; but was:&lt;测试用例：[[public-tcl-016]TCL-欢网广告接入方舟016]字段校验失败！-----[/VAST/@ark]的期望值是----1  实际值是----3--[/VAST/Ad[1]/@order_item_id]的期望值是----1  实际值是------[/VAST/@ark]的期望值是----1  实际值是----3--[/VAST/Ad[1]/@order_item_id]的期望值是----1  实际值是----&gt;">
      <![CDATA[java.lang.AssertionError: [[public-tcl-016]TCL-欢网广告接入方舟016]测试未通过，部分字段未通过验证！ expected:<ok> but was:<测试用例：[[public-tcl-016]TCL-欢网广告接入方舟016]字段校验失败！-----[/VAST/@ark]的期望值是----1  实际值是----3--[/VAST/Ad[1]/@order_item_id]的期望值是----1  实际值是------[/VAST/@ark]的期望值是----1  实际值是----3--[/VAST/Ad[1]/@order_item_id]的期望值是----1  实际值是---->
	at org.testng.Assert.fail(Assert.java:89)
	at org.testng.Assert.failNotEquals(Assert.java:489)
	at org.testng.Assert.assertEquals(Assert.java:118)
	at org.testng.Assert.assertEquals(Assert.java:171)
	at com.letv.ads.util.AutoTest.test(Unknown Source)
	at sun.reflect.GeneratedMethodAccessor3.invoke(Unknown Source)
	at sun.reflect.DelegatingMethodAccessorImpl.invoke(Unknown Source)
	at java.lang.reflect.Method.invoke(Unknown Source)
	at org.testng.internal.MethodInvocationHelper.invokeMethod(MethodInvocationHelper.java:80)
	at org.testng.internal.Invoker.invokeMethod(Invoker.java:702)
	at org.testng.internal.Invoker.invokeTestMethod(Invoker.java:894)
	at org.testng.internal.Invoker.invokeTestMethods(Invoker.java:1219)
	at org.testng.internal.TestMethodWorker.invokeTestMethods(TestMethodWorker.java:127)
	at org.testng.internal.TestMethodWorker.run(TestMethodWorker.java:111)
	at org.testng.TestRunner.privateRun(TestRunner.java:768)
	at org.testng.TestRunner.run(TestRunner.java:617)
	at org.testng.SuiteRunner.runTest(SuiteRunner.java:334)
	at org.testng.SuiteRunner.runSequentially(SuiteRunner.java:329)
	at org.testng.SuiteRunner.privateRun(SuiteRunner.java:291)
	at org.testng.SuiteRunner.run(SuiteRunner.java:240)
	at org.testng.SuiteRunnerWorker.runSuite(SuiteRunnerWorker.java:53)
	at org.testng.SuiteRunnerWorker.run(SuiteRunnerWorker.java:87)
	at org.testng.TestNG.runSuitesSequentially(TestNG.java:1188)
	at org.testng.TestNG.runSuitesLocally(TestNG.java:1113)
	at org.testng.TestNG.run(TestNG.java:1025)
	at org.testng.TestNG.privateMain(TestNG.java:1328)
	at org.testng.TestNG.main(TestNG.java:1297)
]]>
    </error>
  </testcase> <!-- test -->
  <testcase name="test" time="1.076" classname="com.letv.ads.util.AutoTest">
    <error type="java.lang.AssertionError" message="[[public-dtsc-053]短视频广告时长动态配置053]测试未通过，部分字段未通过验证！ expected:&lt;ok&gt; but was:&lt;测试用例：[[public-dtsc-053]短视频广告时长动态配置053]字段校验失败！-----[/VAST/Ad[1]/@order_item_id]的期望值是----1  实际值是------[/VAST/Policy/CuePoint[1]/@duration]的期望值是----30  实际值是----1&gt;">
      <![CDATA[java.lang.AssertionError: [[public-dtsc-053]短视频广告时长动态配置053]测试未通过，部分字段未通过验证！ expected:<ok> but was:<测试用例：[[public-dtsc-053]短视频广告时长动态配置053]字段校验失败！-----[/VAST/Ad[1]/@order_item_id]的期望值是----1  实际值是------[/VAST/Policy/CuePoint[1]/@duration]的期望值是----30  实际值是----1>
	at org.testng.Assert.fail(Assert.java:89)
	at org.testng.Assert.failNotEquals(Assert.java:489)
	at org.testng.Assert.assertEquals(Assert.java:118)
	at org.testng.Assert.assertEquals(Assert.java:171)
	at com.letv.ads.util.AutoTest.test(Unknown Source)
	at sun.reflect.GeneratedMethodAccessor3.invoke(Unknown Source)
	at sun.reflect.DelegatingMethodAccessorImpl.invoke(Unknown Source)
	at java.lang.reflect.Method.invoke(Unknown Source)
	at org.testng.internal.MethodInvocationHelper.invokeMethod(MethodInvocationHelper.java:80)
	at org.testng.internal.Invoker.invokeMethod(Invoker.java:702)
	at org.testng.internal.Invoker.invokeTestMethod(Invoker.java:894)
	at org.testng.internal.Invoker.invokeTestMethods(Invoker.java:1219)
	at org.testng.internal.TestMethodWorker.invokeTestMethods(TestMethodWorker.java:127)
	at org.testng.internal.TestMethodWorker.run(TestMethodWorker.java:111)
	at org.testng.TestRunner.privateRun(TestRunner.java:768)
	at org.testng.TestRunner.run(TestRunner.java:617)
	at org.testng.SuiteRunner.runTest(SuiteRunner.java:334)
	at org.testng.SuiteRunner.runSequentially(SuiteRunner.java:329)
	at org.testng.SuiteRunner.privateRun(SuiteRunner.java:291)
	at org.testng.SuiteRunner.run(SuiteRunner.java:240)
	at org.testng.SuiteRunnerWorker.runSuite(SuiteRunnerWorker.java:53)
	at org.testng.SuiteRunnerWorker.run(SuiteRunnerWorker.java:87)
	at org.testng.TestNG.runSuitesSequentially(TestNG.java:1188)
	at org.testng.TestNG.runSuitesLocally(TestNG.java:1113)
	at org.testng.TestNG.run(TestNG.java:1025)
	at org.testng.TestNG.privateMain(TestNG.java:1328)
	at org.testng.TestNG.main(TestNG.java:1297)
]]>
    </error>
  </testcase> <!-- test -->
  <testcase name="test" time="0.031" classname="com.letv.ads.util.AutoTest"/>
  <testcase name="test" time="1.062" classname="com.letv.ads.util.AutoTest">
    <error type="java.lang.AssertionError" message="[[public-pbgg-006]屏保广告006]测试未通过，部分字段未通过验证！ expected:&lt;ok&gt; but was:&lt;测试用例：[[public-pbgg-006]屏保广告006]字段校验失败！-----[/VAST/Ad[1]/@order_item_id]的期望值是----1  实际值是------[/VAST/Policy/CuePoint[1]/@id]的期望值是----1  实际值是----4368--[/VAST/Policy/CuePoint[2]/@id]的期望值是----2  实际值是----4369&gt;">
      <![CDATA[java.lang.AssertionError: [[public-pbgg-006]屏保广告006]测试未通过，部分字段未通过验证！ expected:<ok> but was:<测试用例：[[public-pbgg-006]屏保广告006]字段校验失败！-----[/VAST/Ad[1]/@order_item_id]的期望值是----1  实际值是------[/VAST/Policy/CuePoint[1]/@id]的期望值是----1  实际值是----4368--[/VAST/Policy/CuePoint[2]/@id]的期望值是----2  实际值是----4369>
	at org.testng.Assert.fail(Assert.java:89)
	at org.testng.Assert.failNotEquals(Assert.java:489)
	at org.testng.Assert.assertEquals(Assert.java:118)
	at org.testng.Assert.assertEquals(Assert.java:171)
	at com.letv.ads.util.AutoTest.test(Unknown Source)
	at sun.reflect.GeneratedMethodAccessor3.invoke(Unknown Source)
	at sun.reflect.DelegatingMethodAccessorImpl.invoke(Unknown Source)
	at java.lang.reflect.Method.invoke(Unknown Source)
	at org.testng.internal.MethodInvocationHelper.invokeMethod(MethodInvocationHelper.java:80)
	at org.testng.internal.Invoker.invokeMethod(Invoker.java:702)
	at org.testng.internal.Invoker.invokeTestMethod(Invoker.java:894)
	at org.testng.internal.Invoker.invokeTestMethods(Invoker.java:1219)
	at org.testng.internal.TestMethodWorker.invokeTestMethods(TestMethodWorker.java:127)
	at org.testng.internal.TestMethodWorker.run(TestMethodWorker.java:111)
	at org.testng.TestRunner.privateRun(TestRunner.java:768)
	at org.testng.TestRunner.run(TestRunner.java:617)
	at org.testng.SuiteRunner.runTest(SuiteRunner.java:334)
	at org.testng.SuiteRunner.runSequentially(SuiteRunner.java:329)
	at org.testng.SuiteRunner.privateRun(SuiteRunner.java:291)
	at org.testng.SuiteRunner.run(SuiteRunner.java:240)
	at org.testng.SuiteRunnerWorker.runSuite(SuiteRunnerWorker.java:53)
	at org.testng.SuiteRunnerWorker.run(SuiteRunnerWorker.java:87)
	at org.testng.TestNG.runSuitesSequentially(TestNG.java:1188)
	at org.testng.TestNG.runSuitesLocally(TestNG.java:1113)
	at org.testng.TestNG.run(TestNG.java:1025)
	at org.testng.TestNG.privateMain(TestNG.java:1328)
	at org.testng.TestNG.main(TestNG.java:1297)
]]>
    </error>
  </testcase> <!-- test -->
  <testcase name="test" time="1.077" classname="com.letv.ads.util.AutoTest">
    <error type="java.lang.AssertionError" message="[[public-kjgg-003]开机广告003]测试未通过，部分字段未通过验证！ expected:&lt;ok&gt; but was:&lt;测试用例：[[public-kjgg-003]开机广告003]字段校验失败！-----[/VAST/Ad[1]/@order_item_id]的期望值是----1  实际值是------[/VAST/Policy/CuePoint/@id]的期望值是----1  实际值是----4368&gt;">
      <![CDATA[java.lang.AssertionError: [[public-kjgg-003]开机广告003]测试未通过，部分字段未通过验证！ expected:<ok> but was:<测试用例：[[public-kjgg-003]开机广告003]字段校验失败！-----[/VAST/Ad[1]/@order_item_id]的期望值是----1  实际值是------[/VAST/Policy/CuePoint/@id]的期望值是----1  实际值是----4368>
	at org.testng.Assert.fail(Assert.java:89)
	at org.testng.Assert.failNotEquals(Assert.java:489)
	at org.testng.Assert.assertEquals(Assert.java:118)
	at org.testng.Assert.assertEquals(Assert.java:171)
	at com.letv.ads.util.AutoTest.test(Unknown Source)
	at sun.reflect.GeneratedMethodAccessor3.invoke(Unknown Source)
	at sun.reflect.DelegatingMethodAccessorImpl.invoke(Unknown Source)
	at java.lang.reflect.Method.invoke(Unknown Source)
	at org.testng.internal.MethodInvocationHelper.invokeMethod(MethodInvocationHelper.java:80)
	at org.testng.internal.Invoker.invokeMethod(Invoker.java:702)
	at org.testng.internal.Invoker.invokeTestMethod(Invoker.java:894)
	at org.testng.internal.Invoker.invokeTestMethods(Invoker.java:1219)
	at org.testng.internal.TestMethodWorker.invokeTestMethods(TestMethodWorker.java:127)
	at org.testng.internal.TestMethodWorker.run(TestMethodWorker.java:111)
	at org.testng.TestRunner.privateRun(TestRunner.java:768)
	at org.testng.TestRunner.run(TestRunner.java:617)
	at org.testng.SuiteRunner.runTest(SuiteRunner.java:334)
	at org.testng.SuiteRunner.runSequentially(SuiteRunner.java:329)
	at org.testng.SuiteRunner.privateRun(SuiteRunner.java:291)
	at org.testng.SuiteRunner.run(SuiteRunner.java:240)
	at org.testng.SuiteRunnerWorker.runSuite(SuiteRunnerWorker.java:53)
	at org.testng.SuiteRunnerWorker.run(SuiteRunnerWorker.java:87)
	at org.testng.TestNG.runSuitesSequentially(TestNG.java:1188)
	at org.testng.TestNG.runSuitesLocally(TestNG.java:1113)
	at org.testng.TestNG.run(TestNG.java:1025)
	at org.testng.TestNG.privateMain(TestNG.java:1328)
	at org.testng.TestNG.main(TestNG.java:1297)
]]>
    </error>
  </testcase> <!-- test -->
  <testcase name="test" time="1.033" classname="com.letv.ads.util.AutoTest"/>
  <testcase name="test" time="1.056" classname="com.letv.ads.util.AutoTest">
    <error type="java.lang.AssertionError" message="[[public-pbgg-018]屏保广告018]测试未通过，部分字段未通过验证！ expected:&lt;ok&gt; but was:&lt;测试用例：[[public-pbgg-018]屏保广告018]字段校验失败！-----[/VAST/Ad[1]/@order_item_id]的期望值是----1  实际值是----&gt;">
      <![CDATA[java.lang.AssertionError: [[public-pbgg-018]屏保广告018]测试未通过，部分字段未通过验证！ expected:<ok> but was:<测试用例：[[public-pbgg-018]屏保广告018]字段校验失败！-----[/VAST/Ad[1]/@order_item_id]的期望值是----1  实际值是---->
	at org.testng.Assert.fail(Assert.java:89)
	at org.testng.Assert.failNotEquals(Assert.java:489)
	at org.testng.Assert.assertEquals(Assert.java:118)
	at org.testng.Assert.assertEquals(Assert.java:171)
	at com.letv.ads.util.AutoTest.test(Unknown Source)
	at sun.reflect.GeneratedMethodAccessor3.invoke(Unknown Source)
	at sun.reflect.DelegatingMethodAccessorImpl.invoke(Unknown Source)
	at java.lang.reflect.Method.invoke(Unknown Source)
	at org.testng.internal.MethodInvocationHelper.invokeMethod(MethodInvocationHelper.java:80)
	at org.testng.internal.Invoker.invokeMethod(Invoker.java:702)
	at org.testng.internal.Invoker.invokeTestMethod(Invoker.java:894)
	at org.testng.internal.Invoker.invokeTestMethods(Invoker.java:1219)
	at org.testng.internal.TestMethodWorker.invokeTestMethods(TestMethodWorker.java:127)
	at org.testng.internal.TestMethodWorker.run(TestMethodWorker.java:111)
	at org.testng.TestRunner.privateRun(TestRunner.java:768)
	at org.testng.TestRunner.run(TestRunner.java:617)
	at org.testng.SuiteRunner.runTest(SuiteRunner.java:334)
	at org.testng.SuiteRunner.runSequentially(SuiteRunner.java:329)
	at org.testng.SuiteRunner.privateRun(SuiteRunner.java:291)
	at org.testng.SuiteRunner.run(SuiteRunner.java:240)
	at org.testng.SuiteRunnerWorker.runSuite(SuiteRunnerWorker.java:53)
	at org.testng.SuiteRunnerWorker.run(SuiteRunnerWorker.java:87)
	at org.testng.TestNG.runSuitesSequentially(TestNG.java:1188)
	at org.testng.TestNG.runSuitesLocally(TestNG.java:1113)
	at org.testng.TestNG.run(TestNG.java:1025)
	at org.testng.TestNG.privateMain(TestNG.java:1328)
	at org.testng.TestNG.main(TestNG.java:1297)
]]>
    </error>
  </testcase> <!-- test -->
  <testcase name="test" time="1.050" classname="com.letv.ads.util.AutoTest">
    <error type="java.lang.AssertionError" message="[public-sbdx-002]测试未通过，部分字段未通过验证！ expected:&lt;ok&gt; but was:&lt;测试用例：[public-sbdx-002]字段校验失败！-----[/VAST/Ad[@id=&#039;1&#039;]/@order_item_id]的期望值是----1  实际值是----&gt;">
      <![CDATA[java.lang.AssertionError: [public-sbdx-002]测试未通过，部分字段未通过验证！ expected:<ok> but was:<测试用例：[public-sbdx-002]字段校验失败！-----[/VAST/Ad[@id='1']/@order_item_id]的期望值是----1  实际值是---->
	at org.testng.Assert.fail(Assert.java:89)
	at org.testng.Assert.failNotEquals(Assert.java:489)
	at org.testng.Assert.assertEquals(Assert.java:118)
	at org.testng.Assert.assertEquals(Assert.java:171)
	at com.letv.ads.util.AutoTest.test(Unknown Source)
	at sun.reflect.NativeMethodAccessorImpl.invoke0(Native Method)
	at sun.reflect.NativeMethodAccessorImpl.invoke(Unknown Source)
	at sun.reflect.DelegatingMethodAccessorImpl.invoke(Unknown Source)
	at java.lang.reflect.Method.invoke(Unknown Source)
	at org.testng.internal.MethodInvocationHelper.invokeMethod(MethodInvocationHelper.java:80)
	at org.testng.internal.Invoker.invokeMethod(Invoker.java:702)
	at org.testng.internal.Invoker.invokeTestMethod(Invoker.java:894)
	at org.testng.internal.Invoker.invokeTestMethods(Invoker.java:1219)
	at org.testng.internal.TestMethodWorker.invokeTestMethods(TestMethodWorker.java:127)
	at org.testng.internal.TestMethodWorker.run(TestMethodWorker.java:111)
	at org.testng.TestRunner.privateRun(TestRunner.java:768)
	at org.testng.TestRunner.run(TestRunner.java:617)
	at org.testng.SuiteRunner.runTest(SuiteRunner.java:334)
	at org.testng.SuiteRunner.runSequentially(SuiteRunner.java:329)
	at org.testng.SuiteRunner.privateRun(SuiteRunner.java:291)
	at org.testng.SuiteRunner.run(SuiteRunner.java:240)
	at org.testng.SuiteRunnerWorker.runSuite(SuiteRunnerWorker.java:53)
	at org.testng.SuiteRunnerWorker.run(SuiteRunnerWorker.java:87)
	at org.testng.TestNG.runSuitesSequentially(TestNG.java:1188)
	at org.testng.TestNG.runSuitesLocally(TestNG.java:1113)
	at org.testng.TestNG.run(TestNG.java:1025)
	at org.testng.TestNG.privateMain(TestNG.java:1328)
	at org.testng.TestNG.main(TestNG.java:1297)
]]>
    </error>
  </testcase> <!-- test -->
  <testcase name="test" time="1.060" classname="com.letv.ads.util.AutoTest">
    <error type="java.lang.AssertionError" message="[[public-dtsc-055]短视频广告时长动态配置055]测试未通过，部分字段未通过验证！ expected:&lt;ok&gt; but was:&lt;测试用例：[[public-dtsc-055]短视频广告时长动态配置055]字段校验失败！-----[/VAST/Ad[1]/@order_item_id]的期望值是----1  实际值是------[/VAST/Policy/CuePoint[1]/@duration]的期望值是----45  实际值是----1&gt;">
      <![CDATA[java.lang.AssertionError: [[public-dtsc-055]短视频广告时长动态配置055]测试未通过，部分字段未通过验证！ expected:<ok> but was:<测试用例：[[public-dtsc-055]短视频广告时长动态配置055]字段校验失败！-----[/VAST/Ad[1]/@order_item_id]的期望值是----1  实际值是------[/VAST/Policy/CuePoint[1]/@duration]的期望值是----45  实际值是----1>
	at org.testng.Assert.fail(Assert.java:89)
	at org.testng.Assert.failNotEquals(Assert.java:489)
	at org.testng.Assert.assertEquals(Assert.java:118)
	at org.testng.Assert.assertEquals(Assert.java:171)
	at com.letv.ads.util.AutoTest.test(Unknown Source)
	at sun.reflect.GeneratedMethodAccessor3.invoke(Unknown Source)
	at sun.reflect.DelegatingMethodAccessorImpl.invoke(Unknown Source)
	at java.lang.reflect.Method.invoke(Unknown Source)
	at org.testng.internal.MethodInvocationHelper.invokeMethod(MethodInvocationHelper.java:80)
	at org.testng.internal.Invoker.invokeMethod(Invoker.java:702)
	at org.testng.internal.Invoker.invokeTestMethod(Invoker.java:894)
	at org.testng.internal.Invoker.invokeTestMethods(Invoker.java:1219)
	at org.testng.internal.TestMethodWorker.invokeTestMethods(TestMethodWorker.java:127)
	at org.testng.internal.TestMethodWorker.run(TestMethodWorker.java:111)
	at org.testng.TestRunner.privateRun(TestRunner.java:768)
	at org.testng.TestRunner.run(TestRunner.java:617)
	at org.testng.SuiteRunner.runTest(SuiteRunner.java:334)
	at org.testng.SuiteRunner.runSequentially(SuiteRunner.java:329)
	at org.testng.SuiteRunner.privateRun(SuiteRunner.java:291)
	at org.testng.SuiteRunner.run(SuiteRunner.java:240)
	at org.testng.SuiteRunnerWorker.runSuite(SuiteRunnerWorker.java:53)
	at org.testng.SuiteRunnerWorker.run(SuiteRunnerWorker.java:87)
	at org.testng.TestNG.runSuitesSequentially(TestNG.java:1188)
	at org.testng.TestNG.runSuitesLocally(TestNG.java:1113)
	at org.testng.TestNG.run(TestNG.java:1025)
	at org.testng.TestNG.privateMain(TestNG.java:1328)
	at org.testng.TestNG.main(TestNG.java:1297)
]]>
    </error>
  </testcase> <!-- test -->
  <testcase name="test" time="1.076" classname="com.letv.ads.util.AutoTest">
    <error type="java.lang.AssertionError" message="[[public-tcl-001]TCL-欢网广告接入方舟001]测试未通过，部分字段未通过验证！ expected:&lt;ok&gt; but was:&lt;测试用例：[[public-tcl-001]TCL-欢网广告接入方舟001]字段校验失败！-----[/VAST/@ark]的期望值是----1  实际值是----2&gt;">
      <![CDATA[java.lang.AssertionError: [[public-tcl-001]TCL-欢网广告接入方舟001]测试未通过，部分字段未通过验证！ expected:<ok> but was:<测试用例：[[public-tcl-001]TCL-欢网广告接入方舟001]字段校验失败！-----[/VAST/@ark]的期望值是----1  实际值是----2>
	at org.testng.Assert.fail(Assert.java:89)
	at org.testng.Assert.failNotEquals(Assert.java:489)
	at org.testng.Assert.assertEquals(Assert.java:118)
	at org.testng.Assert.assertEquals(Assert.java:171)
	at com.letv.ads.util.AutoTest.test(Unknown Source)
	at sun.reflect.GeneratedMethodAccessor3.invoke(Unknown Source)
	at sun.reflect.DelegatingMethodAccessorImpl.invoke(Unknown Source)
	at java.lang.reflect.Method.invoke(Unknown Source)
	at org.testng.internal.MethodInvocationHelper.invokeMethod(MethodInvocationHelper.java:80)
	at org.testng.internal.Invoker.invokeMethod(Invoker.java:702)
	at org.testng.internal.Invoker.invokeTestMethod(Invoker.java:894)
	at org.testng.internal.Invoker.invokeTestMethods(Invoker.java:1219)
	at org.testng.internal.TestMethodWorker.invokeTestMethods(TestMethodWorker.java:127)
	at org.testng.internal.TestMethodWorker.run(TestMethodWorker.java:111)
	at org.testng.TestRunner.privateRun(TestRunner.java:768)
	at org.testng.TestRunner.run(TestRunner.java:617)
	at org.testng.SuiteRunner.runTest(SuiteRunner.java:334)
	at org.testng.SuiteRunner.runSequentially(SuiteRunner.java:329)
	at org.testng.SuiteRunner.privateRun(SuiteRunner.java:291)
	at org.testng.SuiteRunner.run(SuiteRunner.java:240)
	at org.testng.SuiteRunnerWorker.runSuite(SuiteRunnerWorker.java:53)
	at org.testng.SuiteRunnerWorker.run(SuiteRunnerWorker.java:87)
	at org.testng.TestNG.runSuitesSequentially(TestNG.java:1188)
	at org.testng.TestNG.runSuitesLocally(TestNG.java:1113)
	at org.testng.TestNG.run(TestNG.java:1025)
	at org.testng.TestNG.privateMain(TestNG.java:1328)
	at org.testng.TestNG.main(TestNG.java:1297)
]]>
    </error>
  </testcase> <!-- test -->
  <testcase name="test" time="1.076" classname="com.letv.ads.util.AutoTest">
    <error type="java.lang.AssertionError" message="[[public-dtsc-050]短视频广告时长动态配置050]测试未通过，部分字段未通过验证！ expected:&lt;ok&gt; but was:&lt;测试用例：[[public-dtsc-050]短视频广告时长动态配置050]字段校验失败！-----[/VAST/Ad[1]/@order_item_id]的期望值是----1  实际值是------[/VAST/Policy/CuePoint[1]/@duration]的期望值是----15  实际值是----1&gt;">
      <![CDATA[java.lang.AssertionError: [[public-dtsc-050]短视频广告时长动态配置050]测试未通过，部分字段未通过验证！ expected:<ok> but was:<测试用例：[[public-dtsc-050]短视频广告时长动态配置050]字段校验失败！-----[/VAST/Ad[1]/@order_item_id]的期望值是----1  实际值是------[/VAST/Policy/CuePoint[1]/@duration]的期望值是----15  实际值是----1>
	at org.testng.Assert.fail(Assert.java:89)
	at org.testng.Assert.failNotEquals(Assert.java:489)
	at org.testng.Assert.assertEquals(Assert.java:118)
	at org.testng.Assert.assertEquals(Assert.java:171)
	at com.letv.ads.util.AutoTest.test(Unknown Source)
	at sun.reflect.GeneratedMethodAccessor3.invoke(Unknown Source)
	at sun.reflect.DelegatingMethodAccessorImpl.invoke(Unknown Source)
	at java.lang.reflect.Method.invoke(Unknown Source)
	at org.testng.internal.MethodInvocationHelper.invokeMethod(MethodInvocationHelper.java:80)
	at org.testng.internal.Invoker.invokeMethod(Invoker.java:702)
	at org.testng.internal.Invoker.invokeTestMethod(Invoker.java:894)
	at org.testng.internal.Invoker.invokeTestMethods(Invoker.java:1219)
	at org.testng.internal.TestMethodWorker.invokeTestMethods(TestMethodWorker.java:127)
	at org.testng.internal.TestMethodWorker.run(TestMethodWorker.java:111)
	at org.testng.TestRunner.privateRun(TestRunner.java:768)
	at org.testng.TestRunner.run(TestRunner.java:617)
	at org.testng.SuiteRunner.runTest(SuiteRunner.java:334)
	at org.testng.SuiteRunner.runSequentially(SuiteRunner.java:329)
	at org.testng.SuiteRunner.privateRun(SuiteRunner.java:291)
	at org.testng.SuiteRunner.run(SuiteRunner.java:240)
	at org.testng.SuiteRunnerWorker.runSuite(SuiteRunnerWorker.java:53)
	at org.testng.SuiteRunnerWorker.run(SuiteRunnerWorker.java:87)
	at org.testng.TestNG.runSuitesSequentially(TestNG.java:1188)
	at org.testng.TestNG.runSuitesLocally(TestNG.java:1113)
	at org.testng.TestNG.run(TestNG.java:1025)
	at org.testng.TestNG.privateMain(TestNG.java:1328)
	at org.testng.TestNG.main(TestNG.java:1297)
]]>
    </error>
  </testcase> <!-- test -->
  <testcase name="test" time="1.061" classname="com.letv.ads.util.AutoTest"/>
  <testcase name="test" time="1.092" classname="com.letv.ads.util.AutoTest">
    <error type="java.lang.AssertionError" message="[[public-dtsc-046]短视频广告时长动态配置046]测试未通过，部分字段未通过验证！ expected:&lt;ok&gt; but was:&lt;测试用例：[[public-dtsc-046]短视频广告时长动态配置046]字段校验失败！-----[/VAST/Ad[1]/@order_item_id]的期望值是----1  实际值是------[/VAST/Policy/CuePoint[1]/@duration]的期望值是----30  实际值是----1&gt;">
      <![CDATA[java.lang.AssertionError: [[public-dtsc-046]短视频广告时长动态配置046]测试未通过，部分字段未通过验证！ expected:<ok> but was:<测试用例：[[public-dtsc-046]短视频广告时长动态配置046]字段校验失败！-----[/VAST/Ad[1]/@order_item_id]的期望值是----1  实际值是------[/VAST/Policy/CuePoint[1]/@duration]的期望值是----30  实际值是----1>
	at org.testng.Assert.fail(Assert.java:89)
	at org.testng.Assert.failNotEquals(Assert.java:489)
	at org.testng.Assert.assertEquals(Assert.java:118)
	at org.testng.Assert.assertEquals(Assert.java:171)
	at com.letv.ads.util.AutoTest.test(Unknown Source)
	at sun.reflect.GeneratedMethodAccessor3.invoke(Unknown Source)
	at sun.reflect.DelegatingMethodAccessorImpl.invoke(Unknown Source)
	at java.lang.reflect.Method.invoke(Unknown Source)
	at org.testng.internal.MethodInvocationHelper.invokeMethod(MethodInvocationHelper.java:80)
	at org.testng.internal.Invoker.invokeMethod(Invoker.java:702)
	at org.testng.internal.Invoker.invokeTestMethod(Invoker.java:894)
	at org.testng.internal.Invoker.invokeTestMethods(Invoker.java:1219)
	at org.testng.internal.TestMethodWorker.invokeTestMethods(TestMethodWorker.java:127)
	at org.testng.internal.TestMethodWorker.run(TestMethodWorker.java:111)
	at org.testng.TestRunner.privateRun(TestRunner.java:768)
	at org.testng.TestRunner.run(TestRunner.java:617)
	at org.testng.SuiteRunner.runTest(SuiteRunner.java:334)
	at org.testng.SuiteRunner.runSequentially(SuiteRunner.java:329)
	at org.testng.SuiteRunner.privateRun(SuiteRunner.java:291)
	at org.testng.SuiteRunner.run(SuiteRunner.java:240)
	at org.testng.SuiteRunnerWorker.runSuite(SuiteRunnerWorker.java:53)
	at org.testng.SuiteRunnerWorker.run(SuiteRunnerWorker.java:87)
	at org.testng.TestNG.runSuitesSequentially(TestNG.java:1188)
	at org.testng.TestNG.runSuitesLocally(TestNG.java:1113)
	at org.testng.TestNG.run(TestNG.java:1025)
	at org.testng.TestNG.privateMain(TestNG.java:1328)
	at org.testng.TestNG.main(TestNG.java:1297)
]]>
    </error>
  </testcase> <!-- test -->
  <testcase name="test" time="1.046" classname="com.letv.ads.util.AutoTest">
    <error type="java.lang.AssertionError" message="[[public-dtsc-036]短视频广告时长动态配置036]测试未通过，部分字段未通过验证！ expected:&lt;ok&gt; but was:&lt;测试用例：[[public-dtsc-036]短视频广告时长动态配置036]字段校验失败！-----[/VAST/Ad[1]/@order_item_id]的期望值是----1  实际值是------[/VAST/Policy/CuePoint[1]/@duration]的期望值是----15  实际值是----1&gt;">
      <![CDATA[java.lang.AssertionError: [[public-dtsc-036]短视频广告时长动态配置036]测试未通过，部分字段未通过验证！ expected:<ok> but was:<测试用例：[[public-dtsc-036]短视频广告时长动态配置036]字段校验失败！-----[/VAST/Ad[1]/@order_item_id]的期望值是----1  实际值是------[/VAST/Policy/CuePoint[1]/@duration]的期望值是----15  实际值是----1>
	at org.testng.Assert.fail(Assert.java:89)
	at org.testng.Assert.failNotEquals(Assert.java:489)
	at org.testng.Assert.assertEquals(Assert.java:118)
	at org.testng.Assert.assertEquals(Assert.java:171)
	at com.letv.ads.util.AutoTest.test(Unknown Source)
	at sun.reflect.GeneratedMethodAccessor3.invoke(Unknown Source)
	at sun.reflect.DelegatingMethodAccessorImpl.invoke(Unknown Source)
	at java.lang.reflect.Method.invoke(Unknown Source)
	at org.testng.internal.MethodInvocationHelper.invokeMethod(MethodInvocationHelper.java:80)
	at org.testng.internal.Invoker.invokeMethod(Invoker.java:702)
	at org.testng.internal.Invoker.invokeTestMethod(Invoker.java:894)
	at org.testng.internal.Invoker.invokeTestMethods(Invoker.java:1219)
	at org.testng.internal.TestMethodWorker.invokeTestMethods(TestMethodWorker.java:127)
	at org.testng.internal.TestMethodWorker.run(TestMethodWorker.java:111)
	at org.testng.TestRunner.privateRun(TestRunner.java:768)
	at org.testng.TestRunner.run(TestRunner.java:617)
	at org.testng.SuiteRunner.runTest(SuiteRunner.java:334)
	at org.testng.SuiteRunner.runSequentially(SuiteRunner.java:329)
	at org.testng.SuiteRunner.privateRun(SuiteRunner.java:291)
	at org.testng.SuiteRunner.run(SuiteRunner.java:240)
	at org.testng.SuiteRunnerWorker.runSuite(SuiteRunnerWorker.java:53)
	at org.testng.SuiteRunnerWorker.run(SuiteRunnerWorker.java:87)
	at org.testng.TestNG.runSuitesSequentially(TestNG.java:1188)
	at org.testng.TestNG.runSuitesLocally(TestNG.java:1113)
	at org.testng.TestNG.run(TestNG.java:1025)
	at org.testng.TestNG.privateMain(TestNG.java:1328)
	at org.testng.TestNG.main(TestNG.java:1297)
]]>
    </error>
  </testcase> <!-- test -->
  <testcase name="test" time="1.033" classname="com.letv.ads.util.AutoTest">
    <error type="java.lang.AssertionError" message="[[public-dtsc-008]短视频广告时长动态配置008]测试未通过，部分字段未通过验证！ expected:&lt;ok&gt; but was:&lt;测试用例：[[public-dtsc-008]短视频广告时长动态配置008]字段校验失败！-----[/VAST/Ad[1]/@order_item_id]的期望值是----1  实际值是------[/VAST/Policy/CuePoint[1]/@duration]的期望值是----25  实际值是----1&gt;">
      <![CDATA[java.lang.AssertionError: [[public-dtsc-008]短视频广告时长动态配置008]测试未通过，部分字段未通过验证！ expected:<ok> but was:<测试用例：[[public-dtsc-008]短视频广告时长动态配置008]字段校验失败！-----[/VAST/Ad[1]/@order_item_id]的期望值是----1  实际值是------[/VAST/Policy/CuePoint[1]/@duration]的期望值是----25  实际值是----1>
	at org.testng.Assert.fail(Assert.java:89)
	at org.testng.Assert.failNotEquals(Assert.java:489)
	at org.testng.Assert.assertEquals(Assert.java:118)
	at org.testng.Assert.assertEquals(Assert.java:171)
	at com.letv.ads.util.AutoTest.test(Unknown Source)
	at sun.reflect.GeneratedMethodAccessor3.invoke(Unknown Source)
	at sun.reflect.DelegatingMethodAccessorImpl.invoke(Unknown Source)
	at java.lang.reflect.Method.invoke(Unknown Source)
	at org.testng.internal.MethodInvocationHelper.invokeMethod(MethodInvocationHelper.java:80)
	at org.testng.internal.Invoker.invokeMethod(Invoker.java:702)
	at org.testng.internal.Invoker.invokeTestMethod(Invoker.java:894)
	at org.testng.internal.Invoker.invokeTestMethods(Invoker.java:1219)
	at org.testng.internal.TestMethodWorker.invokeTestMethods(TestMethodWorker.java:127)
	at org.testng.internal.TestMethodWorker.run(TestMethodWorker.java:111)
	at org.testng.TestRunner.privateRun(TestRunner.java:768)
	at org.testng.TestRunner.run(TestRunner.java:617)
	at org.testng.SuiteRunner.runTest(SuiteRunner.java:334)
	at org.testng.SuiteRunner.runSequentially(SuiteRunner.java:329)
	at org.testng.SuiteRunner.privateRun(SuiteRunner.java:291)
	at org.testng.SuiteRunner.run(SuiteRunner.java:240)
	at org.testng.SuiteRunnerWorker.runSuite(SuiteRunnerWorker.java:53)
	at org.testng.SuiteRunnerWorker.run(SuiteRunnerWorker.java:87)
	at org.testng.TestNG.runSuitesSequentially(TestNG.java:1188)
	at org.testng.TestNG.runSuitesLocally(TestNG.java:1113)
	at org.testng.TestNG.run(TestNG.java:1025)
	at org.testng.TestNG.privateMain(TestNG.java:1328)
	at org.testng.TestNG.main(TestNG.java:1297)
]]>
    </error>
  </testcase> <!-- test -->
  <testcase name="test" time="1.076" classname="com.letv.ads.util.AutoTest">
    <error type="java.lang.AssertionError" message="[[public-pbgg-008]屏保广告008]测试未通过，部分字段未通过验证！ expected:&lt;ok&gt; but was:&lt;测试用例：[[public-pbgg-008]屏保广告008]字段校验失败！-----[/VAST/Ad[1]/@order_item_id]的期望值是----1  实际值是------[/VAST/Policy/CuePoint[1]/@id]的期望值是----1  实际值是----4368--[/VAST/Policy/CuePoint[2]/@id]的期望值是----2  实际值是----4369&gt;">
      <![CDATA[java.lang.AssertionError: [[public-pbgg-008]屏保广告008]测试未通过，部分字段未通过验证！ expected:<ok> but was:<测试用例：[[public-pbgg-008]屏保广告008]字段校验失败！-----[/VAST/Ad[1]/@order_item_id]的期望值是----1  实际值是------[/VAST/Policy/CuePoint[1]/@id]的期望值是----1  实际值是----4368--[/VAST/Policy/CuePoint[2]/@id]的期望值是----2  实际值是----4369>
	at org.testng.Assert.fail(Assert.java:89)
	at org.testng.Assert.failNotEquals(Assert.java:489)
	at org.testng.Assert.assertEquals(Assert.java:118)
	at org.testng.Assert.assertEquals(Assert.java:171)
	at com.letv.ads.util.AutoTest.test(Unknown Source)
	at sun.reflect.GeneratedMethodAccessor3.invoke(Unknown Source)
	at sun.reflect.DelegatingMethodAccessorImpl.invoke(Unknown Source)
	at java.lang.reflect.Method.invoke(Unknown Source)
	at org.testng.internal.MethodInvocationHelper.invokeMethod(MethodInvocationHelper.java:80)
	at org.testng.internal.Invoker.invokeMethod(Invoker.java:702)
	at org.testng.internal.Invoker.invokeTestMethod(Invoker.java:894)
	at org.testng.internal.Invoker.invokeTestMethods(Invoker.java:1219)
	at org.testng.internal.TestMethodWorker.invokeTestMethods(TestMethodWorker.java:127)
	at org.testng.internal.TestMethodWorker.run(TestMethodWorker.java:111)
	at org.testng.TestRunner.privateRun(TestRunner.java:768)
	at org.testng.TestRunner.run(TestRunner.java:617)
	at org.testng.SuiteRunner.runTest(SuiteRunner.java:334)
	at org.testng.SuiteRunner.runSequentially(SuiteRunner.java:329)
	at org.testng.SuiteRunner.privateRun(SuiteRunner.java:291)
	at org.testng.SuiteRunner.run(SuiteRunner.java:240)
	at org.testng.SuiteRunnerWorker.runSuite(SuiteRunnerWorker.java:53)
	at org.testng.SuiteRunnerWorker.run(SuiteRunnerWorker.java:87)
	at org.testng.TestNG.runSuitesSequentially(TestNG.java:1188)
	at org.testng.TestNG.runSuitesLocally(TestNG.java:1113)
	at org.testng.TestNG.run(TestNG.java:1025)
	at org.testng.TestNG.privateMain(TestNG.java:1328)
	at org.testng.TestNG.main(TestNG.java:1297)
]]>
    </error>
  </testcase> <!-- test -->
  <testcase name="test" time="1.052" classname="com.letv.ads.util.AutoTest">
    <error type="java.lang.AssertionError" message="[public-gjgg-001]测试未通过，部分字段未通过验证！ expected:&lt;ok&gt; but was:&lt;测试用例：[public-gjgg-001]字段校验失败！-----[/VAST/Ad[@id=&#039;1&#039;]/@order_item_id]的期望值是----1  实际值是------[/VAST/Policy/CuePoint/@id]的期望值是----1  实际值是----4368&gt;">
      <![CDATA[java.lang.AssertionError: [public-gjgg-001]测试未通过，部分字段未通过验证！ expected:<ok> but was:<测试用例：[public-gjgg-001]字段校验失败！-----[/VAST/Ad[@id='1']/@order_item_id]的期望值是----1  实际值是------[/VAST/Policy/CuePoint/@id]的期望值是----1  实际值是----4368>
	at org.testng.Assert.fail(Assert.java:89)
	at org.testng.Assert.failNotEquals(Assert.java:489)
	at org.testng.Assert.assertEquals(Assert.java:118)
	at org.testng.Assert.assertEquals(Assert.java:171)
	at com.letv.ads.util.AutoTest.test(Unknown Source)
	at sun.reflect.NativeMethodAccessorImpl.invoke0(Native Method)
	at sun.reflect.NativeMethodAccessorImpl.invoke(Unknown Source)
	at sun.reflect.DelegatingMethodAccessorImpl.invoke(Unknown Source)
	at java.lang.reflect.Method.invoke(Unknown Source)
	at org.testng.internal.MethodInvocationHelper.invokeMethod(MethodInvocationHelper.java:80)
	at org.testng.internal.Invoker.invokeMethod(Invoker.java:702)
	at org.testng.internal.Invoker.invokeTestMethod(Invoker.java:894)
	at org.testng.internal.Invoker.invokeTestMethods(Invoker.java:1219)
	at org.testng.internal.TestMethodWorker.invokeTestMethods(TestMethodWorker.java:127)
	at org.testng.internal.TestMethodWorker.run(TestMethodWorker.java:111)
	at org.testng.TestRunner.privateRun(TestRunner.java:768)
	at org.testng.TestRunner.run(TestRunner.java:617)
	at org.testng.SuiteRunner.runTest(SuiteRunner.java:334)
	at org.testng.SuiteRunner.runSequentially(SuiteRunner.java:329)
	at org.testng.SuiteRunner.privateRun(SuiteRunner.java:291)
	at org.testng.SuiteRunner.run(SuiteRunner.java:240)
	at org.testng.SuiteRunnerWorker.runSuite(SuiteRunnerWorker.java:53)
	at org.testng.SuiteRunnerWorker.run(SuiteRunnerWorker.java:87)
	at org.testng.TestNG.runSuitesSequentially(TestNG.java:1188)
	at org.testng.TestNG.runSuitesLocally(TestNG.java:1113)
	at org.testng.TestNG.run(TestNG.java:1025)
	at org.testng.TestNG.privateMain(TestNG.java:1328)
	at org.testng.TestNG.main(TestNG.java:1297)
]]>
    </error>
  </testcase> <!-- test -->
  <testcase name="test" time="1.048" classname="com.letv.ads.util.AutoTest">
    <error type="java.lang.AssertionError" message="[[public-kjgg-004]开机广告004]测试未通过，部分字段未通过验证！ expected:&lt;ok&gt; but was:&lt;测试用例：[[public-kjgg-004]开机广告004]字段校验失败！-----[/VAST/Ad[1]/@order_item_id]的期望值是----1  实际值是------[/VAST/Policy/CuePoint/@id]的期望值是----1  实际值是----4368&gt;">
      <![CDATA[java.lang.AssertionError: [[public-kjgg-004]开机广告004]测试未通过，部分字段未通过验证！ expected:<ok> but was:<测试用例：[[public-kjgg-004]开机广告004]字段校验失败！-----[/VAST/Ad[1]/@order_item_id]的期望值是----1  实际值是------[/VAST/Policy/CuePoint/@id]的期望值是----1  实际值是----4368>
	at org.testng.Assert.fail(Assert.java:89)
	at org.testng.Assert.failNotEquals(Assert.java:489)
	at org.testng.Assert.assertEquals(Assert.java:118)
	at org.testng.Assert.assertEquals(Assert.java:171)
	at com.letv.ads.util.AutoTest.test(Unknown Source)
	at sun.reflect.GeneratedMethodAccessor3.invoke(Unknown Source)
	at sun.reflect.DelegatingMethodAccessorImpl.invoke(Unknown Source)
	at java.lang.reflect.Method.invoke(Unknown Source)
	at org.testng.internal.MethodInvocationHelper.invokeMethod(MethodInvocationHelper.java:80)
	at org.testng.internal.Invoker.invokeMethod(Invoker.java:702)
	at org.testng.internal.Invoker.invokeTestMethod(Invoker.java:894)
	at org.testng.internal.Invoker.invokeTestMethods(Invoker.java:1219)
	at org.testng.internal.TestMethodWorker.invokeTestMethods(TestMethodWorker.java:127)
	at org.testng.internal.TestMethodWorker.run(TestMethodWorker.java:111)
	at org.testng.TestRunner.privateRun(TestRunner.java:768)
	at org.testng.TestRunner.run(TestRunner.java:617)
	at org.testng.SuiteRunner.runTest(SuiteRunner.java:334)
	at org.testng.SuiteRunner.runSequentially(SuiteRunner.java:329)
	at org.testng.SuiteRunner.privateRun(SuiteRunner.java:291)
	at org.testng.SuiteRunner.run(SuiteRunner.java:240)
	at org.testng.SuiteRunnerWorker.runSuite(SuiteRunnerWorker.java:53)
	at org.testng.SuiteRunnerWorker.run(SuiteRunnerWorker.java:87)
	at org.testng.TestNG.runSuitesSequentially(TestNG.java:1188)
	at org.testng.TestNG.runSuitesLocally(TestNG.java:1113)
	at org.testng.TestNG.run(TestNG.java:1025)
	at org.testng.TestNG.privateMain(TestNG.java:1328)
	at org.testng.TestNG.main(TestNG.java:1297)
]]>
    </error>
  </testcase> <!-- test -->
  <testcase name="test" time="2.075" classname="com.letv.ads.util.AutoTest">
    <error type="java.lang.AssertionError" message="测试用例[[public-jzdx-005]精准定向005]在memcached中set key=5c3767f8b8ce4040bac9b23dff63c6e7.label,value=[1]时发生错误">
      <![CDATA[java.lang.AssertionError: 测试用例[[public-jzdx-005]精准定向005]在memcached中set key=5c3767f8b8ce4040bac9b23dff63c6e7.label,value=[1]时发生错误
	at org.testng.Assert.fail(Assert.java:89)
	at com.letv.ads.util.BaseCase.operateMemcached(Unknown Source)
	at com.letv.ads.util.AutoTest.test(Unknown Source)
	at sun.reflect.GeneratedMethodAccessor3.invoke(Unknown Source)
	at sun.reflect.DelegatingMethodAccessorImpl.invoke(Unknown Source)
	at java.lang.reflect.Method.invoke(Unknown Source)
	at org.testng.internal.MethodInvocationHelper.invokeMethod(MethodInvocationHelper.java:80)
	at org.testng.internal.Invoker.invokeMethod(Invoker.java:702)
	at org.testng.internal.Invoker.invokeTestMethod(Invoker.java:894)
	at org.testng.internal.Invoker.invokeTestMethods(Invoker.java:1219)
	at org.testng.internal.TestMethodWorker.invokeTestMethods(TestMethodWorker.java:127)
	at org.testng.internal.TestMethodWorker.run(TestMethodWorker.java:111)
	at org.testng.TestRunner.privateRun(TestRunner.java:768)
	at org.testng.TestRunner.run(TestRunner.java:617)
	at org.testng.SuiteRunner.runTest(SuiteRunner.java:334)
	at org.testng.SuiteRunner.runSequentially(SuiteRunner.java:329)
	at org.testng.SuiteRunner.privateRun(SuiteRunner.java:291)
	at org.testng.SuiteRunner.run(SuiteRunner.java:240)
	at org.testng.SuiteRunnerWorker.runSuite(SuiteRunnerWorker.java:53)
	at org.testng.SuiteRunnerWorker.run(SuiteRunnerWorker.java:87)
	at org.testng.TestNG.runSuitesSequentially(TestNG.java:1188)
	at org.testng.TestNG.runSuitesLocally(TestNG.java:1113)
	at org.testng.TestNG.run(TestNG.java:1025)
	at org.testng.TestNG.privateMain(TestNG.java:1328)
	at org.testng.TestNG.main(TestNG.java:1297)
]]>
    </error>
  </testcase> <!-- test -->
  <testcase name="test" time="1.029" classname="com.letv.ads.util.AutoTest">
    <error type="java.lang.AssertionError" message="[[public-dtsc-026]短视频广告时长动态配置026]测试未通过，部分字段未通过验证！ expected:&lt;ok&gt; but was:&lt;测试用例：[[public-dtsc-026]短视频广告时长动态配置026]字段校验失败！-----[/VAST/Ad[1]/@order_item_id]的期望值是----1  实际值是------[/VAST/Policy/CuePoint[1]/@duration]的期望值是----25  实际值是----1&gt;">
      <![CDATA[java.lang.AssertionError: [[public-dtsc-026]短视频广告时长动态配置026]测试未通过，部分字段未通过验证！ expected:<ok> but was:<测试用例：[[public-dtsc-026]短视频广告时长动态配置026]字段校验失败！-----[/VAST/Ad[1]/@order_item_id]的期望值是----1  实际值是------[/VAST/Policy/CuePoint[1]/@duration]的期望值是----25  实际值是----1>
	at org.testng.Assert.fail(Assert.java:89)
	at org.testng.Assert.failNotEquals(Assert.java:489)
	at org.testng.Assert.assertEquals(Assert.java:118)
	at org.testng.Assert.assertEquals(Assert.java:171)
	at com.letv.ads.util.AutoTest.test(Unknown Source)
	at sun.reflect.GeneratedMethodAccessor3.invoke(Unknown Source)
	at sun.reflect.DelegatingMethodAccessorImpl.invoke(Unknown Source)
	at java.lang.reflect.Method.invoke(Unknown Source)
	at org.testng.internal.MethodInvocationHelper.invokeMethod(MethodInvocationHelper.java:80)
	at org.testng.internal.Invoker.invokeMethod(Invoker.java:702)
	at org.testng.internal.Invoker.invokeTestMethod(Invoker.java:894)
	at org.testng.internal.Invoker.invokeTestMethods(Invoker.java:1219)
	at org.testng.internal.TestMethodWorker.invokeTestMethods(TestMethodWorker.java:127)
	at org.testng.internal.TestMethodWorker.run(TestMethodWorker.java:111)
	at org.testng.TestRunner.privateRun(TestRunner.java:768)
	at org.testng.TestRunner.run(TestRunner.java:617)
	at org.testng.SuiteRunner.runTest(SuiteRunner.java:334)
	at org.testng.SuiteRunner.runSequentially(SuiteRunner.java:329)
	at org.testng.SuiteRunner.privateRun(SuiteRunner.java:291)
	at org.testng.SuiteRunner.run(SuiteRunner.java:240)
	at org.testng.SuiteRunnerWorker.runSuite(SuiteRunnerWorker.java:53)
	at org.testng.SuiteRunnerWorker.run(SuiteRunnerWorker.java:87)
	at org.testng.TestNG.runSuitesSequentially(TestNG.java:1188)
	at org.testng.TestNG.runSuitesLocally(TestNG.java:1113)
	at org.testng.TestNG.run(TestNG.java:1025)
	at org.testng.TestNG.privateMain(TestNG.java:1328)
	at org.testng.TestNG.main(TestNG.java:1297)
]]>
    </error>
  </testcase> <!-- test -->
  <testcase name="test" time="1.092" classname="com.letv.ads.util.AutoTest">
    <error type="java.lang.AssertionError" message="[[public-dtsc-023]短视频广告时长动态配置023]测试未通过，部分字段未通过验证！ expected:&lt;ok&gt; but was:&lt;测试用例：[[public-dtsc-023]短视频广告时长动态配置023]字段校验失败！-----[/VAST/Ad[1]/@order_item_id]的期望值是----1  实际值是------[/VAST/Policy/CuePoint[1]/@duration]的期望值是----25  实际值是----1&gt;">
      <![CDATA[java.lang.AssertionError: [[public-dtsc-023]短视频广告时长动态配置023]测试未通过，部分字段未通过验证！ expected:<ok> but was:<测试用例：[[public-dtsc-023]短视频广告时长动态配置023]字段校验失败！-----[/VAST/Ad[1]/@order_item_id]的期望值是----1  实际值是------[/VAST/Policy/CuePoint[1]/@duration]的期望值是----25  实际值是----1>
	at org.testng.Assert.fail(Assert.java:89)
	at org.testng.Assert.failNotEquals(Assert.java:489)
	at org.testng.Assert.assertEquals(Assert.java:118)
	at org.testng.Assert.assertEquals(Assert.java:171)
	at com.letv.ads.util.AutoTest.test(Unknown Source)
	at sun.reflect.GeneratedMethodAccessor3.invoke(Unknown Source)
	at sun.reflect.DelegatingMethodAccessorImpl.invoke(Unknown Source)
	at java.lang.reflect.Method.invoke(Unknown Source)
	at org.testng.internal.MethodInvocationHelper.invokeMethod(MethodInvocationHelper.java:80)
	at org.testng.internal.Invoker.invokeMethod(Invoker.java:702)
	at org.testng.internal.Invoker.invokeTestMethod(Invoker.java:894)
	at org.testng.internal.Invoker.invokeTestMethods(Invoker.java:1219)
	at org.testng.internal.TestMethodWorker.invokeTestMethods(TestMethodWorker.java:127)
	at org.testng.internal.TestMethodWorker.run(TestMethodWorker.java:111)
	at org.testng.TestRunner.privateRun(TestRunner.java:768)
	at org.testng.TestRunner.run(TestRunner.java:617)
	at org.testng.SuiteRunner.runTest(SuiteRunner.java:334)
	at org.testng.SuiteRunner.runSequentially(SuiteRunner.java:329)
	at org.testng.SuiteRunner.privateRun(SuiteRunner.java:291)
	at org.testng.SuiteRunner.run(SuiteRunner.java:240)
	at org.testng.SuiteRunnerWorker.runSuite(SuiteRunnerWorker.java:53)
	at org.testng.SuiteRunnerWorker.run(SuiteRunnerWorker.java:87)
	at org.testng.TestNG.runSuitesSequentially(TestNG.java:1188)
	at org.testng.TestNG.runSuitesLocally(TestNG.java:1113)
	at org.testng.TestNG.run(TestNG.java:1025)
	at org.testng.TestNG.privateMain(TestNG.java:1328)
	at org.testng.TestNG.main(TestNG.java:1297)
]]>
    </error>
  </testcase> <!-- test -->
  <testcase name="test" time="1.092" classname="com.letv.ads.util.AutoTest"/>
  <testcase name="test" time="1.140" classname="com.letv.ads.util.AutoTest">
    <error type="java.lang.AssertionError" message="[public-qzzt-016]测试未通过，部分字段未通过验证！ expected:&lt;ok&gt; but was:&lt;测试用例：[public-qzzt-016]字段校验失败！-----[/VAST/Ad[1]/@id]的期望值是----1  实际值是------[/VAST/Ad[1]/@order_item_id]的期望值是----1  实际值是------[VAST/Ad[1]/@ord]的期望值是----1  实际值是------[/VAST/Policy/CuePoint/@id]的期望值是----1  实际值是----4368--[/VAST/Ad[2]/@id]的期望值是----2  实际值是------[/VAST/Ad[2]/@order_item_id]的期望值是----2  实际值是------[VAST/Ad[2]/@ord]的期望值是----2  实际值是------[/VAST/Ad[3]/@id]的期望值是----3  实际值是------[/VAST/Ad[3]/@order_item_id]的期望值是----3  实际值是------[VAST/Ad[3]/@ord]的期望值是----3  实际值是------[/VAST/Ad[4]/@id]的期望值是----4  实际值是------[/VAST/Ad[4]/@order_item_id]的期望值是----4  实际值是------[VAST/Ad[4]/@ord]的期望值是----5  实际值是----&gt;">
      <![CDATA[java.lang.AssertionError: [public-qzzt-016]测试未通过，部分字段未通过验证！ expected:<ok> but was:<测试用例：[public-qzzt-016]字段校验失败！-----[/VAST/Ad[1]/@id]的期望值是----1  实际值是------[/VAST/Ad[1]/@order_item_id]的期望值是----1  实际值是------[VAST/Ad[1]/@ord]的期望值是----1  实际值是------[/VAST/Policy/CuePoint/@id]的期望值是----1  实际值是----4368--[/VAST/Ad[2]/@id]的期望值是----2  实际值是------[/VAST/Ad[2]/@order_item_id]的期望值是----2  实际值是------[VAST/Ad[2]/@ord]的期望值是----2  实际值是------[/VAST/Ad[3]/@id]的期望值是----3  实际值是------[/VAST/Ad[3]/@order_item_id]的期望值是----3  实际值是------[VAST/Ad[3]/@ord]的期望值是----3  实际值是------[/VAST/Ad[4]/@id]的期望值是----4  实际值是------[/VAST/Ad[4]/@order_item_id]的期望值是----4  实际值是------[VAST/Ad[4]/@ord]的期望值是----5  实际值是---->
	at org.testng.Assert.fail(Assert.java:89)
	at org.testng.Assert.failNotEquals(Assert.java:489)
	at org.testng.Assert.assertEquals(Assert.java:118)
	at org.testng.Assert.assertEquals(Assert.java:171)
	at com.letv.ads.util.AutoTest.test(Unknown Source)
	at sun.reflect.GeneratedMethodAccessor3.invoke(Unknown Source)
	at sun.reflect.DelegatingMethodAccessorImpl.invoke(Unknown Source)
	at java.lang.reflect.Method.invoke(Unknown Source)
	at org.testng.internal.MethodInvocationHelper.invokeMethod(MethodInvocationHelper.java:80)
	at org.testng.internal.Invoker.invokeMethod(Invoker.java:702)
	at org.testng.internal.Invoker.invokeTestMethod(Invoker.java:894)
	at org.testng.internal.Invoker.invokeTestMethods(Invoker.java:1219)
	at org.testng.internal.TestMethodWorker.invokeTestMethods(TestMethodWorker.java:127)
	at org.testng.internal.TestMethodWorker.run(TestMethodWorker.java:111)
	at org.testng.TestRunner.privateRun(TestRunner.java:768)
	at org.testng.TestRunner.run(TestRunner.java:617)
	at org.testng.SuiteRunner.runTest(SuiteRunner.java:334)
	at org.testng.SuiteRunner.runSequentially(SuiteRunner.java:329)
	at org.testng.SuiteRunner.privateRun(SuiteRunner.java:291)
	at org.testng.SuiteRunner.run(SuiteRunner.java:240)
	at org.testng.SuiteRunnerWorker.runSuite(SuiteRunnerWorker.java:53)
	at org.testng.SuiteRunnerWorker.run(SuiteRunnerWorker.java:87)
	at org.testng.TestNG.runSuitesSequentially(TestNG.java:1188)
	at org.testng.TestNG.runSuitesLocally(TestNG.java:1113)
	at org.testng.TestNG.run(TestNG.java:1025)
	at org.testng.TestNG.privateMain(TestNG.java:1328)
	at org.testng.TestNG.main(TestNG.java:1297)
]]>
    </error>
  </testcase> <!-- test -->
  <testcase name="test" time="1.047" classname="com.letv.ads.util.AutoTest"/>
  <testcase name="test" time="1.030" classname="com.letv.ads.util.AutoTest">
    <error type="java.lang.AssertionError" message="[[public-dtsc-010]短视频广告时长动态配置010]测试未通过，部分字段未通过验证！ expected:&lt;ok&gt; but was:&lt;测试用例：[[public-dtsc-010]短视频广告时长动态配置010]字段校验失败！-----[/VAST/Ad[1]/@order_item_id]的期望值是----1  实际值是------[/VAST/Policy/CuePoint[1]/@duration]的期望值是----15  实际值是----1&gt;">
      <![CDATA[java.lang.AssertionError: [[public-dtsc-010]短视频广告时长动态配置010]测试未通过，部分字段未通过验证！ expected:<ok> but was:<测试用例：[[public-dtsc-010]短视频广告时长动态配置010]字段校验失败！-----[/VAST/Ad[1]/@order_item_id]的期望值是----1  实际值是------[/VAST/Policy/CuePoint[1]/@duration]的期望值是----15  实际值是----1>
	at org.testng.Assert.fail(Assert.java:89)
	at org.testng.Assert.failNotEquals(Assert.java:489)
	at org.testng.Assert.assertEquals(Assert.java:118)
	at org.testng.Assert.assertEquals(Assert.java:171)
	at com.letv.ads.util.AutoTest.test(Unknown Source)
	at sun.reflect.GeneratedMethodAccessor3.invoke(Unknown Source)
	at sun.reflect.DelegatingMethodAccessorImpl.invoke(Unknown Source)
	at java.lang.reflect.Method.invoke(Unknown Source)
	at org.testng.internal.MethodInvocationHelper.invokeMethod(MethodInvocationHelper.java:80)
	at org.testng.internal.Invoker.invokeMethod(Invoker.java:702)
	at org.testng.internal.Invoker.invokeTestMethod(Invoker.java:894)
	at org.testng.internal.Invoker.invokeTestMethods(Invoker.java:1219)
	at org.testng.internal.TestMethodWorker.invokeTestMethods(TestMethodWorker.java:127)
	at org.testng.internal.TestMethodWorker.run(TestMethodWorker.java:111)
	at org.testng.TestRunner.privateRun(TestRunner.java:768)
	at org.testng.TestRunner.run(TestRunner.java:617)
	at org.testng.SuiteRunner.runTest(SuiteRunner.java:334)
	at org.testng.SuiteRunner.runSequentially(SuiteRunner.java:329)
	at org.testng.SuiteRunner.privateRun(SuiteRunner.java:291)
	at org.testng.SuiteRunner.run(SuiteRunner.java:240)
	at org.testng.SuiteRunnerWorker.runSuite(SuiteRunnerWorker.java:53)
	at org.testng.SuiteRunnerWorker.run(SuiteRunnerWorker.java:87)
	at org.testng.TestNG.runSuitesSequentially(TestNG.java:1188)
	at org.testng.TestNG.runSuitesLocally(TestNG.java:1113)
	at org.testng.TestNG.run(TestNG.java:1025)
	at org.testng.TestNG.privateMain(TestNG.java:1328)
	at org.testng.TestNG.main(TestNG.java:1297)
]]>
    </error>
  </testcase> <!-- test -->
  <testcase name="test" time="2.098" classname="com.letv.ads.util.AutoTest">
    <error type="java.lang.AssertionError" message="测试用例[[public-ydddl-008]-移动端导流008]在memcached中set key=3a4ab747cf1e86f88e4b3759d8027893.v,value=1450160090时发生错误">
      <![CDATA[java.lang.AssertionError: 测试用例[[public-ydddl-008]-移动端导流008]在memcached中set key=3a4ab747cf1e86f88e4b3759d8027893.v,value=1450160090时发生错误
	at org.testng.Assert.fail(Assert.java:89)
	at com.letv.ads.util.BaseCase.operateMemcached(Unknown Source)
	at com.letv.ads.util.AutoTest.test(Unknown Source)
	at sun.reflect.GeneratedMethodAccessor3.invoke(Unknown Source)
	at sun.reflect.DelegatingMethodAccessorImpl.invoke(Unknown Source)
	at java.lang.reflect.Method.invoke(Unknown Source)
	at org.testng.internal.MethodInvocationHelper.invokeMethod(MethodInvocationHelper.java:80)
	at org.testng.internal.Invoker.invokeMethod(Invoker.java:702)
	at org.testng.internal.Invoker.invokeTestMethod(Invoker.java:894)
	at org.testng.internal.Invoker.invokeTestMethods(Invoker.java:1219)
	at org.testng.internal.TestMethodWorker.invokeTestMethods(TestMethodWorker.java:127)
	at org.testng.internal.TestMethodWorker.run(TestMethodWorker.java:111)
	at org.testng.TestRunner.privateRun(TestRunner.java:768)
	at org.testng.TestRunner.run(TestRunner.java:617)
	at org.testng.SuiteRunner.runTest(SuiteRunner.java:334)
	at org.testng.SuiteRunner.runSequentially(SuiteRunner.java:329)
	at org.testng.SuiteRunner.privateRun(SuiteRunner.java:291)
	at org.testng.SuiteRunner.run(SuiteRunner.java:240)
	at org.testng.SuiteRunnerWorker.runSuite(SuiteRunnerWorker.java:53)
	at org.testng.SuiteRunnerWorker.run(SuiteRunnerWorker.java:87)
	at org.testng.TestNG.runSuitesSequentially(TestNG.java:1188)
	at org.testng.TestNG.runSuitesLocally(TestNG.java:1113)
	at org.testng.TestNG.run(TestNG.java:1025)
	at org.testng.TestNG.privateMain(TestNG.java:1328)
	at org.testng.TestNG.main(TestNG.java:1297)
]]>
    </error>
  </testcase> <!-- test -->
  <testcase name="test" time="1.963" classname="com.letv.ads.util.AutoTest">
    <error type="java.lang.AssertionError" message="[[public-pbgg-011]屏保广告011]测试未通过，部分字段未通过验证！ expected:&lt;ok&gt; but was:&lt;测试用例：[[public-pbgg-011]屏保广告011]字段校验失败！-----[/VAST/Ad[1]/@order_item_id]的期望值是----2  实际值是----&gt;">
      <![CDATA[java.lang.AssertionError: [[public-pbgg-011]屏保广告011]测试未通过，部分字段未通过验证！ expected:<ok> but was:<测试用例：[[public-pbgg-011]屏保广告011]字段校验失败！-----[/VAST/Ad[1]/@order_item_id]的期望值是----2  实际值是---->
	at org.testng.Assert.fail(Assert.java:89)
	at org.testng.Assert.failNotEquals(Assert.java:489)
	at org.testng.Assert.assertEquals(Assert.java:118)
	at org.testng.Assert.assertEquals(Assert.java:171)
	at com.letv.ads.util.AutoTest.test(Unknown Source)
	at sun.reflect.NativeMethodAccessorImpl.invoke0(Native Method)
	at sun.reflect.NativeMethodAccessorImpl.invoke(Unknown Source)
	at sun.reflect.DelegatingMethodAccessorImpl.invoke(Unknown Source)
	at java.lang.reflect.Method.invoke(Unknown Source)
	at org.testng.internal.MethodInvocationHelper.invokeMethod(MethodInvocationHelper.java:80)
	at org.testng.internal.Invoker.invokeMethod(Invoker.java:702)
	at org.testng.internal.Invoker.invokeTestMethod(Invoker.java:894)
	at org.testng.internal.Invoker.invokeTestMethods(Invoker.java:1219)
	at org.testng.internal.TestMethodWorker.invokeTestMethods(TestMethodWorker.java:127)
	at org.testng.internal.TestMethodWorker.run(TestMethodWorker.java:111)
	at org.testng.TestRunner.privateRun(TestRunner.java:768)
	at org.testng.TestRunner.run(TestRunner.java:617)
	at org.testng.SuiteRunner.runTest(SuiteRunner.java:334)
	at org.testng.SuiteRunner.runSequentially(SuiteRunner.java:329)
	at org.testng.SuiteRunner.privateRun(SuiteRunner.java:291)
	at org.testng.SuiteRunner.run(SuiteRunner.java:240)
	at org.testng.SuiteRunnerWorker.runSuite(SuiteRunnerWorker.java:53)
	at org.testng.SuiteRunnerWorker.run(SuiteRunnerWorker.java:87)
	at org.testng.TestNG.runSuitesSequentially(TestNG.java:1188)
	at org.testng.TestNG.runSuitesLocally(TestNG.java:1113)
	at org.testng.TestNG.run(TestNG.java:1025)
	at org.testng.TestNG.privateMain(TestNG.java:1328)
	at org.testng.TestNG.main(TestNG.java:1297)
]]>
    </error>
  </testcase> <!-- test -->
  <testcase name="test" time="1.060" classname="com.letv.ads.util.AutoTest">
    <error type="java.lang.AssertionError" message="[[public-dtsc-083]短视频广告时长动态配置083]测试未通过，部分字段未通过验证！ expected:&lt;ok&gt; but was:&lt;测试用例：[[public-dtsc-083]短视频广告时长动态配置083]字段校验失败！-----[/VAST/Ad[1]/@order_item_id]的期望值是----1  实际值是------[/VAST/Policy/CuePoint[1]/@duration]的期望值是----15  实际值是----1&gt;">
      <![CDATA[java.lang.AssertionError: [[public-dtsc-083]短视频广告时长动态配置083]测试未通过，部分字段未通过验证！ expected:<ok> but was:<测试用例：[[public-dtsc-083]短视频广告时长动态配置083]字段校验失败！-----[/VAST/Ad[1]/@order_item_id]的期望值是----1  实际值是------[/VAST/Policy/CuePoint[1]/@duration]的期望值是----15  实际值是----1>
	at org.testng.Assert.fail(Assert.java:89)
	at org.testng.Assert.failNotEquals(Assert.java:489)
	at org.testng.Assert.assertEquals(Assert.java:118)
	at org.testng.Assert.assertEquals(Assert.java:171)
	at com.letv.ads.util.AutoTest.test(Unknown Source)
	at sun.reflect.GeneratedMethodAccessor3.invoke(Unknown Source)
	at sun.reflect.DelegatingMethodAccessorImpl.invoke(Unknown Source)
	at java.lang.reflect.Method.invoke(Unknown Source)
	at org.testng.internal.MethodInvocationHelper.invokeMethod(MethodInvocationHelper.java:80)
	at org.testng.internal.Invoker.invokeMethod(Invoker.java:702)
	at org.testng.internal.Invoker.invokeTestMethod(Invoker.java:894)
	at org.testng.internal.Invoker.invokeTestMethods(Invoker.java:1219)
	at org.testng.internal.TestMethodWorker.invokeTestMethods(TestMethodWorker.java:127)
	at org.testng.internal.TestMethodWorker.run(TestMethodWorker.java:111)
	at org.testng.TestRunner.privateRun(TestRunner.java:768)
	at org.testng.TestRunner.run(TestRunner.java:617)
	at org.testng.SuiteRunner.runTest(SuiteRunner.java:334)
	at org.testng.SuiteRunner.runSequentially(SuiteRunner.java:329)
	at org.testng.SuiteRunner.privateRun(SuiteRunner.java:291)
	at org.testng.SuiteRunner.run(SuiteRunner.java:240)
	at org.testng.SuiteRunnerWorker.runSuite(SuiteRunnerWorker.java:53)
	at org.testng.SuiteRunnerWorker.run(SuiteRunnerWorker.java:87)
	at org.testng.TestNG.runSuitesSequentially(TestNG.java:1188)
	at org.testng.TestNG.runSuitesLocally(TestNG.java:1113)
	at org.testng.TestNG.run(TestNG.java:1025)
	at org.testng.TestNG.privateMain(TestNG.java:1328)
	at org.testng.TestNG.main(TestNG.java:1297)
]]>
    </error>
  </testcase> <!-- test -->
  <testcase name="test" time="1.061" classname="com.letv.ads.util.AutoTest">
    <error type="java.lang.AssertionError" message="[[public-jzdx-001]精准定向001]测试未通过，部分字段未通过验证！ expected:&lt;ok&gt; but was:&lt;测试用例：[[public-jzdx-001]精准定向001]字段校验失败！-----[/VAST/Ad[1]/@order_item_id]的期望值是----1  实际值是----&gt;">
      <![CDATA[java.lang.AssertionError: [[public-jzdx-001]精准定向001]测试未通过，部分字段未通过验证！ expected:<ok> but was:<测试用例：[[public-jzdx-001]精准定向001]字段校验失败！-----[/VAST/Ad[1]/@order_item_id]的期望值是----1  实际值是---->
	at org.testng.Assert.fail(Assert.java:89)
	at org.testng.Assert.failNotEquals(Assert.java:489)
	at org.testng.Assert.assertEquals(Assert.java:118)
	at org.testng.Assert.assertEquals(Assert.java:171)
	at com.letv.ads.util.AutoTest.test(Unknown Source)
	at sun.reflect.GeneratedMethodAccessor3.invoke(Unknown Source)
	at sun.reflect.DelegatingMethodAccessorImpl.invoke(Unknown Source)
	at java.lang.reflect.Method.invoke(Unknown Source)
	at org.testng.internal.MethodInvocationHelper.invokeMethod(MethodInvocationHelper.java:80)
	at org.testng.internal.Invoker.invokeMethod(Invoker.java:702)
	at org.testng.internal.Invoker.invokeTestMethod(Invoker.java:894)
	at org.testng.internal.Invoker.invokeTestMethods(Invoker.java:1219)
	at org.testng.internal.TestMethodWorker.invokeTestMethods(TestMethodWorker.java:127)
	at org.testng.internal.TestMethodWorker.run(TestMethodWorker.java:111)
	at org.testng.TestRunner.privateRun(TestRunner.java:768)
	at org.testng.TestRunner.run(TestRunner.java:617)
	at org.testng.SuiteRunner.runTest(SuiteRunner.java:334)
	at org.testng.SuiteRunner.runSequentially(SuiteRunner.java:329)
	at org.testng.SuiteRunner.privateRun(SuiteRunner.java:291)
	at org.testng.SuiteRunner.run(SuiteRunner.java:240)
	at org.testng.SuiteRunnerWorker.runSuite(SuiteRunnerWorker.java:53)
	at org.testng.SuiteRunnerWorker.run(SuiteRunnerWorker.java:87)
	at org.testng.TestNG.runSuitesSequentially(TestNG.java:1188)
	at org.testng.TestNG.runSuitesLocally(TestNG.java:1113)
	at org.testng.TestNG.run(TestNG.java:1025)
	at org.testng.TestNG.privateMain(TestNG.java:1328)
	at org.testng.TestNG.main(TestNG.java:1297)
]]>
    </error>
  </testcase> <!-- test -->
  <testcase name="test" time="1.045" classname="com.letv.ads.util.AutoTest">
    <error type="java.lang.AssertionError" message="[[public-pbgg-007]屏保广告007]测试未通过，部分字段未通过验证！ expected:&lt;ok&gt; but was:&lt;测试用例：[[public-pbgg-007]屏保广告007]字段校验失败！-----[/VAST/Ad[1]/@order_item_id]的期望值是----1  实际值是------[/VAST/Policy/CuePoint/@id]的期望值是----1  实际值是----4368&gt;">
      <![CDATA[java.lang.AssertionError: [[public-pbgg-007]屏保广告007]测试未通过，部分字段未通过验证！ expected:<ok> but was:<测试用例：[[public-pbgg-007]屏保广告007]字段校验失败！-----[/VAST/Ad[1]/@order_item_id]的期望值是----1  实际值是------[/VAST/Policy/CuePoint/@id]的期望值是----1  实际值是----4368>
	at org.testng.Assert.fail(Assert.java:89)
	at org.testng.Assert.failNotEquals(Assert.java:489)
	at org.testng.Assert.assertEquals(Assert.java:118)
	at org.testng.Assert.assertEquals(Assert.java:171)
	at com.letv.ads.util.AutoTest.test(Unknown Source)
	at sun.reflect.GeneratedMethodAccessor3.invoke(Unknown Source)
	at sun.reflect.DelegatingMethodAccessorImpl.invoke(Unknown Source)
	at java.lang.reflect.Method.invoke(Unknown Source)
	at org.testng.internal.MethodInvocationHelper.invokeMethod(MethodInvocationHelper.java:80)
	at org.testng.internal.Invoker.invokeMethod(Invoker.java:702)
	at org.testng.internal.Invoker.invokeTestMethod(Invoker.java:894)
	at org.testng.internal.Invoker.invokeTestMethods(Invoker.java:1219)
	at org.testng.internal.TestMethodWorker.invokeTestMethods(TestMethodWorker.java:127)
	at org.testng.internal.TestMethodWorker.run(TestMethodWorker.java:111)
	at org.testng.TestRunner.privateRun(TestRunner.java:768)
	at org.testng.TestRunner.run(TestRunner.java:617)
	at org.testng.SuiteRunner.runTest(SuiteRunner.java:334)
	at org.testng.SuiteRunner.runSequentially(SuiteRunner.java:329)
	at org.testng.SuiteRunner.privateRun(SuiteRunner.java:291)
	at org.testng.SuiteRunner.run(SuiteRunner.java:240)
	at org.testng.SuiteRunnerWorker.runSuite(SuiteRunnerWorker.java:53)
	at org.testng.SuiteRunnerWorker.run(SuiteRunnerWorker.java:87)
	at org.testng.TestNG.runSuitesSequentially(TestNG.java:1188)
	at org.testng.TestNG.runSuitesLocally(TestNG.java:1113)
	at org.testng.TestNG.run(TestNG.java:1025)
	at org.testng.TestNG.privateMain(TestNG.java:1328)
	at org.testng.TestNG.main(TestNG.java:1297)
]]>
    </error>
  </testcase> <!-- test -->
  <testcase name="test" time="1.076" classname="com.letv.ads.util.AutoTest">
    <error type="java.lang.AssertionError" message="[[public-pbgg-010]屏保广告010]测试未通过，部分字段未通过验证！ expected:&lt;ok&gt; but was:&lt;测试用例：[[public-pbgg-010]屏保广告010]字段校验失败！-----[/VAST/Ad[1]/@order_item_id]的期望值是----1  实际值是------[/VAST/Ad[2]/@order_item_id]的期望值是----2  实际值是----&gt;">
      <![CDATA[java.lang.AssertionError: [[public-pbgg-010]屏保广告010]测试未通过，部分字段未通过验证！ expected:<ok> but was:<测试用例：[[public-pbgg-010]屏保广告010]字段校验失败！-----[/VAST/Ad[1]/@order_item_id]的期望值是----1  实际值是------[/VAST/Ad[2]/@order_item_id]的期望值是----2  实际值是---->
	at org.testng.Assert.fail(Assert.java:89)
	at org.testng.Assert.failNotEquals(Assert.java:489)
	at org.testng.Assert.assertEquals(Assert.java:118)
	at org.testng.Assert.assertEquals(Assert.java:171)
	at com.letv.ads.util.AutoTest.test(Unknown Source)
	at sun.reflect.GeneratedMethodAccessor3.invoke(Unknown Source)
	at sun.reflect.DelegatingMethodAccessorImpl.invoke(Unknown Source)
	at java.lang.reflect.Method.invoke(Unknown Source)
	at org.testng.internal.MethodInvocationHelper.invokeMethod(MethodInvocationHelper.java:80)
	at org.testng.internal.Invoker.invokeMethod(Invoker.java:702)
	at org.testng.internal.Invoker.invokeTestMethod(Invoker.java:894)
	at org.testng.internal.Invoker.invokeTestMethods(Invoker.java:1219)
	at org.testng.internal.TestMethodWorker.invokeTestMethods(TestMethodWorker.java:127)
	at org.testng.internal.TestMethodWorker.run(TestMethodWorker.java:111)
	at org.testng.TestRunner.privateRun(TestRunner.java:768)
	at org.testng.TestRunner.run(TestRunner.java:617)
	at org.testng.SuiteRunner.runTest(SuiteRunner.java:334)
	at org.testng.SuiteRunner.runSequentially(SuiteRunner.java:329)
	at org.testng.SuiteRunner.privateRun(SuiteRunner.java:291)
	at org.testng.SuiteRunner.run(SuiteRunner.java:240)
	at org.testng.SuiteRunnerWorker.runSuite(SuiteRunnerWorker.java:53)
	at org.testng.SuiteRunnerWorker.run(SuiteRunnerWorker.java:87)
	at org.testng.TestNG.runSuitesSequentially(TestNG.java:1188)
	at org.testng.TestNG.runSuitesLocally(TestNG.java:1113)
	at org.testng.TestNG.run(TestNG.java:1025)
	at org.testng.TestNG.privateMain(TestNG.java:1328)
	at org.testng.TestNG.main(TestNG.java:1297)
]]>
    </error>
  </testcase> <!-- test -->
  <testcase name="test" time="0.015" classname="com.letv.ads.util.AutoTest">
    <error type="java.lang.AssertionError" message="[[public-tcl-027]TCL-欢网广告接入方舟027]测试未通过，tracking返回值[error 100004]与期望值[ok]不相等！ expected:&lt;ok&gt; but was:&lt;error 100004&gt;">
      <![CDATA[java.lang.AssertionError: [[public-tcl-027]TCL-欢网广告接入方舟027]测试未通过，tracking返回值[error 100004]与期望值[ok]不相等！ expected:<ok> but was:<error 100004>
	at org.testng.Assert.fail(Assert.java:89)
	at org.testng.Assert.failNotEquals(Assert.java:489)
	at org.testng.Assert.assertEquals(Assert.java:118)
	at org.testng.Assert.assertEquals(Assert.java:171)
	at com.letv.ads.util.AutoTest.test(Unknown Source)
	at sun.reflect.GeneratedMethodAccessor3.invoke(Unknown Source)
	at sun.reflect.DelegatingMethodAccessorImpl.invoke(Unknown Source)
	at java.lang.reflect.Method.invoke(Unknown Source)
	at org.testng.internal.MethodInvocationHelper.invokeMethod(MethodInvocationHelper.java:80)
	at org.testng.internal.Invoker.invokeMethod(Invoker.java:702)
	at org.testng.internal.Invoker.invokeTestMethod(Invoker.java:894)
	at org.testng.internal.Invoker.invokeTestMethods(Invoker.java:1219)
	at org.testng.internal.TestMethodWorker.invokeTestMethods(TestMethodWorker.java:127)
	at org.testng.internal.TestMethodWorker.run(TestMethodWorker.java:111)
	at org.testng.TestRunner.privateRun(TestRunner.java:768)
	at org.testng.TestRunner.run(TestRunner.java:617)
	at org.testng.SuiteRunner.runTest(SuiteRunner.java:334)
	at org.testng.SuiteRunner.runSequentially(SuiteRunner.java:329)
	at org.testng.SuiteRunner.privateRun(SuiteRunner.java:291)
	at org.testng.SuiteRunner.run(SuiteRunner.java:240)
	at org.testng.SuiteRunnerWorker.runSuite(SuiteRunnerWorker.java:53)
	at org.testng.SuiteRunnerWorker.run(SuiteRunnerWorker.java:87)
	at org.testng.TestNG.runSuitesSequentially(TestNG.java:1188)
	at org.testng.TestNG.runSuitesLocally(TestNG.java:1113)
	at org.testng.TestNG.run(TestNG.java:1025)
	at org.testng.TestNG.privateMain(TestNG.java:1328)
	at org.testng.TestNG.main(TestNG.java:1297)
]]>
    </error>
  </testcase> <!-- test -->
  <testcase name="test" time="1.107" classname="com.letv.ads.util.AutoTest">
    <error type="java.lang.AssertionError" message="[[public-dtsc-024]短视频广告时长动态配置024]测试未通过，部分字段未通过验证！ expected:&lt;ok&gt; but was:&lt;测试用例：[[public-dtsc-024]短视频广告时长动态配置024]字段校验失败！-----[/VAST/Ad[1]/@order_item_id]的期望值是----1  实际值是------[/VAST/Policy/CuePoint[1]/@duration]的期望值是----25  实际值是----1&gt;">
      <![CDATA[java.lang.AssertionError: [[public-dtsc-024]短视频广告时长动态配置024]测试未通过，部分字段未通过验证！ expected:<ok> but was:<测试用例：[[public-dtsc-024]短视频广告时长动态配置024]字段校验失败！-----[/VAST/Ad[1]/@order_item_id]的期望值是----1  实际值是------[/VAST/Policy/CuePoint[1]/@duration]的期望值是----25  实际值是----1>
	at org.testng.Assert.fail(Assert.java:89)
	at org.testng.Assert.failNotEquals(Assert.java:489)
	at org.testng.Assert.assertEquals(Assert.java:118)
	at org.testng.Assert.assertEquals(Assert.java:171)
	at com.letv.ads.util.AutoTest.test(Unknown Source)
	at sun.reflect.GeneratedMethodAccessor3.invoke(Unknown Source)
	at sun.reflect.DelegatingMethodAccessorImpl.invoke(Unknown Source)
	at java.lang.reflect.Method.invoke(Unknown Source)
	at org.testng.internal.MethodInvocationHelper.invokeMethod(MethodInvocationHelper.java:80)
	at org.testng.internal.Invoker.invokeMethod(Invoker.java:702)
	at org.testng.internal.Invoker.invokeTestMethod(Invoker.java:894)
	at org.testng.internal.Invoker.invokeTestMethods(Invoker.java:1219)
	at org.testng.internal.TestMethodWorker.invokeTestMethods(TestMethodWorker.java:127)
	at org.testng.internal.TestMethodWorker.run(TestMethodWorker.java:111)
	at org.testng.TestRunner.privateRun(TestRunner.java:768)
	at org.testng.TestRunner.run(TestRunner.java:617)
	at org.testng.SuiteRunner.runTest(SuiteRunner.java:334)
	at org.testng.SuiteRunner.runSequentially(SuiteRunner.java:329)
	at org.testng.SuiteRunner.privateRun(SuiteRunner.java:291)
	at org.testng.SuiteRunner.run(SuiteRunner.java:240)
	at org.testng.SuiteRunnerWorker.runSuite(SuiteRunnerWorker.java:53)
	at org.testng.SuiteRunnerWorker.run(SuiteRunnerWorker.java:87)
	at org.testng.TestNG.runSuitesSequentially(TestNG.java:1188)
	at org.testng.TestNG.runSuitesLocally(TestNG.java:1113)
	at org.testng.TestNG.run(TestNG.java:1025)
	at org.testng.TestNG.privateMain(TestNG.java:1328)
	at org.testng.TestNG.main(TestNG.java:1297)
]]>
    </error>
  </testcase> <!-- test -->
  <testcase name="test" time="1.100" classname="com.letv.ads.util.AutoTest">
    <error type="java.lang.AssertionError" message="[[public-dtsc-051]短视频广告时长动态配置051]测试未通过，部分字段未通过验证！ expected:&lt;ok&gt; but was:&lt;测试用例：[[public-dtsc-051]短视频广告时长动态配置051]字段校验失败！-----[/VAST/Ad[1]/@order_item_id]的期望值是----1  实际值是------[/VAST/Policy/CuePoint[1]/@duration]的期望值是----15  实际值是----1&gt;">
      <![CDATA[java.lang.AssertionError: [[public-dtsc-051]短视频广告时长动态配置051]测试未通过，部分字段未通过验证！ expected:<ok> but was:<测试用例：[[public-dtsc-051]短视频广告时长动态配置051]字段校验失败！-----[/VAST/Ad[1]/@order_item_id]的期望值是----1  实际值是------[/VAST/Policy/CuePoint[1]/@duration]的期望值是----15  实际值是----1>
	at org.testng.Assert.fail(Assert.java:89)
	at org.testng.Assert.failNotEquals(Assert.java:489)
	at org.testng.Assert.assertEquals(Assert.java:118)
	at org.testng.Assert.assertEquals(Assert.java:171)
	at com.letv.ads.util.AutoTest.test(Unknown Source)
	at sun.reflect.GeneratedMethodAccessor3.invoke(Unknown Source)
	at sun.reflect.DelegatingMethodAccessorImpl.invoke(Unknown Source)
	at java.lang.reflect.Method.invoke(Unknown Source)
	at org.testng.internal.MethodInvocationHelper.invokeMethod(MethodInvocationHelper.java:80)
	at org.testng.internal.Invoker.invokeMethod(Invoker.java:702)
	at org.testng.internal.Invoker.invokeTestMethod(Invoker.java:894)
	at org.testng.internal.Invoker.invokeTestMethods(Invoker.java:1219)
	at org.testng.internal.TestMethodWorker.invokeTestMethods(TestMethodWorker.java:127)
	at org.testng.internal.TestMethodWorker.run(TestMethodWorker.java:111)
	at org.testng.TestRunner.privateRun(TestRunner.java:768)
	at org.testng.TestRunner.run(TestRunner.java:617)
	at org.testng.SuiteRunner.runTest(SuiteRunner.java:334)
	at org.testng.SuiteRunner.runSequentially(SuiteRunner.java:329)
	at org.testng.SuiteRunner.privateRun(SuiteRunner.java:291)
	at org.testng.SuiteRunner.run(SuiteRunner.java:240)
	at org.testng.SuiteRunnerWorker.runSuite(SuiteRunnerWorker.java:53)
	at org.testng.SuiteRunnerWorker.run(SuiteRunnerWorker.java:87)
	at org.testng.TestNG.runSuitesSequentially(TestNG.java:1188)
	at org.testng.TestNG.runSuitesLocally(TestNG.java:1113)
	at org.testng.TestNG.run(TestNG.java:1025)
	at org.testng.TestNG.privateMain(TestNG.java:1328)
	at org.testng.TestNG.main(TestNG.java:1297)
]]>
    </error>
  </testcase> <!-- test -->
  <testcase name="test" time="1.074" classname="com.letv.ads.util.AutoTest">
    <error type="java.lang.AssertionError" message="[public-qzzt-014]测试未通过，部分字段未通过验证！ expected:&lt;ok&gt; but was:&lt;测试用例：[public-qzzt-014]字段校验失败！-----[/VAST/Ad[1]/@id]的期望值是----1  实际值是------[/VAST/Ad[1]/@order_item_id]的期望值是----1  实际值是------[VAST/Ad[1]/@ord]的期望值是----1  实际值是------[/VAST/Policy/CuePoint/@id]的期望值是----1  实际值是----4368--[/VAST/Ad[2]/@id]的期望值是----5  实际值是------[/VAST/Ad[2]/@order_item_id]的期望值是----5  实际值是------[VAST/Ad[2]/@ord]的期望值是----1  实际值是------[/VAST/Ad[3]/@id]的期望值是----2  实际值是------[/VAST/Ad[3]/@order_item_id]的期望值是----2  实际值是------[VAST/Ad[3]/@ord]的期望值是----3  实际值是------[/VAST/Ad[4]/@id]的期望值是----4  实际值是------[/VAST/Ad[4]/@order_item_id]的期望值是----4  实际值是------[VAST/Ad[4]/@ord]的期望值是----5  实际值是----&gt;">
      <![CDATA[java.lang.AssertionError: [public-qzzt-014]测试未通过，部分字段未通过验证！ expected:<ok> but was:<测试用例：[public-qzzt-014]字段校验失败！-----[/VAST/Ad[1]/@id]的期望值是----1  实际值是------[/VAST/Ad[1]/@order_item_id]的期望值是----1  实际值是------[VAST/Ad[1]/@ord]的期望值是----1  实际值是------[/VAST/Policy/CuePoint/@id]的期望值是----1  实际值是----4368--[/VAST/Ad[2]/@id]的期望值是----5  实际值是------[/VAST/Ad[2]/@order_item_id]的期望值是----5  实际值是------[VAST/Ad[2]/@ord]的期望值是----1  实际值是------[/VAST/Ad[3]/@id]的期望值是----2  实际值是------[/VAST/Ad[3]/@order_item_id]的期望值是----2  实际值是------[VAST/Ad[3]/@ord]的期望值是----3  实际值是------[/VAST/Ad[4]/@id]的期望值是----4  实际值是------[/VAST/Ad[4]/@order_item_id]的期望值是----4  实际值是------[VAST/Ad[4]/@ord]的期望值是----5  实际值是---->
	at org.testng.Assert.fail(Assert.java:89)
	at org.testng.Assert.failNotEquals(Assert.java:489)
	at org.testng.Assert.assertEquals(Assert.java:118)
	at org.testng.Assert.assertEquals(Assert.java:171)
	at com.letv.ads.util.AutoTest.test(Unknown Source)
	at sun.reflect.GeneratedMethodAccessor3.invoke(Unknown Source)
	at sun.reflect.DelegatingMethodAccessorImpl.invoke(Unknown Source)
	at java.lang.reflect.Method.invoke(Unknown Source)
	at org.testng.internal.MethodInvocationHelper.invokeMethod(MethodInvocationHelper.java:80)
	at org.testng.internal.Invoker.invokeMethod(Invoker.java:702)
	at org.testng.internal.Invoker.invokeTestMethod(Invoker.java:894)
	at org.testng.internal.Invoker.invokeTestMethods(Invoker.java:1219)
	at org.testng.internal.TestMethodWorker.invokeTestMethods(TestMethodWorker.java:127)
	at org.testng.internal.TestMethodWorker.run(TestMethodWorker.java:111)
	at org.testng.TestRunner.privateRun(TestRunner.java:768)
	at org.testng.TestRunner.run(TestRunner.java:617)
	at org.testng.SuiteRunner.runTest(SuiteRunner.java:334)
	at org.testng.SuiteRunner.runSequentially(SuiteRunner.java:329)
	at org.testng.SuiteRunner.privateRun(SuiteRunner.java:291)
	at org.testng.SuiteRunner.run(SuiteRunner.java:240)
	at org.testng.SuiteRunnerWorker.runSuite(SuiteRunnerWorker.java:53)
	at org.testng.SuiteRunnerWorker.run(SuiteRunnerWorker.java:87)
	at org.testng.TestNG.runSuitesSequentially(TestNG.java:1188)
	at org.testng.TestNG.runSuitesLocally(TestNG.java:1113)
	at org.testng.TestNG.run(TestNG.java:1025)
	at org.testng.TestNG.privateMain(TestNG.java:1328)
	at org.testng.TestNG.main(TestNG.java:1297)
]]>
    </error>
  </testcase> <!-- test -->
  <testcase name="test" time="1.103" classname="com.letv.ads.util.AutoTest">
    <error type="java.lang.AssertionError" message="[public-qzzt-009]测试未通过，部分字段未通过验证！ expected:&lt;ok&gt; but was:&lt;测试用例：[public-qzzt-009]字段校验失败！-----[/VAST/Ad[1]/@id]的期望值是----1  实际值是------[/VAST/Ad[@id=&#039;1&#039;]/@order_item_id]的期望值是----1  实际值是------[VAST/Ad[1]/@ord]的期望值是----1  实际值是------[/VAST/Policy/CuePoint/@id]的期望值是----1  实际值是----4368--[/VAST/Ad[2]/@id]的期望值是----2  实际值是------[/VAST/Ad[@id=&#039;2&#039;]/@order_item_id]的期望值是----2  实际值是------[VAST/Ad[2]/@ord]的期望值是----2  实际值是------[/VAST/Ad[3]/@id]的期望值是----3  实际值是------[/VAST/Ad[@id=&#039;3&#039;]/@order_item_id]的期望值是----3  实际值是------[VAST/Ad[3]/@ord]的期望值是----5  实际值是----&gt;">
      <![CDATA[java.lang.AssertionError: [public-qzzt-009]测试未通过，部分字段未通过验证！ expected:<ok> but was:<测试用例：[public-qzzt-009]字段校验失败！-----[/VAST/Ad[1]/@id]的期望值是----1  实际值是------[/VAST/Ad[@id='1']/@order_item_id]的期望值是----1  实际值是------[VAST/Ad[1]/@ord]的期望值是----1  实际值是------[/VAST/Policy/CuePoint/@id]的期望值是----1  实际值是----4368--[/VAST/Ad[2]/@id]的期望值是----2  实际值是------[/VAST/Ad[@id='2']/@order_item_id]的期望值是----2  实际值是------[VAST/Ad[2]/@ord]的期望值是----2  实际值是------[/VAST/Ad[3]/@id]的期望值是----3  实际值是------[/VAST/Ad[@id='3']/@order_item_id]的期望值是----3  实际值是------[VAST/Ad[3]/@ord]的期望值是----5  实际值是---->
	at org.testng.Assert.fail(Assert.java:89)
	at org.testng.Assert.failNotEquals(Assert.java:489)
	at org.testng.Assert.assertEquals(Assert.java:118)
	at org.testng.Assert.assertEquals(Assert.java:171)
	at com.letv.ads.util.AutoTest.test(Unknown Source)
	at sun.reflect.GeneratedMethodAccessor3.invoke(Unknown Source)
	at sun.reflect.DelegatingMethodAccessorImpl.invoke(Unknown Source)
	at java.lang.reflect.Method.invoke(Unknown Source)
	at org.testng.internal.MethodInvocationHelper.invokeMethod(MethodInvocationHelper.java:80)
	at org.testng.internal.Invoker.invokeMethod(Invoker.java:702)
	at org.testng.internal.Invoker.invokeTestMethod(Invoker.java:894)
	at org.testng.internal.Invoker.invokeTestMethods(Invoker.java:1219)
	at org.testng.internal.TestMethodWorker.invokeTestMethods(TestMethodWorker.java:127)
	at org.testng.internal.TestMethodWorker.run(TestMethodWorker.java:111)
	at org.testng.TestRunner.privateRun(TestRunner.java:768)
	at org.testng.TestRunner.run(TestRunner.java:617)
	at org.testng.SuiteRunner.runTest(SuiteRunner.java:334)
	at org.testng.SuiteRunner.runSequentially(SuiteRunner.java:329)
	at org.testng.SuiteRunner.privateRun(SuiteRunner.java:291)
	at org.testng.SuiteRunner.run(SuiteRunner.java:240)
	at org.testng.SuiteRunnerWorker.runSuite(SuiteRunnerWorker.java:53)
	at org.testng.SuiteRunnerWorker.run(SuiteRunnerWorker.java:87)
	at org.testng.TestNG.runSuitesSequentially(TestNG.java:1188)
	at org.testng.TestNG.runSuitesLocally(TestNG.java:1113)
	at org.testng.TestNG.run(TestNG.java:1025)
	at org.testng.TestNG.privateMain(TestNG.java:1328)
	at org.testng.TestNG.main(TestNG.java:1297)
]]>
    </error>
  </testcase> <!-- test -->
  <testcase name="test" time="1.123" classname="com.letv.ads.util.AutoTest">
    <error type="java.lang.AssertionError" message="[[public-kjgg-014]开机广告014]测试未通过，部分字段未通过验证！ expected:&lt;ok&gt; but was:&lt;测试用例：[[public-kjgg-014]开机广告014]字段校验失败！-----[/VAST/Ad[1]/@order_item_id]的期望值是----1  实际值是------[/VAST/Ad[2]/@order_item_id]的期望值是----2  实际值是------[/VAST/Ad[3]/@order_item_id]的期望值是----3  实际值是------[/VAST/Ad[4]/@order_item_id]的期望值是----4  实际值是------[/VAST/Ad[5]/@order_item_id]的期望值是----5  实际值是------[/VAST/Ad[6]/@order_item_id]的期望值是----6  实际值是------[/VAST/Ad[7]/@order_item_id]的期望值是----7  实际值是------[/VAST/Ad[8]/@order_item_id]的期望值是----8  实际值是------[/VAST/Ad[9]/@order_item_id]的期望值是----9  实际值是------[/VAST/Ad[10]/@order_item_id]的期望值是----10  实际值是------[/VAST/Ad[11]/@order_item_id]的期望值是----11  实际值是------[/VAST/Ad[12]/@order_item_id]的期望值是----12  实际值是------[/VAST/Ad[13]/@order_item_id]的期望值是----13  实际值是------[/VAST/Ad[14]/@order_item_id]的期望值是----15  实际值是------[/VAST/Ad[15]/@order_item_id]的期望值是----16  实际值是------[/VAST/Ad[16]/@order_item_id]的期望值是----17  实际值是------[/VAST/Ad[17]/@order_item_id]的期望值是----18  实际值是------[/VAST/Ad[18]/@order_item_id]的期望值是----19  实际值是----&gt;">
      <![CDATA[java.lang.AssertionError: [[public-kjgg-014]开机广告014]测试未通过，部分字段未通过验证！ expected:<ok> but was:<测试用例：[[public-kjgg-014]开机广告014]字段校验失败！-----[/VAST/Ad[1]/@order_item_id]的期望值是----1  实际值是------[/VAST/Ad[2]/@order_item_id]的期望值是----2  实际值是------[/VAST/Ad[3]/@order_item_id]的期望值是----3  实际值是------[/VAST/Ad[4]/@order_item_id]的期望值是----4  实际值是------[/VAST/Ad[5]/@order_item_id]的期望值是----5  实际值是------[/VAST/Ad[6]/@order_item_id]的期望值是----6  实际值是------[/VAST/Ad[7]/@order_item_id]的期望值是----7  实际值是------[/VAST/Ad[8]/@order_item_id]的期望值是----8  实际值是------[/VAST/Ad[9]/@order_item_id]的期望值是----9  实际值是------[/VAST/Ad[10]/@order_item_id]的期望值是----10  实际值是------[/VAST/Ad[11]/@order_item_id]的期望值是----11  实际值是------[/VAST/Ad[12]/@order_item_id]的期望值是----12  实际值是------[/VAST/Ad[13]/@order_item_id]的期望值是----13  实际值是------[/VAST/Ad[14]/@order_item_id]的期望值是----15  实际值是------[/VAST/Ad[15]/@order_item_id]的期望值是----16  实际值是------[/VAST/Ad[16]/@order_item_id]的期望值是----17  实际值是------[/VAST/Ad[17]/@order_item_id]的期望值是----18  实际值是------[/VAST/Ad[18]/@order_item_id]的期望值是----19  实际值是---->
	at org.testng.Assert.fail(Assert.java:89)
	at org.testng.Assert.failNotEquals(Assert.java:489)
	at org.testng.Assert.assertEquals(Assert.java:118)
	at org.testng.Assert.assertEquals(Assert.java:171)
	at com.letv.ads.util.AutoTest.test(Unknown Source)
	at sun.reflect.GeneratedMethodAccessor3.invoke(Unknown Source)
	at sun.reflect.DelegatingMethodAccessorImpl.invoke(Unknown Source)
	at java.lang.reflect.Method.invoke(Unknown Source)
	at org.testng.internal.MethodInvocationHelper.invokeMethod(MethodInvocationHelper.java:80)
	at org.testng.internal.Invoker.invokeMethod(Invoker.java:702)
	at org.testng.internal.Invoker.invokeTestMethod(Invoker.java:894)
	at org.testng.internal.Invoker.invokeTestMethods(Invoker.java:1219)
	at org.testng.internal.TestMethodWorker.invokeTestMethods(TestMethodWorker.java:127)
	at org.testng.internal.TestMethodWorker.run(TestMethodWorker.java:111)
	at org.testng.TestRunner.privateRun(TestRunner.java:768)
	at org.testng.TestRunner.run(TestRunner.java:617)
	at org.testng.SuiteRunner.runTest(SuiteRunner.java:334)
	at org.testng.SuiteRunner.runSequentially(SuiteRunner.java:329)
	at org.testng.SuiteRunner.privateRun(SuiteRunner.java:291)
	at org.testng.SuiteRunner.run(SuiteRunner.java:240)
	at org.testng.SuiteRunnerWorker.runSuite(SuiteRunnerWorker.java:53)
	at org.testng.SuiteRunnerWorker.run(SuiteRunnerWorker.java:87)
	at org.testng.TestNG.runSuitesSequentially(TestNG.java:1188)
	at org.testng.TestNG.runSuitesLocally(TestNG.java:1113)
	at org.testng.TestNG.run(TestNG.java:1025)
	at org.testng.TestNG.privateMain(TestNG.java:1328)
	at org.testng.TestNG.main(TestNG.java:1297)
]]>
    </error>
  </testcase> <!-- test -->
  <testcase name="test" time="1.064" classname="com.letv.ads.util.AutoTest">
    <error type="java.lang.AssertionError" message="[[public-dtsc-035]短视频广告时长动态配置035]测试未通过，部分字段未通过验证！ expected:&lt;ok&gt; but was:&lt;测试用例：[[public-dtsc-035]短视频广告时长动态配置035]字段校验失败！-----[/VAST/Ad[1]/@order_item_id]的期望值是----1  实际值是------[/VAST/Policy/CuePoint[1]/@duration]的期望值是----15  实际值是----1&gt;">
      <![CDATA[java.lang.AssertionError: [[public-dtsc-035]短视频广告时长动态配置035]测试未通过，部分字段未通过验证！ expected:<ok> but was:<测试用例：[[public-dtsc-035]短视频广告时长动态配置035]字段校验失败！-----[/VAST/Ad[1]/@order_item_id]的期望值是----1  实际值是------[/VAST/Policy/CuePoint[1]/@duration]的期望值是----15  实际值是----1>
	at org.testng.Assert.fail(Assert.java:89)
	at org.testng.Assert.failNotEquals(Assert.java:489)
	at org.testng.Assert.assertEquals(Assert.java:118)
	at org.testng.Assert.assertEquals(Assert.java:171)
	at com.letv.ads.util.AutoTest.test(Unknown Source)
	at sun.reflect.GeneratedMethodAccessor3.invoke(Unknown Source)
	at sun.reflect.DelegatingMethodAccessorImpl.invoke(Unknown Source)
	at java.lang.reflect.Method.invoke(Unknown Source)
	at org.testng.internal.MethodInvocationHelper.invokeMethod(MethodInvocationHelper.java:80)
	at org.testng.internal.Invoker.invokeMethod(Invoker.java:702)
	at org.testng.internal.Invoker.invokeTestMethod(Invoker.java:894)
	at org.testng.internal.Invoker.invokeTestMethods(Invoker.java:1219)
	at org.testng.internal.TestMethodWorker.invokeTestMethods(TestMethodWorker.java:127)
	at org.testng.internal.TestMethodWorker.run(TestMethodWorker.java:111)
	at org.testng.TestRunner.privateRun(TestRunner.java:768)
	at org.testng.TestRunner.run(TestRunner.java:617)
	at org.testng.SuiteRunner.runTest(SuiteRunner.java:334)
	at org.testng.SuiteRunner.runSequentially(SuiteRunner.java:329)
	at org.testng.SuiteRunner.privateRun(SuiteRunner.java:291)
	at org.testng.SuiteRunner.run(SuiteRunner.java:240)
	at org.testng.SuiteRunnerWorker.runSuite(SuiteRunnerWorker.java:53)
	at org.testng.SuiteRunnerWorker.run(SuiteRunnerWorker.java:87)
	at org.testng.TestNG.runSuitesSequentially(TestNG.java:1188)
	at org.testng.TestNG.runSuitesLocally(TestNG.java:1113)
	at org.testng.TestNG.run(TestNG.java:1025)
	at org.testng.TestNG.privateMain(TestNG.java:1328)
	at org.testng.TestNG.main(TestNG.java:1297)
]]>
    </error>
  </testcase> <!-- test -->
  <testcase name="test" time="1.090" classname="com.letv.ads.util.AutoTest">
    <error type="java.lang.AssertionError" message="[[public-dtsc-075]短视频广告时长动态配置075]测试未通过，部分字段未通过验证！ expected:&lt;ok&gt; but was:&lt;测试用例：[[public-dtsc-075]短视频广告时长动态配置075]字段校验失败！-----[/VAST/Ad[1]/@order_item_id]的期望值是----1  实际值是------[/VAST/Policy/CuePoint[1]/@duration]的期望值是----15  实际值是----1&gt;">
      <![CDATA[java.lang.AssertionError: [[public-dtsc-075]短视频广告时长动态配置075]测试未通过，部分字段未通过验证！ expected:<ok> but was:<测试用例：[[public-dtsc-075]短视频广告时长动态配置075]字段校验失败！-----[/VAST/Ad[1]/@order_item_id]的期望值是----1  实际值是------[/VAST/Policy/CuePoint[1]/@duration]的期望值是----15  实际值是----1>
	at org.testng.Assert.fail(Assert.java:89)
	at org.testng.Assert.failNotEquals(Assert.java:489)
	at org.testng.Assert.assertEquals(Assert.java:118)
	at org.testng.Assert.assertEquals(Assert.java:171)
	at com.letv.ads.util.AutoTest.test(Unknown Source)
	at sun.reflect.GeneratedMethodAccessor3.invoke(Unknown Source)
	at sun.reflect.DelegatingMethodAccessorImpl.invoke(Unknown Source)
	at java.lang.reflect.Method.invoke(Unknown Source)
	at org.testng.internal.MethodInvocationHelper.invokeMethod(MethodInvocationHelper.java:80)
	at org.testng.internal.Invoker.invokeMethod(Invoker.java:702)
	at org.testng.internal.Invoker.invokeTestMethod(Invoker.java:894)
	at org.testng.internal.Invoker.invokeTestMethods(Invoker.java:1219)
	at org.testng.internal.TestMethodWorker.invokeTestMethods(TestMethodWorker.java:127)
	at org.testng.internal.TestMethodWorker.run(TestMethodWorker.java:111)
	at org.testng.TestRunner.privateRun(TestRunner.java:768)
	at org.testng.TestRunner.run(TestRunner.java:617)
	at org.testng.SuiteRunner.runTest(SuiteRunner.java:334)
	at org.testng.SuiteRunner.runSequentially(SuiteRunner.java:329)
	at org.testng.SuiteRunner.privateRun(SuiteRunner.java:291)
	at org.testng.SuiteRunner.run(SuiteRunner.java:240)
	at org.testng.SuiteRunnerWorker.runSuite(SuiteRunnerWorker.java:53)
	at org.testng.SuiteRunnerWorker.run(SuiteRunnerWorker.java:87)
	at org.testng.TestNG.runSuitesSequentially(TestNG.java:1188)
	at org.testng.TestNG.runSuitesLocally(TestNG.java:1113)
	at org.testng.TestNG.run(TestNG.java:1025)
	at org.testng.TestNG.privateMain(TestNG.java:1328)
	at org.testng.TestNG.main(TestNG.java:1297)
]]>
    </error>
  </testcase> <!-- test -->
  <testcase name="test" time="1.076" classname="com.letv.ads.util.AutoTest">
    <error type="java.lang.AssertionError" message="[[public-tcl-005]TCL-欢网广告接入方舟005]轮播测试中，广告order_item_id[]重复出现，测试失败！">
      <![CDATA[java.lang.AssertionError: [[public-tcl-005]TCL-欢网广告接入方舟005]轮播测试中，广告order_item_id[]重复出现，测试失败！
	at org.testng.Assert.fail(Assert.java:89)
	at com.letv.ads.util.AutoTest.test(Unknown Source)
	at sun.reflect.GeneratedMethodAccessor3.invoke(Unknown Source)
	at sun.reflect.DelegatingMethodAccessorImpl.invoke(Unknown Source)
	at java.lang.reflect.Method.invoke(Unknown Source)
	at org.testng.internal.MethodInvocationHelper.invokeMethod(MethodInvocationHelper.java:80)
	at org.testng.internal.Invoker.invokeMethod(Invoker.java:702)
	at org.testng.internal.Invoker.invokeTestMethod(Invoker.java:894)
	at org.testng.internal.Invoker.invokeTestMethods(Invoker.java:1219)
	at org.testng.internal.TestMethodWorker.invokeTestMethods(TestMethodWorker.java:127)
	at org.testng.internal.TestMethodWorker.run(TestMethodWorker.java:111)
	at org.testng.TestRunner.privateRun(TestRunner.java:768)
	at org.testng.TestRunner.run(TestRunner.java:617)
	at org.testng.SuiteRunner.runTest(SuiteRunner.java:334)
	at org.testng.SuiteRunner.runSequentially(SuiteRunner.java:329)
	at org.testng.SuiteRunner.privateRun(SuiteRunner.java:291)
	at org.testng.SuiteRunner.run(SuiteRunner.java:240)
	at org.testng.SuiteRunnerWorker.runSuite(SuiteRunnerWorker.java:53)
	at org.testng.SuiteRunnerWorker.run(SuiteRunnerWorker.java:87)
	at org.testng.TestNG.runSuitesSequentially(TestNG.java:1188)
	at org.testng.TestNG.runSuitesLocally(TestNG.java:1113)
	at org.testng.TestNG.run(TestNG.java:1025)
	at org.testng.TestNG.privateMain(TestNG.java:1328)
	at org.testng.TestNG.main(TestNG.java:1297)
]]>
    </error>
  </testcase> <!-- test -->
  <testcase name="test" time="1.248" classname="com.letv.ads.util.AutoTest">
    <error type="java.lang.AssertionError" message="[public-gjgg-007]测试未通过，部分字段未通过验证！ expected:&lt;ok&gt; but was:&lt;测试用例：[public-gjgg-007]字段校验失败！-----[/VAST/Ad[1]/@order_item_id]的期望值是----1  实际值是----&gt;">
      <![CDATA[java.lang.AssertionError: [public-gjgg-007]测试未通过，部分字段未通过验证！ expected:<ok> but was:<测试用例：[public-gjgg-007]字段校验失败！-----[/VAST/Ad[1]/@order_item_id]的期望值是----1  实际值是---->
	at org.testng.Assert.fail(Assert.java:89)
	at org.testng.Assert.failNotEquals(Assert.java:489)
	at org.testng.Assert.assertEquals(Assert.java:118)
	at org.testng.Assert.assertEquals(Assert.java:171)
	at com.letv.ads.util.AutoTest.test(Unknown Source)
	at sun.reflect.GeneratedMethodAccessor3.invoke(Unknown Source)
	at sun.reflect.DelegatingMethodAccessorImpl.invoke(Unknown Source)
	at java.lang.reflect.Method.invoke(Unknown Source)
	at org.testng.internal.MethodInvocationHelper.invokeMethod(MethodInvocationHelper.java:80)
	at org.testng.internal.Invoker.invokeMethod(Invoker.java:702)
	at org.testng.internal.Invoker.invokeTestMethod(Invoker.java:894)
	at org.testng.internal.Invoker.invokeTestMethods(Invoker.java:1219)
	at org.testng.internal.TestMethodWorker.invokeTestMethods(TestMethodWorker.java:127)
	at org.testng.internal.TestMethodWorker.run(TestMethodWorker.java:111)
	at org.testng.TestRunner.privateRun(TestRunner.java:768)
	at org.testng.TestRunner.run(TestRunner.java:617)
	at org.testng.SuiteRunner.runTest(SuiteRunner.java:334)
	at org.testng.SuiteRunner.runSequentially(SuiteRunner.java:329)
	at org.testng.SuiteRunner.privateRun(SuiteRunner.java:291)
	at org.testng.SuiteRunner.run(SuiteRunner.java:240)
	at org.testng.SuiteRunnerWorker.runSuite(SuiteRunnerWorker.java:53)
	at org.testng.SuiteRunnerWorker.run(SuiteRunnerWorker.java:87)
	at org.testng.TestNG.runSuitesSequentially(TestNG.java:1188)
	at org.testng.TestNG.runSuitesLocally(TestNG.java:1113)
	at org.testng.TestNG.run(TestNG.java:1025)
	at org.testng.TestNG.privateMain(TestNG.java:1328)
	at org.testng.TestNG.main(TestNG.java:1297)
]]>
    </error>
  </testcase> <!-- test -->
  <testcase name="test" time="1.108" classname="com.letv.ads.util.AutoTest">
    <error type="java.lang.AssertionError" message="[[public-pbgg-015]屏保广告015]测试未通过，部分字段未通过验证！ expected:&lt;ok&gt; but was:&lt;测试用例：[[public-pbgg-015]屏保广告015]字段校验失败！-----[/VAST/Ad[1]/@order_item_id]的期望值是----1  实际值是----&gt;">
      <![CDATA[java.lang.AssertionError: [[public-pbgg-015]屏保广告015]测试未通过，部分字段未通过验证！ expected:<ok> but was:<测试用例：[[public-pbgg-015]屏保广告015]字段校验失败！-----[/VAST/Ad[1]/@order_item_id]的期望值是----1  实际值是---->
	at org.testng.Assert.fail(Assert.java:89)
	at org.testng.Assert.failNotEquals(Assert.java:489)
	at org.testng.Assert.assertEquals(Assert.java:118)
	at org.testng.Assert.assertEquals(Assert.java:171)
	at com.letv.ads.util.AutoTest.test(Unknown Source)
	at sun.reflect.GeneratedMethodAccessor3.invoke(Unknown Source)
	at sun.reflect.DelegatingMethodAccessorImpl.invoke(Unknown Source)
	at java.lang.reflect.Method.invoke(Unknown Source)
	at org.testng.internal.MethodInvocationHelper.invokeMethod(MethodInvocationHelper.java:80)
	at org.testng.internal.Invoker.invokeMethod(Invoker.java:702)
	at org.testng.internal.Invoker.invokeTestMethod(Invoker.java:894)
	at org.testng.internal.Invoker.invokeTestMethods(Invoker.java:1219)
	at org.testng.internal.TestMethodWorker.invokeTestMethods(TestMethodWorker.java:127)
	at org.testng.internal.TestMethodWorker.run(TestMethodWorker.java:111)
	at org.testng.TestRunner.privateRun(TestRunner.java:768)
	at org.testng.TestRunner.run(TestRunner.java:617)
	at org.testng.SuiteRunner.runTest(SuiteRunner.java:334)
	at org.testng.SuiteRunner.runSequentially(SuiteRunner.java:329)
	at org.testng.SuiteRunner.privateRun(SuiteRunner.java:291)
	at org.testng.SuiteRunner.run(SuiteRunner.java:240)
	at org.testng.SuiteRunnerWorker.runSuite(SuiteRunnerWorker.java:53)
	at org.testng.SuiteRunnerWorker.run(SuiteRunnerWorker.java:87)
	at org.testng.TestNG.runSuitesSequentially(TestNG.java:1188)
	at org.testng.TestNG.runSuitesLocally(TestNG.java:1113)
	at org.testng.TestNG.run(TestNG.java:1025)
	at org.testng.TestNG.privateMain(TestNG.java:1328)
	at org.testng.TestNG.main(TestNG.java:1297)
]]>
    </error>
  </testcase> <!-- test -->
  <testcase name="test" time="1.076" classname="com.letv.ads.util.AutoTest">
    <error type="java.lang.AssertionError" message="[public-qzzt-005]测试未通过，部分字段未通过验证！ expected:&lt;ok&gt; but was:&lt;测试用例：[public-qzzt-005]字段校验失败！-----[/VAST/Ad[1]/@id]的期望值是----1  实际值是------[/VAST/Ad[@id=&#039;1&#039;]/@order_item_id]的期望值是----1  实际值是------[VAST/Ad[1]/@ord]的期望值是----1  实际值是------[/VAST/Policy/CuePoint/@id]的期望值是----1  实际值是----4368&gt;">
      <![CDATA[java.lang.AssertionError: [public-qzzt-005]测试未通过，部分字段未通过验证！ expected:<ok> but was:<测试用例：[public-qzzt-005]字段校验失败！-----[/VAST/Ad[1]/@id]的期望值是----1  实际值是------[/VAST/Ad[@id='1']/@order_item_id]的期望值是----1  实际值是------[VAST/Ad[1]/@ord]的期望值是----1  实际值是------[/VAST/Policy/CuePoint/@id]的期望值是----1  实际值是----4368>
	at org.testng.Assert.fail(Assert.java:89)
	at org.testng.Assert.failNotEquals(Assert.java:489)
	at org.testng.Assert.assertEquals(Assert.java:118)
	at org.testng.Assert.assertEquals(Assert.java:171)
	at com.letv.ads.util.AutoTest.test(Unknown Source)
	at sun.reflect.GeneratedMethodAccessor3.invoke(Unknown Source)
	at sun.reflect.DelegatingMethodAccessorImpl.invoke(Unknown Source)
	at java.lang.reflect.Method.invoke(Unknown Source)
	at org.testng.internal.MethodInvocationHelper.invokeMethod(MethodInvocationHelper.java:80)
	at org.testng.internal.Invoker.invokeMethod(Invoker.java:702)
	at org.testng.internal.Invoker.invokeTestMethod(Invoker.java:894)
	at org.testng.internal.Invoker.invokeTestMethods(Invoker.java:1219)
	at org.testng.internal.TestMethodWorker.invokeTestMethods(TestMethodWorker.java:127)
	at org.testng.internal.TestMethodWorker.run(TestMethodWorker.java:111)
	at org.testng.TestRunner.privateRun(TestRunner.java:768)
	at org.testng.TestRunner.run(TestRunner.java:617)
	at org.testng.SuiteRunner.runTest(SuiteRunner.java:334)
	at org.testng.SuiteRunner.runSequentially(SuiteRunner.java:329)
	at org.testng.SuiteRunner.privateRun(SuiteRunner.java:291)
	at org.testng.SuiteRunner.run(SuiteRunner.java:240)
	at org.testng.SuiteRunnerWorker.runSuite(SuiteRunnerWorker.java:53)
	at org.testng.SuiteRunnerWorker.run(SuiteRunnerWorker.java:87)
	at org.testng.TestNG.runSuitesSequentially(TestNG.java:1188)
	at org.testng.TestNG.runSuitesLocally(TestNG.java:1113)
	at org.testng.TestNG.run(TestNG.java:1025)
	at org.testng.TestNG.privateMain(TestNG.java:1328)
	at org.testng.TestNG.main(TestNG.java:1297)
]]>
    </error>
  </testcase> <!-- test -->
  <testcase name="test" time="1.082" classname="com.letv.ads.util.AutoTest">
    <error type="java.lang.AssertionError" message="[[public-dtsc-049]短视频广告时长动态配置049]测试未通过，部分字段未通过验证！ expected:&lt;ok&gt; but was:&lt;测试用例：[[public-dtsc-049]短视频广告时长动态配置049]字段校验失败！-----[/VAST/Ad[1]/@order_item_id]的期望值是----1  实际值是------[/VAST/Policy/CuePoint[1]/@duration]的期望值是----15  实际值是----1&gt;">
      <![CDATA[java.lang.AssertionError: [[public-dtsc-049]短视频广告时长动态配置049]测试未通过，部分字段未通过验证！ expected:<ok> but was:<测试用例：[[public-dtsc-049]短视频广告时长动态配置049]字段校验失败！-----[/VAST/Ad[1]/@order_item_id]的期望值是----1  实际值是------[/VAST/Policy/CuePoint[1]/@duration]的期望值是----15  实际值是----1>
	at org.testng.Assert.fail(Assert.java:89)
	at org.testng.Assert.failNotEquals(Assert.java:489)
	at org.testng.Assert.assertEquals(Assert.java:118)
	at org.testng.Assert.assertEquals(Assert.java:171)
	at com.letv.ads.util.AutoTest.test(Unknown Source)
	at sun.reflect.GeneratedMethodAccessor3.invoke(Unknown Source)
	at sun.reflect.DelegatingMethodAccessorImpl.invoke(Unknown Source)
	at java.lang.reflect.Method.invoke(Unknown Source)
	at org.testng.internal.MethodInvocationHelper.invokeMethod(MethodInvocationHelper.java:80)
	at org.testng.internal.Invoker.invokeMethod(Invoker.java:702)
	at org.testng.internal.Invoker.invokeTestMethod(Invoker.java:894)
	at org.testng.internal.Invoker.invokeTestMethods(Invoker.java:1219)
	at org.testng.internal.TestMethodWorker.invokeTestMethods(TestMethodWorker.java:127)
	at org.testng.internal.TestMethodWorker.run(TestMethodWorker.java:111)
	at org.testng.TestRunner.privateRun(TestRunner.java:768)
	at org.testng.TestRunner.run(TestRunner.java:617)
	at org.testng.SuiteRunner.runTest(SuiteRunner.java:334)
	at org.testng.SuiteRunner.runSequentially(SuiteRunner.java:329)
	at org.testng.SuiteRunner.privateRun(SuiteRunner.java:291)
	at org.testng.SuiteRunner.run(SuiteRunner.java:240)
	at org.testng.SuiteRunnerWorker.runSuite(SuiteRunnerWorker.java:53)
	at org.testng.SuiteRunnerWorker.run(SuiteRunnerWorker.java:87)
	at org.testng.TestNG.runSuitesSequentially(TestNG.java:1188)
	at org.testng.TestNG.runSuitesLocally(TestNG.java:1113)
	at org.testng.TestNG.run(TestNG.java:1025)
	at org.testng.TestNG.privateMain(TestNG.java:1328)
	at org.testng.TestNG.main(TestNG.java:1297)
]]>
    </error>
  </testcase> <!-- test -->
  <testcase name="test" time="1.092" classname="com.letv.ads.util.AutoTest">
    <error type="java.lang.AssertionError" message="[[public-dtsc-082]短视频广告时长动态配置082]测试未通过，部分字段未通过验证！ expected:&lt;ok&gt; but was:&lt;测试用例：[[public-dtsc-082]短视频广告时长动态配置082]字段校验失败！-----[/VAST/Ad[1]/@order_item_id]的期望值是----1  实际值是------[/VAST/Policy/CuePoint[1]/@duration]的期望值是----15  实际值是----1&gt;">
      <![CDATA[java.lang.AssertionError: [[public-dtsc-082]短视频广告时长动态配置082]测试未通过，部分字段未通过验证！ expected:<ok> but was:<测试用例：[[public-dtsc-082]短视频广告时长动态配置082]字段校验失败！-----[/VAST/Ad[1]/@order_item_id]的期望值是----1  实际值是------[/VAST/Policy/CuePoint[1]/@duration]的期望值是----15  实际值是----1>
	at org.testng.Assert.fail(Assert.java:89)
	at org.testng.Assert.failNotEquals(Assert.java:489)
	at org.testng.Assert.assertEquals(Assert.java:118)
	at org.testng.Assert.assertEquals(Assert.java:171)
	at com.letv.ads.util.AutoTest.test(Unknown Source)
	at sun.reflect.GeneratedMethodAccessor3.invoke(Unknown Source)
	at sun.reflect.DelegatingMethodAccessorImpl.invoke(Unknown Source)
	at java.lang.reflect.Method.invoke(Unknown Source)
	at org.testng.internal.MethodInvocationHelper.invokeMethod(MethodInvocationHelper.java:80)
	at org.testng.internal.Invoker.invokeMethod(Invoker.java:702)
	at org.testng.internal.Invoker.invokeTestMethod(Invoker.java:894)
	at org.testng.internal.Invoker.invokeTestMethods(Invoker.java:1219)
	at org.testng.internal.TestMethodWorker.invokeTestMethods(TestMethodWorker.java:127)
	at org.testng.internal.TestMethodWorker.run(TestMethodWorker.java:111)
	at org.testng.TestRunner.privateRun(TestRunner.java:768)
	at org.testng.TestRunner.run(TestRunner.java:617)
	at org.testng.SuiteRunner.runTest(SuiteRunner.java:334)
	at org.testng.SuiteRunner.runSequentially(SuiteRunner.java:329)
	at org.testng.SuiteRunner.privateRun(SuiteRunner.java:291)
	at org.testng.SuiteRunner.run(SuiteRunner.java:240)
	at org.testng.SuiteRunnerWorker.runSuite(SuiteRunnerWorker.java:53)
	at org.testng.SuiteRunnerWorker.run(SuiteRunnerWorker.java:87)
	at org.testng.TestNG.runSuitesSequentially(TestNG.java:1188)
	at org.testng.TestNG.runSuitesLocally(TestNG.java:1113)
	at org.testng.TestNG.run(TestNG.java:1025)
	at org.testng.TestNG.privateMain(TestNG.java:1328)
	at org.testng.TestNG.main(TestNG.java:1297)
]]>
    </error>
  </testcase> <!-- test -->
  <testcase name="test" time="1.046" classname="com.letv.ads.util.AutoTest">
    <error type="java.lang.AssertionError" message="[[public-dtsc-064]短视频广告时长动态配置064]测试未通过，部分字段未通过验证！ expected:&lt;ok&gt; but was:&lt;测试用例：[[public-dtsc-064]短视频广告时长动态配置064]字段校验失败！-----[/VAST/Ad[1]/@order_item_id]的期望值是----1  实际值是------[/VAST/Policy/CuePoint[1]/@duration]的期望值是----25  实际值是----1&gt;">
      <![CDATA[java.lang.AssertionError: [[public-dtsc-064]短视频广告时长动态配置064]测试未通过，部分字段未通过验证！ expected:<ok> but was:<测试用例：[[public-dtsc-064]短视频广告时长动态配置064]字段校验失败！-----[/VAST/Ad[1]/@order_item_id]的期望值是----1  实际值是------[/VAST/Policy/CuePoint[1]/@duration]的期望值是----25  实际值是----1>
	at org.testng.Assert.fail(Assert.java:89)
	at org.testng.Assert.failNotEquals(Assert.java:489)
	at org.testng.Assert.assertEquals(Assert.java:118)
	at org.testng.Assert.assertEquals(Assert.java:171)
	at com.letv.ads.util.AutoTest.test(Unknown Source)
	at sun.reflect.GeneratedMethodAccessor3.invoke(Unknown Source)
	at sun.reflect.DelegatingMethodAccessorImpl.invoke(Unknown Source)
	at java.lang.reflect.Method.invoke(Unknown Source)
	at org.testng.internal.MethodInvocationHelper.invokeMethod(MethodInvocationHelper.java:80)
	at org.testng.internal.Invoker.invokeMethod(Invoker.java:702)
	at org.testng.internal.Invoker.invokeTestMethod(Invoker.java:894)
	at org.testng.internal.Invoker.invokeTestMethods(Invoker.java:1219)
	at org.testng.internal.TestMethodWorker.invokeTestMethods(TestMethodWorker.java:127)
	at org.testng.internal.TestMethodWorker.run(TestMethodWorker.java:111)
	at org.testng.TestRunner.privateRun(TestRunner.java:768)
	at org.testng.TestRunner.run(TestRunner.java:617)
	at org.testng.SuiteRunner.runTest(SuiteRunner.java:334)
	at org.testng.SuiteRunner.runSequentially(SuiteRunner.java:329)
	at org.testng.SuiteRunner.privateRun(SuiteRunner.java:291)
	at org.testng.SuiteRunner.run(SuiteRunner.java:240)
	at org.testng.SuiteRunnerWorker.runSuite(SuiteRunnerWorker.java:53)
	at org.testng.SuiteRunnerWorker.run(SuiteRunnerWorker.java:87)
	at org.testng.TestNG.runSuitesSequentially(TestNG.java:1188)
	at org.testng.TestNG.runSuitesLocally(TestNG.java:1113)
	at org.testng.TestNG.run(TestNG.java:1025)
	at org.testng.TestNG.privateMain(TestNG.java:1328)
	at org.testng.TestNG.main(TestNG.java:1297)
]]>
    </error>
  </testcase> <!-- test -->
  <testcase name="test" time="1.061" classname="com.letv.ads.util.AutoTest">
    <error type="java.lang.AssertionError" message="[[public-pbgg-012]屏保广告012]轮播测试中，广告order_item_id[]重复出现，测试失败！">
      <![CDATA[java.lang.AssertionError: [[public-pbgg-012]屏保广告012]轮播测试中，广告order_item_id[]重复出现，测试失败！
	at org.testng.Assert.fail(Assert.java:89)
	at com.letv.ads.util.AutoTest.test(Unknown Source)
	at sun.reflect.GeneratedMethodAccessor3.invoke(Unknown Source)
	at sun.reflect.DelegatingMethodAccessorImpl.invoke(Unknown Source)
	at java.lang.reflect.Method.invoke(Unknown Source)
	at org.testng.internal.MethodInvocationHelper.invokeMethod(MethodInvocationHelper.java:80)
	at org.testng.internal.Invoker.invokeMethod(Invoker.java:702)
	at org.testng.internal.Invoker.invokeTestMethod(Invoker.java:894)
	at org.testng.internal.Invoker.invokeTestMethods(Invoker.java:1219)
	at org.testng.internal.TestMethodWorker.invokeTestMethods(TestMethodWorker.java:127)
	at org.testng.internal.TestMethodWorker.run(TestMethodWorker.java:111)
	at org.testng.TestRunner.privateRun(TestRunner.java:768)
	at org.testng.TestRunner.run(TestRunner.java:617)
	at org.testng.SuiteRunner.runTest(SuiteRunner.java:334)
	at org.testng.SuiteRunner.runSequentially(SuiteRunner.java:329)
	at org.testng.SuiteRunner.privateRun(SuiteRunner.java:291)
	at org.testng.SuiteRunner.run(SuiteRunner.java:240)
	at org.testng.SuiteRunnerWorker.runSuite(SuiteRunnerWorker.java:53)
	at org.testng.SuiteRunnerWorker.run(SuiteRunnerWorker.java:87)
	at org.testng.TestNG.runSuitesSequentially(TestNG.java:1188)
	at org.testng.TestNG.runSuitesLocally(TestNG.java:1113)
	at org.testng.TestNG.run(TestNG.java:1025)
	at org.testng.TestNG.privateMain(TestNG.java:1328)
	at org.testng.TestNG.main(TestNG.java:1297)
]]>
    </error>
  </testcase> <!-- test -->
  <testcase name="test" time="1.074" classname="com.letv.ads.util.AutoTest">
    <error type="java.lang.AssertionError" message="[[public-dtsc-080]短视频广告时长动态配置080]测试未通过，部分字段未通过验证！ expected:&lt;ok&gt; but was:&lt;测试用例：[[public-dtsc-080]短视频广告时长动态配置080]字段校验失败！-----[/VAST/Ad[1]/@order_item_id]的期望值是----1  实际值是------[/VAST/Policy/CuePoint[1]/@duration]的期望值是----15  实际值是----1&gt;">
      <![CDATA[java.lang.AssertionError: [[public-dtsc-080]短视频广告时长动态配置080]测试未通过，部分字段未通过验证！ expected:<ok> but was:<测试用例：[[public-dtsc-080]短视频广告时长动态配置080]字段校验失败！-----[/VAST/Ad[1]/@order_item_id]的期望值是----1  实际值是------[/VAST/Policy/CuePoint[1]/@duration]的期望值是----15  实际值是----1>
	at org.testng.Assert.fail(Assert.java:89)
	at org.testng.Assert.failNotEquals(Assert.java:489)
	at org.testng.Assert.assertEquals(Assert.java:118)
	at org.testng.Assert.assertEquals(Assert.java:171)
	at com.letv.ads.util.AutoTest.test(Unknown Source)
	at sun.reflect.GeneratedMethodAccessor3.invoke(Unknown Source)
	at sun.reflect.DelegatingMethodAccessorImpl.invoke(Unknown Source)
	at java.lang.reflect.Method.invoke(Unknown Source)
	at org.testng.internal.MethodInvocationHelper.invokeMethod(MethodInvocationHelper.java:80)
	at org.testng.internal.Invoker.invokeMethod(Invoker.java:702)
	at org.testng.internal.Invoker.invokeTestMethod(Invoker.java:894)
	at org.testng.internal.Invoker.invokeTestMethods(Invoker.java:1219)
	at org.testng.internal.TestMethodWorker.invokeTestMethods(TestMethodWorker.java:127)
	at org.testng.internal.TestMethodWorker.run(TestMethodWorker.java:111)
	at org.testng.TestRunner.privateRun(TestRunner.java:768)
	at org.testng.TestRunner.run(TestRunner.java:617)
	at org.testng.SuiteRunner.runTest(SuiteRunner.java:334)
	at org.testng.SuiteRunner.runSequentially(SuiteRunner.java:329)
	at org.testng.SuiteRunner.privateRun(SuiteRunner.java:291)
	at org.testng.SuiteRunner.run(SuiteRunner.java:240)
	at org.testng.SuiteRunnerWorker.runSuite(SuiteRunnerWorker.java:53)
	at org.testng.SuiteRunnerWorker.run(SuiteRunnerWorker.java:87)
	at org.testng.TestNG.runSuitesSequentially(TestNG.java:1188)
	at org.testng.TestNG.runSuitesLocally(TestNG.java:1113)
	at org.testng.TestNG.run(TestNG.java:1025)
	at org.testng.TestNG.privateMain(TestNG.java:1328)
	at org.testng.TestNG.main(TestNG.java:1297)
]]>
    </error>
  </testcase> <!-- test -->
  <testcase name="test" time="1.046" classname="com.letv.ads.util.AutoTest">
    <error type="java.lang.AssertionError" message="[[public-dtsc-011]短视频广告时长动态配置011]测试未通过，部分字段未通过验证！ expected:&lt;ok&gt; but was:&lt;测试用例：[[public-dtsc-011]短视频广告时长动态配置011]字段校验失败！-----[/VAST/Ad[1]/@order_item_id]的期望值是----1  实际值是------[/VAST/Policy/CuePoint[1]/@duration]的期望值是----15  实际值是----1&gt;">
      <![CDATA[java.lang.AssertionError: [[public-dtsc-011]短视频广告时长动态配置011]测试未通过，部分字段未通过验证！ expected:<ok> but was:<测试用例：[[public-dtsc-011]短视频广告时长动态配置011]字段校验失败！-----[/VAST/Ad[1]/@order_item_id]的期望值是----1  实际值是------[/VAST/Policy/CuePoint[1]/@duration]的期望值是----15  实际值是----1>
	at org.testng.Assert.fail(Assert.java:89)
	at org.testng.Assert.failNotEquals(Assert.java:489)
	at org.testng.Assert.assertEquals(Assert.java:118)
	at org.testng.Assert.assertEquals(Assert.java:171)
	at com.letv.ads.util.AutoTest.test(Unknown Source)
	at sun.reflect.GeneratedMethodAccessor3.invoke(Unknown Source)
	at sun.reflect.DelegatingMethodAccessorImpl.invoke(Unknown Source)
	at java.lang.reflect.Method.invoke(Unknown Source)
	at org.testng.internal.MethodInvocationHelper.invokeMethod(MethodInvocationHelper.java:80)
	at org.testng.internal.Invoker.invokeMethod(Invoker.java:702)
	at org.testng.internal.Invoker.invokeTestMethod(Invoker.java:894)
	at org.testng.internal.Invoker.invokeTestMethods(Invoker.java:1219)
	at org.testng.internal.TestMethodWorker.invokeTestMethods(TestMethodWorker.java:127)
	at org.testng.internal.TestMethodWorker.run(TestMethodWorker.java:111)
	at org.testng.TestRunner.privateRun(TestRunner.java:768)
	at org.testng.TestRunner.run(TestRunner.java:617)
	at org.testng.SuiteRunner.runTest(SuiteRunner.java:334)
	at org.testng.SuiteRunner.runSequentially(SuiteRunner.java:329)
	at org.testng.SuiteRunner.privateRun(SuiteRunner.java:291)
	at org.testng.SuiteRunner.run(SuiteRunner.java:240)
	at org.testng.SuiteRunnerWorker.runSuite(SuiteRunnerWorker.java:53)
	at org.testng.SuiteRunnerWorker.run(SuiteRunnerWorker.java:87)
	at org.testng.TestNG.runSuitesSequentially(TestNG.java:1188)
	at org.testng.TestNG.runSuitesLocally(TestNG.java:1113)
	at org.testng.TestNG.run(TestNG.java:1025)
	at org.testng.TestNG.privateMain(TestNG.java:1328)
	at org.testng.TestNG.main(TestNG.java:1297)
]]>
    </error>
  </testcase> <!-- test -->
  <testcase name="test" time="1.204" classname="com.letv.ads.util.AutoTest">
    <error type="java.lang.AssertionError" message="[public-qzzt-001]测试未通过，部分字段未通过验证！ expected:&lt;ok&gt; but was:&lt;测试用例：[public-qzzt-001]字段校验失败！-----[/VAST/Ad[1]/@id]的期望值是----1  实际值是------[/VAST/Ad[@id=&#039;1&#039;]/@order_item_id]的期望值是----1  实际值是------[VAST/Ad[1]/@ord]的期望值是----1  实际值是------[/VAST/Policy/CuePoint/@id]的期望值是----1  实际值是----4368&gt;">
      <![CDATA[java.lang.AssertionError: [public-qzzt-001]测试未通过，部分字段未通过验证！ expected:<ok> but was:<测试用例：[public-qzzt-001]字段校验失败！-----[/VAST/Ad[1]/@id]的期望值是----1  实际值是------[/VAST/Ad[@id='1']/@order_item_id]的期望值是----1  实际值是------[VAST/Ad[1]/@ord]的期望值是----1  实际值是------[/VAST/Policy/CuePoint/@id]的期望值是----1  实际值是----4368>
	at org.testng.Assert.fail(Assert.java:89)
	at org.testng.Assert.failNotEquals(Assert.java:489)
	at org.testng.Assert.assertEquals(Assert.java:118)
	at org.testng.Assert.assertEquals(Assert.java:171)
	at com.letv.ads.util.AutoTest.test(Unknown Source)
	at sun.reflect.NativeMethodAccessorImpl.invoke0(Native Method)
	at sun.reflect.NativeMethodAccessorImpl.invoke(Unknown Source)
	at sun.reflect.DelegatingMethodAccessorImpl.invoke(Unknown Source)
	at java.lang.reflect.Method.invoke(Unknown Source)
	at org.testng.internal.MethodInvocationHelper.invokeMethod(MethodInvocationHelper.java:80)
	at org.testng.internal.Invoker.invokeMethod(Invoker.java:702)
	at org.testng.internal.Invoker.invokeTestMethod(Invoker.java:894)
	at org.testng.internal.Invoker.invokeTestMethods(Invoker.java:1219)
	at org.testng.internal.TestMethodWorker.invokeTestMethods(TestMethodWorker.java:127)
	at org.testng.internal.TestMethodWorker.run(TestMethodWorker.java:111)
	at org.testng.TestRunner.privateRun(TestRunner.java:768)
	at org.testng.TestRunner.run(TestRunner.java:617)
	at org.testng.SuiteRunner.runTest(SuiteRunner.java:334)
	at org.testng.SuiteRunner.runSequentially(SuiteRunner.java:329)
	at org.testng.SuiteRunner.privateRun(SuiteRunner.java:291)
	at org.testng.SuiteRunner.run(SuiteRunner.java:240)
	at org.testng.SuiteRunnerWorker.runSuite(SuiteRunnerWorker.java:53)
	at org.testng.SuiteRunnerWorker.run(SuiteRunnerWorker.java:87)
	at org.testng.TestNG.runSuitesSequentially(TestNG.java:1188)
	at org.testng.TestNG.runSuitesLocally(TestNG.java:1113)
	at org.testng.TestNG.run(TestNG.java:1025)
	at org.testng.TestNG.privateMain(TestNG.java:1328)
	at org.testng.TestNG.main(TestNG.java:1297)
]]>
    </error>
  </testcase> <!-- test -->
  <testcase name="test" time="1.077" classname="com.letv.ads.util.AutoTest">
    <error type="java.lang.AssertionError" message="[public-qzzt-011]测试未通过，部分字段未通过验证！ expected:&lt;ok&gt; but was:&lt;测试用例：[public-qzzt-011]字段校验失败！-----[/VAST/Ad[1]/@id]的期望值是----1  实际值是------[/VAST/Ad[@id=&#039;1&#039;]/@order_item_id]的期望值是----1  实际值是------[VAST/Ad[1]/@ord]的期望值是----1  实际值是------[/VAST/Policy/CuePoint/@id]的期望值是----1  实际值是----4368--[/VAST/Ad[2]/@id]的期望值是----2  实际值是------[/VAST/Ad[@id=&#039;2&#039;]/@order_item_id]的期望值是----2  实际值是------[VAST/Ad[2]/@ord]的期望值是----2  实际值是------[/VAST/Ad[3]/@id]的期望值是----3  实际值是------[/VAST/Ad[@id=&#039;3&#039;]/@order_item_id]的期望值是----3  实际值是------[VAST/Ad[3]/@ord]的期望值是----4  实际值是------[/VAST/Ad[4]/@id]的期望值是----4  实际值是------[/VAST/Ad[@id=&#039;4&#039;]/@order_item_id]的期望值是----4  实际值是------[VAST/Ad[4]/@ord]的期望值是----5  实际值是----&gt;">
      <![CDATA[java.lang.AssertionError: [public-qzzt-011]测试未通过，部分字段未通过验证！ expected:<ok> but was:<测试用例：[public-qzzt-011]字段校验失败！-----[/VAST/Ad[1]/@id]的期望值是----1  实际值是------[/VAST/Ad[@id='1']/@order_item_id]的期望值是----1  实际值是------[VAST/Ad[1]/@ord]的期望值是----1  实际值是------[/VAST/Policy/CuePoint/@id]的期望值是----1  实际值是----4368--[/VAST/Ad[2]/@id]的期望值是----2  实际值是------[/VAST/Ad[@id='2']/@order_item_id]的期望值是----2  实际值是------[VAST/Ad[2]/@ord]的期望值是----2  实际值是------[/VAST/Ad[3]/@id]的期望值是----3  实际值是------[/VAST/Ad[@id='3']/@order_item_id]的期望值是----3  实际值是------[VAST/Ad[3]/@ord]的期望值是----4  实际值是------[/VAST/Ad[4]/@id]的期望值是----4  实际值是------[/VAST/Ad[@id='4']/@order_item_id]的期望值是----4  实际值是------[VAST/Ad[4]/@ord]的期望值是----5  实际值是---->
	at org.testng.Assert.fail(Assert.java:89)
	at org.testng.Assert.failNotEquals(Assert.java:489)
	at org.testng.Assert.assertEquals(Assert.java:118)
	at org.testng.Assert.assertEquals(Assert.java:171)
	at com.letv.ads.util.AutoTest.test(Unknown Source)
	at sun.reflect.GeneratedMethodAccessor3.invoke(Unknown Source)
	at sun.reflect.DelegatingMethodAccessorImpl.invoke(Unknown Source)
	at java.lang.reflect.Method.invoke(Unknown Source)
	at org.testng.internal.MethodInvocationHelper.invokeMethod(MethodInvocationHelper.java:80)
	at org.testng.internal.Invoker.invokeMethod(Invoker.java:702)
	at org.testng.internal.Invoker.invokeTestMethod(Invoker.java:894)
	at org.testng.internal.Invoker.invokeTestMethods(Invoker.java:1219)
	at org.testng.internal.TestMethodWorker.invokeTestMethods(TestMethodWorker.java:127)
	at org.testng.internal.TestMethodWorker.run(TestMethodWorker.java:111)
	at org.testng.TestRunner.privateRun(TestRunner.java:768)
	at org.testng.TestRunner.run(TestRunner.java:617)
	at org.testng.SuiteRunner.runTest(SuiteRunner.java:334)
	at org.testng.SuiteRunner.runSequentially(SuiteRunner.java:329)
	at org.testng.SuiteRunner.privateRun(SuiteRunner.java:291)
	at org.testng.SuiteRunner.run(SuiteRunner.java:240)
	at org.testng.SuiteRunnerWorker.runSuite(SuiteRunnerWorker.java:53)
	at org.testng.SuiteRunnerWorker.run(SuiteRunnerWorker.java:87)
	at org.testng.TestNG.runSuitesSequentially(TestNG.java:1188)
	at org.testng.TestNG.runSuitesLocally(TestNG.java:1113)
	at org.testng.TestNG.run(TestNG.java:1025)
	at org.testng.TestNG.privateMain(TestNG.java:1328)
	at org.testng.TestNG.main(TestNG.java:1297)
]]>
    </error>
  </testcase> <!-- test -->
  <testcase name="test" time="1.052" classname="com.letv.ads.util.AutoTest">
    <error type="java.lang.AssertionError" message="[[public-dtsc-004]短视频广告时长动态配置004]测试未通过，部分字段未通过验证！ expected:&lt;ok&gt; but was:&lt;测试用例：[[public-dtsc-004]短视频广告时长动态配置004]字段校验失败！-----[/VAST/Ad[1]/@order_item_id]的期望值是----1  实际值是------[/VAST/Policy/CuePoint[1]/@duration]的期望值是----15  实际值是----1&gt;">
      <![CDATA[java.lang.AssertionError: [[public-dtsc-004]短视频广告时长动态配置004]测试未通过，部分字段未通过验证！ expected:<ok> but was:<测试用例：[[public-dtsc-004]短视频广告时长动态配置004]字段校验失败！-----[/VAST/Ad[1]/@order_item_id]的期望值是----1  实际值是------[/VAST/Policy/CuePoint[1]/@duration]的期望值是----15  实际值是----1>
	at org.testng.Assert.fail(Assert.java:89)
	at org.testng.Assert.failNotEquals(Assert.java:489)
	at org.testng.Assert.assertEquals(Assert.java:118)
	at org.testng.Assert.assertEquals(Assert.java:171)
	at com.letv.ads.util.AutoTest.test(Unknown Source)
	at sun.reflect.GeneratedMethodAccessor3.invoke(Unknown Source)
	at sun.reflect.DelegatingMethodAccessorImpl.invoke(Unknown Source)
	at java.lang.reflect.Method.invoke(Unknown Source)
	at org.testng.internal.MethodInvocationHelper.invokeMethod(MethodInvocationHelper.java:80)
	at org.testng.internal.Invoker.invokeMethod(Invoker.java:702)
	at org.testng.internal.Invoker.invokeTestMethod(Invoker.java:894)
	at org.testng.internal.Invoker.invokeTestMethods(Invoker.java:1219)
	at org.testng.internal.TestMethodWorker.invokeTestMethods(TestMethodWorker.java:127)
	at org.testng.internal.TestMethodWorker.run(TestMethodWorker.java:111)
	at org.testng.TestRunner.privateRun(TestRunner.java:768)
	at org.testng.TestRunner.run(TestRunner.java:617)
	at org.testng.SuiteRunner.runTest(SuiteRunner.java:334)
	at org.testng.SuiteRunner.runSequentially(SuiteRunner.java:329)
	at org.testng.SuiteRunner.privateRun(SuiteRunner.java:291)
	at org.testng.SuiteRunner.run(SuiteRunner.java:240)
	at org.testng.SuiteRunnerWorker.runSuite(SuiteRunnerWorker.java:53)
	at org.testng.SuiteRunnerWorker.run(SuiteRunnerWorker.java:87)
	at org.testng.TestNG.runSuitesSequentially(TestNG.java:1188)
	at org.testng.TestNG.runSuitesLocally(TestNG.java:1113)
	at org.testng.TestNG.run(TestNG.java:1025)
	at org.testng.TestNG.privateMain(TestNG.java:1328)
	at org.testng.TestNG.main(TestNG.java:1297)
]]>
    </error>
  </testcase> <!-- test -->
  <testcase name="test" time="1.071" classname="com.letv.ads.util.AutoTest">
    <error type="java.lang.AssertionError" message="[[public-dtsc-072]短视频广告时长动态配置072]测试未通过，部分字段未通过验证！ expected:&lt;ok&gt; but was:&lt;测试用例：[[public-dtsc-072]短视频广告时长动态配置072]字段校验失败！-----[/VAST/Ad[1]/@order_item_id]的期望值是----1  实际值是------[/VAST/Policy/CuePoint[1]/@duration]的期望值是----45  实际值是----1&gt;">
      <![CDATA[java.lang.AssertionError: [[public-dtsc-072]短视频广告时长动态配置072]测试未通过，部分字段未通过验证！ expected:<ok> but was:<测试用例：[[public-dtsc-072]短视频广告时长动态配置072]字段校验失败！-----[/VAST/Ad[1]/@order_item_id]的期望值是----1  实际值是------[/VAST/Policy/CuePoint[1]/@duration]的期望值是----45  实际值是----1>
	at org.testng.Assert.fail(Assert.java:89)
	at org.testng.Assert.failNotEquals(Assert.java:489)
	at org.testng.Assert.assertEquals(Assert.java:118)
	at org.testng.Assert.assertEquals(Assert.java:171)
	at com.letv.ads.util.AutoTest.test(Unknown Source)
	at sun.reflect.NativeMethodAccessorImpl.invoke0(Native Method)
	at sun.reflect.NativeMethodAccessorImpl.invoke(Unknown Source)
	at sun.reflect.DelegatingMethodAccessorImpl.invoke(Unknown Source)
	at java.lang.reflect.Method.invoke(Unknown Source)
	at org.testng.internal.MethodInvocationHelper.invokeMethod(MethodInvocationHelper.java:80)
	at org.testng.internal.Invoker.invokeMethod(Invoker.java:702)
	at org.testng.internal.Invoker.invokeTestMethod(Invoker.java:894)
	at org.testng.internal.Invoker.invokeTestMethods(Invoker.java:1219)
	at org.testng.internal.TestMethodWorker.invokeTestMethods(TestMethodWorker.java:127)
	at org.testng.internal.TestMethodWorker.run(TestMethodWorker.java:111)
	at org.testng.TestRunner.privateRun(TestRunner.java:768)
	at org.testng.TestRunner.run(TestRunner.java:617)
	at org.testng.SuiteRunner.runTest(SuiteRunner.java:334)
	at org.testng.SuiteRunner.runSequentially(SuiteRunner.java:329)
	at org.testng.SuiteRunner.privateRun(SuiteRunner.java:291)
	at org.testng.SuiteRunner.run(SuiteRunner.java:240)
	at org.testng.SuiteRunnerWorker.runSuite(SuiteRunnerWorker.java:53)
	at org.testng.SuiteRunnerWorker.run(SuiteRunnerWorker.java:87)
	at org.testng.TestNG.runSuitesSequentially(TestNG.java:1188)
	at org.testng.TestNG.runSuitesLocally(TestNG.java:1113)
	at org.testng.TestNG.run(TestNG.java:1025)
	at org.testng.TestNG.privateMain(TestNG.java:1328)
	at org.testng.TestNG.main(TestNG.java:1297)
]]>
    </error>
  </testcase> <!-- test -->
  <testcase name="test" time="1.139" classname="com.letv.ads.util.AutoTest">
    <error type="java.lang.AssertionError" message="[public-gjgg-002]测试未通过，部分字段未通过验证！ expected:&lt;ok&gt; but was:&lt;测试用例：[public-gjgg-002]字段校验失败！-----[/VAST/Ad[1]/@order_item_id]的期望值是----1  实际值是------[/VAST/Ad[2]/@order_item_id]的期望值是----2  实际值是------[/VAST/Policy/CuePoint[1]/@id]的期望值是----1  实际值是----4368--[/VAST/Policy/CuePoint[2]/@id]的期望值是----2  实际值是----4369&gt;">
      <![CDATA[java.lang.AssertionError: [public-gjgg-002]测试未通过，部分字段未通过验证！ expected:<ok> but was:<测试用例：[public-gjgg-002]字段校验失败！-----[/VAST/Ad[1]/@order_item_id]的期望值是----1  实际值是------[/VAST/Ad[2]/@order_item_id]的期望值是----2  实际值是------[/VAST/Policy/CuePoint[1]/@id]的期望值是----1  实际值是----4368--[/VAST/Policy/CuePoint[2]/@id]的期望值是----2  实际值是----4369>
	at org.testng.Assert.fail(Assert.java:89)
	at org.testng.Assert.failNotEquals(Assert.java:489)
	at org.testng.Assert.assertEquals(Assert.java:118)
	at org.testng.Assert.assertEquals(Assert.java:171)
	at com.letv.ads.util.AutoTest.test(Unknown Source)
	at sun.reflect.GeneratedMethodAccessor3.invoke(Unknown Source)
	at sun.reflect.DelegatingMethodAccessorImpl.invoke(Unknown Source)
	at java.lang.reflect.Method.invoke(Unknown Source)
	at org.testng.internal.MethodInvocationHelper.invokeMethod(MethodInvocationHelper.java:80)
	at org.testng.internal.Invoker.invokeMethod(Invoker.java:702)
	at org.testng.internal.Invoker.invokeTestMethod(Invoker.java:894)
	at org.testng.internal.Invoker.invokeTestMethods(Invoker.java:1219)
	at org.testng.internal.TestMethodWorker.invokeTestMethods(TestMethodWorker.java:127)
	at org.testng.internal.TestMethodWorker.run(TestMethodWorker.java:111)
	at org.testng.TestRunner.privateRun(TestRunner.java:768)
	at org.testng.TestRunner.run(TestRunner.java:617)
	at org.testng.SuiteRunner.runTest(SuiteRunner.java:334)
	at org.testng.SuiteRunner.runSequentially(SuiteRunner.java:329)
	at org.testng.SuiteRunner.privateRun(SuiteRunner.java:291)
	at org.testng.SuiteRunner.run(SuiteRunner.java:240)
	at org.testng.SuiteRunnerWorker.runSuite(SuiteRunnerWorker.java:53)
	at org.testng.SuiteRunnerWorker.run(SuiteRunnerWorker.java:87)
	at org.testng.TestNG.runSuitesSequentially(TestNG.java:1188)
	at org.testng.TestNG.runSuitesLocally(TestNG.java:1113)
	at org.testng.TestNG.run(TestNG.java:1025)
	at org.testng.TestNG.privateMain(TestNG.java:1328)
	at org.testng.TestNG.main(TestNG.java:1297)
]]>
    </error>
  </testcase> <!-- test -->
  <testcase name="test" time="1.217" classname="com.letv.ads.util.AutoTest">
    <error type="java.lang.AssertionError" message="[public-pbgg-023屏蔽广告5轮播]轮播测试中，广告order_item_id未出现，测试失败！">
      <![CDATA[java.lang.AssertionError: [public-pbgg-023屏蔽广告5轮播]轮播测试中，广告order_item_id未出现，测试失败！
	at org.testng.Assert.fail(Assert.java:89)
	at com.letv.ads.util.AutoTest.test(Unknown Source)
	at sun.reflect.GeneratedMethodAccessor3.invoke(Unknown Source)
	at sun.reflect.DelegatingMethodAccessorImpl.invoke(Unknown Source)
	at java.lang.reflect.Method.invoke(Unknown Source)
	at org.testng.internal.MethodInvocationHelper.invokeMethod(MethodInvocationHelper.java:80)
	at org.testng.internal.Invoker.invokeMethod(Invoker.java:702)
	at org.testng.internal.Invoker.invokeTestMethod(Invoker.java:894)
	at org.testng.internal.Invoker.invokeTestMethods(Invoker.java:1219)
	at org.testng.internal.TestMethodWorker.invokeTestMethods(TestMethodWorker.java:127)
	at org.testng.internal.TestMethodWorker.run(TestMethodWorker.java:111)
	at org.testng.TestRunner.privateRun(TestRunner.java:768)
	at org.testng.TestRunner.run(TestRunner.java:617)
	at org.testng.SuiteRunner.runTest(SuiteRunner.java:334)
	at org.testng.SuiteRunner.runSequentially(SuiteRunner.java:329)
	at org.testng.SuiteRunner.privateRun(SuiteRunner.java:291)
	at org.testng.SuiteRunner.run(SuiteRunner.java:240)
	at org.testng.SuiteRunnerWorker.runSuite(SuiteRunnerWorker.java:53)
	at org.testng.SuiteRunnerWorker.run(SuiteRunnerWorker.java:87)
	at org.testng.TestNG.runSuitesSequentially(TestNG.java:1188)
	at org.testng.TestNG.runSuitesLocally(TestNG.java:1113)
	at org.testng.TestNG.run(TestNG.java:1025)
	at org.testng.TestNG.privateMain(TestNG.java:1328)
	at org.testng.TestNG.main(TestNG.java:1297)
]]>
    </error>
  </testcase> <!-- test -->
  <testcase name="test" time="0.020" classname="com.letv.ads.util.AutoTest"/>
  <testcase name="test" time="1.029" classname="com.letv.ads.util.AutoTest">
    <error type="java.lang.AssertionError" message="[[public-ydddl-001]-移动端导流001]测试未通过，部分字段未通过验证！ expected:&lt;ok&gt; but was:&lt;测试用例：[[public-ydddl-001]-移动端导流001]字段校验失败！-----[/VAST/@code]的期望值是----  实际值是----110005;--[/VAST/Ad[1]/@order_item_id]的期望值是----1  实际值是----&gt;">
      <![CDATA[java.lang.AssertionError: [[public-ydddl-001]-移动端导流001]测试未通过，部分字段未通过验证！ expected:<ok> but was:<测试用例：[[public-ydddl-001]-移动端导流001]字段校验失败！-----[/VAST/@code]的期望值是----  实际值是----110005;--[/VAST/Ad[1]/@order_item_id]的期望值是----1  实际值是---->
	at org.testng.Assert.fail(Assert.java:89)
	at org.testng.Assert.failNotEquals(Assert.java:489)
	at org.testng.Assert.assertEquals(Assert.java:118)
	at org.testng.Assert.assertEquals(Assert.java:171)
	at com.letv.ads.util.AutoTest.test(Unknown Source)
	at sun.reflect.GeneratedMethodAccessor3.invoke(Unknown Source)
	at sun.reflect.DelegatingMethodAccessorImpl.invoke(Unknown Source)
	at java.lang.reflect.Method.invoke(Unknown Source)
	at org.testng.internal.MethodInvocationHelper.invokeMethod(MethodInvocationHelper.java:80)
	at org.testng.internal.Invoker.invokeMethod(Invoker.java:702)
	at org.testng.internal.Invoker.invokeTestMethod(Invoker.java:894)
	at org.testng.internal.Invoker.invokeTestMethods(Invoker.java:1219)
	at org.testng.internal.TestMethodWorker.invokeTestMethods(TestMethodWorker.java:127)
	at org.testng.internal.TestMethodWorker.run(TestMethodWorker.java:111)
	at org.testng.TestRunner.privateRun(TestRunner.java:768)
	at org.testng.TestRunner.run(TestRunner.java:617)
	at org.testng.SuiteRunner.runTest(SuiteRunner.java:334)
	at org.testng.SuiteRunner.runSequentially(SuiteRunner.java:329)
	at org.testng.SuiteRunner.privateRun(SuiteRunner.java:291)
	at org.testng.SuiteRunner.run(SuiteRunner.java:240)
	at org.testng.SuiteRunnerWorker.runSuite(SuiteRunnerWorker.java:53)
	at org.testng.SuiteRunnerWorker.run(SuiteRunnerWorker.java:87)
	at org.testng.TestNG.runSuitesSequentially(TestNG.java:1188)
	at org.testng.TestNG.runSuitesLocally(TestNG.java:1113)
	at org.testng.TestNG.run(TestNG.java:1025)
	at org.testng.TestNG.privateMain(TestNG.java:1328)
	at org.testng.TestNG.main(TestNG.java:1297)
]]>
    </error>
  </testcase> <!-- test -->
  <testcase name="test" time="1.108" classname="com.letv.ads.util.AutoTest">
    <error type="java.lang.AssertionError" message="[[public-kjgg-001]开机广告001]测试未通过，部分字段未通过验证！ expected:&lt;ok&gt; but was:&lt;测试用例：[[public-kjgg-001]开机广告001]字段校验失败！-----[/VAST/Ad[1]/@order_item_id]的期望值是----1  实际值是------[/VAST/Ad[1]/@cuepoint_id]的期望值是----1  实际值是----&gt;">
      <![CDATA[java.lang.AssertionError: [[public-kjgg-001]开机广告001]测试未通过，部分字段未通过验证！ expected:<ok> but was:<测试用例：[[public-kjgg-001]开机广告001]字段校验失败！-----[/VAST/Ad[1]/@order_item_id]的期望值是----1  实际值是------[/VAST/Ad[1]/@cuepoint_id]的期望值是----1  实际值是---->
	at org.testng.Assert.fail(Assert.java:89)
	at org.testng.Assert.failNotEquals(Assert.java:489)
	at org.testng.Assert.assertEquals(Assert.java:118)
	at org.testng.Assert.assertEquals(Assert.java:171)
	at com.letv.ads.util.AutoTest.test(Unknown Source)
	at sun.reflect.GeneratedMethodAccessor3.invoke(Unknown Source)
	at sun.reflect.DelegatingMethodAccessorImpl.invoke(Unknown Source)
	at java.lang.reflect.Method.invoke(Unknown Source)
	at org.testng.internal.MethodInvocationHelper.invokeMethod(MethodInvocationHelper.java:80)
	at org.testng.internal.Invoker.invokeMethod(Invoker.java:702)
	at org.testng.internal.Invoker.invokeTestMethod(Invoker.java:894)
	at org.testng.internal.Invoker.invokeTestMethods(Invoker.java:1219)
	at org.testng.internal.TestMethodWorker.invokeTestMethods(TestMethodWorker.java:127)
	at org.testng.internal.TestMethodWorker.run(TestMethodWorker.java:111)
	at org.testng.TestRunner.privateRun(TestRunner.java:768)
	at org.testng.TestRunner.run(TestRunner.java:617)
	at org.testng.SuiteRunner.runTest(SuiteRunner.java:334)
	at org.testng.SuiteRunner.runSequentially(SuiteRunner.java:329)
	at org.testng.SuiteRunner.privateRun(SuiteRunner.java:291)
	at org.testng.SuiteRunner.run(SuiteRunner.java:240)
	at org.testng.SuiteRunnerWorker.runSuite(SuiteRunnerWorker.java:53)
	at org.testng.SuiteRunnerWorker.run(SuiteRunnerWorker.java:87)
	at org.testng.TestNG.runSuitesSequentially(TestNG.java:1188)
	at org.testng.TestNG.runSuitesLocally(TestNG.java:1113)
	at org.testng.TestNG.run(TestNG.java:1025)
	at org.testng.TestNG.privateMain(TestNG.java:1328)
	at org.testng.TestNG.main(TestNG.java:1297)
]]>
    </error>
  </testcase> <!-- test -->
  <testcase name="test" time="2.077" classname="com.letv.ads.util.AutoTest">
    <error type="java.lang.AssertionError" message="测试用例[[public-jzdx-011]精准定向011]在memcached中set key=5c3767f8b8ce4040bac9b23dff63c6e7.label,value=[1,2]时发生错误">
      <![CDATA[java.lang.AssertionError: 测试用例[[public-jzdx-011]精准定向011]在memcached中set key=5c3767f8b8ce4040bac9b23dff63c6e7.label,value=[1,2]时发生错误
	at org.testng.Assert.fail(Assert.java:89)
	at com.letv.ads.util.BaseCase.operateMemcached(Unknown Source)
	at com.letv.ads.util.AutoTest.test(Unknown Source)
	at sun.reflect.GeneratedMethodAccessor3.invoke(Unknown Source)
	at sun.reflect.DelegatingMethodAccessorImpl.invoke(Unknown Source)
	at java.lang.reflect.Method.invoke(Unknown Source)
	at org.testng.internal.MethodInvocationHelper.invokeMethod(MethodInvocationHelper.java:80)
	at org.testng.internal.Invoker.invokeMethod(Invoker.java:702)
	at org.testng.internal.Invoker.invokeTestMethod(Invoker.java:894)
	at org.testng.internal.Invoker.invokeTestMethods(Invoker.java:1219)
	at org.testng.internal.TestMethodWorker.invokeTestMethods(TestMethodWorker.java:127)
	at org.testng.internal.TestMethodWorker.run(TestMethodWorker.java:111)
	at org.testng.TestRunner.privateRun(TestRunner.java:768)
	at org.testng.TestRunner.run(TestRunner.java:617)
	at org.testng.SuiteRunner.runTest(SuiteRunner.java:334)
	at org.testng.SuiteRunner.runSequentially(SuiteRunner.java:329)
	at org.testng.SuiteRunner.privateRun(SuiteRunner.java:291)
	at org.testng.SuiteRunner.run(SuiteRunner.java:240)
	at org.testng.SuiteRunnerWorker.runSuite(SuiteRunnerWorker.java:53)
	at org.testng.SuiteRunnerWorker.run(SuiteRunnerWorker.java:87)
	at org.testng.TestNG.runSuitesSequentially(TestNG.java:1188)
	at org.testng.TestNG.runSuitesLocally(TestNG.java:1113)
	at org.testng.TestNG.run(TestNG.java:1025)
	at org.testng.TestNG.privateMain(TestNG.java:1328)
	at org.testng.TestNG.main(TestNG.java:1297)
]]>
    </error>
  </testcase> <!-- test -->
  <testcase name="test" time="1.028" classname="com.letv.ads.util.AutoTest"/>
  <testcase name="test" time="1.040" classname="com.letv.ads.util.AutoTest"/>
  <testcase name="test" time="1.201" classname="com.letv.ads.util.AutoTest">
    <error type="java.lang.AssertionError" message="[[public-tcl-002]TCL-欢网广告接入方舟002]测试未通过，部分字段未通过验证！ expected:&lt;ok&gt; but was:&lt;测试用例：[[public-tcl-002]TCL-欢网广告接入方舟002]字段校验失败！-----[/VAST/@ark]的期望值是----1  实际值是----2--[/VAST/Ad[1]/@order_item_id]的期望值是----1  实际值是----&gt;">
      <![CDATA[java.lang.AssertionError: [[public-tcl-002]TCL-欢网广告接入方舟002]测试未通过，部分字段未通过验证！ expected:<ok> but was:<测试用例：[[public-tcl-002]TCL-欢网广告接入方舟002]字段校验失败！-----[/VAST/@ark]的期望值是----1  实际值是----2--[/VAST/Ad[1]/@order_item_id]的期望值是----1  实际值是---->
	at org.testng.Assert.fail(Assert.java:89)
	at org.testng.Assert.failNotEquals(Assert.java:489)
	at org.testng.Assert.assertEquals(Assert.java:118)
	at org.testng.Assert.assertEquals(Assert.java:171)
	at com.letv.ads.util.AutoTest.test(Unknown Source)
	at sun.reflect.GeneratedMethodAccessor3.invoke(Unknown Source)
	at sun.reflect.DelegatingMethodAccessorImpl.invoke(Unknown Source)
	at java.lang.reflect.Method.invoke(Unknown Source)
	at org.testng.internal.MethodInvocationHelper.invokeMethod(MethodInvocationHelper.java:80)
	at org.testng.internal.Invoker.invokeMethod(Invoker.java:702)
	at org.testng.internal.Invoker.invokeTestMethod(Invoker.java:894)
	at org.testng.internal.Invoker.invokeTestMethods(Invoker.java:1219)
	at org.testng.internal.TestMethodWorker.invokeTestMethods(TestMethodWorker.java:127)
	at org.testng.internal.TestMethodWorker.run(TestMethodWorker.java:111)
	at org.testng.TestRunner.privateRun(TestRunner.java:768)
	at org.testng.TestRunner.run(TestRunner.java:617)
	at org.testng.SuiteRunner.runTest(SuiteRunner.java:334)
	at org.testng.SuiteRunner.runSequentially(SuiteRunner.java:329)
	at org.testng.SuiteRunner.privateRun(SuiteRunner.java:291)
	at org.testng.SuiteRunner.run(SuiteRunner.java:240)
	at org.testng.SuiteRunnerWorker.runSuite(SuiteRunnerWorker.java:53)
	at org.testng.SuiteRunnerWorker.run(SuiteRunnerWorker.java:87)
	at org.testng.TestNG.runSuitesSequentially(TestNG.java:1188)
	at org.testng.TestNG.runSuitesLocally(TestNG.java:1113)
	at org.testng.TestNG.run(TestNG.java:1025)
	at org.testng.TestNG.privateMain(TestNG.java:1328)
	at org.testng.TestNG.main(TestNG.java:1297)
]]>
    </error>
  </testcase> <!-- test -->
  <testcase name="test" time="1.101" classname="com.letv.ads.util.AutoTest">
    <error type="java.lang.AssertionError" message="[public-gjgg-004]测试未通过，部分字段未通过验证！ expected:&lt;ok&gt; but was:&lt;测试用例：[public-gjgg-004]字段校验失败！-----[/VAST/Ad[1]/@order_item_id]的期望值是----1  实际值是----&gt;">
      <![CDATA[java.lang.AssertionError: [public-gjgg-004]测试未通过，部分字段未通过验证！ expected:<ok> but was:<测试用例：[public-gjgg-004]字段校验失败！-----[/VAST/Ad[1]/@order_item_id]的期望值是----1  实际值是---->
	at org.testng.Assert.fail(Assert.java:89)
	at org.testng.Assert.failNotEquals(Assert.java:489)
	at org.testng.Assert.assertEquals(Assert.java:118)
	at org.testng.Assert.assertEquals(Assert.java:171)
	at com.letv.ads.util.AutoTest.test(Unknown Source)
	at sun.reflect.NativeMethodAccessorImpl.invoke0(Native Method)
	at sun.reflect.NativeMethodAccessorImpl.invoke(Unknown Source)
	at sun.reflect.DelegatingMethodAccessorImpl.invoke(Unknown Source)
	at java.lang.reflect.Method.invoke(Unknown Source)
	at org.testng.internal.MethodInvocationHelper.invokeMethod(MethodInvocationHelper.java:80)
	at org.testng.internal.Invoker.invokeMethod(Invoker.java:702)
	at org.testng.internal.Invoker.invokeTestMethod(Invoker.java:894)
	at org.testng.internal.Invoker.invokeTestMethods(Invoker.java:1219)
	at org.testng.internal.TestMethodWorker.invokeTestMethods(TestMethodWorker.java:127)
	at org.testng.internal.TestMethodWorker.run(TestMethodWorker.java:111)
	at org.testng.TestRunner.privateRun(TestRunner.java:768)
	at org.testng.TestRunner.run(TestRunner.java:617)
	at org.testng.SuiteRunner.runTest(SuiteRunner.java:334)
	at org.testng.SuiteRunner.runSequentially(SuiteRunner.java:329)
	at org.testng.SuiteRunner.privateRun(SuiteRunner.java:291)
	at org.testng.SuiteRunner.run(SuiteRunner.java:240)
	at org.testng.SuiteRunnerWorker.runSuite(SuiteRunnerWorker.java:53)
	at org.testng.SuiteRunnerWorker.run(SuiteRunnerWorker.java:87)
	at org.testng.TestNG.runSuitesSequentially(TestNG.java:1188)
	at org.testng.TestNG.runSuitesLocally(TestNG.java:1113)
	at org.testng.TestNG.run(TestNG.java:1025)
	at org.testng.TestNG.privateMain(TestNG.java:1328)
	at org.testng.TestNG.main(TestNG.java:1297)
]]>
    </error>
  </testcase> <!-- test -->
  <testcase name="test" time="1.103" classname="com.letv.ads.util.AutoTest">
    <error type="java.lang.AssertionError" message="[[public-dtsc-006]短视频广告时长动态配置006]测试未通过，部分字段未通过验证！ expected:&lt;ok&gt; but was:&lt;测试用例：[[public-dtsc-006]短视频广告时长动态配置006]字段校验失败！-----[/VAST/Ad[1]/@order_item_id]的期望值是----1  实际值是------[/VAST/Policy/CuePoint[1]/@duration]的期望值是----15  实际值是----1&gt;">
      <![CDATA[java.lang.AssertionError: [[public-dtsc-006]短视频广告时长动态配置006]测试未通过，部分字段未通过验证！ expected:<ok> but was:<测试用例：[[public-dtsc-006]短视频广告时长动态配置006]字段校验失败！-----[/VAST/Ad[1]/@order_item_id]的期望值是----1  实际值是------[/VAST/Policy/CuePoint[1]/@duration]的期望值是----15  实际值是----1>
	at org.testng.Assert.fail(Assert.java:89)
	at org.testng.Assert.failNotEquals(Assert.java:489)
	at org.testng.Assert.assertEquals(Assert.java:118)
	at org.testng.Assert.assertEquals(Assert.java:171)
	at com.letv.ads.util.AutoTest.test(Unknown Source)
	at sun.reflect.GeneratedMethodAccessor3.invoke(Unknown Source)
	at sun.reflect.DelegatingMethodAccessorImpl.invoke(Unknown Source)
	at java.lang.reflect.Method.invoke(Unknown Source)
	at org.testng.internal.MethodInvocationHelper.invokeMethod(MethodInvocationHelper.java:80)
	at org.testng.internal.Invoker.invokeMethod(Invoker.java:702)
	at org.testng.internal.Invoker.invokeTestMethod(Invoker.java:894)
	at org.testng.internal.Invoker.invokeTestMethods(Invoker.java:1219)
	at org.testng.internal.TestMethodWorker.invokeTestMethods(TestMethodWorker.java:127)
	at org.testng.internal.TestMethodWorker.run(TestMethodWorker.java:111)
	at org.testng.TestRunner.privateRun(TestRunner.java:768)
	at org.testng.TestRunner.run(TestRunner.java:617)
	at org.testng.SuiteRunner.runTest(SuiteRunner.java:334)
	at org.testng.SuiteRunner.runSequentially(SuiteRunner.java:329)
	at org.testng.SuiteRunner.privateRun(SuiteRunner.java:291)
	at org.testng.SuiteRunner.run(SuiteRunner.java:240)
	at org.testng.SuiteRunnerWorker.runSuite(SuiteRunnerWorker.java:53)
	at org.testng.SuiteRunnerWorker.run(SuiteRunnerWorker.java:87)
	at org.testng.TestNG.runSuitesSequentially(TestNG.java:1188)
	at org.testng.TestNG.runSuitesLocally(TestNG.java:1113)
	at org.testng.TestNG.run(TestNG.java:1025)
	at org.testng.TestNG.privateMain(TestNG.java:1328)
	at org.testng.TestNG.main(TestNG.java:1297)
]]>
    </error>
  </testcase> <!-- test -->
  <testcase name="test" time="1.037" classname="com.letv.ads.util.AutoTest">
    <error type="java.lang.AssertionError" message="[[public-dtsc-047]短视频广告时长动态配置047]测试未通过，部分字段未通过验证！ expected:&lt;ok&gt; but was:&lt;测试用例：[[public-dtsc-047]短视频广告时长动态配置047]字段校验失败！-----[/VAST/Ad[1]/@order_item_id]的期望值是----1  实际值是------[/VAST/Policy/CuePoint[1]/@duration]的期望值是----15  实际值是----1&gt;">
      <![CDATA[java.lang.AssertionError: [[public-dtsc-047]短视频广告时长动态配置047]测试未通过，部分字段未通过验证！ expected:<ok> but was:<测试用例：[[public-dtsc-047]短视频广告时长动态配置047]字段校验失败！-----[/VAST/Ad[1]/@order_item_id]的期望值是----1  实际值是------[/VAST/Policy/CuePoint[1]/@duration]的期望值是----15  实际值是----1>
	at org.testng.Assert.fail(Assert.java:89)
	at org.testng.Assert.failNotEquals(Assert.java:489)
	at org.testng.Assert.assertEquals(Assert.java:118)
	at org.testng.Assert.assertEquals(Assert.java:171)
	at com.letv.ads.util.AutoTest.test(Unknown Source)
	at sun.reflect.GeneratedMethodAccessor3.invoke(Unknown Source)
	at sun.reflect.DelegatingMethodAccessorImpl.invoke(Unknown Source)
	at java.lang.reflect.Method.invoke(Unknown Source)
	at org.testng.internal.MethodInvocationHelper.invokeMethod(MethodInvocationHelper.java:80)
	at org.testng.internal.Invoker.invokeMethod(Invoker.java:702)
	at org.testng.internal.Invoker.invokeTestMethod(Invoker.java:894)
	at org.testng.internal.Invoker.invokeTestMethods(Invoker.java:1219)
	at org.testng.internal.TestMethodWorker.invokeTestMethods(TestMethodWorker.java:127)
	at org.testng.internal.TestMethodWorker.run(TestMethodWorker.java:111)
	at org.testng.TestRunner.privateRun(TestRunner.java:768)
	at org.testng.TestRunner.run(TestRunner.java:617)
	at org.testng.SuiteRunner.runTest(SuiteRunner.java:334)
	at org.testng.SuiteRunner.runSequentially(SuiteRunner.java:329)
	at org.testng.SuiteRunner.privateRun(SuiteRunner.java:291)
	at org.testng.SuiteRunner.run(SuiteRunner.java:240)
	at org.testng.SuiteRunnerWorker.runSuite(SuiteRunnerWorker.java:53)
	at org.testng.SuiteRunnerWorker.run(SuiteRunnerWorker.java:87)
	at org.testng.TestNG.runSuitesSequentially(TestNG.java:1188)
	at org.testng.TestNG.runSuitesLocally(TestNG.java:1113)
	at org.testng.TestNG.run(TestNG.java:1025)
	at org.testng.TestNG.privateMain(TestNG.java:1328)
	at org.testng.TestNG.main(TestNG.java:1297)
]]>
    </error>
  </testcase> <!-- test -->
  <testcase name="test" time="1.155" classname="com.letv.ads.util.AutoTest">
    <error type="java.lang.AssertionError" message="[public-model-001]测试未通过，部分字段未通过验证！ expected:&lt;ok&gt; but was:&lt;测试用例：[public-model-001]字段校验失败！-----[/VAST/Ad[1]/@order_item_id]的期望值是----1  实际值是------[/VAST/Ad[2]/@order_item_id]的期望值是----3  实际值是----&gt;">
      <![CDATA[java.lang.AssertionError: [public-model-001]测试未通过，部分字段未通过验证！ expected:<ok> but was:<测试用例：[public-model-001]字段校验失败！-----[/VAST/Ad[1]/@order_item_id]的期望值是----1  实际值是------[/VAST/Ad[2]/@order_item_id]的期望值是----3  实际值是---->
	at org.testng.Assert.fail(Assert.java:89)
	at org.testng.Assert.failNotEquals(Assert.java:489)
	at org.testng.Assert.assertEquals(Assert.java:118)
	at org.testng.Assert.assertEquals(Assert.java:171)
	at com.letv.ads.util.AutoTest.test(Unknown Source)
	at sun.reflect.GeneratedMethodAccessor3.invoke(Unknown Source)
	at sun.reflect.DelegatingMethodAccessorImpl.invoke(Unknown Source)
	at java.lang.reflect.Method.invoke(Unknown Source)
	at org.testng.internal.MethodInvocationHelper.invokeMethod(MethodInvocationHelper.java:80)
	at org.testng.internal.Invoker.invokeMethod(Invoker.java:702)
	at org.testng.internal.Invoker.invokeTestMethod(Invoker.java:894)
	at org.testng.internal.Invoker.invokeTestMethods(Invoker.java:1219)
	at org.testng.internal.TestMethodWorker.invokeTestMethods(TestMethodWorker.java:127)
	at org.testng.internal.TestMethodWorker.run(TestMethodWorker.java:111)
	at org.testng.TestRunner.privateRun(TestRunner.java:768)
	at org.testng.TestRunner.run(TestRunner.java:617)
	at org.testng.SuiteRunner.runTest(SuiteRunner.java:334)
	at org.testng.SuiteRunner.runSequentially(SuiteRunner.java:329)
	at org.testng.SuiteRunner.privateRun(SuiteRunner.java:291)
	at org.testng.SuiteRunner.run(SuiteRunner.java:240)
	at org.testng.SuiteRunnerWorker.runSuite(SuiteRunnerWorker.java:53)
	at org.testng.SuiteRunnerWorker.run(SuiteRunnerWorker.java:87)
	at org.testng.TestNG.runSuitesSequentially(TestNG.java:1188)
	at org.testng.TestNG.runSuitesLocally(TestNG.java:1113)
	at org.testng.TestNG.run(TestNG.java:1025)
	at org.testng.TestNG.privateMain(TestNG.java:1328)
	at org.testng.TestNG.main(TestNG.java:1297)
]]>
    </error>
  </testcase> <!-- test -->
  <testcase name="test" time="1.077" classname="com.letv.ads.util.AutoTest"/>
  <testcase name="test" time="1.991" classname="com.letv.ads.util.AutoTest">
    <error type="java.lang.AssertionError" message="测试用例[[public-ydddl-011]-移动端导流011]在memcached中set key=3a4ab747cf1e86f88e4b3759d8027893.v,value=1451376000时发生错误">
      <![CDATA[java.lang.AssertionError: 测试用例[[public-ydddl-011]-移动端导流011]在memcached中set key=3a4ab747cf1e86f88e4b3759d8027893.v,value=1451376000时发生错误
	at org.testng.Assert.fail(Assert.java:89)
	at com.letv.ads.util.BaseCase.operateMemcached(Unknown Source)
	at com.letv.ads.util.AutoTest.test(Unknown Source)
	at sun.reflect.GeneratedMethodAccessor3.invoke(Unknown Source)
	at sun.reflect.DelegatingMethodAccessorImpl.invoke(Unknown Source)
	at java.lang.reflect.Method.invoke(Unknown Source)
	at org.testng.internal.MethodInvocationHelper.invokeMethod(MethodInvocationHelper.java:80)
	at org.testng.internal.Invoker.invokeMethod(Invoker.java:702)
	at org.testng.internal.Invoker.invokeTestMethod(Invoker.java:894)
	at org.testng.internal.Invoker.invokeTestMethods(Invoker.java:1219)
	at org.testng.internal.TestMethodWorker.invokeTestMethods(TestMethodWorker.java:127)
	at org.testng.internal.TestMethodWorker.run(TestMethodWorker.java:111)
	at org.testng.TestRunner.privateRun(TestRunner.java:768)
	at org.testng.TestRunner.run(TestRunner.java:617)
	at org.testng.SuiteRunner.runTest(SuiteRunner.java:334)
	at org.testng.SuiteRunner.runSequentially(SuiteRunner.java:329)
	at org.testng.SuiteRunner.privateRun(SuiteRunner.java:291)
	at org.testng.SuiteRunner.run(SuiteRunner.java:240)
	at org.testng.SuiteRunnerWorker.runSuite(SuiteRunnerWorker.java:53)
	at org.testng.SuiteRunnerWorker.run(SuiteRunnerWorker.java:87)
	at org.testng.TestNG.runSuitesSequentially(TestNG.java:1188)
	at org.testng.TestNG.runSuitesLocally(TestNG.java:1113)
	at org.testng.TestNG.run(TestNG.java:1025)
	at org.testng.TestNG.privateMain(TestNG.java:1328)
	at org.testng.TestNG.main(TestNG.java:1297)
]]>
    </error>
  </testcase> <!-- test -->
  <testcase name="test" time="1.046" classname="com.letv.ads.util.AutoTest">
    <error type="java.lang.AssertionError" message="[[public-dtsc-077]短视频广告时长动态配置077]测试未通过，部分字段未通过验证！ expected:&lt;ok&gt; but was:&lt;测试用例：[[public-dtsc-077]短视频广告时长动态配置077]字段校验失败！-----[/VAST/Ad[1]/@order_item_id]的期望值是----1  实际值是------[/VAST/Policy/CuePoint[1]/@duration]的期望值是----30  实际值是----1&gt;">
      <![CDATA[java.lang.AssertionError: [[public-dtsc-077]短视频广告时长动态配置077]测试未通过，部分字段未通过验证！ expected:<ok> but was:<测试用例：[[public-dtsc-077]短视频广告时长动态配置077]字段校验失败！-----[/VAST/Ad[1]/@order_item_id]的期望值是----1  实际值是------[/VAST/Policy/CuePoint[1]/@duration]的期望值是----30  实际值是----1>
	at org.testng.Assert.fail(Assert.java:89)
	at org.testng.Assert.failNotEquals(Assert.java:489)
	at org.testng.Assert.assertEquals(Assert.java:118)
	at org.testng.Assert.assertEquals(Assert.java:171)
	at com.letv.ads.util.AutoTest.test(Unknown Source)
	at sun.reflect.GeneratedMethodAccessor3.invoke(Unknown Source)
	at sun.reflect.DelegatingMethodAccessorImpl.invoke(Unknown Source)
	at java.lang.reflect.Method.invoke(Unknown Source)
	at org.testng.internal.MethodInvocationHelper.invokeMethod(MethodInvocationHelper.java:80)
	at org.testng.internal.Invoker.invokeMethod(Invoker.java:702)
	at org.testng.internal.Invoker.invokeTestMethod(Invoker.java:894)
	at org.testng.internal.Invoker.invokeTestMethods(Invoker.java:1219)
	at org.testng.internal.TestMethodWorker.invokeTestMethods(TestMethodWorker.java:127)
	at org.testng.internal.TestMethodWorker.run(TestMethodWorker.java:111)
	at org.testng.TestRunner.privateRun(TestRunner.java:768)
	at org.testng.TestRunner.run(TestRunner.java:617)
	at org.testng.SuiteRunner.runTest(SuiteRunner.java:334)
	at org.testng.SuiteRunner.runSequentially(SuiteRunner.java:329)
	at org.testng.SuiteRunner.privateRun(SuiteRunner.java:291)
	at org.testng.SuiteRunner.run(SuiteRunner.java:240)
	at org.testng.SuiteRunnerWorker.runSuite(SuiteRunnerWorker.java:53)
	at org.testng.SuiteRunnerWorker.run(SuiteRunnerWorker.java:87)
	at org.testng.TestNG.runSuitesSequentially(TestNG.java:1188)
	at org.testng.TestNG.runSuitesLocally(TestNG.java:1113)
	at org.testng.TestNG.run(TestNG.java:1025)
	at org.testng.TestNG.privateMain(TestNG.java:1328)
	at org.testng.TestNG.main(TestNG.java:1297)
]]>
    </error>
  </testcase> <!-- test -->
  <testcase name="test" time="1.046" classname="com.letv.ads.util.AutoTest"/>
  <testcase name="test" time="1.061" classname="com.letv.ads.util.AutoTest"/>
  <testcase name="test" time="1.033" classname="com.letv.ads.util.AutoTest"/>
  <testcase name="test" time="1.061" classname="com.letv.ads.util.AutoTest">
    <error type="java.lang.AssertionError" message="[[public-pbgg-001]屏保广告001]测试未通过，部分字段未通过验证！ expected:&lt;ok&gt; but was:&lt;测试用例：[[public-pbgg-001]屏保广告001]字段校验失败！-----[/VAST/Ad[1]/@order_item_id]的期望值是----1  实际值是------[/VAST/Policy/CuePoint/@id]的期望值是----1  实际值是----4368&gt;">
      <![CDATA[java.lang.AssertionError: [[public-pbgg-001]屏保广告001]测试未通过，部分字段未通过验证！ expected:<ok> but was:<测试用例：[[public-pbgg-001]屏保广告001]字段校验失败！-----[/VAST/Ad[1]/@order_item_id]的期望值是----1  实际值是------[/VAST/Policy/CuePoint/@id]的期望值是----1  实际值是----4368>
	at org.testng.Assert.fail(Assert.java:89)
	at org.testng.Assert.failNotEquals(Assert.java:489)
	at org.testng.Assert.assertEquals(Assert.java:118)
	at org.testng.Assert.assertEquals(Assert.java:171)
	at com.letv.ads.util.AutoTest.test(Unknown Source)
	at sun.reflect.GeneratedMethodAccessor3.invoke(Unknown Source)
	at sun.reflect.DelegatingMethodAccessorImpl.invoke(Unknown Source)
	at java.lang.reflect.Method.invoke(Unknown Source)
	at org.testng.internal.MethodInvocationHelper.invokeMethod(MethodInvocationHelper.java:80)
	at org.testng.internal.Invoker.invokeMethod(Invoker.java:702)
	at org.testng.internal.Invoker.invokeTestMethod(Invoker.java:894)
	at org.testng.internal.Invoker.invokeTestMethods(Invoker.java:1219)
	at org.testng.internal.TestMethodWorker.invokeTestMethods(TestMethodWorker.java:127)
	at org.testng.internal.TestMethodWorker.run(TestMethodWorker.java:111)
	at org.testng.TestRunner.privateRun(TestRunner.java:768)
	at org.testng.TestRunner.run(TestRunner.java:617)
	at org.testng.SuiteRunner.runTest(SuiteRunner.java:334)
	at org.testng.SuiteRunner.runSequentially(SuiteRunner.java:329)
	at org.testng.SuiteRunner.privateRun(SuiteRunner.java:291)
	at org.testng.SuiteRunner.run(SuiteRunner.java:240)
	at org.testng.SuiteRunnerWorker.runSuite(SuiteRunnerWorker.java:53)
	at org.testng.SuiteRunnerWorker.run(SuiteRunnerWorker.java:87)
	at org.testng.TestNG.runSuitesSequentially(TestNG.java:1188)
	at org.testng.TestNG.runSuitesLocally(TestNG.java:1113)
	at org.testng.TestNG.run(TestNG.java:1025)
	at org.testng.TestNG.privateMain(TestNG.java:1328)
	at org.testng.TestNG.main(TestNG.java:1297)
]]>
    </error>
  </testcase> <!-- test -->
  <testcase name="test" time="1.035" classname="com.letv.ads.util.AutoTest">
    <error type="java.lang.AssertionError" message="[[public-dtsc-045]短视频广告时长动态配置045]测试未通过，部分字段未通过验证！ expected:&lt;ok&gt; but was:&lt;测试用例：[[public-dtsc-045]短视频广告时长动态配置045]字段校验失败！-----[/VAST/Ad[1]/@order_item_id]的期望值是----1  实际值是------[/VAST/Policy/CuePoint[1]/@duration]的期望值是----25  实际值是----1&gt;">
      <![CDATA[java.lang.AssertionError: [[public-dtsc-045]短视频广告时长动态配置045]测试未通过，部分字段未通过验证！ expected:<ok> but was:<测试用例：[[public-dtsc-045]短视频广告时长动态配置045]字段校验失败！-----[/VAST/Ad[1]/@order_item_id]的期望值是----1  实际值是------[/VAST/Policy/CuePoint[1]/@duration]的期望值是----25  实际值是----1>
	at org.testng.Assert.fail(Assert.java:89)
	at org.testng.Assert.failNotEquals(Assert.java:489)
	at org.testng.Assert.assertEquals(Assert.java:118)
	at org.testng.Assert.assertEquals(Assert.java:171)
	at com.letv.ads.util.AutoTest.test(Unknown Source)
	at sun.reflect.GeneratedMethodAccessor3.invoke(Unknown Source)
	at sun.reflect.DelegatingMethodAccessorImpl.invoke(Unknown Source)
	at java.lang.reflect.Method.invoke(Unknown Source)
	at org.testng.internal.MethodInvocationHelper.invokeMethod(MethodInvocationHelper.java:80)
	at org.testng.internal.Invoker.invokeMethod(Invoker.java:702)
	at org.testng.internal.Invoker.invokeTestMethod(Invoker.java:894)
	at org.testng.internal.Invoker.invokeTestMethods(Invoker.java:1219)
	at org.testng.internal.TestMethodWorker.invokeTestMethods(TestMethodWorker.java:127)
	at org.testng.internal.TestMethodWorker.run(TestMethodWorker.java:111)
	at org.testng.TestRunner.privateRun(TestRunner.java:768)
	at org.testng.TestRunner.run(TestRunner.java:617)
	at org.testng.SuiteRunner.runTest(SuiteRunner.java:334)
	at org.testng.SuiteRunner.runSequentially(SuiteRunner.java:329)
	at org.testng.SuiteRunner.privateRun(SuiteRunner.java:291)
	at org.testng.SuiteRunner.run(SuiteRunner.java:240)
	at org.testng.SuiteRunnerWorker.runSuite(SuiteRunnerWorker.java:53)
	at org.testng.SuiteRunnerWorker.run(SuiteRunnerWorker.java:87)
	at org.testng.TestNG.runSuitesSequentially(TestNG.java:1188)
	at org.testng.TestNG.runSuitesLocally(TestNG.java:1113)
	at org.testng.TestNG.run(TestNG.java:1025)
	at org.testng.TestNG.privateMain(TestNG.java:1328)
	at org.testng.TestNG.main(TestNG.java:1297)
]]>
    </error>
  </testcase> <!-- test -->
  <testcase name="test" time="1.046" classname="com.letv.ads.util.AutoTest">
    <error type="java.lang.AssertionError" message="[[public-kjgg-008]开机广告008]测试未通过，部分字段未通过验证！ expected:&lt;ok&gt; but was:&lt;测试用例：[[public-kjgg-008]开机广告008]字段校验失败！-----[/VAST/Ad[1]/@order_item_id]的期望值是----1  实际值是------[/VAST/Policy/CuePoint/@id]的期望值是----1  实际值是----4368&gt;">
      <![CDATA[java.lang.AssertionError: [[public-kjgg-008]开机广告008]测试未通过，部分字段未通过验证！ expected:<ok> but was:<测试用例：[[public-kjgg-008]开机广告008]字段校验失败！-----[/VAST/Ad[1]/@order_item_id]的期望值是----1  实际值是------[/VAST/Policy/CuePoint/@id]的期望值是----1  实际值是----4368>
	at org.testng.Assert.fail(Assert.java:89)
	at org.testng.Assert.failNotEquals(Assert.java:489)
	at org.testng.Assert.assertEquals(Assert.java:118)
	at org.testng.Assert.assertEquals(Assert.java:171)
	at com.letv.ads.util.AutoTest.test(Unknown Source)
	at sun.reflect.GeneratedMethodAccessor3.invoke(Unknown Source)
	at sun.reflect.DelegatingMethodAccessorImpl.invoke(Unknown Source)
	at java.lang.reflect.Method.invoke(Unknown Source)
	at org.testng.internal.MethodInvocationHelper.invokeMethod(MethodInvocationHelper.java:80)
	at org.testng.internal.Invoker.invokeMethod(Invoker.java:702)
	at org.testng.internal.Invoker.invokeTestMethod(Invoker.java:894)
	at org.testng.internal.Invoker.invokeTestMethods(Invoker.java:1219)
	at org.testng.internal.TestMethodWorker.invokeTestMethods(TestMethodWorker.java:127)
	at org.testng.internal.TestMethodWorker.run(TestMethodWorker.java:111)
	at org.testng.TestRunner.privateRun(TestRunner.java:768)
	at org.testng.TestRunner.run(TestRunner.java:617)
	at org.testng.SuiteRunner.runTest(SuiteRunner.java:334)
	at org.testng.SuiteRunner.runSequentially(SuiteRunner.java:329)
	at org.testng.SuiteRunner.privateRun(SuiteRunner.java:291)
	at org.testng.SuiteRunner.run(SuiteRunner.java:240)
	at org.testng.SuiteRunnerWorker.runSuite(SuiteRunnerWorker.java:53)
	at org.testng.SuiteRunnerWorker.run(SuiteRunnerWorker.java:87)
	at org.testng.TestNG.runSuitesSequentially(TestNG.java:1188)
	at org.testng.TestNG.runSuitesLocally(TestNG.java:1113)
	at org.testng.TestNG.run(TestNG.java:1025)
	at org.testng.TestNG.privateMain(TestNG.java:1328)
	at org.testng.TestNG.main(TestNG.java:1297)
]]>
    </error>
  </testcase> <!-- test -->
  <testcase name="test" time="1.045" classname="com.letv.ads.util.AutoTest">
    <error type="java.lang.AssertionError" message="[[public-dtsc-032]短视频广告时长动态配置032]测试未通过，部分字段未通过验证！ expected:&lt;ok&gt; but was:&lt;测试用例：[[public-dtsc-032]短视频广告时长动态配置032]字段校验失败！-----[/VAST/Ad[1]/@order_item_id]的期望值是----1  实际值是------[/VAST/Policy/CuePoint[1]/@duration]的期望值是----15  实际值是----1&gt;">
      <![CDATA[java.lang.AssertionError: [[public-dtsc-032]短视频广告时长动态配置032]测试未通过，部分字段未通过验证！ expected:<ok> but was:<测试用例：[[public-dtsc-032]短视频广告时长动态配置032]字段校验失败！-----[/VAST/Ad[1]/@order_item_id]的期望值是----1  实际值是------[/VAST/Policy/CuePoint[1]/@duration]的期望值是----15  实际值是----1>
	at org.testng.Assert.fail(Assert.java:89)
	at org.testng.Assert.failNotEquals(Assert.java:489)
	at org.testng.Assert.assertEquals(Assert.java:118)
	at org.testng.Assert.assertEquals(Assert.java:171)
	at com.letv.ads.util.AutoTest.test(Unknown Source)
	at sun.reflect.GeneratedMethodAccessor3.invoke(Unknown Source)
	at sun.reflect.DelegatingMethodAccessorImpl.invoke(Unknown Source)
	at java.lang.reflect.Method.invoke(Unknown Source)
	at org.testng.internal.MethodInvocationHelper.invokeMethod(MethodInvocationHelper.java:80)
	at org.testng.internal.Invoker.invokeMethod(Invoker.java:702)
	at org.testng.internal.Invoker.invokeTestMethod(Invoker.java:894)
	at org.testng.internal.Invoker.invokeTestMethods(Invoker.java:1219)
	at org.testng.internal.TestMethodWorker.invokeTestMethods(TestMethodWorker.java:127)
	at org.testng.internal.TestMethodWorker.run(TestMethodWorker.java:111)
	at org.testng.TestRunner.privateRun(TestRunner.java:768)
	at org.testng.TestRunner.run(TestRunner.java:617)
	at org.testng.SuiteRunner.runTest(SuiteRunner.java:334)
	at org.testng.SuiteRunner.runSequentially(SuiteRunner.java:329)
	at org.testng.SuiteRunner.privateRun(SuiteRunner.java:291)
	at org.testng.SuiteRunner.run(SuiteRunner.java:240)
	at org.testng.SuiteRunnerWorker.runSuite(SuiteRunnerWorker.java:53)
	at org.testng.SuiteRunnerWorker.run(SuiteRunnerWorker.java:87)
	at org.testng.TestNG.runSuitesSequentially(TestNG.java:1188)
	at org.testng.TestNG.runSuitesLocally(TestNG.java:1113)
	at org.testng.TestNG.run(TestNG.java:1025)
	at org.testng.TestNG.privateMain(TestNG.java:1328)
	at org.testng.TestNG.main(TestNG.java:1297)
]]>
    </error>
  </testcase> <!-- test -->
  <testcase name="test" time="1.092" classname="com.letv.ads.util.AutoTest">
    <error type="java.lang.AssertionError" message="[[public-dtsc-015]短视频广告时长动态配置015]测试未通过，部分字段未通过验证！ expected:&lt;ok&gt; but was:&lt;测试用例：[[public-dtsc-015]短视频广告时长动态配置015]字段校验失败！-----[/VAST/Ad[1]/@order_item_id]的期望值是----1  实际值是------[/VAST/Policy/CuePoint[1]/@duration]的期望值是----15  实际值是----1&gt;">
      <![CDATA[java.lang.AssertionError: [[public-dtsc-015]短视频广告时长动态配置015]测试未通过，部分字段未通过验证！ expected:<ok> but was:<测试用例：[[public-dtsc-015]短视频广告时长动态配置015]字段校验失败！-----[/VAST/Ad[1]/@order_item_id]的期望值是----1  实际值是------[/VAST/Policy/CuePoint[1]/@duration]的期望值是----15  实际值是----1>
	at org.testng.Assert.fail(Assert.java:89)
	at org.testng.Assert.failNotEquals(Assert.java:489)
	at org.testng.Assert.assertEquals(Assert.java:118)
	at org.testng.Assert.assertEquals(Assert.java:171)
	at com.letv.ads.util.AutoTest.test(Unknown Source)
	at sun.reflect.GeneratedMethodAccessor3.invoke(Unknown Source)
	at sun.reflect.DelegatingMethodAccessorImpl.invoke(Unknown Source)
	at java.lang.reflect.Method.invoke(Unknown Source)
	at org.testng.internal.MethodInvocationHelper.invokeMethod(MethodInvocationHelper.java:80)
	at org.testng.internal.Invoker.invokeMethod(Invoker.java:702)
	at org.testng.internal.Invoker.invokeTestMethod(Invoker.java:894)
	at org.testng.internal.Invoker.invokeTestMethods(Invoker.java:1219)
	at org.testng.internal.TestMethodWorker.invokeTestMethods(TestMethodWorker.java:127)
	at org.testng.internal.TestMethodWorker.run(TestMethodWorker.java:111)
	at org.testng.TestRunner.privateRun(TestRunner.java:768)
	at org.testng.TestRunner.run(TestRunner.java:617)
	at org.testng.SuiteRunner.runTest(SuiteRunner.java:334)
	at org.testng.SuiteRunner.runSequentially(SuiteRunner.java:329)
	at org.testng.SuiteRunner.privateRun(SuiteRunner.java:291)
	at org.testng.SuiteRunner.run(SuiteRunner.java:240)
	at org.testng.SuiteRunnerWorker.runSuite(SuiteRunnerWorker.java:53)
	at org.testng.SuiteRunnerWorker.run(SuiteRunnerWorker.java:87)
	at org.testng.TestNG.runSuitesSequentially(TestNG.java:1188)
	at org.testng.TestNG.runSuitesLocally(TestNG.java:1113)
	at org.testng.TestNG.run(TestNG.java:1025)
	at org.testng.TestNG.privateMain(TestNG.java:1328)
	at org.testng.TestNG.main(TestNG.java:1297)
]]>
    </error>
  </testcase> <!-- test -->
  <testcase name="test" time="1.140" classname="com.letv.ads.util.AutoTest">
    <error type="java.lang.AssertionError" message="[[public-tcl-017]TCL-欢网广告接入方舟017]测试未通过，部分字段未通过验证！ expected:&lt;ok&gt; but was:&lt;测试用例：[[public-tcl-017]TCL-欢网广告接入方舟017]字段校验失败！-----[/VAST/Ad[1]/@order_item_id]的期望值是----1  实际值是------[/VAST/Ad[1]/@order_item_id]的期望值是----1  实际值是----&gt;">
      <![CDATA[java.lang.AssertionError: [[public-tcl-017]TCL-欢网广告接入方舟017]测试未通过，部分字段未通过验证！ expected:<ok> but was:<测试用例：[[public-tcl-017]TCL-欢网广告接入方舟017]字段校验失败！-----[/VAST/Ad[1]/@order_item_id]的期望值是----1  实际值是------[/VAST/Ad[1]/@order_item_id]的期望值是----1  实际值是---->
	at org.testng.Assert.fail(Assert.java:89)
	at org.testng.Assert.failNotEquals(Assert.java:489)
	at org.testng.Assert.assertEquals(Assert.java:118)
	at org.testng.Assert.assertEquals(Assert.java:171)
	at com.letv.ads.util.AutoTest.test(Unknown Source)
	at sun.reflect.GeneratedMethodAccessor3.invoke(Unknown Source)
	at sun.reflect.DelegatingMethodAccessorImpl.invoke(Unknown Source)
	at java.lang.reflect.Method.invoke(Unknown Source)
	at org.testng.internal.MethodInvocationHelper.invokeMethod(MethodInvocationHelper.java:80)
	at org.testng.internal.Invoker.invokeMethod(Invoker.java:702)
	at org.testng.internal.Invoker.invokeTestMethod(Invoker.java:894)
	at org.testng.internal.Invoker.invokeTestMethods(Invoker.java:1219)
	at org.testng.internal.TestMethodWorker.invokeTestMethods(TestMethodWorker.java:127)
	at org.testng.internal.TestMethodWorker.run(TestMethodWorker.java:111)
	at org.testng.TestRunner.privateRun(TestRunner.java:768)
	at org.testng.TestRunner.run(TestRunner.java:617)
	at org.testng.SuiteRunner.runTest(SuiteRunner.java:334)
	at org.testng.SuiteRunner.runSequentially(SuiteRunner.java:329)
	at org.testng.SuiteRunner.privateRun(SuiteRunner.java:291)
	at org.testng.SuiteRunner.run(SuiteRunner.java:240)
	at org.testng.SuiteRunnerWorker.runSuite(SuiteRunnerWorker.java:53)
	at org.testng.SuiteRunnerWorker.run(SuiteRunnerWorker.java:87)
	at org.testng.TestNG.runSuitesSequentially(TestNG.java:1188)
	at org.testng.TestNG.runSuitesLocally(TestNG.java:1113)
	at org.testng.TestNG.run(TestNG.java:1025)
	at org.testng.TestNG.privateMain(TestNG.java:1328)
	at org.testng.TestNG.main(TestNG.java:1297)
]]>
    </error>
  </testcase> <!-- test -->
  <testcase name="test" time="1.049" classname="com.letv.ads.util.AutoTest">
    <error type="java.lang.AssertionError" message="[[public-pbgg-022]屏保广告022]测试未通过，部分字段未通过验证！ expected:&lt;ok&gt; but was:&lt;测试用例：[[public-pbgg-022]屏保广告022]字段校验失败！-----[/VAST/Ad[1]/@order_item_id]的期望值是----1  实际值是------[/VAST/Ad[2]/@order_item_id]的期望值是----2  实际值是------[/VAST/Ad[3]/@order_item_id]的期望值是----3  实际值是------[/VAST/Ad[4]/@order_item_id]的期望值是----4  实际值是------[/VAST/Ad[5]/@order_item_id]的期望值是----5  实际值是----&gt;">
      <![CDATA[java.lang.AssertionError: [[public-pbgg-022]屏保广告022]测试未通过，部分字段未通过验证！ expected:<ok> but was:<测试用例：[[public-pbgg-022]屏保广告022]字段校验失败！-----[/VAST/Ad[1]/@order_item_id]的期望值是----1  实际值是------[/VAST/Ad[2]/@order_item_id]的期望值是----2  实际值是------[/VAST/Ad[3]/@order_item_id]的期望值是----3  实际值是------[/VAST/Ad[4]/@order_item_id]的期望值是----4  实际值是------[/VAST/Ad[5]/@order_item_id]的期望值是----5  实际值是---->
	at org.testng.Assert.fail(Assert.java:89)
	at org.testng.Assert.failNotEquals(Assert.java:489)
	at org.testng.Assert.assertEquals(Assert.java:118)
	at org.testng.Assert.assertEquals(Assert.java:171)
	at com.letv.ads.util.AutoTest.test(Unknown Source)
	at sun.reflect.GeneratedMethodAccessor3.invoke(Unknown Source)
	at sun.reflect.DelegatingMethodAccessorImpl.invoke(Unknown Source)
	at java.lang.reflect.Method.invoke(Unknown Source)
	at org.testng.internal.MethodInvocationHelper.invokeMethod(MethodInvocationHelper.java:80)
	at org.testng.internal.Invoker.invokeMethod(Invoker.java:702)
	at org.testng.internal.Invoker.invokeTestMethod(Invoker.java:894)
	at org.testng.internal.Invoker.invokeTestMethods(Invoker.java:1219)
	at org.testng.internal.TestMethodWorker.invokeTestMethods(TestMethodWorker.java:127)
	at org.testng.internal.TestMethodWorker.run(TestMethodWorker.java:111)
	at org.testng.TestRunner.privateRun(TestRunner.java:768)
	at org.testng.TestRunner.run(TestRunner.java:617)
	at org.testng.SuiteRunner.runTest(SuiteRunner.java:334)
	at org.testng.SuiteRunner.runSequentially(SuiteRunner.java:329)
	at org.testng.SuiteRunner.privateRun(SuiteRunner.java:291)
	at org.testng.SuiteRunner.run(SuiteRunner.java:240)
	at org.testng.SuiteRunnerWorker.runSuite(SuiteRunnerWorker.java:53)
	at org.testng.SuiteRunnerWorker.run(SuiteRunnerWorker.java:87)
	at org.testng.TestNG.runSuitesSequentially(TestNG.java:1188)
	at org.testng.TestNG.runSuitesLocally(TestNG.java:1113)
	at org.testng.TestNG.run(TestNG.java:1025)
	at org.testng.TestNG.privateMain(TestNG.java:1328)
	at org.testng.TestNG.main(TestNG.java:1297)
]]>
    </error>
  </testcase> <!-- test -->
  <testcase name="test" time="1.091" classname="com.letv.ads.util.AutoTest">
    <error type="java.lang.AssertionError" message="[public-model-008]测试未通过，部分字段未通过验证！ expected:&lt;ok&gt; but was:&lt;测试用例：[public-model-008]字段校验失败！-----[/VAST/Ad[1]/@order_item_id]的期望值是----1  实际值是------[/VAST/Ad[2]/@order_item_id]的期望值是----2  实际值是----&gt;">
      <![CDATA[java.lang.AssertionError: [public-model-008]测试未通过，部分字段未通过验证！ expected:<ok> but was:<测试用例：[public-model-008]字段校验失败！-----[/VAST/Ad[1]/@order_item_id]的期望值是----1  实际值是------[/VAST/Ad[2]/@order_item_id]的期望值是----2  实际值是---->
	at org.testng.Assert.fail(Assert.java:89)
	at org.testng.Assert.failNotEquals(Assert.java:489)
	at org.testng.Assert.assertEquals(Assert.java:118)
	at org.testng.Assert.assertEquals(Assert.java:171)
	at com.letv.ads.util.AutoTest.test(Unknown Source)
	at sun.reflect.GeneratedMethodAccessor3.invoke(Unknown Source)
	at sun.reflect.DelegatingMethodAccessorImpl.invoke(Unknown Source)
	at java.lang.reflect.Method.invoke(Unknown Source)
	at org.testng.internal.MethodInvocationHelper.invokeMethod(MethodInvocationHelper.java:80)
	at org.testng.internal.Invoker.invokeMethod(Invoker.java:702)
	at org.testng.internal.Invoker.invokeTestMethod(Invoker.java:894)
	at org.testng.internal.Invoker.invokeTestMethods(Invoker.java:1219)
	at org.testng.internal.TestMethodWorker.invokeTestMethods(TestMethodWorker.java:127)
	at org.testng.internal.TestMethodWorker.run(TestMethodWorker.java:111)
	at org.testng.TestRunner.privateRun(TestRunner.java:768)
	at org.testng.TestRunner.run(TestRunner.java:617)
	at org.testng.SuiteRunner.runTest(SuiteRunner.java:334)
	at org.testng.SuiteRunner.runSequentially(SuiteRunner.java:329)
	at org.testng.SuiteRunner.privateRun(SuiteRunner.java:291)
	at org.testng.SuiteRunner.run(SuiteRunner.java:240)
	at org.testng.SuiteRunnerWorker.runSuite(SuiteRunnerWorker.java:53)
	at org.testng.SuiteRunnerWorker.run(SuiteRunnerWorker.java:87)
	at org.testng.TestNG.runSuitesSequentially(TestNG.java:1188)
	at org.testng.TestNG.runSuitesLocally(TestNG.java:1113)
	at org.testng.TestNG.run(TestNG.java:1025)
	at org.testng.TestNG.privateMain(TestNG.java:1328)
	at org.testng.TestNG.main(TestNG.java:1297)
]]>
    </error>
  </testcase> <!-- test -->
  <testcase name="test" time="1.029" classname="com.letv.ads.util.AutoTest">
    <error type="java.lang.AssertionError" message="[[public-dtsc-044]短视频广告时长动态配置044]测试未通过，部分字段未通过验证！ expected:&lt;ok&gt; but was:&lt;测试用例：[[public-dtsc-044]短视频广告时长动态配置044]字段校验失败！-----[/VAST/Ad[1]/@order_item_id]的期望值是----1  实际值是------[/VAST/Policy/CuePoint[1]/@duration]的期望值是----25  实际值是----1&gt;">
      <![CDATA[java.lang.AssertionError: [[public-dtsc-044]短视频广告时长动态配置044]测试未通过，部分字段未通过验证！ expected:<ok> but was:<测试用例：[[public-dtsc-044]短视频广告时长动态配置044]字段校验失败！-----[/VAST/Ad[1]/@order_item_id]的期望值是----1  实际值是------[/VAST/Policy/CuePoint[1]/@duration]的期望值是----25  实际值是----1>
	at org.testng.Assert.fail(Assert.java:89)
	at org.testng.Assert.failNotEquals(Assert.java:489)
	at org.testng.Assert.assertEquals(Assert.java:118)
	at org.testng.Assert.assertEquals(Assert.java:171)
	at com.letv.ads.util.AutoTest.test(Unknown Source)
	at sun.reflect.GeneratedMethodAccessor3.invoke(Unknown Source)
	at sun.reflect.DelegatingMethodAccessorImpl.invoke(Unknown Source)
	at java.lang.reflect.Method.invoke(Unknown Source)
	at org.testng.internal.MethodInvocationHelper.invokeMethod(MethodInvocationHelper.java:80)
	at org.testng.internal.Invoker.invokeMethod(Invoker.java:702)
	at org.testng.internal.Invoker.invokeTestMethod(Invoker.java:894)
	at org.testng.internal.Invoker.invokeTestMethods(Invoker.java:1219)
	at org.testng.internal.TestMethodWorker.invokeTestMethods(TestMethodWorker.java:127)
	at org.testng.internal.TestMethodWorker.run(TestMethodWorker.java:111)
	at org.testng.TestRunner.privateRun(TestRunner.java:768)
	at org.testng.TestRunner.run(TestRunner.java:617)
	at org.testng.SuiteRunner.runTest(SuiteRunner.java:334)
	at org.testng.SuiteRunner.runSequentially(SuiteRunner.java:329)
	at org.testng.SuiteRunner.privateRun(SuiteRunner.java:291)
	at org.testng.SuiteRunner.run(SuiteRunner.java:240)
	at org.testng.SuiteRunnerWorker.runSuite(SuiteRunnerWorker.java:53)
	at org.testng.SuiteRunnerWorker.run(SuiteRunnerWorker.java:87)
	at org.testng.TestNG.runSuitesSequentially(TestNG.java:1188)
	at org.testng.TestNG.runSuitesLocally(TestNG.java:1113)
	at org.testng.TestNG.run(TestNG.java:1025)
	at org.testng.TestNG.privateMain(TestNG.java:1328)
	at org.testng.TestNG.main(TestNG.java:1297)
]]>
    </error>
  </testcase> <!-- test -->
  <testcase name="test" time="1.043" classname="com.letv.ads.util.AutoTest"/>
  <testcase name="test" time="1.046" classname="com.letv.ads.util.AutoTest">
    <error type="java.lang.AssertionError" message="[public-sbdx-001]测试未通过，部分字段未通过验证！ expected:&lt;ok&gt; but was:&lt;测试用例：[public-sbdx-001]字段校验失败！-----[/VAST/Ad[@id=&#039;1&#039;]/@order_item_id]的期望值是----1  实际值是----&gt;">
      <![CDATA[java.lang.AssertionError: [public-sbdx-001]测试未通过，部分字段未通过验证！ expected:<ok> but was:<测试用例：[public-sbdx-001]字段校验失败！-----[/VAST/Ad[@id='1']/@order_item_id]的期望值是----1  实际值是---->
	at org.testng.Assert.fail(Assert.java:89)
	at org.testng.Assert.failNotEquals(Assert.java:489)
	at org.testng.Assert.assertEquals(Assert.java:118)
	at org.testng.Assert.assertEquals(Assert.java:171)
	at com.letv.ads.util.AutoTest.test(Unknown Source)
	at sun.reflect.GeneratedMethodAccessor3.invoke(Unknown Source)
	at sun.reflect.DelegatingMethodAccessorImpl.invoke(Unknown Source)
	at java.lang.reflect.Method.invoke(Unknown Source)
	at org.testng.internal.MethodInvocationHelper.invokeMethod(MethodInvocationHelper.java:80)
	at org.testng.internal.Invoker.invokeMethod(Invoker.java:702)
	at org.testng.internal.Invoker.invokeTestMethod(Invoker.java:894)
	at org.testng.internal.Invoker.invokeTestMethods(Invoker.java:1219)
	at org.testng.internal.TestMethodWorker.invokeTestMethods(TestMethodWorker.java:127)
	at org.testng.internal.TestMethodWorker.run(TestMethodWorker.java:111)
	at org.testng.TestRunner.privateRun(TestRunner.java:768)
	at org.testng.TestRunner.run(TestRunner.java:617)
	at org.testng.SuiteRunner.runTest(SuiteRunner.java:334)
	at org.testng.SuiteRunner.runSequentially(SuiteRunner.java:329)
	at org.testng.SuiteRunner.privateRun(SuiteRunner.java:291)
	at org.testng.SuiteRunner.run(SuiteRunner.java:240)
	at org.testng.SuiteRunnerWorker.runSuite(SuiteRunnerWorker.java:53)
	at org.testng.SuiteRunnerWorker.run(SuiteRunnerWorker.java:87)
	at org.testng.TestNG.runSuitesSequentially(TestNG.java:1188)
	at org.testng.TestNG.runSuitesLocally(TestNG.java:1113)
	at org.testng.TestNG.run(TestNG.java:1025)
	at org.testng.TestNG.privateMain(TestNG.java:1328)
	at org.testng.TestNG.main(TestNG.java:1297)
]]>
    </error>
  </testcase> <!-- test -->
  <testcase name="test" time="1.080" classname="com.letv.ads.util.AutoTest">
    <error type="java.lang.AssertionError" message="[[public-dtsc-079]短视频广告时长动态配置079]测试未通过，部分字段未通过验证！ expected:&lt;ok&gt; but was:&lt;测试用例：[[public-dtsc-079]短视频广告时长动态配置079]字段校验失败！-----[/VAST/Ad[1]/@order_item_id]的期望值是----1  实际值是------[/VAST/Policy/CuePoint[1]/@duration]的期望值是----15  实际值是----1&gt;">
      <![CDATA[java.lang.AssertionError: [[public-dtsc-079]短视频广告时长动态配置079]测试未通过，部分字段未通过验证！ expected:<ok> but was:<测试用例：[[public-dtsc-079]短视频广告时长动态配置079]字段校验失败！-----[/VAST/Ad[1]/@order_item_id]的期望值是----1  实际值是------[/VAST/Policy/CuePoint[1]/@duration]的期望值是----15  实际值是----1>
	at org.testng.Assert.fail(Assert.java:89)
	at org.testng.Assert.failNotEquals(Assert.java:489)
	at org.testng.Assert.assertEquals(Assert.java:118)
	at org.testng.Assert.assertEquals(Assert.java:171)
	at com.letv.ads.util.AutoTest.test(Unknown Source)
	at sun.reflect.GeneratedMethodAccessor3.invoke(Unknown Source)
	at sun.reflect.DelegatingMethodAccessorImpl.invoke(Unknown Source)
	at java.lang.reflect.Method.invoke(Unknown Source)
	at org.testng.internal.MethodInvocationHelper.invokeMethod(MethodInvocationHelper.java:80)
	at org.testng.internal.Invoker.invokeMethod(Invoker.java:702)
	at org.testng.internal.Invoker.invokeTestMethod(Invoker.java:894)
	at org.testng.internal.Invoker.invokeTestMethods(Invoker.java:1219)
	at org.testng.internal.TestMethodWorker.invokeTestMethods(TestMethodWorker.java:127)
	at org.testng.internal.TestMethodWorker.run(TestMethodWorker.java:111)
	at org.testng.TestRunner.privateRun(TestRunner.java:768)
	at org.testng.TestRunner.run(TestRunner.java:617)
	at org.testng.SuiteRunner.runTest(SuiteRunner.java:334)
	at org.testng.SuiteRunner.runSequentially(SuiteRunner.java:329)
	at org.testng.SuiteRunner.privateRun(SuiteRunner.java:291)
	at org.testng.SuiteRunner.run(SuiteRunner.java:240)
	at org.testng.SuiteRunnerWorker.runSuite(SuiteRunnerWorker.java:53)
	at org.testng.SuiteRunnerWorker.run(SuiteRunnerWorker.java:87)
	at org.testng.TestNG.runSuitesSequentially(TestNG.java:1188)
	at org.testng.TestNG.runSuitesLocally(TestNG.java:1113)
	at org.testng.TestNG.run(TestNG.java:1025)
	at org.testng.TestNG.privateMain(TestNG.java:1328)
	at org.testng.TestNG.main(TestNG.java:1297)
]]>
    </error>
  </testcase> <!-- test -->
  <testcase name="test" time="1.011" classname="com.letv.ads.util.AutoTest">
    <error type="java.lang.AssertionError" message="[[public-kjgg-011]开机广告011]测试未通过,该用例未返回广告,Ad节点为空！">
      <![CDATA[java.lang.AssertionError: [[public-kjgg-011]开机广告011]测试未通过,该用例未返回广告,Ad节点为空！
	at org.testng.Assert.fail(Assert.java:89)
	at com.letv.ads.util.AutoTest.test(Unknown Source)
	at sun.reflect.GeneratedMethodAccessor3.invoke(Unknown Source)
	at sun.reflect.DelegatingMethodAccessorImpl.invoke(Unknown Source)
	at java.lang.reflect.Method.invoke(Unknown Source)
	at org.testng.internal.MethodInvocationHelper.invokeMethod(MethodInvocationHelper.java:80)
	at org.testng.internal.Invoker.invokeMethod(Invoker.java:702)
	at org.testng.internal.Invoker.invokeTestMethod(Invoker.java:894)
	at org.testng.internal.Invoker.invokeTestMethods(Invoker.java:1219)
	at org.testng.internal.TestMethodWorker.invokeTestMethods(TestMethodWorker.java:127)
	at org.testng.internal.TestMethodWorker.run(TestMethodWorker.java:111)
	at org.testng.TestRunner.privateRun(TestRunner.java:768)
	at org.testng.TestRunner.run(TestRunner.java:617)
	at org.testng.SuiteRunner.runTest(SuiteRunner.java:334)
	at org.testng.SuiteRunner.runSequentially(SuiteRunner.java:329)
	at org.testng.SuiteRunner.privateRun(SuiteRunner.java:291)
	at org.testng.SuiteRunner.run(SuiteRunner.java:240)
	at org.testng.SuiteRunnerWorker.runSuite(SuiteRunnerWorker.java:53)
	at org.testng.SuiteRunnerWorker.run(SuiteRunnerWorker.java:87)
	at org.testng.TestNG.runSuitesSequentially(TestNG.java:1188)
	at org.testng.TestNG.runSuitesLocally(TestNG.java:1113)
	at org.testng.TestNG.run(TestNG.java:1025)
	at org.testng.TestNG.privateMain(TestNG.java:1328)
	at org.testng.TestNG.main(TestNG.java:1297)
]]>
    </error>
  </testcase> <!-- test -->
  <testcase name="test" time="1.050" classname="com.letv.ads.util.AutoTest"/>
  <testcase name="test" time="1.061" classname="com.letv.ads.util.AutoTest">
    <error type="java.lang.AssertionError" message="[[public-dtsc-027]短视频广告时长动态配置027]测试未通过，部分字段未通过验证！ expected:&lt;ok&gt; but was:&lt;测试用例：[[public-dtsc-027]短视频广告时长动态配置027]字段校验失败！-----[/VAST/Ad[1]/@order_item_id]的期望值是----1  实际值是------[/VAST/Policy/CuePoint[1]/@duration]的期望值是----25  实际值是----1&gt;">
      <![CDATA[java.lang.AssertionError: [[public-dtsc-027]短视频广告时长动态配置027]测试未通过，部分字段未通过验证！ expected:<ok> but was:<测试用例：[[public-dtsc-027]短视频广告时长动态配置027]字段校验失败！-----[/VAST/Ad[1]/@order_item_id]的期望值是----1  实际值是------[/VAST/Policy/CuePoint[1]/@duration]的期望值是----25  实际值是----1>
	at org.testng.Assert.fail(Assert.java:89)
	at org.testng.Assert.failNotEquals(Assert.java:489)
	at org.testng.Assert.assertEquals(Assert.java:118)
	at org.testng.Assert.assertEquals(Assert.java:171)
	at com.letv.ads.util.AutoTest.test(Unknown Source)
	at sun.reflect.GeneratedMethodAccessor3.invoke(Unknown Source)
	at sun.reflect.DelegatingMethodAccessorImpl.invoke(Unknown Source)
	at java.lang.reflect.Method.invoke(Unknown Source)
	at org.testng.internal.MethodInvocationHelper.invokeMethod(MethodInvocationHelper.java:80)
	at org.testng.internal.Invoker.invokeMethod(Invoker.java:702)
	at org.testng.internal.Invoker.invokeTestMethod(Invoker.java:894)
	at org.testng.internal.Invoker.invokeTestMethods(Invoker.java:1219)
	at org.testng.internal.TestMethodWorker.invokeTestMethods(TestMethodWorker.java:127)
	at org.testng.internal.TestMethodWorker.run(TestMethodWorker.java:111)
	at org.testng.TestRunner.privateRun(TestRunner.java:768)
	at org.testng.TestRunner.run(TestRunner.java:617)
	at org.testng.SuiteRunner.runTest(SuiteRunner.java:334)
	at org.testng.SuiteRunner.runSequentially(SuiteRunner.java:329)
	at org.testng.SuiteRunner.privateRun(SuiteRunner.java:291)
	at org.testng.SuiteRunner.run(SuiteRunner.java:240)
	at org.testng.SuiteRunnerWorker.runSuite(SuiteRunnerWorker.java:53)
	at org.testng.SuiteRunnerWorker.run(SuiteRunnerWorker.java:87)
	at org.testng.TestNG.runSuitesSequentially(TestNG.java:1188)
	at org.testng.TestNG.runSuitesLocally(TestNG.java:1113)
	at org.testng.TestNG.run(TestNG.java:1025)
	at org.testng.TestNG.privateMain(TestNG.java:1328)
	at org.testng.TestNG.main(TestNG.java:1297)
]]>
    </error>
  </testcase> <!-- test -->
  <testcase name="test" time="1.034" classname="com.letv.ads.util.AutoTest">
    <error type="java.lang.AssertionError" message="[[public-dtsc-048]短视频广告时长动态配置048]测试未通过，部分字段未通过验证！ expected:&lt;ok&gt; but was:&lt;测试用例：[[public-dtsc-048]短视频广告时长动态配置048]字段校验失败！-----[/VAST/Ad[1]/@order_item_id]的期望值是----1  实际值是------[/VAST/Policy/CuePoint[1]/@duration]的期望值是----15  实际值是----1&gt;">
      <![CDATA[java.lang.AssertionError: [[public-dtsc-048]短视频广告时长动态配置048]测试未通过，部分字段未通过验证！ expected:<ok> but was:<测试用例：[[public-dtsc-048]短视频广告时长动态配置048]字段校验失败！-----[/VAST/Ad[1]/@order_item_id]的期望值是----1  实际值是------[/VAST/Policy/CuePoint[1]/@duration]的期望值是----15  实际值是----1>
	at org.testng.Assert.fail(Assert.java:89)
	at org.testng.Assert.failNotEquals(Assert.java:489)
	at org.testng.Assert.assertEquals(Assert.java:118)
	at org.testng.Assert.assertEquals(Assert.java:171)
	at com.letv.ads.util.AutoTest.test(Unknown Source)
	at sun.reflect.GeneratedMethodAccessor3.invoke(Unknown Source)
	at sun.reflect.DelegatingMethodAccessorImpl.invoke(Unknown Source)
	at java.lang.reflect.Method.invoke(Unknown Source)
	at org.testng.internal.MethodInvocationHelper.invokeMethod(MethodInvocationHelper.java:80)
	at org.testng.internal.Invoker.invokeMethod(Invoker.java:702)
	at org.testng.internal.Invoker.invokeTestMethod(Invoker.java:894)
	at org.testng.internal.Invoker.invokeTestMethods(Invoker.java:1219)
	at org.testng.internal.TestMethodWorker.invokeTestMethods(TestMethodWorker.java:127)
	at org.testng.internal.TestMethodWorker.run(TestMethodWorker.java:111)
	at org.testng.TestRunner.privateRun(TestRunner.java:768)
	at org.testng.TestRunner.run(TestRunner.java:617)
	at org.testng.SuiteRunner.runTest(SuiteRunner.java:334)
	at org.testng.SuiteRunner.runSequentially(SuiteRunner.java:329)
	at org.testng.SuiteRunner.privateRun(SuiteRunner.java:291)
	at org.testng.SuiteRunner.run(SuiteRunner.java:240)
	at org.testng.SuiteRunnerWorker.runSuite(SuiteRunnerWorker.java:53)
	at org.testng.SuiteRunnerWorker.run(SuiteRunnerWorker.java:87)
	at org.testng.TestNG.runSuitesSequentially(TestNG.java:1188)
	at org.testng.TestNG.runSuitesLocally(TestNG.java:1113)
	at org.testng.TestNG.run(TestNG.java:1025)
	at org.testng.TestNG.privateMain(TestNG.java:1328)
	at org.testng.TestNG.main(TestNG.java:1297)
]]>
    </error>
  </testcase> <!-- test -->
  <testcase name="test" time="1.123" classname="com.letv.ads.util.AutoTest"/>
  <testcase name="test" time="1.055" classname="com.letv.ads.util.AutoTest">
    <error type="java.lang.AssertionError" message="[[public-dtsc-007]短视频广告时长动态配置007]测试未通过，部分字段未通过验证！ expected:&lt;ok&gt; but was:&lt;测试用例：[[public-dtsc-007]短视频广告时长动态配置007]字段校验失败！-----[/VAST/Ad[1]/@order_item_id]的期望值是----1  实际值是------[/VAST/Policy/CuePoint[1]/@duration]的期望值是----15  实际值是----1&gt;">
      <![CDATA[java.lang.AssertionError: [[public-dtsc-007]短视频广告时长动态配置007]测试未通过，部分字段未通过验证！ expected:<ok> but was:<测试用例：[[public-dtsc-007]短视频广告时长动态配置007]字段校验失败！-----[/VAST/Ad[1]/@order_item_id]的期望值是----1  实际值是------[/VAST/Policy/CuePoint[1]/@duration]的期望值是----15  实际值是----1>
	at org.testng.Assert.fail(Assert.java:89)
	at org.testng.Assert.failNotEquals(Assert.java:489)
	at org.testng.Assert.assertEquals(Assert.java:118)
	at org.testng.Assert.assertEquals(Assert.java:171)
	at com.letv.ads.util.AutoTest.test(Unknown Source)
	at sun.reflect.GeneratedMethodAccessor3.invoke(Unknown Source)
	at sun.reflect.DelegatingMethodAccessorImpl.invoke(Unknown Source)
	at java.lang.reflect.Method.invoke(Unknown Source)
	at org.testng.internal.MethodInvocationHelper.invokeMethod(MethodInvocationHelper.java:80)
	at org.testng.internal.Invoker.invokeMethod(Invoker.java:702)
	at org.testng.internal.Invoker.invokeTestMethod(Invoker.java:894)
	at org.testng.internal.Invoker.invokeTestMethods(Invoker.java:1219)
	at org.testng.internal.TestMethodWorker.invokeTestMethods(TestMethodWorker.java:127)
	at org.testng.internal.TestMethodWorker.run(TestMethodWorker.java:111)
	at org.testng.TestRunner.privateRun(TestRunner.java:768)
	at org.testng.TestRunner.run(TestRunner.java:617)
	at org.testng.SuiteRunner.runTest(SuiteRunner.java:334)
	at org.testng.SuiteRunner.runSequentially(SuiteRunner.java:329)
	at org.testng.SuiteRunner.privateRun(SuiteRunner.java:291)
	at org.testng.SuiteRunner.run(SuiteRunner.java:240)
	at org.testng.SuiteRunnerWorker.runSuite(SuiteRunnerWorker.java:53)
	at org.testng.SuiteRunnerWorker.run(SuiteRunnerWorker.java:87)
	at org.testng.TestNG.runSuitesSequentially(TestNG.java:1188)
	at org.testng.TestNG.runSuitesLocally(TestNG.java:1113)
	at org.testng.TestNG.run(TestNG.java:1025)
	at org.testng.TestNG.privateMain(TestNG.java:1328)
	at org.testng.TestNG.main(TestNG.java:1297)
]]>
    </error>
  </testcase> <!-- test -->
  <testcase name="test" time="1.076" classname="com.letv.ads.util.AutoTest">
    <error type="java.lang.AssertionError" message="[public-model-003]测试未通过，部分字段未通过验证！ expected:&lt;ok&gt; but was:&lt;测试用例：[public-model-003]字段校验失败！-----[/VAST/Ad[1]/@order_item_id]的期望值是----2  实际值是----&gt;">
      <![CDATA[java.lang.AssertionError: [public-model-003]测试未通过，部分字段未通过验证！ expected:<ok> but was:<测试用例：[public-model-003]字段校验失败！-----[/VAST/Ad[1]/@order_item_id]的期望值是----2  实际值是---->
	at org.testng.Assert.fail(Assert.java:89)
	at org.testng.Assert.failNotEquals(Assert.java:489)
	at org.testng.Assert.assertEquals(Assert.java:118)
	at org.testng.Assert.assertEquals(Assert.java:171)
	at com.letv.ads.util.AutoTest.test(Unknown Source)
	at sun.reflect.GeneratedMethodAccessor3.invoke(Unknown Source)
	at sun.reflect.DelegatingMethodAccessorImpl.invoke(Unknown Source)
	at java.lang.reflect.Method.invoke(Unknown Source)
	at org.testng.internal.MethodInvocationHelper.invokeMethod(MethodInvocationHelper.java:80)
	at org.testng.internal.Invoker.invokeMethod(Invoker.java:702)
	at org.testng.internal.Invoker.invokeTestMethod(Invoker.java:894)
	at org.testng.internal.Invoker.invokeTestMethods(Invoker.java:1219)
	at org.testng.internal.TestMethodWorker.invokeTestMethods(TestMethodWorker.java:127)
	at org.testng.internal.TestMethodWorker.run(TestMethodWorker.java:111)
	at org.testng.TestRunner.privateRun(TestRunner.java:768)
	at org.testng.TestRunner.run(TestRunner.java:617)
	at org.testng.SuiteRunner.runTest(SuiteRunner.java:334)
	at org.testng.SuiteRunner.runSequentially(SuiteRunner.java:329)
	at org.testng.SuiteRunner.privateRun(SuiteRunner.java:291)
	at org.testng.SuiteRunner.run(SuiteRunner.java:240)
	at org.testng.SuiteRunnerWorker.runSuite(SuiteRunnerWorker.java:53)
	at org.testng.SuiteRunnerWorker.run(SuiteRunnerWorker.java:87)
	at org.testng.TestNG.runSuitesSequentially(TestNG.java:1188)
	at org.testng.TestNG.runSuitesLocally(TestNG.java:1113)
	at org.testng.TestNG.run(TestNG.java:1025)
	at org.testng.TestNG.privateMain(TestNG.java:1328)
	at org.testng.TestNG.main(TestNG.java:1297)
]]>
    </error>
  </testcase> <!-- test -->
  <testcase name="test" time="1.044" classname="com.letv.ads.util.AutoTest">
    <error type="java.lang.AssertionError" message="[[public-jzdx-009]精准定向009]测试未通过，部分字段未通过验证！ expected:&lt;ok&gt; but was:&lt;测试用例：[[public-jzdx-009]精准定向009]字段校验失败！-----[/VAST/Ad[1]/@order_item_id]的期望值是----1  实际值是------[/VAST/Ad[2]/@order_item_id]的期望值是----3  实际值是----&gt;">
      <![CDATA[java.lang.AssertionError: [[public-jzdx-009]精准定向009]测试未通过，部分字段未通过验证！ expected:<ok> but was:<测试用例：[[public-jzdx-009]精准定向009]字段校验失败！-----[/VAST/Ad[1]/@order_item_id]的期望值是----1  实际值是------[/VAST/Ad[2]/@order_item_id]的期望值是----3  实际值是---->
	at org.testng.Assert.fail(Assert.java:89)
	at org.testng.Assert.failNotEquals(Assert.java:489)
	at org.testng.Assert.assertEquals(Assert.java:118)
	at org.testng.Assert.assertEquals(Assert.java:171)
	at com.letv.ads.util.AutoTest.test(Unknown Source)
	at sun.reflect.GeneratedMethodAccessor3.invoke(Unknown Source)
	at sun.reflect.DelegatingMethodAccessorImpl.invoke(Unknown Source)
	at java.lang.reflect.Method.invoke(Unknown Source)
	at org.testng.internal.MethodInvocationHelper.invokeMethod(MethodInvocationHelper.java:80)
	at org.testng.internal.Invoker.invokeMethod(Invoker.java:702)
	at org.testng.internal.Invoker.invokeTestMethod(Invoker.java:894)
	at org.testng.internal.Invoker.invokeTestMethods(Invoker.java:1219)
	at org.testng.internal.TestMethodWorker.invokeTestMethods(TestMethodWorker.java:127)
	at org.testng.internal.TestMethodWorker.run(TestMethodWorker.java:111)
	at org.testng.TestRunner.privateRun(TestRunner.java:768)
	at org.testng.TestRunner.run(TestRunner.java:617)
	at org.testng.SuiteRunner.runTest(SuiteRunner.java:334)
	at org.testng.SuiteRunner.runSequentially(SuiteRunner.java:329)
	at org.testng.SuiteRunner.privateRun(SuiteRunner.java:291)
	at org.testng.SuiteRunner.run(SuiteRunner.java:240)
	at org.testng.SuiteRunnerWorker.runSuite(SuiteRunnerWorker.java:53)
	at org.testng.SuiteRunnerWorker.run(SuiteRunnerWorker.java:87)
	at org.testng.TestNG.runSuitesSequentially(TestNG.java:1188)
	at org.testng.TestNG.runSuitesLocally(TestNG.java:1113)
	at org.testng.TestNG.run(TestNG.java:1025)
	at org.testng.TestNG.privateMain(TestNG.java:1328)
	at org.testng.TestNG.main(TestNG.java:1297)
]]>
    </error>
  </testcase> <!-- test -->
  <testcase name="test" time="2.090" classname="com.letv.ads.util.AutoTest">
    <error type="java.lang.AssertionError" message="测试用例[[public-ydddl-006]-移动端导流006]在memcached中set key=3a4ab747cf1e86f88e4b3759d8027893.v,value=1450160090时发生错误">
      <![CDATA[java.lang.AssertionError: 测试用例[[public-ydddl-006]-移动端导流006]在memcached中set key=3a4ab747cf1e86f88e4b3759d8027893.v,value=1450160090时发生错误
	at org.testng.Assert.fail(Assert.java:89)
	at com.letv.ads.util.BaseCase.operateMemcached(Unknown Source)
	at com.letv.ads.util.AutoTest.test(Unknown Source)
	at sun.reflect.GeneratedMethodAccessor3.invoke(Unknown Source)
	at sun.reflect.DelegatingMethodAccessorImpl.invoke(Unknown Source)
	at java.lang.reflect.Method.invoke(Unknown Source)
	at org.testng.internal.MethodInvocationHelper.invokeMethod(MethodInvocationHelper.java:80)
	at org.testng.internal.Invoker.invokeMethod(Invoker.java:702)
	at org.testng.internal.Invoker.invokeTestMethod(Invoker.java:894)
	at org.testng.internal.Invoker.invokeTestMethods(Invoker.java:1219)
	at org.testng.internal.TestMethodWorker.invokeTestMethods(TestMethodWorker.java:127)
	at org.testng.internal.TestMethodWorker.run(TestMethodWorker.java:111)
	at org.testng.TestRunner.privateRun(TestRunner.java:768)
	at org.testng.TestRunner.run(TestRunner.java:617)
	at org.testng.SuiteRunner.runTest(SuiteRunner.java:334)
	at org.testng.SuiteRunner.runSequentially(SuiteRunner.java:329)
	at org.testng.SuiteRunner.privateRun(SuiteRunner.java:291)
	at org.testng.SuiteRunner.run(SuiteRunner.java:240)
	at org.testng.SuiteRunnerWorker.runSuite(SuiteRunnerWorker.java:53)
	at org.testng.SuiteRunnerWorker.run(SuiteRunnerWorker.java:87)
	at org.testng.TestNG.runSuitesSequentially(TestNG.java:1188)
	at org.testng.TestNG.runSuitesLocally(TestNG.java:1113)
	at org.testng.TestNG.run(TestNG.java:1025)
	at org.testng.TestNG.privateMain(TestNG.java:1328)
	at org.testng.TestNG.main(TestNG.java:1297)
]]>
    </error>
  </testcase> <!-- test -->
  <testcase name="test" time="1.076" classname="com.letv.ads.util.AutoTest">
    <error type="java.lang.AssertionError" message="[[public-dtsc-017]短视频广告时长动态配置017]测试未通过，部分字段未通过验证！ expected:&lt;ok&gt; but was:&lt;测试用例：[[public-dtsc-017]短视频广告时长动态配置017]字段校验失败！-----[/VAST/Ad[1]/@order_item_id]的期望值是----1  实际值是------[/VAST/Policy/CuePoint[1]/@duration]的期望值是----25  实际值是----1&gt;">
      <![CDATA[java.lang.AssertionError: [[public-dtsc-017]短视频广告时长动态配置017]测试未通过，部分字段未通过验证！ expected:<ok> but was:<测试用例：[[public-dtsc-017]短视频广告时长动态配置017]字段校验失败！-----[/VAST/Ad[1]/@order_item_id]的期望值是----1  实际值是------[/VAST/Policy/CuePoint[1]/@duration]的期望值是----25  实际值是----1>
	at org.testng.Assert.fail(Assert.java:89)
	at org.testng.Assert.failNotEquals(Assert.java:489)
	at org.testng.Assert.assertEquals(Assert.java:118)
	at org.testng.Assert.assertEquals(Assert.java:171)
	at com.letv.ads.util.AutoTest.test(Unknown Source)
	at sun.reflect.GeneratedMethodAccessor3.invoke(Unknown Source)
	at sun.reflect.DelegatingMethodAccessorImpl.invoke(Unknown Source)
	at java.lang.reflect.Method.invoke(Unknown Source)
	at org.testng.internal.MethodInvocationHelper.invokeMethod(MethodInvocationHelper.java:80)
	at org.testng.internal.Invoker.invokeMethod(Invoker.java:702)
	at org.testng.internal.Invoker.invokeTestMethod(Invoker.java:894)
	at org.testng.internal.Invoker.invokeTestMethods(Invoker.java:1219)
	at org.testng.internal.TestMethodWorker.invokeTestMethods(TestMethodWorker.java:127)
	at org.testng.internal.TestMethodWorker.run(TestMethodWorker.java:111)
	at org.testng.TestRunner.privateRun(TestRunner.java:768)
	at org.testng.TestRunner.run(TestRunner.java:617)
	at org.testng.SuiteRunner.runTest(SuiteRunner.java:334)
	at org.testng.SuiteRunner.runSequentially(SuiteRunner.java:329)
	at org.testng.SuiteRunner.privateRun(SuiteRunner.java:291)
	at org.testng.SuiteRunner.run(SuiteRunner.java:240)
	at org.testng.SuiteRunnerWorker.runSuite(SuiteRunnerWorker.java:53)
	at org.testng.SuiteRunnerWorker.run(SuiteRunnerWorker.java:87)
	at org.testng.TestNG.runSuitesSequentially(TestNG.java:1188)
	at org.testng.TestNG.runSuitesLocally(TestNG.java:1113)
	at org.testng.TestNG.run(TestNG.java:1025)
	at org.testng.TestNG.privateMain(TestNG.java:1328)
	at org.testng.TestNG.main(TestNG.java:1297)
]]>
    </error>
  </testcase> <!-- test -->
  <testcase name="test" time="0.012" classname="com.letv.ads.util.AutoTest"/>
  <testcase name="test" time="1.045" classname="com.letv.ads.util.AutoTest"/>
  <testcase name="test" time="2.037" classname="com.letv.ads.util.AutoTest">
    <error type="java.lang.AssertionError" message="测试用例[[public-ydddl-009]-移动端导流009]在memcached中set key=3a4ab747cf1e86f88e4b3759d8027893.v,value=1450160090时发生错误">
      <![CDATA[java.lang.AssertionError: 测试用例[[public-ydddl-009]-移动端导流009]在memcached中set key=3a4ab747cf1e86f88e4b3759d8027893.v,value=1450160090时发生错误
	at org.testng.Assert.fail(Assert.java:89)
	at com.letv.ads.util.BaseCase.operateMemcached(Unknown Source)
	at com.letv.ads.util.AutoTest.test(Unknown Source)
	at sun.reflect.GeneratedMethodAccessor3.invoke(Unknown Source)
	at sun.reflect.DelegatingMethodAccessorImpl.invoke(Unknown Source)
	at java.lang.reflect.Method.invoke(Unknown Source)
	at org.testng.internal.MethodInvocationHelper.invokeMethod(MethodInvocationHelper.java:80)
	at org.testng.internal.Invoker.invokeMethod(Invoker.java:702)
	at org.testng.internal.Invoker.invokeTestMethod(Invoker.java:894)
	at org.testng.internal.Invoker.invokeTestMethods(Invoker.java:1219)
	at org.testng.internal.TestMethodWorker.invokeTestMethods(TestMethodWorker.java:127)
	at org.testng.internal.TestMethodWorker.run(TestMethodWorker.java:111)
	at org.testng.TestRunner.privateRun(TestRunner.java:768)
	at org.testng.TestRunner.run(TestRunner.java:617)
	at org.testng.SuiteRunner.runTest(SuiteRunner.java:334)
	at org.testng.SuiteRunner.runSequentially(SuiteRunner.java:329)
	at org.testng.SuiteRunner.privateRun(SuiteRunner.java:291)
	at org.testng.SuiteRunner.run(SuiteRunner.java:240)
	at org.testng.SuiteRunnerWorker.runSuite(SuiteRunnerWorker.java:53)
	at org.testng.SuiteRunnerWorker.run(SuiteRunnerWorker.java:87)
	at org.testng.TestNG.runSuitesSequentially(TestNG.java:1188)
	at org.testng.TestNG.runSuitesLocally(TestNG.java:1113)
	at org.testng.TestNG.run(TestNG.java:1025)
	at org.testng.TestNG.privateMain(TestNG.java:1328)
	at org.testng.TestNG.main(TestNG.java:1297)
]]>
    </error>
  </testcase> <!-- test -->
  <testcase name="test" time="2.094" classname="com.letv.ads.util.AutoTest">
    <error type="java.lang.AssertionError" message="测试用例[[public-jzdx-004]精准定向004]在memcached中set key=5c3767f8b8ce4040bac9b23dff63c6e7.label,value=[1]时发生错误">
      <![CDATA[java.lang.AssertionError: 测试用例[[public-jzdx-004]精准定向004]在memcached中set key=5c3767f8b8ce4040bac9b23dff63c6e7.label,value=[1]时发生错误
	at org.testng.Assert.fail(Assert.java:89)
	at com.letv.ads.util.BaseCase.operateMemcached(Unknown Source)
	at com.letv.ads.util.AutoTest.test(Unknown Source)
	at sun.reflect.NativeMethodAccessorImpl.invoke0(Native Method)
	at sun.reflect.NativeMethodAccessorImpl.invoke(Unknown Source)
	at sun.reflect.DelegatingMethodAccessorImpl.invoke(Unknown Source)
	at java.lang.reflect.Method.invoke(Unknown Source)
	at org.testng.internal.MethodInvocationHelper.invokeMethod(MethodInvocationHelper.java:80)
	at org.testng.internal.Invoker.invokeMethod(Invoker.java:702)
	at org.testng.internal.Invoker.invokeTestMethod(Invoker.java:894)
	at org.testng.internal.Invoker.invokeTestMethods(Invoker.java:1219)
	at org.testng.internal.TestMethodWorker.invokeTestMethods(TestMethodWorker.java:127)
	at org.testng.internal.TestMethodWorker.run(TestMethodWorker.java:111)
	at org.testng.TestRunner.privateRun(TestRunner.java:768)
	at org.testng.TestRunner.run(TestRunner.java:617)
	at org.testng.SuiteRunner.runTest(SuiteRunner.java:334)
	at org.testng.SuiteRunner.runSequentially(SuiteRunner.java:329)
	at org.testng.SuiteRunner.privateRun(SuiteRunner.java:291)
	at org.testng.SuiteRunner.run(SuiteRunner.java:240)
	at org.testng.SuiteRunnerWorker.runSuite(SuiteRunnerWorker.java:53)
	at org.testng.SuiteRunnerWorker.run(SuiteRunnerWorker.java:87)
	at org.testng.TestNG.runSuitesSequentially(TestNG.java:1188)
	at org.testng.TestNG.runSuitesLocally(TestNG.java:1113)
	at org.testng.TestNG.run(TestNG.java:1025)
	at org.testng.TestNG.privateMain(TestNG.java:1328)
	at org.testng.TestNG.main(TestNG.java:1297)
]]>
    </error>
  </testcase> <!-- test -->
  <testcase name="test" time="1.077" classname="com.letv.ads.util.AutoTest"/>
  <testcase name="test" time="1.212" classname="com.letv.ads.util.AutoTest"/>
  <testcase name="test" time="1.076" classname="com.letv.ads.util.AutoTest">
    <error type="java.lang.AssertionError" message="[public-qzzt-003]测试未通过，部分字段未通过验证！ expected:&lt;ok&gt; but was:&lt;测试用例：[public-qzzt-003]字段校验失败！-----[/VAST/Ad[1]/@id]的期望值是----1  实际值是------[/VAST/Ad[@id=&#039;1&#039;]/@order_item_id]的期望值是----1  实际值是------[VAST/Ad[1]/@ord]的期望值是----1  实际值是------[/VAST/Policy/CuePoint/@id]的期望值是----1  实际值是----4368--[/VAST/Ad[2]/@id]的期望值是----2  实际值是------[/VAST/Ad[@id=&#039;2&#039;]/@order_item_id]的期望值是----2  实际值是------[VAST/Ad[2]/@ord]的期望值是----2  实际值是----&gt;">
      <![CDATA[java.lang.AssertionError: [public-qzzt-003]测试未通过，部分字段未通过验证！ expected:<ok> but was:<测试用例：[public-qzzt-003]字段校验失败！-----[/VAST/Ad[1]/@id]的期望值是----1  实际值是------[/VAST/Ad[@id='1']/@order_item_id]的期望值是----1  实际值是------[VAST/Ad[1]/@ord]的期望值是----1  实际值是------[/VAST/Policy/CuePoint/@id]的期望值是----1  实际值是----4368--[/VAST/Ad[2]/@id]的期望值是----2  实际值是------[/VAST/Ad[@id='2']/@order_item_id]的期望值是----2  实际值是------[VAST/Ad[2]/@ord]的期望值是----2  实际值是---->
	at org.testng.Assert.fail(Assert.java:89)
	at org.testng.Assert.failNotEquals(Assert.java:489)
	at org.testng.Assert.assertEquals(Assert.java:118)
	at org.testng.Assert.assertEquals(Assert.java:171)
	at com.letv.ads.util.AutoTest.test(Unknown Source)
	at sun.reflect.GeneratedMethodAccessor3.invoke(Unknown Source)
	at sun.reflect.DelegatingMethodAccessorImpl.invoke(Unknown Source)
	at java.lang.reflect.Method.invoke(Unknown Source)
	at org.testng.internal.MethodInvocationHelper.invokeMethod(MethodInvocationHelper.java:80)
	at org.testng.internal.Invoker.invokeMethod(Invoker.java:702)
	at org.testng.internal.Invoker.invokeTestMethod(Invoker.java:894)
	at org.testng.internal.Invoker.invokeTestMethods(Invoker.java:1219)
	at org.testng.internal.TestMethodWorker.invokeTestMethods(TestMethodWorker.java:127)
	at org.testng.internal.TestMethodWorker.run(TestMethodWorker.java:111)
	at org.testng.TestRunner.privateRun(TestRunner.java:768)
	at org.testng.TestRunner.run(TestRunner.java:617)
	at org.testng.SuiteRunner.runTest(SuiteRunner.java:334)
	at org.testng.SuiteRunner.runSequentially(SuiteRunner.java:329)
	at org.testng.SuiteRunner.privateRun(SuiteRunner.java:291)
	at org.testng.SuiteRunner.run(SuiteRunner.java:240)
	at org.testng.SuiteRunnerWorker.runSuite(SuiteRunnerWorker.java:53)
	at org.testng.SuiteRunnerWorker.run(SuiteRunnerWorker.java:87)
	at org.testng.TestNG.runSuitesSequentially(TestNG.java:1188)
	at org.testng.TestNG.runSuitesLocally(TestNG.java:1113)
	at org.testng.TestNG.run(TestNG.java:1025)
	at org.testng.TestNG.privateMain(TestNG.java:1328)
	at org.testng.TestNG.main(TestNG.java:1297)
]]>
    </error>
  </testcase> <!-- test -->
  <testcase name="test" time="1.061" classname="com.letv.ads.util.AutoTest">
    <error type="java.lang.AssertionError" message="[public-model-006]测试未通过，部分字段未通过验证！ expected:&lt;ok&gt; but was:&lt;测试用例：[public-model-006]字段校验失败！-----[/VAST/Ad[1]/@order_item_id]的期望值是----2  实际值是----&gt;">
      <![CDATA[java.lang.AssertionError: [public-model-006]测试未通过，部分字段未通过验证！ expected:<ok> but was:<测试用例：[public-model-006]字段校验失败！-----[/VAST/Ad[1]/@order_item_id]的期望值是----2  实际值是---->
	at org.testng.Assert.fail(Assert.java:89)
	at org.testng.Assert.failNotEquals(Assert.java:489)
	at org.testng.Assert.assertEquals(Assert.java:118)
	at org.testng.Assert.assertEquals(Assert.java:171)
	at com.letv.ads.util.AutoTest.test(Unknown Source)
	at sun.reflect.GeneratedMethodAccessor3.invoke(Unknown Source)
	at sun.reflect.DelegatingMethodAccessorImpl.invoke(Unknown Source)
	at java.lang.reflect.Method.invoke(Unknown Source)
	at org.testng.internal.MethodInvocationHelper.invokeMethod(MethodInvocationHelper.java:80)
	at org.testng.internal.Invoker.invokeMethod(Invoker.java:702)
	at org.testng.internal.Invoker.invokeTestMethod(Invoker.java:894)
	at org.testng.internal.Invoker.invokeTestMethods(Invoker.java:1219)
	at org.testng.internal.TestMethodWorker.invokeTestMethods(TestMethodWorker.java:127)
	at org.testng.internal.TestMethodWorker.run(TestMethodWorker.java:111)
	at org.testng.TestRunner.privateRun(TestRunner.java:768)
	at org.testng.TestRunner.run(TestRunner.java:617)
	at org.testng.SuiteRunner.runTest(SuiteRunner.java:334)
	at org.testng.SuiteRunner.runSequentially(SuiteRunner.java:329)
	at org.testng.SuiteRunner.privateRun(SuiteRunner.java:291)
	at org.testng.SuiteRunner.run(SuiteRunner.java:240)
	at org.testng.SuiteRunnerWorker.runSuite(SuiteRunnerWorker.java:53)
	at org.testng.SuiteRunnerWorker.run(SuiteRunnerWorker.java:87)
	at org.testng.TestNG.runSuitesSequentially(TestNG.java:1188)
	at org.testng.TestNG.runSuitesLocally(TestNG.java:1113)
	at org.testng.TestNG.run(TestNG.java:1025)
	at org.testng.TestNG.privateMain(TestNG.java:1328)
	at org.testng.TestNG.main(TestNG.java:1297)
]]>
    </error>
  </testcase> <!-- test -->
  <testcase name="test" time="1.037" classname="com.letv.ads.util.AutoTest">
    <error type="java.lang.AssertionError" message="[public-qzzt-002]测试未通过，部分字段未通过验证！ expected:&lt;ok&gt; but was:&lt;测试用例：[public-qzzt-002]字段校验失败！-----[/VAST/Ad[1]/@id]的期望值是----1  实际值是------[/VAST/Ad[@id=&#039;1&#039;]/@order_item_id]的期望值是----1  实际值是------[VAST/Ad[1]/@ord]的期望值是----1  实际值是------[/VAST/Policy/CuePoint/@id]的期望值是----1  实际值是----4368&gt;">
      <![CDATA[java.lang.AssertionError: [public-qzzt-002]测试未通过，部分字段未通过验证！ expected:<ok> but was:<测试用例：[public-qzzt-002]字段校验失败！-----[/VAST/Ad[1]/@id]的期望值是----1  实际值是------[/VAST/Ad[@id='1']/@order_item_id]的期望值是----1  实际值是------[VAST/Ad[1]/@ord]的期望值是----1  实际值是------[/VAST/Policy/CuePoint/@id]的期望值是----1  实际值是----4368>
	at org.testng.Assert.fail(Assert.java:89)
	at org.testng.Assert.failNotEquals(Assert.java:489)
	at org.testng.Assert.assertEquals(Assert.java:118)
	at org.testng.Assert.assertEquals(Assert.java:171)
	at com.letv.ads.util.AutoTest.test(Unknown Source)
	at sun.reflect.GeneratedMethodAccessor3.invoke(Unknown Source)
	at sun.reflect.DelegatingMethodAccessorImpl.invoke(Unknown Source)
	at java.lang.reflect.Method.invoke(Unknown Source)
	at org.testng.internal.MethodInvocationHelper.invokeMethod(MethodInvocationHelper.java:80)
	at org.testng.internal.Invoker.invokeMethod(Invoker.java:702)
	at org.testng.internal.Invoker.invokeTestMethod(Invoker.java:894)
	at org.testng.internal.Invoker.invokeTestMethods(Invoker.java:1219)
	at org.testng.internal.TestMethodWorker.invokeTestMethods(TestMethodWorker.java:127)
	at org.testng.internal.TestMethodWorker.run(TestMethodWorker.java:111)
	at org.testng.TestRunner.privateRun(TestRunner.java:768)
	at org.testng.TestRunner.run(TestRunner.java:617)
	at org.testng.SuiteRunner.runTest(SuiteRunner.java:334)
	at org.testng.SuiteRunner.runSequentially(SuiteRunner.java:329)
	at org.testng.SuiteRunner.privateRun(SuiteRunner.java:291)
	at org.testng.SuiteRunner.run(SuiteRunner.java:240)
	at org.testng.SuiteRunnerWorker.runSuite(SuiteRunnerWorker.java:53)
	at org.testng.SuiteRunnerWorker.run(SuiteRunnerWorker.java:87)
	at org.testng.TestNG.runSuitesSequentially(TestNG.java:1188)
	at org.testng.TestNG.runSuitesLocally(TestNG.java:1113)
	at org.testng.TestNG.run(TestNG.java:1025)
	at org.testng.TestNG.privateMain(TestNG.java:1328)
	at org.testng.TestNG.main(TestNG.java:1297)
]]>
    </error>
  </testcase> <!-- test -->
  <testcase name="test" time="1.051" classname="com.letv.ads.util.AutoTest">
    <error type="java.lang.AssertionError" message="[[public-dtsc-056]短视频广告时长动态配置056]测试未通过，部分字段未通过验证！ expected:&lt;ok&gt; but was:&lt;测试用例：[[public-dtsc-056]短视频广告时长动态配置056]字段校验失败！-----[/VAST/Ad[1]/@order_item_id]的期望值是----1  实际值是------[/VAST/Policy/CuePoint[1]/@duration]的期望值是----25  实际值是----1&gt;">
      <![CDATA[java.lang.AssertionError: [[public-dtsc-056]短视频广告时长动态配置056]测试未通过，部分字段未通过验证！ expected:<ok> but was:<测试用例：[[public-dtsc-056]短视频广告时长动态配置056]字段校验失败！-----[/VAST/Ad[1]/@order_item_id]的期望值是----1  实际值是------[/VAST/Policy/CuePoint[1]/@duration]的期望值是----25  实际值是----1>
	at org.testng.Assert.fail(Assert.java:89)
	at org.testng.Assert.failNotEquals(Assert.java:489)
	at org.testng.Assert.assertEquals(Assert.java:118)
	at org.testng.Assert.assertEquals(Assert.java:171)
	at com.letv.ads.util.AutoTest.test(Unknown Source)
	at sun.reflect.NativeMethodAccessorImpl.invoke0(Native Method)
	at sun.reflect.NativeMethodAccessorImpl.invoke(Unknown Source)
	at sun.reflect.DelegatingMethodAccessorImpl.invoke(Unknown Source)
	at java.lang.reflect.Method.invoke(Unknown Source)
	at org.testng.internal.MethodInvocationHelper.invokeMethod(MethodInvocationHelper.java:80)
	at org.testng.internal.Invoker.invokeMethod(Invoker.java:702)
	at org.testng.internal.Invoker.invokeTestMethod(Invoker.java:894)
	at org.testng.internal.Invoker.invokeTestMethods(Invoker.java:1219)
	at org.testng.internal.TestMethodWorker.invokeTestMethods(TestMethodWorker.java:127)
	at org.testng.internal.TestMethodWorker.run(TestMethodWorker.java:111)
	at org.testng.TestRunner.privateRun(TestRunner.java:768)
	at org.testng.TestRunner.run(TestRunner.java:617)
	at org.testng.SuiteRunner.runTest(SuiteRunner.java:334)
	at org.testng.SuiteRunner.runSequentially(SuiteRunner.java:329)
	at org.testng.SuiteRunner.privateRun(SuiteRunner.java:291)
	at org.testng.SuiteRunner.run(SuiteRunner.java:240)
	at org.testng.SuiteRunnerWorker.runSuite(SuiteRunnerWorker.java:53)
	at org.testng.SuiteRunnerWorker.run(SuiteRunnerWorker.java:87)
	at org.testng.TestNG.runSuitesSequentially(TestNG.java:1188)
	at org.testng.TestNG.runSuitesLocally(TestNG.java:1113)
	at org.testng.TestNG.run(TestNG.java:1025)
	at org.testng.TestNG.privateMain(TestNG.java:1328)
	at org.testng.TestNG.main(TestNG.java:1297)
]]>
    </error>
  </testcase> <!-- test -->
  <testcase name="test" time="1.107" classname="com.letv.ads.util.AutoTest">
    <error type="java.lang.AssertionError" message="[[public-dtsc-074]短视频广告时长动态配置074]测试未通过，部分字段未通过验证！ expected:&lt;ok&gt; but was:&lt;测试用例：[[public-dtsc-074]短视频广告时长动态配置074]字段校验失败！-----[/VAST/Ad[1]/@order_item_id]的期望值是----1  实际值是------[/VAST/Policy/CuePoint[1]/@duration]的期望值是----15  实际值是----1&gt;">
      <![CDATA[java.lang.AssertionError: [[public-dtsc-074]短视频广告时长动态配置074]测试未通过，部分字段未通过验证！ expected:<ok> but was:<测试用例：[[public-dtsc-074]短视频广告时长动态配置074]字段校验失败！-----[/VAST/Ad[1]/@order_item_id]的期望值是----1  实际值是------[/VAST/Policy/CuePoint[1]/@duration]的期望值是----15  实际值是----1>
	at org.testng.Assert.fail(Assert.java:89)
	at org.testng.Assert.failNotEquals(Assert.java:489)
	at org.testng.Assert.assertEquals(Assert.java:118)
	at org.testng.Assert.assertEquals(Assert.java:171)
	at com.letv.ads.util.AutoTest.test(Unknown Source)
	at sun.reflect.GeneratedMethodAccessor3.invoke(Unknown Source)
	at sun.reflect.DelegatingMethodAccessorImpl.invoke(Unknown Source)
	at java.lang.reflect.Method.invoke(Unknown Source)
	at org.testng.internal.MethodInvocationHelper.invokeMethod(MethodInvocationHelper.java:80)
	at org.testng.internal.Invoker.invokeMethod(Invoker.java:702)
	at org.testng.internal.Invoker.invokeTestMethod(Invoker.java:894)
	at org.testng.internal.Invoker.invokeTestMethods(Invoker.java:1219)
	at org.testng.internal.TestMethodWorker.invokeTestMethods(TestMethodWorker.java:127)
	at org.testng.internal.TestMethodWorker.run(TestMethodWorker.java:111)
	at org.testng.TestRunner.privateRun(TestRunner.java:768)
	at org.testng.TestRunner.run(TestRunner.java:617)
	at org.testng.SuiteRunner.runTest(SuiteRunner.java:334)
	at org.testng.SuiteRunner.runSequentially(SuiteRunner.java:329)
	at org.testng.SuiteRunner.privateRun(SuiteRunner.java:291)
	at org.testng.SuiteRunner.run(SuiteRunner.java:240)
	at org.testng.SuiteRunnerWorker.runSuite(SuiteRunnerWorker.java:53)
	at org.testng.SuiteRunnerWorker.run(SuiteRunnerWorker.java:87)
	at org.testng.TestNG.runSuitesSequentially(TestNG.java:1188)
	at org.testng.TestNG.runSuitesLocally(TestNG.java:1113)
	at org.testng.TestNG.run(TestNG.java:1025)
	at org.testng.TestNG.privateMain(TestNG.java:1328)
	at org.testng.TestNG.main(TestNG.java:1297)
]]>
    </error>
  </testcase> <!-- test -->
  <testcase name="test" time="1.290" classname="com.letv.ads.util.AutoTest">
    <error type="java.lang.AssertionError" message="[[public-tcl-015]TCL-欢网广告接入方舟015]测试未通过，部分字段未通过验证！ expected:&lt;ok&gt; but was:&lt;测试用例：[[public-tcl-015]TCL-欢网广告接入方舟015]字段校验失败！-----[/VAST/Ad[1]/@order_item_id]的期望值是----1  实际值是------[/VAST/Ad[1]/@order_item_id]的期望值是----2  实际值是----&gt;">
      <![CDATA[java.lang.AssertionError: [[public-tcl-015]TCL-欢网广告接入方舟015]测试未通过，部分字段未通过验证！ expected:<ok> but was:<测试用例：[[public-tcl-015]TCL-欢网广告接入方舟015]字段校验失败！-----[/VAST/Ad[1]/@order_item_id]的期望值是----1  实际值是------[/VAST/Ad[1]/@order_item_id]的期望值是----2  实际值是---->
	at org.testng.Assert.fail(Assert.java:89)
	at org.testng.Assert.failNotEquals(Assert.java:489)
	at org.testng.Assert.assertEquals(Assert.java:118)
	at org.testng.Assert.assertEquals(Assert.java:171)
	at com.letv.ads.util.AutoTest.test(Unknown Source)
	at sun.reflect.GeneratedMethodAccessor3.invoke(Unknown Source)
	at sun.reflect.DelegatingMethodAccessorImpl.invoke(Unknown Source)
	at java.lang.reflect.Method.invoke(Unknown Source)
	at org.testng.internal.MethodInvocationHelper.invokeMethod(MethodInvocationHelper.java:80)
	at org.testng.internal.Invoker.invokeMethod(Invoker.java:702)
	at org.testng.internal.Invoker.invokeTestMethod(Invoker.java:894)
	at org.testng.internal.Invoker.invokeTestMethods(Invoker.java:1219)
	at org.testng.internal.TestMethodWorker.invokeTestMethods(TestMethodWorker.java:127)
	at org.testng.internal.TestMethodWorker.run(TestMethodWorker.java:111)
	at org.testng.TestRunner.privateRun(TestRunner.java:768)
	at org.testng.TestRunner.run(TestRunner.java:617)
	at org.testng.SuiteRunner.runTest(SuiteRunner.java:334)
	at org.testng.SuiteRunner.runSequentially(SuiteRunner.java:329)
	at org.testng.SuiteRunner.privateRun(SuiteRunner.java:291)
	at org.testng.SuiteRunner.run(SuiteRunner.java:240)
	at org.testng.SuiteRunnerWorker.runSuite(SuiteRunnerWorker.java:53)
	at org.testng.SuiteRunnerWorker.run(SuiteRunnerWorker.java:87)
	at org.testng.TestNG.runSuitesSequentially(TestNG.java:1188)
	at org.testng.TestNG.runSuitesLocally(TestNG.java:1113)
	at org.testng.TestNG.run(TestNG.java:1025)
	at org.testng.TestNG.privateMain(TestNG.java:1328)
	at org.testng.TestNG.main(TestNG.java:1297)
]]>
    </error>
  </testcase> <!-- test -->
  <testcase name="test" time="1.076" classname="com.letv.ads.util.AutoTest"/>
  <testcase name="test" time="1.061" classname="com.letv.ads.util.AutoTest">
    <error type="java.lang.AssertionError" message="[[public-dtsc-025]短视频广告时长动态配置025]测试未通过，部分字段未通过验证！ expected:&lt;ok&gt; but was:&lt;测试用例：[[public-dtsc-025]短视频广告时长动态配置025]字段校验失败！-----[/VAST/Ad[1]/@order_item_id]的期望值是----1  实际值是------[/VAST/Policy/CuePoint[1]/@duration]的期望值是----25  实际值是----1&gt;">
      <![CDATA[java.lang.AssertionError: [[public-dtsc-025]短视频广告时长动态配置025]测试未通过，部分字段未通过验证！ expected:<ok> but was:<测试用例：[[public-dtsc-025]短视频广告时长动态配置025]字段校验失败！-----[/VAST/Ad[1]/@order_item_id]的期望值是----1  实际值是------[/VAST/Policy/CuePoint[1]/@duration]的期望值是----25  实际值是----1>
	at org.testng.Assert.fail(Assert.java:89)
	at org.testng.Assert.failNotEquals(Assert.java:489)
	at org.testng.Assert.assertEquals(Assert.java:118)
	at org.testng.Assert.assertEquals(Assert.java:171)
	at com.letv.ads.util.AutoTest.test(Unknown Source)
	at sun.reflect.GeneratedMethodAccessor3.invoke(Unknown Source)
	at sun.reflect.DelegatingMethodAccessorImpl.invoke(Unknown Source)
	at java.lang.reflect.Method.invoke(Unknown Source)
	at org.testng.internal.MethodInvocationHelper.invokeMethod(MethodInvocationHelper.java:80)
	at org.testng.internal.Invoker.invokeMethod(Invoker.java:702)
	at org.testng.internal.Invoker.invokeTestMethod(Invoker.java:894)
	at org.testng.internal.Invoker.invokeTestMethods(Invoker.java:1219)
	at org.testng.internal.TestMethodWorker.invokeTestMethods(TestMethodWorker.java:127)
	at org.testng.internal.TestMethodWorker.run(TestMethodWorker.java:111)
	at org.testng.TestRunner.privateRun(TestRunner.java:768)
	at org.testng.TestRunner.run(TestRunner.java:617)
	at org.testng.SuiteRunner.runTest(SuiteRunner.java:334)
	at org.testng.SuiteRunner.runSequentially(SuiteRunner.java:329)
	at org.testng.SuiteRunner.privateRun(SuiteRunner.java:291)
	at org.testng.SuiteRunner.run(SuiteRunner.java:240)
	at org.testng.SuiteRunnerWorker.runSuite(SuiteRunnerWorker.java:53)
	at org.testng.SuiteRunnerWorker.run(SuiteRunnerWorker.java:87)
	at org.testng.TestNG.runSuitesSequentially(TestNG.java:1188)
	at org.testng.TestNG.runSuitesLocally(TestNG.java:1113)
	at org.testng.TestNG.run(TestNG.java:1025)
	at org.testng.TestNG.privateMain(TestNG.java:1328)
	at org.testng.TestNG.main(TestNG.java:1297)
]]>
    </error>
  </testcase> <!-- test -->
  <testcase name="test" time="1.061" classname="com.letv.ads.util.AutoTest">
    <error type="java.lang.AssertionError" message="[public-model-009]测试未通过，部分字段未通过验证！ expected:&lt;ok&gt; but was:&lt;测试用例：[public-model-009]字段校验失败！-----[/VAST/Ad[1]/@order_item_id]的期望值是----3  实际值是----&gt;">
      <![CDATA[java.lang.AssertionError: [public-model-009]测试未通过，部分字段未通过验证！ expected:<ok> but was:<测试用例：[public-model-009]字段校验失败！-----[/VAST/Ad[1]/@order_item_id]的期望值是----3  实际值是---->
	at org.testng.Assert.fail(Assert.java:89)
	at org.testng.Assert.failNotEquals(Assert.java:489)
	at org.testng.Assert.assertEquals(Assert.java:118)
	at org.testng.Assert.assertEquals(Assert.java:171)
	at com.letv.ads.util.AutoTest.test(Unknown Source)
	at sun.reflect.GeneratedMethodAccessor3.invoke(Unknown Source)
	at sun.reflect.DelegatingMethodAccessorImpl.invoke(Unknown Source)
	at java.lang.reflect.Method.invoke(Unknown Source)
	at org.testng.internal.MethodInvocationHelper.invokeMethod(MethodInvocationHelper.java:80)
	at org.testng.internal.Invoker.invokeMethod(Invoker.java:702)
	at org.testng.internal.Invoker.invokeTestMethod(Invoker.java:894)
	at org.testng.internal.Invoker.invokeTestMethods(Invoker.java:1219)
	at org.testng.internal.TestMethodWorker.invokeTestMethods(TestMethodWorker.java:127)
	at org.testng.internal.TestMethodWorker.run(TestMethodWorker.java:111)
	at org.testng.TestRunner.privateRun(TestRunner.java:768)
	at org.testng.TestRunner.run(TestRunner.java:617)
	at org.testng.SuiteRunner.runTest(SuiteRunner.java:334)
	at org.testng.SuiteRunner.runSequentially(SuiteRunner.java:329)
	at org.testng.SuiteRunner.privateRun(SuiteRunner.java:291)
	at org.testng.SuiteRunner.run(SuiteRunner.java:240)
	at org.testng.SuiteRunnerWorker.runSuite(SuiteRunnerWorker.java:53)
	at org.testng.SuiteRunnerWorker.run(SuiteRunnerWorker.java:87)
	at org.testng.TestNG.runSuitesSequentially(TestNG.java:1188)
	at org.testng.TestNG.runSuitesLocally(TestNG.java:1113)
	at org.testng.TestNG.run(TestNG.java:1025)
	at org.testng.TestNG.privateMain(TestNG.java:1328)
	at org.testng.TestNG.main(TestNG.java:1297)
]]>
    </error>
  </testcase> <!-- test -->
  <testcase name="test" time="1.030" classname="com.letv.ads.util.AutoTest">
    <error type="java.lang.AssertionError" message="[[public-dtsc-078]短视频广告时长动态配置078]测试未通过，部分字段未通过验证！ expected:&lt;ok&gt; but was:&lt;测试用例：[[public-dtsc-078]短视频广告时长动态配置078]字段校验失败！-----[/VAST/Ad[1]/@order_item_id]的期望值是----1  实际值是------[/VAST/Policy/CuePoint[1]/@duration]的期望值是----15  实际值是----1&gt;">
      <![CDATA[java.lang.AssertionError: [[public-dtsc-078]短视频广告时长动态配置078]测试未通过，部分字段未通过验证！ expected:<ok> but was:<测试用例：[[public-dtsc-078]短视频广告时长动态配置078]字段校验失败！-----[/VAST/Ad[1]/@order_item_id]的期望值是----1  实际值是------[/VAST/Policy/CuePoint[1]/@duration]的期望值是----15  实际值是----1>
	at org.testng.Assert.fail(Assert.java:89)
	at org.testng.Assert.failNotEquals(Assert.java:489)
	at org.testng.Assert.assertEquals(Assert.java:118)
	at org.testng.Assert.assertEquals(Assert.java:171)
	at com.letv.ads.util.AutoTest.test(Unknown Source)
	at sun.reflect.GeneratedMethodAccessor3.invoke(Unknown Source)
	at sun.reflect.DelegatingMethodAccessorImpl.invoke(Unknown Source)
	at java.lang.reflect.Method.invoke(Unknown Source)
	at org.testng.internal.MethodInvocationHelper.invokeMethod(MethodInvocationHelper.java:80)
	at org.testng.internal.Invoker.invokeMethod(Invoker.java:702)
	at org.testng.internal.Invoker.invokeTestMethod(Invoker.java:894)
	at org.testng.internal.Invoker.invokeTestMethods(Invoker.java:1219)
	at org.testng.internal.TestMethodWorker.invokeTestMethods(TestMethodWorker.java:127)
	at org.testng.internal.TestMethodWorker.run(TestMethodWorker.java:111)
	at org.testng.TestRunner.privateRun(TestRunner.java:768)
	at org.testng.TestRunner.run(TestRunner.java:617)
	at org.testng.SuiteRunner.runTest(SuiteRunner.java:334)
	at org.testng.SuiteRunner.runSequentially(SuiteRunner.java:329)
	at org.testng.SuiteRunner.privateRun(SuiteRunner.java:291)
	at org.testng.SuiteRunner.run(SuiteRunner.java:240)
	at org.testng.SuiteRunnerWorker.runSuite(SuiteRunnerWorker.java:53)
	at org.testng.SuiteRunnerWorker.run(SuiteRunnerWorker.java:87)
	at org.testng.TestNG.runSuitesSequentially(TestNG.java:1188)
	at org.testng.TestNG.runSuitesLocally(TestNG.java:1113)
	at org.testng.TestNG.run(TestNG.java:1025)
	at org.testng.TestNG.privateMain(TestNG.java:1328)
	at org.testng.TestNG.main(TestNG.java:1297)
]]>
    </error>
  </testcase> <!-- test -->
  <testcase name="test" time="1.045" classname="com.letv.ads.util.AutoTest">
    <error type="java.lang.AssertionError" message="[[public-dtsc-043]短视频广告时长动态配置043]测试未通过，部分字段未通过验证！ expected:&lt;ok&gt; but was:&lt;测试用例：[[public-dtsc-043]短视频广告时长动态配置043]字段校验失败！-----[/VAST/Ad[1]/@order_item_id]的期望值是----1  实际值是------[/VAST/Policy/CuePoint[1]/@duration]的期望值是----45  实际值是----1&gt;">
      <![CDATA[java.lang.AssertionError: [[public-dtsc-043]短视频广告时长动态配置043]测试未通过，部分字段未通过验证！ expected:<ok> but was:<测试用例：[[public-dtsc-043]短视频广告时长动态配置043]字段校验失败！-----[/VAST/Ad[1]/@order_item_id]的期望值是----1  实际值是------[/VAST/Policy/CuePoint[1]/@duration]的期望值是----45  实际值是----1>
	at org.testng.Assert.fail(Assert.java:89)
	at org.testng.Assert.failNotEquals(Assert.java:489)
	at org.testng.Assert.assertEquals(Assert.java:118)
	at org.testng.Assert.assertEquals(Assert.java:171)
	at com.letv.ads.util.AutoTest.test(Unknown Source)
	at sun.reflect.GeneratedMethodAccessor3.invoke(Unknown Source)
	at sun.reflect.DelegatingMethodAccessorImpl.invoke(Unknown Source)
	at java.lang.reflect.Method.invoke(Unknown Source)
	at org.testng.internal.MethodInvocationHelper.invokeMethod(MethodInvocationHelper.java:80)
	at org.testng.internal.Invoker.invokeMethod(Invoker.java:702)
	at org.testng.internal.Invoker.invokeTestMethod(Invoker.java:894)
	at org.testng.internal.Invoker.invokeTestMethods(Invoker.java:1219)
	at org.testng.internal.TestMethodWorker.invokeTestMethods(TestMethodWorker.java:127)
	at org.testng.internal.TestMethodWorker.run(TestMethodWorker.java:111)
	at org.testng.TestRunner.privateRun(TestRunner.java:768)
	at org.testng.TestRunner.run(TestRunner.java:617)
	at org.testng.SuiteRunner.runTest(SuiteRunner.java:334)
	at org.testng.SuiteRunner.runSequentially(SuiteRunner.java:329)
	at org.testng.SuiteRunner.privateRun(SuiteRunner.java:291)
	at org.testng.SuiteRunner.run(SuiteRunner.java:240)
	at org.testng.SuiteRunnerWorker.runSuite(SuiteRunnerWorker.java:53)
	at org.testng.SuiteRunnerWorker.run(SuiteRunnerWorker.java:87)
	at org.testng.TestNG.runSuitesSequentially(TestNG.java:1188)
	at org.testng.TestNG.runSuitesLocally(TestNG.java:1113)
	at org.testng.TestNG.run(TestNG.java:1025)
	at org.testng.TestNG.privateMain(TestNG.java:1328)
	at org.testng.TestNG.main(TestNG.java:1297)
]]>
    </error>
  </testcase> <!-- test -->
  <testcase name="test" time="0.016" classname="com.letv.ads.util.AutoTest"/>
  <testcase name="test" time="1.040" classname="com.letv.ads.util.AutoTest">
    <error type="java.lang.AssertionError" message="[public-qzzt-017]测试未通过，部分字段未通过验证！ expected:&lt;ok&gt; but was:&lt;测试用例：[public-qzzt-017]字段校验失败！-----[/VAST/Ad[1]/@id]的期望值是----2  实际值是------[/VAST/Ad[1]/@order_item_id]的期望值是----2  实际值是------[VAST/Ad[1]/@ord]的期望值是----1  实际值是------[/VAST/Policy/CuePoint/@id]的期望值是----1  实际值是----4368--[/VAST/Ad[2]/@id]的期望值是----3  实际值是------[/VAST/Ad[2]/@order_item_id]的期望值是----3  实际值是------[VAST/Ad[2]/@ord]的期望值是----2  实际值是------[/VAST/Ad[3]/@id]的期望值是----4  实际值是------[/VAST/Ad[3]/@order_item_id]的期望值是----4  实际值是------[VAST/Ad[3]/@ord]的期望值是----3  实际值是------[/VAST/Ad[4]/@id]的期望值是----1  实际值是------[/VAST/Ad[4]/@order_item_id]的期望值是----1  实际值是------[VAST/Ad[4]/@ord]的期望值是----3  实际值是------[/VAST/Ad[5]/@id]的期望值是----5  实际值是------[/VAST/Ad[5]/@order_item_id]的期望值是----5  实际值是------[VAST/Ad[5]/@ord]的期望值是----5  实际值是----&gt;">
      <![CDATA[java.lang.AssertionError: [public-qzzt-017]测试未通过，部分字段未通过验证！ expected:<ok> but was:<测试用例：[public-qzzt-017]字段校验失败！-----[/VAST/Ad[1]/@id]的期望值是----2  实际值是------[/VAST/Ad[1]/@order_item_id]的期望值是----2  实际值是------[VAST/Ad[1]/@ord]的期望值是----1  实际值是------[/VAST/Policy/CuePoint/@id]的期望值是----1  实际值是----4368--[/VAST/Ad[2]/@id]的期望值是----3  实际值是------[/VAST/Ad[2]/@order_item_id]的期望值是----3  实际值是------[VAST/Ad[2]/@ord]的期望值是----2  实际值是------[/VAST/Ad[3]/@id]的期望值是----4  实际值是------[/VAST/Ad[3]/@order_item_id]的期望值是----4  实际值是------[VAST/Ad[3]/@ord]的期望值是----3  实际值是------[/VAST/Ad[4]/@id]的期望值是----1  实际值是------[/VAST/Ad[4]/@order_item_id]的期望值是----1  实际值是------[VAST/Ad[4]/@ord]的期望值是----3  实际值是------[/VAST/Ad[5]/@id]的期望值是----5  实际值是------[/VAST/Ad[5]/@order_item_id]的期望值是----5  实际值是------[VAST/Ad[5]/@ord]的期望值是----5  实际值是---->
	at org.testng.Assert.fail(Assert.java:89)
	at org.testng.Assert.failNotEquals(Assert.java:489)
	at org.testng.Assert.assertEquals(Assert.java:118)
	at org.testng.Assert.assertEquals(Assert.java:171)
	at com.letv.ads.util.AutoTest.test(Unknown Source)
	at sun.reflect.GeneratedMethodAccessor3.invoke(Unknown Source)
	at sun.reflect.DelegatingMethodAccessorImpl.invoke(Unknown Source)
	at java.lang.reflect.Method.invoke(Unknown Source)
	at org.testng.internal.MethodInvocationHelper.invokeMethod(MethodInvocationHelper.java:80)
	at org.testng.internal.Invoker.invokeMethod(Invoker.java:702)
	at org.testng.internal.Invoker.invokeTestMethod(Invoker.java:894)
	at org.testng.internal.Invoker.invokeTestMethods(Invoker.java:1219)
	at org.testng.internal.TestMethodWorker.invokeTestMethods(TestMethodWorker.java:127)
	at org.testng.internal.TestMethodWorker.run(TestMethodWorker.java:111)
	at org.testng.TestRunner.privateRun(TestRunner.java:768)
	at org.testng.TestRunner.run(TestRunner.java:617)
	at org.testng.SuiteRunner.runTest(SuiteRunner.java:334)
	at org.testng.SuiteRunner.runSequentially(SuiteRunner.java:329)
	at org.testng.SuiteRunner.privateRun(SuiteRunner.java:291)
	at org.testng.SuiteRunner.run(SuiteRunner.java:240)
	at org.testng.SuiteRunnerWorker.runSuite(SuiteRunnerWorker.java:53)
	at org.testng.SuiteRunnerWorker.run(SuiteRunnerWorker.java:87)
	at org.testng.TestNG.runSuitesSequentially(TestNG.java:1188)
	at org.testng.TestNG.runSuitesLocally(TestNG.java:1113)
	at org.testng.TestNG.run(TestNG.java:1025)
	at org.testng.TestNG.privateMain(TestNG.java:1328)
	at org.testng.TestNG.main(TestNG.java:1297)
]]>
    </error>
  </testcase> <!-- test -->
  <testcase name="test" time="1.170" classname="com.letv.ads.util.AutoTest">
    <error type="java.lang.AssertionError" message="[public-qzzt-007]测试未通过，部分字段未通过验证！ expected:&lt;ok&gt; but was:&lt;测试用例：[public-qzzt-007]字段校验失败！-----[/VAST/Ad[1]/@id]的期望值是----1  实际值是------[/VAST/Ad[@id=&#039;1&#039;]/@order_item_id]的期望值是----1  实际值是------[VAST/Ad[1]/@ord]的期望值是----1  实际值是------[/VAST/Policy/CuePoint/@id]的期望值是----1  实际值是----4368--[/VAST/Ad[2]/@id]的期望值是----2  实际值是------[/VAST/Ad[@id=&#039;2&#039;]/@order_item_id]的期望值是----2  实际值是------[VAST/Ad[2]/@ord]的期望值是----2  实际值是----&gt;">
      <![CDATA[java.lang.AssertionError: [public-qzzt-007]测试未通过，部分字段未通过验证！ expected:<ok> but was:<测试用例：[public-qzzt-007]字段校验失败！-----[/VAST/Ad[1]/@id]的期望值是----1  实际值是------[/VAST/Ad[@id='1']/@order_item_id]的期望值是----1  实际值是------[VAST/Ad[1]/@ord]的期望值是----1  实际值是------[/VAST/Policy/CuePoint/@id]的期望值是----1  实际值是----4368--[/VAST/Ad[2]/@id]的期望值是----2  实际值是------[/VAST/Ad[@id='2']/@order_item_id]的期望值是----2  实际值是------[VAST/Ad[2]/@ord]的期望值是----2  实际值是---->
	at org.testng.Assert.fail(Assert.java:89)
	at org.testng.Assert.failNotEquals(Assert.java:489)
	at org.testng.Assert.assertEquals(Assert.java:118)
	at org.testng.Assert.assertEquals(Assert.java:171)
	at com.letv.ads.util.AutoTest.test(Unknown Source)
	at sun.reflect.GeneratedMethodAccessor3.invoke(Unknown Source)
	at sun.reflect.DelegatingMethodAccessorImpl.invoke(Unknown Source)
	at java.lang.reflect.Method.invoke(Unknown Source)
	at org.testng.internal.MethodInvocationHelper.invokeMethod(MethodInvocationHelper.java:80)
	at org.testng.internal.Invoker.invokeMethod(Invoker.java:702)
	at org.testng.internal.Invoker.invokeTestMethod(Invoker.java:894)
	at org.testng.internal.Invoker.invokeTestMethods(Invoker.java:1219)
	at org.testng.internal.TestMethodWorker.invokeTestMethods(TestMethodWorker.java:127)
	at org.testng.internal.TestMethodWorker.run(TestMethodWorker.java:111)
	at org.testng.TestRunner.privateRun(TestRunner.java:768)
	at org.testng.TestRunner.run(TestRunner.java:617)
	at org.testng.SuiteRunner.runTest(SuiteRunner.java:334)
	at org.testng.SuiteRunner.runSequentially(SuiteRunner.java:329)
	at org.testng.SuiteRunner.privateRun(SuiteRunner.java:291)
	at org.testng.SuiteRunner.run(SuiteRunner.java:240)
	at org.testng.SuiteRunnerWorker.runSuite(SuiteRunnerWorker.java:53)
	at org.testng.SuiteRunnerWorker.run(SuiteRunnerWorker.java:87)
	at org.testng.TestNG.runSuitesSequentially(TestNG.java:1188)
	at org.testng.TestNG.runSuitesLocally(TestNG.java:1113)
	at org.testng.TestNG.run(TestNG.java:1025)
	at org.testng.TestNG.privateMain(TestNG.java:1328)
	at org.testng.TestNG.main(TestNG.java:1297)
]]>
    </error>
  </testcase> <!-- test -->
  <testcase name="test" time="1.042" classname="com.letv.ads.util.AutoTest">
    <error type="java.lang.AssertionError" message="[[public-dtsc-014]短视频广告时长动态配置014]测试未通过，部分字段未通过验证！ expected:&lt;ok&gt; but was:&lt;测试用例：[[public-dtsc-014]短视频广告时长动态配置014]字段校验失败！-----[/VAST/Ad[1]/@order_item_id]的期望值是----1  实际值是------[/VAST/Policy/CuePoint[1]/@duration]的期望值是----15  实际值是----1&gt;">
      <![CDATA[java.lang.AssertionError: [[public-dtsc-014]短视频广告时长动态配置014]测试未通过，部分字段未通过验证！ expected:<ok> but was:<测试用例：[[public-dtsc-014]短视频广告时长动态配置014]字段校验失败！-----[/VAST/Ad[1]/@order_item_id]的期望值是----1  实际值是------[/VAST/Policy/CuePoint[1]/@duration]的期望值是----15  实际值是----1>
	at org.testng.Assert.fail(Assert.java:89)
	at org.testng.Assert.failNotEquals(Assert.java:489)
	at org.testng.Assert.assertEquals(Assert.java:118)
	at org.testng.Assert.assertEquals(Assert.java:171)
	at com.letv.ads.util.AutoTest.test(Unknown Source)
	at sun.reflect.GeneratedMethodAccessor3.invoke(Unknown Source)
	at sun.reflect.DelegatingMethodAccessorImpl.invoke(Unknown Source)
	at java.lang.reflect.Method.invoke(Unknown Source)
	at org.testng.internal.MethodInvocationHelper.invokeMethod(MethodInvocationHelper.java:80)
	at org.testng.internal.Invoker.invokeMethod(Invoker.java:702)
	at org.testng.internal.Invoker.invokeTestMethod(Invoker.java:894)
	at org.testng.internal.Invoker.invokeTestMethods(Invoker.java:1219)
	at org.testng.internal.TestMethodWorker.invokeTestMethods(TestMethodWorker.java:127)
	at org.testng.internal.TestMethodWorker.run(TestMethodWorker.java:111)
	at org.testng.TestRunner.privateRun(TestRunner.java:768)
	at org.testng.TestRunner.run(TestRunner.java:617)
	at org.testng.SuiteRunner.runTest(SuiteRunner.java:334)
	at org.testng.SuiteRunner.runSequentially(SuiteRunner.java:329)
	at org.testng.SuiteRunner.privateRun(SuiteRunner.java:291)
	at org.testng.SuiteRunner.run(SuiteRunner.java:240)
	at org.testng.SuiteRunnerWorker.runSuite(SuiteRunnerWorker.java:53)
	at org.testng.SuiteRunnerWorker.run(SuiteRunnerWorker.java:87)
	at org.testng.TestNG.runSuitesSequentially(TestNG.java:1188)
	at org.testng.TestNG.runSuitesLocally(TestNG.java:1113)
	at org.testng.TestNG.run(TestNG.java:1025)
	at org.testng.TestNG.privateMain(TestNG.java:1328)
	at org.testng.TestNG.main(TestNG.java:1297)
]]>
    </error>
  </testcase> <!-- test -->
  <testcase name="test" time="1.061" classname="com.letv.ads.util.AutoTest">
    <error type="java.lang.AssertionError" message="[[public-pbgg-016]屏保广告016]测试未通过，部分字段未通过验证！ expected:&lt;ok&gt; but was:&lt;测试用例：[[public-pbgg-016]屏保广告016]字段校验失败！-----[/VAST/Ad[1]/@order_item_id]的期望值是----1  实际值是----&gt;">
      <![CDATA[java.lang.AssertionError: [[public-pbgg-016]屏保广告016]测试未通过，部分字段未通过验证！ expected:<ok> but was:<测试用例：[[public-pbgg-016]屏保广告016]字段校验失败！-----[/VAST/Ad[1]/@order_item_id]的期望值是----1  实际值是---->
	at org.testng.Assert.fail(Assert.java:89)
	at org.testng.Assert.failNotEquals(Assert.java:489)
	at org.testng.Assert.assertEquals(Assert.java:118)
	at org.testng.Assert.assertEquals(Assert.java:171)
	at com.letv.ads.util.AutoTest.test(Unknown Source)
	at sun.reflect.GeneratedMethodAccessor3.invoke(Unknown Source)
	at sun.reflect.DelegatingMethodAccessorImpl.invoke(Unknown Source)
	at java.lang.reflect.Method.invoke(Unknown Source)
	at org.testng.internal.MethodInvocationHelper.invokeMethod(MethodInvocationHelper.java:80)
	at org.testng.internal.Invoker.invokeMethod(Invoker.java:702)
	at org.testng.internal.Invoker.invokeTestMethod(Invoker.java:894)
	at org.testng.internal.Invoker.invokeTestMethods(Invoker.java:1219)
	at org.testng.internal.TestMethodWorker.invokeTestMethods(TestMethodWorker.java:127)
	at org.testng.internal.TestMethodWorker.run(TestMethodWorker.java:111)
	at org.testng.TestRunner.privateRun(TestRunner.java:768)
	at org.testng.TestRunner.run(TestRunner.java:617)
	at org.testng.SuiteRunner.runTest(SuiteRunner.java:334)
	at org.testng.SuiteRunner.runSequentially(SuiteRunner.java:329)
	at org.testng.SuiteRunner.privateRun(SuiteRunner.java:291)
	at org.testng.SuiteRunner.run(SuiteRunner.java:240)
	at org.testng.SuiteRunnerWorker.runSuite(SuiteRunnerWorker.java:53)
	at org.testng.SuiteRunnerWorker.run(SuiteRunnerWorker.java:87)
	at org.testng.TestNG.runSuitesSequentially(TestNG.java:1188)
	at org.testng.TestNG.runSuitesLocally(TestNG.java:1113)
	at org.testng.TestNG.run(TestNG.java:1025)
	at org.testng.TestNG.privateMain(TestNG.java:1328)
	at org.testng.TestNG.main(TestNG.java:1297)
]]>
    </error>
  </testcase> <!-- test -->
  <testcase name="test" time="1.076" classname="com.letv.ads.util.AutoTest">
    <error type="java.lang.AssertionError" message="[[public-tcl-014]TCL-欢网广告接入方舟014]测试未通过，部分字段未通过验证！ expected:&lt;ok&gt; but was:&lt;测试用例：[[public-tcl-014]TCL-欢网广告接入方舟014]字段校验失败！-----[/VAST/@ark]的期望值是----1  实际值是----2--[/VAST/Ad[1]/@order_item_id]的期望值是----1  实际值是------[/VAST/@ark]的期望值是----1  实际值是----2--[/VAST/Ad[1]/@order_item_id]的期望值是----2  实际值是----&gt;">
      <![CDATA[java.lang.AssertionError: [[public-tcl-014]TCL-欢网广告接入方舟014]测试未通过，部分字段未通过验证！ expected:<ok> but was:<测试用例：[[public-tcl-014]TCL-欢网广告接入方舟014]字段校验失败！-----[/VAST/@ark]的期望值是----1  实际值是----2--[/VAST/Ad[1]/@order_item_id]的期望值是----1  实际值是------[/VAST/@ark]的期望值是----1  实际值是----2--[/VAST/Ad[1]/@order_item_id]的期望值是----2  实际值是---->
	at org.testng.Assert.fail(Assert.java:89)
	at org.testng.Assert.failNotEquals(Assert.java:489)
	at org.testng.Assert.assertEquals(Assert.java:118)
	at org.testng.Assert.assertEquals(Assert.java:171)
	at com.letv.ads.util.AutoTest.test(Unknown Source)
	at sun.reflect.GeneratedMethodAccessor3.invoke(Unknown Source)
	at sun.reflect.DelegatingMethodAccessorImpl.invoke(Unknown Source)
	at java.lang.reflect.Method.invoke(Unknown Source)
	at org.testng.internal.MethodInvocationHelper.invokeMethod(MethodInvocationHelper.java:80)
	at org.testng.internal.Invoker.invokeMethod(Invoker.java:702)
	at org.testng.internal.Invoker.invokeTestMethod(Invoker.java:894)
	at org.testng.internal.Invoker.invokeTestMethods(Invoker.java:1219)
	at org.testng.internal.TestMethodWorker.invokeTestMethods(TestMethodWorker.java:127)
	at org.testng.internal.TestMethodWorker.run(TestMethodWorker.java:111)
	at org.testng.TestRunner.privateRun(TestRunner.java:768)
	at org.testng.TestRunner.run(TestRunner.java:617)
	at org.testng.SuiteRunner.runTest(SuiteRunner.java:334)
	at org.testng.SuiteRunner.runSequentially(SuiteRunner.java:329)
	at org.testng.SuiteRunner.privateRun(SuiteRunner.java:291)
	at org.testng.SuiteRunner.run(SuiteRunner.java:240)
	at org.testng.SuiteRunnerWorker.runSuite(SuiteRunnerWorker.java:53)
	at org.testng.SuiteRunnerWorker.run(SuiteRunnerWorker.java:87)
	at org.testng.TestNG.runSuitesSequentially(TestNG.java:1188)
	at org.testng.TestNG.runSuitesLocally(TestNG.java:1113)
	at org.testng.TestNG.run(TestNG.java:1025)
	at org.testng.TestNG.privateMain(TestNG.java:1328)
	at org.testng.TestNG.main(TestNG.java:1297)
]]>
    </error>
  </testcase> <!-- test -->
  <testcase name="test" time="2.020" classname="com.letv.ads.util.AutoTest">
    <error type="java.lang.AssertionError" message="测试用例[[public-jzdx-014]精准定向014]在memcached中set key=5c3767f8b8ce4040bac9b23dff63c6e7.label,value=[2]时发生错误">
      <![CDATA[java.lang.AssertionError: 测试用例[[public-jzdx-014]精准定向014]在memcached中set key=5c3767f8b8ce4040bac9b23dff63c6e7.label,value=[2]时发生错误
	at org.testng.Assert.fail(Assert.java:89)
	at com.letv.ads.util.BaseCase.operateMemcached(Unknown Source)
	at com.letv.ads.util.AutoTest.test(Unknown Source)
	at sun.reflect.GeneratedMethodAccessor3.invoke(Unknown Source)
	at sun.reflect.DelegatingMethodAccessorImpl.invoke(Unknown Source)
	at java.lang.reflect.Method.invoke(Unknown Source)
	at org.testng.internal.MethodInvocationHelper.invokeMethod(MethodInvocationHelper.java:80)
	at org.testng.internal.Invoker.invokeMethod(Invoker.java:702)
	at org.testng.internal.Invoker.invokeTestMethod(Invoker.java:894)
	at org.testng.internal.Invoker.invokeTestMethods(Invoker.java:1219)
	at org.testng.internal.TestMethodWorker.invokeTestMethods(TestMethodWorker.java:127)
	at org.testng.internal.TestMethodWorker.run(TestMethodWorker.java:111)
	at org.testng.TestRunner.privateRun(TestRunner.java:768)
	at org.testng.TestRunner.run(TestRunner.java:617)
	at org.testng.SuiteRunner.runTest(SuiteRunner.java:334)
	at org.testng.SuiteRunner.runSequentially(SuiteRunner.java:329)
	at org.testng.SuiteRunner.privateRun(SuiteRunner.java:291)
	at org.testng.SuiteRunner.run(SuiteRunner.java:240)
	at org.testng.SuiteRunnerWorker.runSuite(SuiteRunnerWorker.java:53)
	at org.testng.SuiteRunnerWorker.run(SuiteRunnerWorker.java:87)
	at org.testng.TestNG.runSuitesSequentially(TestNG.java:1188)
	at org.testng.TestNG.runSuitesLocally(TestNG.java:1113)
	at org.testng.TestNG.run(TestNG.java:1025)
	at org.testng.TestNG.privateMain(TestNG.java:1328)
	at org.testng.TestNG.main(TestNG.java:1297)
]]>
    </error>
  </testcase> <!-- test -->
  <testcase name="test" time="2.059" classname="com.letv.ads.util.AutoTest">
    <error type="java.lang.AssertionError" message="测试用例[[public-jzdx-003]精准定向003]在memcached中set key=5c3767f8b8ce4040bac9b23dff63c6e7.label,value=[1]时发生错误">
      <![CDATA[java.lang.AssertionError: 测试用例[[public-jzdx-003]精准定向003]在memcached中set key=5c3767f8b8ce4040bac9b23dff63c6e7.label,value=[1]时发生错误
	at org.testng.Assert.fail(Assert.java:89)
	at com.letv.ads.util.BaseCase.operateMemcached(Unknown Source)
	at com.letv.ads.util.AutoTest.test(Unknown Source)
	at sun.reflect.GeneratedMethodAccessor3.invoke(Unknown Source)
	at sun.reflect.DelegatingMethodAccessorImpl.invoke(Unknown Source)
	at java.lang.reflect.Method.invoke(Unknown Source)
	at org.testng.internal.MethodInvocationHelper.invokeMethod(MethodInvocationHelper.java:80)
	at org.testng.internal.Invoker.invokeMethod(Invoker.java:702)
	at org.testng.internal.Invoker.invokeTestMethod(Invoker.java:894)
	at org.testng.internal.Invoker.invokeTestMethods(Invoker.java:1219)
	at org.testng.internal.TestMethodWorker.invokeTestMethods(TestMethodWorker.java:127)
	at org.testng.internal.TestMethodWorker.run(TestMethodWorker.java:111)
	at org.testng.TestRunner.privateRun(TestRunner.java:768)
	at org.testng.TestRunner.run(TestRunner.java:617)
	at org.testng.SuiteRunner.runTest(SuiteRunner.java:334)
	at org.testng.SuiteRunner.runSequentially(SuiteRunner.java:329)
	at org.testng.SuiteRunner.privateRun(SuiteRunner.java:291)
	at org.testng.SuiteRunner.run(SuiteRunner.java:240)
	at org.testng.SuiteRunnerWorker.runSuite(SuiteRunnerWorker.java:53)
	at org.testng.SuiteRunnerWorker.run(SuiteRunnerWorker.java:87)
	at org.testng.TestNG.runSuitesSequentially(TestNG.java:1188)
	at org.testng.TestNG.runSuitesLocally(TestNG.java:1113)
	at org.testng.TestNG.run(TestNG.java:1025)
	at org.testng.TestNG.privateMain(TestNG.java:1328)
	at org.testng.TestNG.main(TestNG.java:1297)
]]>
    </error>
  </testcase> <!-- test -->
  <testcase name="test" time="1.052" classname="com.letv.ads.util.AutoTest">
    <error type="java.lang.AssertionError" message="[[public-dtsc-081]短视频广告时长动态配置081]测试未通过，部分字段未通过验证！ expected:&lt;ok&gt; but was:&lt;测试用例：[[public-dtsc-081]短视频广告时长动态配置081]字段校验失败！-----[/VAST/Ad[1]/@order_item_id]的期望值是----1  实际值是------[/VAST/Policy/CuePoint[1]/@duration]的期望值是----15  实际值是----1&gt;">
      <![CDATA[java.lang.AssertionError: [[public-dtsc-081]短视频广告时长动态配置081]测试未通过，部分字段未通过验证！ expected:<ok> but was:<测试用例：[[public-dtsc-081]短视频广告时长动态配置081]字段校验失败！-----[/VAST/Ad[1]/@order_item_id]的期望值是----1  实际值是------[/VAST/Policy/CuePoint[1]/@duration]的期望值是----15  实际值是----1>
	at org.testng.Assert.fail(Assert.java:89)
	at org.testng.Assert.failNotEquals(Assert.java:489)
	at org.testng.Assert.assertEquals(Assert.java:118)
	at org.testng.Assert.assertEquals(Assert.java:171)
	at com.letv.ads.util.AutoTest.test(Unknown Source)
	at sun.reflect.GeneratedMethodAccessor3.invoke(Unknown Source)
	at sun.reflect.DelegatingMethodAccessorImpl.invoke(Unknown Source)
	at java.lang.reflect.Method.invoke(Unknown Source)
	at org.testng.internal.MethodInvocationHelper.invokeMethod(MethodInvocationHelper.java:80)
	at org.testng.internal.Invoker.invokeMethod(Invoker.java:702)
	at org.testng.internal.Invoker.invokeTestMethod(Invoker.java:894)
	at org.testng.internal.Invoker.invokeTestMethods(Invoker.java:1219)
	at org.testng.internal.TestMethodWorker.invokeTestMethods(TestMethodWorker.java:127)
	at org.testng.internal.TestMethodWorker.run(TestMethodWorker.java:111)
	at org.testng.TestRunner.privateRun(TestRunner.java:768)
	at org.testng.TestRunner.run(TestRunner.java:617)
	at org.testng.SuiteRunner.runTest(SuiteRunner.java:334)
	at org.testng.SuiteRunner.runSequentially(SuiteRunner.java:329)
	at org.testng.SuiteRunner.privateRun(SuiteRunner.java:291)
	at org.testng.SuiteRunner.run(SuiteRunner.java:240)
	at org.testng.SuiteRunnerWorker.runSuite(SuiteRunnerWorker.java:53)
	at org.testng.SuiteRunnerWorker.run(SuiteRunnerWorker.java:87)
	at org.testng.TestNG.runSuitesSequentially(TestNG.java:1188)
	at org.testng.TestNG.runSuitesLocally(TestNG.java:1113)
	at org.testng.TestNG.run(TestNG.java:1025)
	at org.testng.TestNG.privateMain(TestNG.java:1328)
	at org.testng.TestNG.main(TestNG.java:1297)
]]>
    </error>
  </testcase> <!-- test -->
  <testcase name="test" time="1.076" classname="com.letv.ads.util.AutoTest">
    <error type="java.lang.AssertionError" message="[[public-dtsc-061]短视频广告时长动态配置061]测试未通过，部分字段未通过验证！ expected:&lt;ok&gt; but was:&lt;测试用例：[[public-dtsc-061]短视频广告时长动态配置061]字段校验失败！-----[/VAST/Ad[1]/@order_item_id]的期望值是----1  实际值是------[/VAST/Policy/CuePoint[1]/@duration]的期望值是----25  实际值是----1&gt;">
      <![CDATA[java.lang.AssertionError: [[public-dtsc-061]短视频广告时长动态配置061]测试未通过，部分字段未通过验证！ expected:<ok> but was:<测试用例：[[public-dtsc-061]短视频广告时长动态配置061]字段校验失败！-----[/VAST/Ad[1]/@order_item_id]的期望值是----1  实际值是------[/VAST/Policy/CuePoint[1]/@duration]的期望值是----25  实际值是----1>
	at org.testng.Assert.fail(Assert.java:89)
	at org.testng.Assert.failNotEquals(Assert.java:489)
	at org.testng.Assert.assertEquals(Assert.java:118)
	at org.testng.Assert.assertEquals(Assert.java:171)
	at com.letv.ads.util.AutoTest.test(Unknown Source)
	at sun.reflect.GeneratedMethodAccessor3.invoke(Unknown Source)
	at sun.reflect.DelegatingMethodAccessorImpl.invoke(Unknown Source)
	at java.lang.reflect.Method.invoke(Unknown Source)
	at org.testng.internal.MethodInvocationHelper.invokeMethod(MethodInvocationHelper.java:80)
	at org.testng.internal.Invoker.invokeMethod(Invoker.java:702)
	at org.testng.internal.Invoker.invokeTestMethod(Invoker.java:894)
	at org.testng.internal.Invoker.invokeTestMethods(Invoker.java:1219)
	at org.testng.internal.TestMethodWorker.invokeTestMethods(TestMethodWorker.java:127)
	at org.testng.internal.TestMethodWorker.run(TestMethodWorker.java:111)
	at org.testng.TestRunner.privateRun(TestRunner.java:768)
	at org.testng.TestRunner.run(TestRunner.java:617)
	at org.testng.SuiteRunner.runTest(SuiteRunner.java:334)
	at org.testng.SuiteRunner.runSequentially(SuiteRunner.java:329)
	at org.testng.SuiteRunner.privateRun(SuiteRunner.java:291)
	at org.testng.SuiteRunner.run(SuiteRunner.java:240)
	at org.testng.SuiteRunnerWorker.runSuite(SuiteRunnerWorker.java:53)
	at org.testng.SuiteRunnerWorker.run(SuiteRunnerWorker.java:87)
	at org.testng.TestNG.runSuitesSequentially(TestNG.java:1188)
	at org.testng.TestNG.runSuitesLocally(TestNG.java:1113)
	at org.testng.TestNG.run(TestNG.java:1025)
	at org.testng.TestNG.privateMain(TestNG.java:1328)
	at org.testng.TestNG.main(TestNG.java:1297)
]]>
    </error>
  </testcase> <!-- test -->
  <testcase name="test" time="1.093" classname="com.letv.ads.util.AutoTest">
    <error type="java.lang.AssertionError" message="[[public-tcl-013]TCL-欢网广告接入方舟013]轮播测试中，广告order_item_id[]重复出现，测试失败！">
      <![CDATA[java.lang.AssertionError: [[public-tcl-013]TCL-欢网广告接入方舟013]轮播测试中，广告order_item_id[]重复出现，测试失败！
	at org.testng.Assert.fail(Assert.java:89)
	at com.letv.ads.util.AutoTest.test(Unknown Source)
	at sun.reflect.NativeMethodAccessorImpl.invoke0(Native Method)
	at sun.reflect.NativeMethodAccessorImpl.invoke(Unknown Source)
	at sun.reflect.DelegatingMethodAccessorImpl.invoke(Unknown Source)
	at java.lang.reflect.Method.invoke(Unknown Source)
	at org.testng.internal.MethodInvocationHelper.invokeMethod(MethodInvocationHelper.java:80)
	at org.testng.internal.Invoker.invokeMethod(Invoker.java:702)
	at org.testng.internal.Invoker.invokeTestMethod(Invoker.java:894)
	at org.testng.internal.Invoker.invokeTestMethods(Invoker.java:1219)
	at org.testng.internal.TestMethodWorker.invokeTestMethods(TestMethodWorker.java:127)
	at org.testng.internal.TestMethodWorker.run(TestMethodWorker.java:111)
	at org.testng.TestRunner.privateRun(TestRunner.java:768)
	at org.testng.TestRunner.run(TestRunner.java:617)
	at org.testng.SuiteRunner.runTest(SuiteRunner.java:334)
	at org.testng.SuiteRunner.runSequentially(SuiteRunner.java:329)
	at org.testng.SuiteRunner.privateRun(SuiteRunner.java:291)
	at org.testng.SuiteRunner.run(SuiteRunner.java:240)
	at org.testng.SuiteRunnerWorker.runSuite(SuiteRunnerWorker.java:53)
	at org.testng.SuiteRunnerWorker.run(SuiteRunnerWorker.java:87)
	at org.testng.TestNG.runSuitesSequentially(TestNG.java:1188)
	at org.testng.TestNG.runSuitesLocally(TestNG.java:1113)
	at org.testng.TestNG.run(TestNG.java:1025)
	at org.testng.TestNG.privateMain(TestNG.java:1328)
	at org.testng.TestNG.main(TestNG.java:1297)
]]>
    </error>
  </testcase> <!-- test -->
  <testcase name="test" time="1.048" classname="com.letv.ads.util.AutoTest">
    <error type="java.lang.AssertionError" message="[[public-dtsc-022]短视频广告时长动态配置022]测试未通过，部分字段未通过验证！ expected:&lt;ok&gt; but was:&lt;测试用例：[[public-dtsc-022]短视频广告时长动态配置022]字段校验失败！-----[/VAST/Ad[1]/@order_item_id]的期望值是----1  实际值是------[/VAST/Policy/CuePoint[1]/@duration]的期望值是----25  实际值是----1&gt;">
      <![CDATA[java.lang.AssertionError: [[public-dtsc-022]短视频广告时长动态配置022]测试未通过，部分字段未通过验证！ expected:<ok> but was:<测试用例：[[public-dtsc-022]短视频广告时长动态配置022]字段校验失败！-----[/VAST/Ad[1]/@order_item_id]的期望值是----1  实际值是------[/VAST/Policy/CuePoint[1]/@duration]的期望值是----25  实际值是----1>
	at org.testng.Assert.fail(Assert.java:89)
	at org.testng.Assert.failNotEquals(Assert.java:489)
	at org.testng.Assert.assertEquals(Assert.java:118)
	at org.testng.Assert.assertEquals(Assert.java:171)
	at com.letv.ads.util.AutoTest.test(Unknown Source)
	at sun.reflect.GeneratedMethodAccessor3.invoke(Unknown Source)
	at sun.reflect.DelegatingMethodAccessorImpl.invoke(Unknown Source)
	at java.lang.reflect.Method.invoke(Unknown Source)
	at org.testng.internal.MethodInvocationHelper.invokeMethod(MethodInvocationHelper.java:80)
	at org.testng.internal.Invoker.invokeMethod(Invoker.java:702)
	at org.testng.internal.Invoker.invokeTestMethod(Invoker.java:894)
	at org.testng.internal.Invoker.invokeTestMethods(Invoker.java:1219)
	at org.testng.internal.TestMethodWorker.invokeTestMethods(TestMethodWorker.java:127)
	at org.testng.internal.TestMethodWorker.run(TestMethodWorker.java:111)
	at org.testng.TestRunner.privateRun(TestRunner.java:768)
	at org.testng.TestRunner.run(TestRunner.java:617)
	at org.testng.SuiteRunner.runTest(SuiteRunner.java:334)
	at org.testng.SuiteRunner.runSequentially(SuiteRunner.java:329)
	at org.testng.SuiteRunner.privateRun(SuiteRunner.java:291)
	at org.testng.SuiteRunner.run(SuiteRunner.java:240)
	at org.testng.SuiteRunnerWorker.runSuite(SuiteRunnerWorker.java:53)
	at org.testng.SuiteRunnerWorker.run(SuiteRunnerWorker.java:87)
	at org.testng.TestNG.runSuitesSequentially(TestNG.java:1188)
	at org.testng.TestNG.runSuitesLocally(TestNG.java:1113)
	at org.testng.TestNG.run(TestNG.java:1025)
	at org.testng.TestNG.privateMain(TestNG.java:1328)
	at org.testng.TestNG.main(TestNG.java:1297)
]]>
    </error>
  </testcase> <!-- test -->
  <testcase name="test" time="1.045" classname="com.letv.ads.util.AutoTest">
    <error type="java.lang.AssertionError" message="[[public-dtsc-057]短视频广告时长动态配置057]测试未通过，部分字段未通过验证！ expected:&lt;ok&gt; but was:&lt;测试用例：[[public-dtsc-057]短视频广告时长动态配置057]字段校验失败！-----[/VAST/Ad[1]/@order_item_id]的期望值是----1  实际值是------[/VAST/Policy/CuePoint[1]/@duration]的期望值是----25  实际值是----1&gt;">
      <![CDATA[java.lang.AssertionError: [[public-dtsc-057]短视频广告时长动态配置057]测试未通过，部分字段未通过验证！ expected:<ok> but was:<测试用例：[[public-dtsc-057]短视频广告时长动态配置057]字段校验失败！-----[/VAST/Ad[1]/@order_item_id]的期望值是----1  实际值是------[/VAST/Policy/CuePoint[1]/@duration]的期望值是----25  实际值是----1>
	at org.testng.Assert.fail(Assert.java:89)
	at org.testng.Assert.failNotEquals(Assert.java:489)
	at org.testng.Assert.assertEquals(Assert.java:118)
	at org.testng.Assert.assertEquals(Assert.java:171)
	at com.letv.ads.util.AutoTest.test(Unknown Source)
	at sun.reflect.GeneratedMethodAccessor3.invoke(Unknown Source)
	at sun.reflect.DelegatingMethodAccessorImpl.invoke(Unknown Source)
	at java.lang.reflect.Method.invoke(Unknown Source)
	at org.testng.internal.MethodInvocationHelper.invokeMethod(MethodInvocationHelper.java:80)
	at org.testng.internal.Invoker.invokeMethod(Invoker.java:702)
	at org.testng.internal.Invoker.invokeTestMethod(Invoker.java:894)
	at org.testng.internal.Invoker.invokeTestMethods(Invoker.java:1219)
	at org.testng.internal.TestMethodWorker.invokeTestMethods(TestMethodWorker.java:127)
	at org.testng.internal.TestMethodWorker.run(TestMethodWorker.java:111)
	at org.testng.TestRunner.privateRun(TestRunner.java:768)
	at org.testng.TestRunner.run(TestRunner.java:617)
	at org.testng.SuiteRunner.runTest(SuiteRunner.java:334)
	at org.testng.SuiteRunner.runSequentially(SuiteRunner.java:329)
	at org.testng.SuiteRunner.privateRun(SuiteRunner.java:291)
	at org.testng.SuiteRunner.run(SuiteRunner.java:240)
	at org.testng.SuiteRunnerWorker.runSuite(SuiteRunnerWorker.java:53)
	at org.testng.SuiteRunnerWorker.run(SuiteRunnerWorker.java:87)
	at org.testng.TestNG.runSuitesSequentially(TestNG.java:1188)
	at org.testng.TestNG.runSuitesLocally(TestNG.java:1113)
	at org.testng.TestNG.run(TestNG.java:1025)
	at org.testng.TestNG.privateMain(TestNG.java:1328)
	at org.testng.TestNG.main(TestNG.java:1297)
]]>
    </error>
  </testcase> <!-- test -->
  <testcase name="test" time="1.077" classname="com.letv.ads.util.AutoTest">
    <error type="java.lang.AssertionError" message="[[public-dtsc-065]短视频广告时长动态配置065]测试未通过，部分字段未通过验证！ expected:&lt;ok&gt; but was:&lt;测试用例：[[public-dtsc-065]短视频广告时长动态配置065]字段校验失败！-----[/VAST/Ad[1]/@order_item_id]的期望值是----1  实际值是------[/VAST/Policy/CuePoint[1]/@duration]的期望值是----25  实际值是----1&gt;">
      <![CDATA[java.lang.AssertionError: [[public-dtsc-065]短视频广告时长动态配置065]测试未通过，部分字段未通过验证！ expected:<ok> but was:<测试用例：[[public-dtsc-065]短视频广告时长动态配置065]字段校验失败！-----[/VAST/Ad[1]/@order_item_id]的期望值是----1  实际值是------[/VAST/Policy/CuePoint[1]/@duration]的期望值是----25  实际值是----1>
	at org.testng.Assert.fail(Assert.java:89)
	at org.testng.Assert.failNotEquals(Assert.java:489)
	at org.testng.Assert.assertEquals(Assert.java:118)
	at org.testng.Assert.assertEquals(Assert.java:171)
	at com.letv.ads.util.AutoTest.test(Unknown Source)
	at sun.reflect.GeneratedMethodAccessor3.invoke(Unknown Source)
	at sun.reflect.DelegatingMethodAccessorImpl.invoke(Unknown Source)
	at java.lang.reflect.Method.invoke(Unknown Source)
	at org.testng.internal.MethodInvocationHelper.invokeMethod(MethodInvocationHelper.java:80)
	at org.testng.internal.Invoker.invokeMethod(Invoker.java:702)
	at org.testng.internal.Invoker.invokeTestMethod(Invoker.java:894)
	at org.testng.internal.Invoker.invokeTestMethods(Invoker.java:1219)
	at org.testng.internal.TestMethodWorker.invokeTestMethods(TestMethodWorker.java:127)
	at org.testng.internal.TestMethodWorker.run(TestMethodWorker.java:111)
	at org.testng.TestRunner.privateRun(TestRunner.java:768)
	at org.testng.TestRunner.run(TestRunner.java:617)
	at org.testng.SuiteRunner.runTest(SuiteRunner.java:334)
	at org.testng.SuiteRunner.runSequentially(SuiteRunner.java:329)
	at org.testng.SuiteRunner.privateRun(SuiteRunner.java:291)
	at org.testng.SuiteRunner.run(SuiteRunner.java:240)
	at org.testng.SuiteRunnerWorker.runSuite(SuiteRunnerWorker.java:53)
	at org.testng.SuiteRunnerWorker.run(SuiteRunnerWorker.java:87)
	at org.testng.TestNG.runSuitesSequentially(TestNG.java:1188)
	at org.testng.TestNG.runSuitesLocally(TestNG.java:1113)
	at org.testng.TestNG.run(TestNG.java:1025)
	at org.testng.TestNG.privateMain(TestNG.java:1328)
	at org.testng.TestNG.main(TestNG.java:1297)
]]>
    </error>
  </testcase> <!-- test -->
  <testcase name="test" time="1.077" classname="com.letv.ads.util.AutoTest">
    <error type="java.lang.AssertionError" message="[[public-jzdx-002]精准定向002]测试未通过，部分字段未通过验证！ expected:&lt;ok&gt; but was:&lt;测试用例：[[public-jzdx-002]精准定向002]字段校验失败！-----[/VAST/Ad[1]/@order_item_id]的期望值是----1  实际值是----&gt;">
      <![CDATA[java.lang.AssertionError: [[public-jzdx-002]精准定向002]测试未通过，部分字段未通过验证！ expected:<ok> but was:<测试用例：[[public-jzdx-002]精准定向002]字段校验失败！-----[/VAST/Ad[1]/@order_item_id]的期望值是----1  实际值是---->
	at org.testng.Assert.fail(Assert.java:89)
	at org.testng.Assert.failNotEquals(Assert.java:489)
	at org.testng.Assert.assertEquals(Assert.java:118)
	at org.testng.Assert.assertEquals(Assert.java:171)
	at com.letv.ads.util.AutoTest.test(Unknown Source)
	at sun.reflect.GeneratedMethodAccessor3.invoke(Unknown Source)
	at sun.reflect.DelegatingMethodAccessorImpl.invoke(Unknown Source)
	at java.lang.reflect.Method.invoke(Unknown Source)
	at org.testng.internal.MethodInvocationHelper.invokeMethod(MethodInvocationHelper.java:80)
	at org.testng.internal.Invoker.invokeMethod(Invoker.java:702)
	at org.testng.internal.Invoker.invokeTestMethod(Invoker.java:894)
	at org.testng.internal.Invoker.invokeTestMethods(Invoker.java:1219)
	at org.testng.internal.TestMethodWorker.invokeTestMethods(TestMethodWorker.java:127)
	at org.testng.internal.TestMethodWorker.run(TestMethodWorker.java:111)
	at org.testng.TestRunner.privateRun(TestRunner.java:768)
	at org.testng.TestRunner.run(TestRunner.java:617)
	at org.testng.SuiteRunner.runTest(SuiteRunner.java:334)
	at org.testng.SuiteRunner.runSequentially(SuiteRunner.java:329)
	at org.testng.SuiteRunner.privateRun(SuiteRunner.java:291)
	at org.testng.SuiteRunner.run(SuiteRunner.java:240)
	at org.testng.SuiteRunnerWorker.runSuite(SuiteRunnerWorker.java:53)
	at org.testng.SuiteRunnerWorker.run(SuiteRunnerWorker.java:87)
	at org.testng.TestNG.runSuitesSequentially(TestNG.java:1188)
	at org.testng.TestNG.runSuitesLocally(TestNG.java:1113)
	at org.testng.TestNG.run(TestNG.java:1025)
	at org.testng.TestNG.privateMain(TestNG.java:1328)
	at org.testng.TestNG.main(TestNG.java:1297)
]]>
    </error>
  </testcase> <!-- test -->
  <testcase name="test" time="1.081" classname="com.letv.ads.util.AutoTest">
    <error type="java.lang.AssertionError" message="[[public-dtsc-042]短视频广告时长动态配置042]测试未通过，部分字段未通过验证！ expected:&lt;ok&gt; but was:&lt;测试用例：[[public-dtsc-042]短视频广告时长动态配置042]字段校验失败！-----[/VAST/Ad[1]/@order_item_id]的期望值是----1  实际值是------[/VAST/Policy/CuePoint[1]/@duration]的期望值是----45  实际值是----1&gt;">
      <![CDATA[java.lang.AssertionError: [[public-dtsc-042]短视频广告时长动态配置042]测试未通过，部分字段未通过验证！ expected:<ok> but was:<测试用例：[[public-dtsc-042]短视频广告时长动态配置042]字段校验失败！-----[/VAST/Ad[1]/@order_item_id]的期望值是----1  实际值是------[/VAST/Policy/CuePoint[1]/@duration]的期望值是----45  实际值是----1>
	at org.testng.Assert.fail(Assert.java:89)
	at org.testng.Assert.failNotEquals(Assert.java:489)
	at org.testng.Assert.assertEquals(Assert.java:118)
	at org.testng.Assert.assertEquals(Assert.java:171)
	at com.letv.ads.util.AutoTest.test(Unknown Source)
	at sun.reflect.GeneratedMethodAccessor3.invoke(Unknown Source)
	at sun.reflect.DelegatingMethodAccessorImpl.invoke(Unknown Source)
	at java.lang.reflect.Method.invoke(Unknown Source)
	at org.testng.internal.MethodInvocationHelper.invokeMethod(MethodInvocationHelper.java:80)
	at org.testng.internal.Invoker.invokeMethod(Invoker.java:702)
	at org.testng.internal.Invoker.invokeTestMethod(Invoker.java:894)
	at org.testng.internal.Invoker.invokeTestMethods(Invoker.java:1219)
	at org.testng.internal.TestMethodWorker.invokeTestMethods(TestMethodWorker.java:127)
	at org.testng.internal.TestMethodWorker.run(TestMethodWorker.java:111)
	at org.testng.TestRunner.privateRun(TestRunner.java:768)
	at org.testng.TestRunner.run(TestRunner.java:617)
	at org.testng.SuiteRunner.runTest(SuiteRunner.java:334)
	at org.testng.SuiteRunner.runSequentially(SuiteRunner.java:329)
	at org.testng.SuiteRunner.privateRun(SuiteRunner.java:291)
	at org.testng.SuiteRunner.run(SuiteRunner.java:240)
	at org.testng.SuiteRunnerWorker.runSuite(SuiteRunnerWorker.java:53)
	at org.testng.SuiteRunnerWorker.run(SuiteRunnerWorker.java:87)
	at org.testng.TestNG.runSuitesSequentially(TestNG.java:1188)
	at org.testng.TestNG.runSuitesLocally(TestNG.java:1113)
	at org.testng.TestNG.run(TestNG.java:1025)
	at org.testng.TestNG.privateMain(TestNG.java:1328)
	at org.testng.TestNG.main(TestNG.java:1297)
]]>
    </error>
  </testcase> <!-- test -->
  <testcase name="test" time="1.030" classname="com.letv.ads.util.AutoTest">
    <error type="java.lang.AssertionError" message="[[public-dtsc-040]短视频广告时长动态配置040]测试未通过，部分字段未通过验证！ expected:&lt;ok&gt; but was:&lt;测试用例：[[public-dtsc-040]短视频广告时长动态配置040]字段校验失败！-----[/VAST/Ad[1]/@order_item_id]的期望值是----1  实际值是------[/VAST/Policy/CuePoint[1]/@duration]的期望值是----30  实际值是----1&gt;">
      <![CDATA[java.lang.AssertionError: [[public-dtsc-040]短视频广告时长动态配置040]测试未通过，部分字段未通过验证！ expected:<ok> but was:<测试用例：[[public-dtsc-040]短视频广告时长动态配置040]字段校验失败！-----[/VAST/Ad[1]/@order_item_id]的期望值是----1  实际值是------[/VAST/Policy/CuePoint[1]/@duration]的期望值是----30  实际值是----1>
	at org.testng.Assert.fail(Assert.java:89)
	at org.testng.Assert.failNotEquals(Assert.java:489)
	at org.testng.Assert.assertEquals(Assert.java:118)
	at org.testng.Assert.assertEquals(Assert.java:171)
	at com.letv.ads.util.AutoTest.test(Unknown Source)
	at sun.reflect.GeneratedMethodAccessor3.invoke(Unknown Source)
	at sun.reflect.DelegatingMethodAccessorImpl.invoke(Unknown Source)
	at java.lang.reflect.Method.invoke(Unknown Source)
	at org.testng.internal.MethodInvocationHelper.invokeMethod(MethodInvocationHelper.java:80)
	at org.testng.internal.Invoker.invokeMethod(Invoker.java:702)
	at org.testng.internal.Invoker.invokeTestMethod(Invoker.java:894)
	at org.testng.internal.Invoker.invokeTestMethods(Invoker.java:1219)
	at org.testng.internal.TestMethodWorker.invokeTestMethods(TestMethodWorker.java:127)
	at org.testng.internal.TestMethodWorker.run(TestMethodWorker.java:111)
	at org.testng.TestRunner.privateRun(TestRunner.java:768)
	at org.testng.TestRunner.run(TestRunner.java:617)
	at org.testng.SuiteRunner.runTest(SuiteRunner.java:334)
	at org.testng.SuiteRunner.runSequentially(SuiteRunner.java:329)
	at org.testng.SuiteRunner.privateRun(SuiteRunner.java:291)
	at org.testng.SuiteRunner.run(SuiteRunner.java:240)
	at org.testng.SuiteRunnerWorker.runSuite(SuiteRunnerWorker.java:53)
	at org.testng.SuiteRunnerWorker.run(SuiteRunnerWorker.java:87)
	at org.testng.TestNG.runSuitesSequentially(TestNG.java:1188)
	at org.testng.TestNG.runSuitesLocally(TestNG.java:1113)
	at org.testng.TestNG.run(TestNG.java:1025)
	at org.testng.TestNG.privateMain(TestNG.java:1328)
	at org.testng.TestNG.main(TestNG.java:1297)
]]>
    </error>
  </testcase> <!-- test -->
  <testcase name="test" time="2.184" classname="com.letv.ads.util.AutoTest">
    <error type="java.lang.AssertionError" message="测试用例[[public-ydddl-004]-移动端导流004]在memcached中set key=3a4ab747cf1e86f88e4b3759d8027893.v,value=1450160090时发生错误">
      <![CDATA[java.lang.AssertionError: 测试用例[[public-ydddl-004]-移动端导流004]在memcached中set key=3a4ab747cf1e86f88e4b3759d8027893.v,value=1450160090时发生错误
	at org.testng.Assert.fail(Assert.java:89)
	at com.letv.ads.util.BaseCase.operateMemcached(Unknown Source)
	at com.letv.ads.util.AutoTest.test(Unknown Source)
	at sun.reflect.GeneratedMethodAccessor3.invoke(Unknown Source)
	at sun.reflect.DelegatingMethodAccessorImpl.invoke(Unknown Source)
	at java.lang.reflect.Method.invoke(Unknown Source)
	at org.testng.internal.MethodInvocationHelper.invokeMethod(MethodInvocationHelper.java:80)
	at org.testng.internal.Invoker.invokeMethod(Invoker.java:702)
	at org.testng.internal.Invoker.invokeTestMethod(Invoker.java:894)
	at org.testng.internal.Invoker.invokeTestMethods(Invoker.java:1219)
	at org.testng.internal.TestMethodWorker.invokeTestMethods(TestMethodWorker.java:127)
	at org.testng.internal.TestMethodWorker.run(TestMethodWorker.java:111)
	at org.testng.TestRunner.privateRun(TestRunner.java:768)
	at org.testng.TestRunner.run(TestRunner.java:617)
	at org.testng.SuiteRunner.runTest(SuiteRunner.java:334)
	at org.testng.SuiteRunner.runSequentially(SuiteRunner.java:329)
	at org.testng.SuiteRunner.privateRun(SuiteRunner.java:291)
	at org.testng.SuiteRunner.run(SuiteRunner.java:240)
	at org.testng.SuiteRunnerWorker.runSuite(SuiteRunnerWorker.java:53)
	at org.testng.SuiteRunnerWorker.run(SuiteRunnerWorker.java:87)
	at org.testng.TestNG.runSuitesSequentially(TestNG.java:1188)
	at org.testng.TestNG.runSuitesLocally(TestNG.java:1113)
	at org.testng.TestNG.run(TestNG.java:1025)
	at org.testng.TestNG.privateMain(TestNG.java:1328)
	at org.testng.TestNG.main(TestNG.java:1297)
]]>
    </error>
  </testcase> <!-- test -->
  <testcase name="test" time="6.605" classname="com.letv.ads.util.AutoTest">
    <error type="java.lang.AssertionError" message="[public-model-012]测试未通过，部分字段未通过验证！ expected:&lt;ok&gt; but was:&lt;测试用例：[public-model-012]字段校验失败！-----[/VAST/Ad[1]/@order_item_id]的期望值是----1  实际值是------[/VAST/Ad[2]/@order_item_id]的期望值是----2  实际值是------[/VAST/Ad[3]/@order_item_id]的期望值是----3  实际值是----&gt;">
      <![CDATA[java.lang.AssertionError: [public-model-012]测试未通过，部分字段未通过验证！ expected:<ok> but was:<测试用例：[public-model-012]字段校验失败！-----[/VAST/Ad[1]/@order_item_id]的期望值是----1  实际值是------[/VAST/Ad[2]/@order_item_id]的期望值是----2  实际值是------[/VAST/Ad[3]/@order_item_id]的期望值是----3  实际值是---->
	at org.testng.Assert.fail(Assert.java:89)
	at org.testng.Assert.failNotEquals(Assert.java:489)
	at org.testng.Assert.assertEquals(Assert.java:118)
	at org.testng.Assert.assertEquals(Assert.java:171)
	at com.letv.ads.util.AutoTest.test(Unknown Source)
	at sun.reflect.GeneratedMethodAccessor3.invoke(Unknown Source)
	at sun.reflect.DelegatingMethodAccessorImpl.invoke(Unknown Source)
	at java.lang.reflect.Method.invoke(Unknown Source)
	at org.testng.internal.MethodInvocationHelper.invokeMethod(MethodInvocationHelper.java:80)
	at org.testng.internal.Invoker.invokeMethod(Invoker.java:702)
	at org.testng.internal.Invoker.invokeTestMethod(Invoker.java:894)
	at org.testng.internal.Invoker.invokeTestMethods(Invoker.java:1219)
	at org.testng.internal.TestMethodWorker.invokeTestMethods(TestMethodWorker.java:127)
	at org.testng.internal.TestMethodWorker.run(TestMethodWorker.java:111)
	at org.testng.TestRunner.privateRun(TestRunner.java:768)
	at org.testng.TestRunner.run(TestRunner.java:617)
	at org.testng.SuiteRunner.runTest(SuiteRunner.java:334)
	at org.testng.SuiteRunner.runSequentially(SuiteRunner.java:329)
	at org.testng.SuiteRunner.privateRun(SuiteRunner.java:291)
	at org.testng.SuiteRunner.run(SuiteRunner.java:240)
	at org.testng.SuiteRunnerWorker.runSuite(SuiteRunnerWorker.java:53)
	at org.testng.SuiteRunnerWorker.run(SuiteRunnerWorker.java:87)
	at org.testng.TestNG.runSuitesSequentially(TestNG.java:1188)
	at org.testng.TestNG.runSuitesLocally(TestNG.java:1113)
	at org.testng.TestNG.run(TestNG.java:1025)
	at org.testng.TestNG.privateMain(TestNG.java:1328)
	at org.testng.TestNG.main(TestNG.java:1297)
]]>
    </error>
  </testcase> <!-- test -->
  <testcase name="test" time="1.055" classname="com.letv.ads.util.AutoTest"/>
  <testcase name="test" time="1.107" classname="com.letv.ads.util.AutoTest"/>
  <testcase name="test" time="1.100" classname="com.letv.ads.util.AutoTest"/>
  <testcase name="test" time="0.016" classname="com.letv.ads.util.AutoTest">
    <error type="java.lang.AssertionError" message="[[public-tcl-025]TCL-欢网广告接入方舟025]测试未通过，tracking返回值[error 100004]与期望值[ok]不相等！ expected:&lt;ok&gt; but was:&lt;error 100004&gt;">
      <![CDATA[java.lang.AssertionError: [[public-tcl-025]TCL-欢网广告接入方舟025]测试未通过，tracking返回值[error 100004]与期望值[ok]不相等！ expected:<ok> but was:<error 100004>
	at org.testng.Assert.fail(Assert.java:89)
	at org.testng.Assert.failNotEquals(Assert.java:489)
	at org.testng.Assert.assertEquals(Assert.java:118)
	at org.testng.Assert.assertEquals(Assert.java:171)
	at com.letv.ads.util.AutoTest.test(Unknown Source)
	at sun.reflect.GeneratedMethodAccessor3.invoke(Unknown Source)
	at sun.reflect.DelegatingMethodAccessorImpl.invoke(Unknown Source)
	at java.lang.reflect.Method.invoke(Unknown Source)
	at org.testng.internal.MethodInvocationHelper.invokeMethod(MethodInvocationHelper.java:80)
	at org.testng.internal.Invoker.invokeMethod(Invoker.java:702)
	at org.testng.internal.Invoker.invokeTestMethod(Invoker.java:894)
	at org.testng.internal.Invoker.invokeTestMethods(Invoker.java:1219)
	at org.testng.internal.TestMethodWorker.invokeTestMethods(TestMethodWorker.java:127)
	at org.testng.internal.TestMethodWorker.run(TestMethodWorker.java:111)
	at org.testng.TestRunner.privateRun(TestRunner.java:768)
	at org.testng.TestRunner.run(TestRunner.java:617)
	at org.testng.SuiteRunner.runTest(SuiteRunner.java:334)
	at org.testng.SuiteRunner.runSequentially(SuiteRunner.java:329)
	at org.testng.SuiteRunner.privateRun(SuiteRunner.java:291)
	at org.testng.SuiteRunner.run(SuiteRunner.java:240)
	at org.testng.SuiteRunnerWorker.runSuite(SuiteRunnerWorker.java:53)
	at org.testng.SuiteRunnerWorker.run(SuiteRunnerWorker.java:87)
	at org.testng.TestNG.runSuitesSequentially(TestNG.java:1188)
	at org.testng.TestNG.runSuitesLocally(TestNG.java:1113)
	at org.testng.TestNG.run(TestNG.java:1025)
	at org.testng.TestNG.privateMain(TestNG.java:1328)
	at org.testng.TestNG.main(TestNG.java:1297)
]]>
    </error>
  </testcase> <!-- test -->
  <testcase name="test" time="1.171" classname="com.letv.ads.util.AutoTest">
    <error type="java.lang.AssertionError" message="[[public-tcl-009]TCL-欢网广告接入方舟009]测试未通过，部分字段未通过验证！ expected:&lt;ok&gt; but was:&lt;测试用例：[[public-tcl-009]TCL-欢网广告接入方舟009]字段校验失败！-----[/VAST/Ad[1]/@order_item_id]的期望值是----1  实际值是----&gt;">
      <![CDATA[java.lang.AssertionError: [[public-tcl-009]TCL-欢网广告接入方舟009]测试未通过，部分字段未通过验证！ expected:<ok> but was:<测试用例：[[public-tcl-009]TCL-欢网广告接入方舟009]字段校验失败！-----[/VAST/Ad[1]/@order_item_id]的期望值是----1  实际值是---->
	at org.testng.Assert.fail(Assert.java:89)
	at org.testng.Assert.failNotEquals(Assert.java:489)
	at org.testng.Assert.assertEquals(Assert.java:118)
	at org.testng.Assert.assertEquals(Assert.java:171)
	at com.letv.ads.util.AutoTest.test(Unknown Source)
	at sun.reflect.GeneratedMethodAccessor3.invoke(Unknown Source)
	at sun.reflect.DelegatingMethodAccessorImpl.invoke(Unknown Source)
	at java.lang.reflect.Method.invoke(Unknown Source)
	at org.testng.internal.MethodInvocationHelper.invokeMethod(MethodInvocationHelper.java:80)
	at org.testng.internal.Invoker.invokeMethod(Invoker.java:702)
	at org.testng.internal.Invoker.invokeTestMethod(Invoker.java:894)
	at org.testng.internal.Invoker.invokeTestMethods(Invoker.java:1219)
	at org.testng.internal.TestMethodWorker.invokeTestMethods(TestMethodWorker.java:127)
	at org.testng.internal.TestMethodWorker.run(TestMethodWorker.java:111)
	at org.testng.TestRunner.privateRun(TestRunner.java:768)
	at org.testng.TestRunner.run(TestRunner.java:617)
	at org.testng.SuiteRunner.runTest(SuiteRunner.java:334)
	at org.testng.SuiteRunner.runSequentially(SuiteRunner.java:329)
	at org.testng.SuiteRunner.privateRun(SuiteRunner.java:291)
	at org.testng.SuiteRunner.run(SuiteRunner.java:240)
	at org.testng.SuiteRunnerWorker.runSuite(SuiteRunnerWorker.java:53)
	at org.testng.SuiteRunnerWorker.run(SuiteRunnerWorker.java:87)
	at org.testng.TestNG.runSuitesSequentially(TestNG.java:1188)
	at org.testng.TestNG.runSuitesLocally(TestNG.java:1113)
	at org.testng.TestNG.run(TestNG.java:1025)
	at org.testng.TestNG.privateMain(TestNG.java:1328)
	at org.testng.TestNG.main(TestNG.java:1297)
]]>
    </error>
  </testcase> <!-- test -->
  <testcase name="test" time="1.068" classname="com.letv.ads.util.AutoTest">
    <error type="java.lang.AssertionError" message="[[public-tcl-003]TCL-欢网广告接入方舟003]测试未通过，部分字段未通过验证！ expected:&lt;ok&gt; but was:&lt;测试用例：[[public-tcl-003]TCL-欢网广告接入方舟003]字段校验失败！-----[/VAST/Ad[1]/@order_item_id]的期望值是----1  实际值是----&gt;">
      <![CDATA[java.lang.AssertionError: [[public-tcl-003]TCL-欢网广告接入方舟003]测试未通过，部分字段未通过验证！ expected:<ok> but was:<测试用例：[[public-tcl-003]TCL-欢网广告接入方舟003]字段校验失败！-----[/VAST/Ad[1]/@order_item_id]的期望值是----1  实际值是---->
	at org.testng.Assert.fail(Assert.java:89)
	at org.testng.Assert.failNotEquals(Assert.java:489)
	at org.testng.Assert.assertEquals(Assert.java:118)
	at org.testng.Assert.assertEquals(Assert.java:171)
	at com.letv.ads.util.AutoTest.test(Unknown Source)
	at sun.reflect.GeneratedMethodAccessor3.invoke(Unknown Source)
	at sun.reflect.DelegatingMethodAccessorImpl.invoke(Unknown Source)
	at java.lang.reflect.Method.invoke(Unknown Source)
	at org.testng.internal.MethodInvocationHelper.invokeMethod(MethodInvocationHelper.java:80)
	at org.testng.internal.Invoker.invokeMethod(Invoker.java:702)
	at org.testng.internal.Invoker.invokeTestMethod(Invoker.java:894)
	at org.testng.internal.Invoker.invokeTestMethods(Invoker.java:1219)
	at org.testng.internal.TestMethodWorker.invokeTestMethods(TestMethodWorker.java:127)
	at org.testng.internal.TestMethodWorker.run(TestMethodWorker.java:111)
	at org.testng.TestRunner.privateRun(TestRunner.java:768)
	at org.testng.TestRunner.run(TestRunner.java:617)
	at org.testng.SuiteRunner.runTest(SuiteRunner.java:334)
	at org.testng.SuiteRunner.runSequentially(SuiteRunner.java:329)
	at org.testng.SuiteRunner.privateRun(SuiteRunner.java:291)
	at org.testng.SuiteRunner.run(SuiteRunner.java:240)
	at org.testng.SuiteRunnerWorker.runSuite(SuiteRunnerWorker.java:53)
	at org.testng.SuiteRunnerWorker.run(SuiteRunnerWorker.java:87)
	at org.testng.TestNG.runSuitesSequentially(TestNG.java:1188)
	at org.testng.TestNG.runSuitesLocally(TestNG.java:1113)
	at org.testng.TestNG.run(TestNG.java:1025)
	at org.testng.TestNG.privateMain(TestNG.java:1328)
	at org.testng.TestNG.main(TestNG.java:1297)
]]>
    </error>
  </testcase> <!-- test -->
  <testcase name="test" time="1.061" classname="com.letv.ads.util.AutoTest">
    <error type="java.lang.AssertionError" message="[[public-kjgg-010]开机广告010]轮播测试中，广告order_item_id[]重复出现，测试失败！">
      <![CDATA[java.lang.AssertionError: [[public-kjgg-010]开机广告010]轮播测试中，广告order_item_id[]重复出现，测试失败！
	at org.testng.Assert.fail(Assert.java:89)
	at com.letv.ads.util.AutoTest.test(Unknown Source)
	at sun.reflect.GeneratedMethodAccessor3.invoke(Unknown Source)
	at sun.reflect.DelegatingMethodAccessorImpl.invoke(Unknown Source)
	at java.lang.reflect.Method.invoke(Unknown Source)
	at org.testng.internal.MethodInvocationHelper.invokeMethod(MethodInvocationHelper.java:80)
	at org.testng.internal.Invoker.invokeMethod(Invoker.java:702)
	at org.testng.internal.Invoker.invokeTestMethod(Invoker.java:894)
	at org.testng.internal.Invoker.invokeTestMethods(Invoker.java:1219)
	at org.testng.internal.TestMethodWorker.invokeTestMethods(TestMethodWorker.java:127)
	at org.testng.internal.TestMethodWorker.run(TestMethodWorker.java:111)
	at org.testng.TestRunner.privateRun(TestRunner.java:768)
	at org.testng.TestRunner.run(TestRunner.java:617)
	at org.testng.SuiteRunner.runTest(SuiteRunner.java:334)
	at org.testng.SuiteRunner.runSequentially(SuiteRunner.java:329)
	at org.testng.SuiteRunner.privateRun(SuiteRunner.java:291)
	at org.testng.SuiteRunner.run(SuiteRunner.java:240)
	at org.testng.SuiteRunnerWorker.runSuite(SuiteRunnerWorker.java:53)
	at org.testng.SuiteRunnerWorker.run(SuiteRunnerWorker.java:87)
	at org.testng.TestNG.runSuitesSequentially(TestNG.java:1188)
	at org.testng.TestNG.runSuitesLocally(TestNG.java:1113)
	at org.testng.TestNG.run(TestNG.java:1025)
	at org.testng.TestNG.privateMain(TestNG.java:1328)
	at org.testng.TestNG.main(TestNG.java:1297)
]]>
    </error>
  </testcase> <!-- test -->
  <testcase name="test" time="0.062" classname="com.letv.ads.util.AutoTest"/>
  <testcase name="test" time="2.051" classname="com.letv.ads.util.AutoTest">
    <error type="java.lang.AssertionError" message="测试用例[[public-kjgg-012]开机广告012]在memcached中set key=d053ae95fe3fecfd15ed1c2dbe521055.label,value=[1]时发生错误">
      <![CDATA[java.lang.AssertionError: 测试用例[[public-kjgg-012]开机广告012]在memcached中set key=d053ae95fe3fecfd15ed1c2dbe521055.label,value=[1]时发生错误
	at org.testng.Assert.fail(Assert.java:89)
	at com.letv.ads.util.BaseCase.operateMemcached(Unknown Source)
	at com.letv.ads.util.AutoTest.test(Unknown Source)
	at sun.reflect.GeneratedMethodAccessor3.invoke(Unknown Source)
	at sun.reflect.DelegatingMethodAccessorImpl.invoke(Unknown Source)
	at java.lang.reflect.Method.invoke(Unknown Source)
	at org.testng.internal.MethodInvocationHelper.invokeMethod(MethodInvocationHelper.java:80)
	at org.testng.internal.Invoker.invokeMethod(Invoker.java:702)
	at org.testng.internal.Invoker.invokeTestMethod(Invoker.java:894)
	at org.testng.internal.Invoker.invokeTestMethods(Invoker.java:1219)
	at org.testng.internal.TestMethodWorker.invokeTestMethods(TestMethodWorker.java:127)
	at org.testng.internal.TestMethodWorker.run(TestMethodWorker.java:111)
	at org.testng.TestRunner.privateRun(TestRunner.java:768)
	at org.testng.TestRunner.run(TestRunner.java:617)
	at org.testng.SuiteRunner.runTest(SuiteRunner.java:334)
	at org.testng.SuiteRunner.runSequentially(SuiteRunner.java:329)
	at org.testng.SuiteRunner.privateRun(SuiteRunner.java:291)
	at org.testng.SuiteRunner.run(SuiteRunner.java:240)
	at org.testng.SuiteRunnerWorker.runSuite(SuiteRunnerWorker.java:53)
	at org.testng.SuiteRunnerWorker.run(SuiteRunnerWorker.java:87)
	at org.testng.TestNG.runSuitesSequentially(TestNG.java:1188)
	at org.testng.TestNG.runSuitesLocally(TestNG.java:1113)
	at org.testng.TestNG.run(TestNG.java:1025)
	at org.testng.TestNG.privateMain(TestNG.java:1328)
	at org.testng.TestNG.main(TestNG.java:1297)
]]>
    </error>
  </testcase> <!-- test -->
</testsuite> <!-- com.letv.ads.util.AutoTest -->
