<?xml version="1.0" encoding="UTF-8"?>
<!-- Generated by org.testng.reporters.JUnitReportReporter -->
<testsuite hostname="5CD6102FYR" name="com.letv.ssp.api.LeCloudBiz" tests="1" failures="0" timestamp="13 Feb 2017 06:41:18 GMT" time="3.718" errors="0">
  <testcase name="test_biz" time="3.718" classname="com.letv.ssp.api.LeCloudBiz"/>
</testsuite> <!-- com.letv.ssp.api.LeCloudBiz -->
