<?xml version="1.0" encoding="UTF-8"?>
<!-- Generated by org.testng.reporters.JUnitReportReporter -->
<testsuite hostname="5CD6102FYR" name="com.letv.ssp.api.LeCloudBiz_WEB" tests="1" failures="0" timestamp="21 Mar 2017 09:28:37 GMT" time="3.925" errors="0">
  <testcase name="test_biz" time="3.925" classname="com.letv.ssp.api.LeCloudBiz_WEB"/>
</testsuite> <!-- com.letv.ssp.api.LeCloudBiz_WEB -->
